[16-Aug-2011 21:00:45] PHP Warning:  session_start(): open(/var/lib/php/session/sess_u3cto1dphs841a12cbol6hqcm5, O_RDWR) failed: Permission denied (13) in /home/pweb/development/prjs/websites/puglieseweb.com/beta/includes/master-head.inc.php on line 9
[16-Aug-2011 22:47:47] PHP Warning:  session_start(): open(/var/lib/php/session/sess_anohffh515aaf158pams06if45, O_RDWR) failed: Permission denied (13) in /home/pweb/development/prjs/websites/puglieseweb.com/beta/includes/master-head.inc.php on line 6
[16-Aug-2011 22:47:52] PHP Warning:  session_start(): open(/var/lib/php/session/sess_anohffh515aaf158pams06if45, O_RDWR) failed: Permission denied (13) in /home/pweb/development/prjs/websites/puglieseweb.com/beta/includes/master-head.inc.php on line 6
[16-Aug-2011 22:48:03] PHP Warning:  session_start(): open(/var/lib/php/session/sess_anohffh515aaf158pams06if45, O_RDWR) failed: Permission denied (13) in /home/pweb/development/prjs/websites/puglieseweb.com/beta/includes/master-head.inc.php on line 6
[16-Aug-2011 22:49:59] PHP Warning:  session_start(): open(/var/lib/php/session/sess_anohffh515aaf158pams06if45, O_RDWR) failed: Permission denied (13) in /home/pweb/development/prjs/websites/puglieseweb.com/beta/includes/master-head.inc.php on line 6
[16-Aug-2011 22:50:48] PHP Warning:  session_start(): open(/var/lib/php/session/sess_anohffh515aaf158pams06if45, O_RDWR) failed: Permission denied (13) in /home/pweb/development/prjs/websites/puglieseweb.com/beta/includes/master-head.inc.php on line 6
[16-Aug-2011 22:55:42] PHP Warning:  session_start(): open(/var/lib/php/session/sess_anohffh515aaf158pams06if45, O_RDWR) failed: Permission denied (13) in /home/pweb/development/prjs/websites/puglieseweb.com/beta/includes/master-head.inc.php on line 6
[16-Aug-2011 22:56:04] PHP Warning:  session_start(): open(/var/lib/php/session/sess_anohffh515aaf158pams06if45, O_RDWR) failed: Permission denied (13) in /home/pweb/development/prjs/websites/puglieseweb.com/beta/includes/master-head.inc.php on line 6
[16-Aug-2011 22:56:10] PHP Warning:  session_start(): open(/var/lib/php/session/sess_anohffh515aaf158pams06if45, O_RDWR) failed: Permission denied (13) in /home/pweb/development/prjs/websites/puglieseweb.com/beta/includes/master-head.inc.php on line 6
[16-Aug-2011 22:56:15] PHP Warning:  session_start(): open(/var/lib/php/session/sess_anohffh515aaf158pams06if45, O_RDWR) failed: Permission denied (13) in /home/pweb/development/prjs/websites/puglieseweb.com/beta/includes/master-head.inc.php on line 6
[16-Aug-2011 22:57:19] PHP Warning:  session_start(): open(/var/lib/php/session/sess_anohffh515aaf158pams06if45, O_RDWR) failed: Permission denied (13) in /home/pweb/development/prjs/websites/puglieseweb.com/beta/includes/master-head.inc.php on line 6
[16-Aug-2011 22:57:24] PHP Warning:  session_start(): open(/var/lib/php/session/sess_anohffh515aaf158pams06if45, O_RDWR) failed: Permission denied (13) in /home/pweb/development/prjs/websites/puglieseweb.com/beta/includes/master-head.inc.php on line 6
[16-Aug-2011 22:57:48] PHP Warning:  session_start(): open(/var/lib/php/session/sess_anohffh515aaf158pams06if45, O_RDWR) failed: Permission denied (13) in /home/pweb/development/prjs/websites/puglieseweb.com/beta/includes/master-head.inc.php on line 6
[16-Aug-2011 22:57:57] PHP Warning:  session_start(): open(/var/lib/php/session/sess_anohffh515aaf158pams06if45, O_RDWR) failed: Permission denied (13) in /home/pweb/development/prjs/websites/puglieseweb.com/beta/includes/master-head.inc.php on line 6
[17-Aug-2011 19:49:18] PHP Warning:  session_start(): open(/var/lib/php/session/sess_ob3i74kgt82rhqnbntv1gtq5r2, O_RDWR) failed: Permission denied (13) in /home/pweb/development/prjs/websites/puglieseweb.com/beta/includes/master-head.inc.php on line 6
[17-Aug-2011 19:49:41] PHP Warning:  session_start(): open(/var/lib/php/session/sess_ob3i74kgt82rhqnbntv1gtq5r2, O_RDWR) failed: Permission denied (13) in /home/pweb/development/prjs/websites/puglieseweb.com/beta/includes/master-head.inc.php on line 6
[17-Aug-2011 19:49:58] PHP Warning:  session_start(): open(/var/lib/php/session/sess_ob3i74kgt82rhqnbntv1gtq5r2, O_RDWR) failed: Permission denied (13) in /home/pweb/development/prjs/websites/puglieseweb.com/beta/includes/master-head.inc.php on line 6
[17-Aug-2011 19:50:29] PHP Warning:  session_start(): open(/var/lib/php/session/sess_ob3i74kgt82rhqnbntv1gtq5r2, O_RDWR) failed: Permission denied (13) in /home/pweb/development/prjs/websites/puglieseweb.com/beta/includes/master-head.inc.php on line 6
[18-Aug-2011 07:02:17] PHP Warning:  session_start(): open(/var/lib/php/session/sess_rsrr6br2cgatcd0780aia1jo23, O_RDWR) failed: Permission denied (13) in /home/pweb/development/prjs/websites/puglieseweb.com/beta/includes/master-head.inc.php on line 6
[18-Aug-2011 07:02:23] PHP Warning:  session_start(): open(/var/lib/php/session/sess_rsrr6br2cgatcd0780aia1jo23, O_RDWR) failed: Permission denied (13) in /home/pweb/development/prjs/websites/puglieseweb.com/beta/includes/master-head.inc.php on line 6
[18-Aug-2011 07:02:28] PHP Warning:  session_start(): open(/var/lib/php/session/sess_rsrr6br2cgatcd0780aia1jo23, O_RDWR) failed: Permission denied (13) in /home/pweb/development/prjs/websites/puglieseweb.com/beta/includes/master-head.inc.php on line 6
[18-Aug-2011 21:56:52] PHP Warning:  session_start(): open(/var/lib/php/session/sess_anohffh515aaf158pams06if45, O_RDWR) failed: Permission denied (13) in /home/pweb/development/prjs/websites/puglieseweb.com/beta/includes/master-head.inc.php on line 6
[20-Aug-2011 01:04:32] PHP Warning:  session_start(): open(/var/lib/php/session/sess_anohffh515aaf158pams06if45, O_RDWR) failed: Permission denied (13) in /home/pweb/development/prjs/websites/puglieseweb.com/beta/includes/master-head.inc.php on line 6
[20-Aug-2011 15:49:06] PHP Warning:  session_start(): open(/var/lib/php/session/sess_anohffh515aaf158pams06if45, O_RDWR) failed: Permission denied (13) in /home/pweb/development/prjs/websites/puglieseweb.com/beta/includes/master-head.inc.php on line 6
[20-Aug-2011 16:08:04] PHP Warning:  session_start(): open(/var/lib/php/session/sess_anohffh515aaf158pams06if45, O_RDWR) failed: Permission denied (13) in /home/pweb/development/prjs/websites/puglieseweb.com/beta/includes/master-head.inc.php on line 6
[20-Aug-2011 16:24:18] PHP Warning:  session_start(): open(/var/lib/php/session/sess_anohffh515aaf158pams06if45, O_RDWR) failed: Permission denied (13) in /home/pweb/development/prjs/websites/puglieseweb.com/beta/includes/master-head.inc.php on line 6
[20-Aug-2011 16:27:59] PHP Warning:  session_start(): open(/var/lib/php/session/sess_anohffh515aaf158pams06if45, O_RDWR) failed: Permission denied (13) in /home/pweb/development/prjs/websites/puglieseweb.com/beta/includes/master-head.inc.php on line 6
[20-Aug-2011 16:31:56] PHP Warning:  session_start(): open(/var/lib/php/session/sess_anohffh515aaf158pams06if45, O_RDWR) failed: Permission denied (13) in /home/pweb/development/prjs/websites/puglieseweb.com/beta/includes/master-head.inc.php on line 6
[20-Aug-2011 18:12:02] PHP Warning:  session_start(): open(/var/lib/php/session/sess_anohffh515aaf158pams06if45, O_RDWR) failed: Permission denied (13) in /home/pweb/development/prjs/websites/puglieseweb.com/beta/includes/master-head.inc.php on line 6
[21-Aug-2011 08:57:14] PHP Warning:  session_start(): open(/var/lib/php/session/sess_1sbq4ahc10pq5lpkhsmkccv114, O_RDWR) failed: Permission denied (13) in /home/pweb/development/prjs/websites/puglieseweb.com/beta/includes/master-head.inc.php on line 6
[28-Aug-2011 15:36:39] PHP Warning:  session_start(): open(/var/lib/php/session/sess_n985976fh9vjr6v61le1m4iak2, O_RDWR) failed: Permission denied (13) in /home/pweb/development/prjs/websites/puglieseweb.com/beta/includes/master-head.inc.php on line 6
[28-Aug-2011 15:36:56] PHP Warning:  session_start(): open(/var/lib/php/session/sess_n985976fh9vjr6v61le1m4iak2, O_RDWR) failed: Permission denied (13) in /home/pweb/development/prjs/websites/puglieseweb.com/beta/includes/master-head.inc.php on line 6
[28-Aug-2011 15:36:57] PHP Warning:  session_start(): open(/var/lib/php/session/sess_n985976fh9vjr6v61le1m4iak2, O_RDWR) failed: Permission denied (13) in /home/pweb/development/prjs/websites/puglieseweb.com/beta/includes/master-head.inc.php on line 6
[28-Aug-2011 15:53:05] PHP Warning:  session_start(): open(/var/lib/php/session/sess_n985976fh9vjr6v61le1m4iak2, O_RDWR) failed: Permission denied (13) in /home/pweb/development/prjs/websites/puglieseweb.com/beta/includes/master-head.inc.php on line 6
[28-Aug-2011 15:55:32] PHP Warning:  session_start(): open(/var/lib/php/session/sess_n985976fh9vjr6v61le1m4iak2, O_RDWR) failed: Permission denied (13) in /home/pweb/development/prjs/websites/puglieseweb.com/beta/includes/master-head.inc.php on line 6
[28-Aug-2011 15:56:37] PHP Warning:  session_start(): open(/var/lib/php/session/sess_n985976fh9vjr6v61le1m4iak2, O_RDWR) failed: Permission denied (13) in /home/pweb/development/prjs/websites/puglieseweb.com/beta/includes/master-head.inc.php on line 6
[28-Aug-2011 15:57:13] PHP Warning:  session_start(): open(/var/lib/php/session/sess_n985976fh9vjr6v61le1m4iak2, O_RDWR) failed: Permission denied (13) in /home/pweb/development/prjs/websites/puglieseweb.com/beta/includes/master-head.inc.php on line 6
[28-Aug-2011 15:59:00] PHP Warning:  session_start(): open(/var/lib/php/session/sess_n985976fh9vjr6v61le1m4iak2, O_RDWR) failed: Permission denied (13) in /home/pweb/development/prjs/websites/puglieseweb.com/beta/includes/master-head.inc.php on line 6
[28-Aug-2011 15:59:04] PHP Warning:  session_start(): open(/var/lib/php/session/sess_n985976fh9vjr6v61le1m4iak2, O_RDWR) failed: Permission denied (13) in /home/pweb/development/prjs/websites/puglieseweb.com/beta/includes/master-head.inc.php on line 6
[28-Aug-2011 15:59:11] PHP Warning:  session_start(): open(/var/lib/php/session/sess_n985976fh9vjr6v61le1m4iak2, O_RDWR) failed: Permission denied (13) in /home/pweb/development/prjs/websites/puglieseweb.com/beta/includes/master-head.inc.php on line 6
[28-Aug-2011 16:02:36] PHP Warning:  session_start(): open(/var/lib/php/session/sess_n985976fh9vjr6v61le1m4iak2, O_RDWR) failed: Permission denied (13) in /home/pweb/development/prjs/websites/puglieseweb.com/beta/includes/master-head.inc.php on line 6
[28-Aug-2011 16:03:49] PHP Warning:  session_start(): open(/var/lib/php/session/sess_n985976fh9vjr6v61le1m4iak2, O_RDWR) failed: Permission denied (13) in /home/pweb/development/prjs/websites/puglieseweb.com/beta/includes/master-head.inc.php on line 6
[28-Aug-2011 16:03:53] PHP Warning:  session_start(): open(/var/lib/php/session/sess_n985976fh9vjr6v61le1m4iak2, O_RDWR) failed: Permission denied (13) in /home/pweb/development/prjs/websites/puglieseweb.com/beta/includes/master-head.inc.php on line 6
[28-Aug-2011 16:05:32] PHP Warning:  session_start(): open(/var/lib/php/session/sess_n985976fh9vjr6v61le1m4iak2, O_RDWR) failed: Permission denied (13) in /home/pweb/development/prjs/websites/puglieseweb.com/beta/includes/master-head.inc.php on line 6
[28-Aug-2011 16:06:38] PHP Warning:  session_start(): open(/var/lib/php/session/sess_n985976fh9vjr6v61le1m4iak2, O_RDWR) failed: Permission denied (13) in /home/pweb/development/prjs/websites/puglieseweb.com/beta/includes/master-head.inc.php on line 6
[28-Aug-2011 16:06:57] PHP Warning:  session_start(): open(/var/lib/php/session/sess_n985976fh9vjr6v61le1m4iak2, O_RDWR) failed: Permission denied (13) in /home/pweb/development/prjs/websites/puglieseweb.com/beta/includes/master-head.inc.php on line 6
[28-Aug-2011 16:06:59] PHP Warning:  session_start(): open(/var/lib/php/session/sess_n985976fh9vjr6v61le1m4iak2, O_RDWR) failed: Permission denied (13) in /home/pweb/development/prjs/websites/puglieseweb.com/beta/includes/master-head.inc.php on line 6
[28-Aug-2011 16:08:49] PHP Warning:  session_start(): open(/var/lib/php/session/sess_n985976fh9vjr6v61le1m4iak2, O_RDWR) failed: Permission denied (13) in /home/pweb/development/prjs/websites/puglieseweb.com/beta/includes/master-head.inc.php on line 6
[28-Aug-2011 16:21:59] PHP Warning:  session_start(): open(/var/lib/php/session/sess_n985976fh9vjr6v61le1m4iak2, O_RDWR) failed: Permission denied (13) in /home/pweb/development/prjs/websites/puglieseweb.com/beta/includes/master-head.inc.php on line 6
[28-Aug-2011 16:23:20] PHP Warning:  session_start(): open(/var/lib/php/session/sess_n985976fh9vjr6v61le1m4iak2, O_RDWR) failed: Permission denied (13) in /home/pweb/development/prjs/websites/puglieseweb.com/beta/includes/master-head.inc.php on line 6
[28-Aug-2011 16:24:20] PHP Warning:  session_start(): open(/var/lib/php/session/sess_n985976fh9vjr6v61le1m4iak2, O_RDWR) failed: Permission denied (13) in /home/pweb/development/prjs/websites/puglieseweb.com/beta/includes/master-head.inc.php on line 6
[28-Aug-2011 16:35:03] PHP Warning:  session_start(): open(/var/lib/php/session/sess_irirlujt8v5v6v68ecr2be2t12, O_RDWR) failed: Permission denied (13) in /home/pweb/development/prjs/websites/puglieseweb.com/beta/includes/master-head.inc.php on line 6
[28-Aug-2011 16:35:09] PHP Warning:  session_start(): open(/var/lib/php/session/sess_irirlujt8v5v6v68ecr2be2t12, O_RDWR) failed: Permission denied (13) in /home/pweb/development/prjs/websites/puglieseweb.com/beta/includes/master-head.inc.php on line 6
[28-Aug-2011 16:35:48] PHP Warning:  session_start(): open(/var/lib/php/session/sess_irirlujt8v5v6v68ecr2be2t12, O_RDWR) failed: Permission denied (13) in /home/pweb/development/prjs/websites/puglieseweb.com/beta/includes/master-head.inc.php on line 6
[28-Aug-2011 16:37:23] PHP Warning:  session_start(): open(/var/lib/php/session/sess_irirlujt8v5v6v68ecr2be2t12, O_RDWR) failed: Permission denied (13) in /home/pweb/development/prjs/websites/puglieseweb.com/beta/includes/master-head.inc.php on line 6
[28-Aug-2011 16:49:54] PHP Warning:  session_start(): open(/var/lib/php/session/sess_irirlujt8v5v6v68ecr2be2t12, O_RDWR) failed: Permission denied (13) in /home/pweb/development/prjs/websites/puglieseweb.com/beta/includes/master-head.inc.php on line 6
[28-Aug-2011 16:50:06] PHP Warning:  session_start(): open(/var/lib/php/session/sess_irirlujt8v5v6v68ecr2be2t12, O_RDWR) failed: Permission denied (13) in /home/pweb/development/prjs/websites/puglieseweb.com/beta/includes/master-head.inc.php on line 6
[30-Aug-2011 02:17:57] PHP Warning:  session_start(): open(/var/lib/php/session/sess_5eu1uil2nu0i66dv0h6vge88a0, O_RDWR) failed: Permission denied (13) in /home/pweb/development/prjs/websites/puglieseweb.com/beta/includes/master-head.inc.php on line 6
[30-Aug-2011 02:26:45] PHP Warning:  session_start(): open(/var/lib/php/session/sess_5eu1uil2nu0i66dv0h6vge88a0, O_RDWR) failed: Permission denied (13) in /home/pweb/development/prjs/websites/puglieseweb.com/beta/includes/master-head.inc.php on line 6
[30-Aug-2011 07:11:37] PHP Warning:  session_start(): open(/var/lib/php/session/sess_5eu1uil2nu0i66dv0h6vge88a0, O_RDWR) failed: Permission denied (13) in /home/pweb/development/prjs/websites/puglieseweb.com/beta/includes/master-head.inc.php on line 6
[30-Aug-2011 07:13:25] PHP Warning:  session_start(): open(/var/lib/php/session/sess_5eu1uil2nu0i66dv0h6vge88a0, O_RDWR) failed: Permission denied (13) in /home/pweb/development/prjs/websites/puglieseweb.com/beta/includes/master-head.inc.php on line 6
[30-Aug-2011 20:09:16] PHP Warning:  session_start(): open(/var/lib/php/session/sess_2ga475vbodv8f48dbgl0htnt40, O_RDWR) failed: Permission denied (13) in /home/pweb/development/prjs/websites/puglieseweb.com/beta/includes/master-head.inc.php on line 6
[30-Aug-2011 20:45:12] PHP Warning:  session_start(): open(/var/lib/php/session/sess_2ga475vbodv8f48dbgl0htnt40, O_RDWR) failed: Permission denied (13) in /home/pweb/development/prjs/websites/puglieseweb.com/beta/includes/master-head.inc.php on line 6
[30-Aug-2011 23:33:52] PHP Warning:  session_start(): open(/var/lib/php/session/sess_ukofatv8m3fm8hu02ett4jl194, O_RDWR) failed: Permission denied (13) in /home/pweb/development/prjs/websites/puglieseweb.com/beta/includes/master-head.inc.php on line 6
[30-Aug-2011 23:52:16] PHP Warning:  session_start(): open(/var/lib/php/session/sess_ukofatv8m3fm8hu02ett4jl194, O_RDWR) failed: Permission denied (13) in /home/pweb/development/prjs/websites/puglieseweb.com/beta/includes/master-head.inc.php on line 6
[28-Oct-2011 11:09:57] PHP Warning:  session_start(): open(/var/lib/php/session/sess_qmtt5ilt8lagh167uov02ha730, O_RDWR) failed: Permission denied (13) in /home/pweb/development/prjs/websites/puglieseweb.com/beta/includes/master-head.inc.php on line 6
[28-Oct-2011 11:10:21] PHP Warning:  session_start(): open(/var/lib/php/session/sess_qmtt5ilt8lagh167uov02ha730, O_RDWR) failed: Permission denied (13) in /home/pweb/development/prjs/websites/puglieseweb.com/beta/includes/master-head.inc.php on line 6
[28-Oct-2011 11:10:24] PHP Warning:  session_start(): open(/var/lib/php/session/sess_qmtt5ilt8lagh167uov02ha730, O_RDWR) failed: Permission denied (13) in /home/pweb/development/prjs/websites/puglieseweb.com/beta/includes/master-head.inc.php on line 6
[28-Oct-2011 11:10:39] PHP Warning:  session_start(): open(/var/lib/php/session/sess_qmtt5ilt8lagh167uov02ha730, O_RDWR) failed: Permission denied (13) in /home/pweb/development/prjs/websites/puglieseweb.com/beta/includes/master-head.inc.php on line 6
[28-Oct-2011 11:11:33] PHP Warning:  session_start(): open(/var/lib/php/session/sess_qmtt5ilt8lagh167uov02ha730, O_RDWR) failed: Permission denied (13) in /home/pweb/development/prjs/websites/puglieseweb.com/beta/includes/master-head.inc.php on line 6
[28-Oct-2011 11:11:49] PHP Warning:  session_start(): open(/var/lib/php/session/sess_qmtt5ilt8lagh167uov02ha730, O_RDWR) failed: Permission denied (13) in /home/pweb/development/prjs/websites/puglieseweb.com/beta/includes/master-head.inc.php on line 6
[28-Oct-2011 11:11:57] PHP Warning:  session_start(): open(/var/lib/php/session/sess_qmtt5ilt8lagh167uov02ha730, O_RDWR) failed: Permission denied (13) in /home/pweb/development/prjs/websites/puglieseweb.com/beta/includes/master-head.inc.php on line 6
[28-Oct-2011 11:12:03] PHP Warning:  session_start(): open(/var/lib/php/session/sess_qmtt5ilt8lagh167uov02ha730, O_RDWR) failed: Permission denied (13) in /home/pweb/development/prjs/websites/puglieseweb.com/beta/includes/master-head.inc.php on line 6
[28-Oct-2011 11:12:11] PHP Warning:  session_start(): open(/var/lib/php/session/sess_qmtt5ilt8lagh167uov02ha730, O_RDWR) failed: Permission denied (13) in /home/pweb/development/prjs/websites/puglieseweb.com/beta/includes/master-head.inc.php on line 6
[28-Oct-2011 11:12:14] PHP Warning:  session_start(): open(/var/lib/php/session/sess_qmtt5ilt8lagh167uov02ha730, O_RDWR) failed: Permission denied (13) in /home/pweb/development/prjs/websites/puglieseweb.com/beta/includes/master-head.inc.php on line 6
[28-Oct-2011 11:13:08] PHP Warning:  session_start(): open(/var/lib/php/session/sess_ur1v37o6jamuc042b5j9p2c4g4, O_RDWR) failed: Permission denied (13) in /home/pweb/development/prjs/websites/puglieseweb.com/beta/includes/master-head.inc.php on line 6
[28-Oct-2011 11:13:18] PHP Warning:  session_start(): open(/var/lib/php/session/sess_ur1v37o6jamuc042b5j9p2c4g4, O_RDWR) failed: Permission denied (13) in /home/pweb/development/prjs/websites/puglieseweb.com/beta/includes/master-head.inc.php on line 6
[28-Oct-2011 11:15:27] PHP Warning:  session_start(): open(/var/lib/php/session/sess_qmtt5ilt8lagh167uov02ha730, O_RDWR) failed: Permission denied (13) in /home/pweb/development/prjs/websites/puglieseweb.com/beta/includes/master-head.inc.php on line 6
[28-Oct-2011 11:41:07] PHP Warning:  session_start(): open(/var/lib/php/session/sess_qmtt5ilt8lagh167uov02ha730, O_RDWR) failed: Permission denied (13) in /home/pweb/development/prjs/websites/puglieseweb.com/beta/includes/master-head.inc.php on line 6
[28-Oct-2011 11:43:52] PHP Warning:  session_start(): open(/var/lib/php/session/sess_qmtt5ilt8lagh167uov02ha730, O_RDWR) failed: Permission denied (13) in /home/pweb/development/prjs/websites/puglieseweb.com/beta/includes/master-head.inc.php on line 6
[28-Oct-2011 11:43:59] PHP Warning:  session_start(): open(/var/lib/php/session/sess_qmtt5ilt8lagh167uov02ha730, O_RDWR) failed: Permission denied (13) in /home/pweb/development/prjs/websites/puglieseweb.com/beta/includes/master-head.inc.php on line 6
[28-Oct-2011 11:44:09] PHP Warning:  session_start(): open(/var/lib/php/session/sess_qmtt5ilt8lagh167uov02ha730, O_RDWR) failed: Permission denied (13) in /home/pweb/development/prjs/websites/puglieseweb.com/beta/includes/master-head.inc.php on line 6
[28-Oct-2011 11:44:24] PHP Warning:  session_start(): open(/var/lib/php/session/sess_qmtt5ilt8lagh167uov02ha730, O_RDWR) failed: Permission denied (13) in /home/pweb/development/prjs/websites/puglieseweb.com/beta/includes/master-head.inc.php on line 6
[28-Oct-2011 11:44:28] PHP Warning:  session_start(): open(/var/lib/php/session/sess_qmtt5ilt8lagh167uov02ha730, O_RDWR) failed: Permission denied (13) in /home/pweb/development/prjs/websites/puglieseweb.com/beta/includes/master-head.inc.php on line 6
[28-Oct-2011 11:44:36] PHP Warning:  session_start(): open(/var/lib/php/session/sess_qmtt5ilt8lagh167uov02ha730, O_RDWR) failed: Permission denied (13) in /home/pweb/development/prjs/websites/puglieseweb.com/beta/includes/master-head.inc.php on line 6
[28-Oct-2011 11:44:42] PHP Warning:  session_start(): open(/var/lib/php/session/sess_qmtt5ilt8lagh167uov02ha730, O_RDWR) failed: Permission denied (13) in /home/pweb/development/prjs/websites/puglieseweb.com/beta/includes/master-head.inc.php on line 6
[28-Oct-2011 11:45:51] PHP Warning:  session_start(): open(/var/lib/php/session/sess_utmfb4mk0oitd16v7akl002ig5, O_RDWR) failed: Permission denied (13) in /home/pweb/development/prjs/websites/puglieseweb.com/beta/includes/master-head.inc.php on line 6
[28-Oct-2011 11:46:17] PHP Warning:  session_start(): open(/var/lib/php/session/sess_utmfb4mk0oitd16v7akl002ig5, O_RDWR) failed: Permission denied (13) in /home/pweb/development/prjs/websites/puglieseweb.com/beta/includes/master-head.inc.php on line 6
[28-Oct-2011 11:48:31] PHP Warning:  session_start(): open(/var/lib/php/session/sess_utmfb4mk0oitd16v7akl002ig5, O_RDWR) failed: Permission denied (13) in /home/pweb/development/prjs/websites/puglieseweb.com/beta/includes/master-head.inc.php on line 6
[28-Oct-2011 11:49:26] PHP Warning:  session_start(): open(/var/lib/php/session/sess_utmfb4mk0oitd16v7akl002ig5, O_RDWR) failed: Permission denied (13) in /home/pweb/development/prjs/websites/puglieseweb.com/beta/includes/master-head.inc.php on line 6
[28-Oct-2011 11:51:05] PHP Warning:  session_start(): open(/var/lib/php/session/sess_utmfb4mk0oitd16v7akl002ig5, O_RDWR) failed: Permission denied (13) in /home/pweb/development/prjs/websites/puglieseweb.com/beta/includes/master-head.inc.php on line 6
[28-Oct-2011 11:51:22] PHP Warning:  session_start(): open(/var/lib/php/session/sess_utmfb4mk0oitd16v7akl002ig5, O_RDWR) failed: Permission denied (13) in /home/pweb/development/prjs/websites/puglieseweb.com/beta/includes/master-head.inc.php on line 6
[28-Oct-2011 11:51:24] PHP Warning:  session_start(): open(/var/lib/php/session/sess_utmfb4mk0oitd16v7akl002ig5, O_RDWR) failed: Permission denied (13) in /home/pweb/development/prjs/websites/puglieseweb.com/beta/includes/master-head.inc.php on line 6
[28-Oct-2011 11:51:33] PHP Warning:  session_start(): open(/var/lib/php/session/sess_utmfb4mk0oitd16v7akl002ig5, O_RDWR) failed: Permission denied (13) in /home/pweb/development/prjs/websites/puglieseweb.com/beta/includes/master-head.inc.php on line 6
[28-Oct-2011 11:52:05] PHP Warning:  session_start(): open(/var/lib/php/session/sess_utmfb4mk0oitd16v7akl002ig5, O_RDWR) failed: Permission denied (13) in /home/pweb/development/prjs/websites/puglieseweb.com/beta/includes/master-head.inc.php on line 6
[28-Oct-2011 11:55:47] PHP Warning:  session_start(): open(/var/lib/php/session/sess_utmfb4mk0oitd16v7akl002ig5, O_RDWR) failed: Permission denied (13) in /home/pweb/development/prjs/websites/puglieseweb.com/beta/includes/master-head.inc.php on line 6
[28-Oct-2011 12:16:15] PHP Warning:  session_start(): open(/var/lib/php/session/sess_utmfb4mk0oitd16v7akl002ig5, O_RDWR) failed: Permission denied (13) in /home/pweb/development/prjs/websites/puglieseweb.com/beta/includes/master-head.inc.php on line 6
[31-Oct-2011 00:24:52] PHP Warning:  session_start(): open(/var/lib/php/session/sess_92s5khegmdgpbqsd7inlu6u844, O_RDWR) failed: Permission denied (13) in /home/pweb/development/prjs/websites/puglieseweb.com/beta/includes/master-head.inc.php on line 6
[31-Oct-2011 00:24:52] PHP Stack trace:
[31-Oct-2011 00:24:52] PHP   1. {main}() /home/pweb/development/prjs/websites/puglieseweb.com/beta/unix/unix.php:0
[31-Oct-2011 00:24:52] PHP   2. include() /home/pweb/development/prjs/websites/puglieseweb.com/beta/unix/unix.php:1
[31-Oct-2011 00:24:52] PHP   3. session_start() /home/pweb/development/prjs/websites/puglieseweb.com/beta/includes/master-head.inc.php:6
[03-Nov-2011 19:32:56] PHP Warning:  session_start(): open(/var/lib/php/session/sess_mluc71mfc05gnt81ch2bs3epf7, O_RDWR) failed: Permission denied (13) in /home/pweb/development/prjs/websites/puglieseweb.com/beta/includes/master-head.inc.php on line 6
[03-Nov-2011 19:32:56] PHP Stack trace:
[03-Nov-2011 19:32:56] PHP   1. {main}() /home/pweb/development/prjs/websites/puglieseweb.com/beta/unix/Troubleshoots.php:0
[03-Nov-2011 19:32:56] PHP   2. include() /home/pweb/development/prjs/websites/puglieseweb.com/beta/unix/Troubleshoots.php:1
[03-Nov-2011 19:32:56] PHP   3. session_start() /home/pweb/development/prjs/websites/puglieseweb.com/beta/includes/master-head.inc.php:6
[03-Nov-2011 19:32:58] PHP Warning:  session_start(): open(/var/lib/php/session/sess_mluc71mfc05gnt81ch2bs3epf7, O_RDWR) failed: Permission denied (13) in /home/pweb/development/prjs/websites/puglieseweb.com/beta/includes/master-head.inc.php on line 6
[03-Nov-2011 19:32:58] PHP Stack trace:
[03-Nov-2011 19:32:58] PHP   1. {main}() /home/pweb/development/prjs/websites/puglieseweb.com/beta/unix/vim.php:0
[03-Nov-2011 19:32:58] PHP   2. include() /home/pweb/development/prjs/websites/puglieseweb.com/beta/unix/vim.php:1
[03-Nov-2011 19:32:58] PHP   3. session_start() /home/pweb/development/prjs/websites/puglieseweb.com/beta/includes/master-head.inc.php:6
[03-Nov-2011 19:33:24] PHP Warning:  session_start(): open(/var/lib/php/session/sess_mluc71mfc05gnt81ch2bs3epf7, O_RDWR) failed: Permission denied (13) in /home/pweb/development/prjs/websites/puglieseweb.com/beta/includes/master-head.inc.php on line 6
[03-Nov-2011 19:33:24] PHP Stack trace:
[03-Nov-2011 19:33:24] PHP   1. {main}() /home/pweb/development/prjs/websites/puglieseweb.com/beta/unix/Troubleshoots.php:0
[03-Nov-2011 19:33:24] PHP   2. include() /home/pweb/development/prjs/websites/puglieseweb.com/beta/unix/Troubleshoots.php:1
[03-Nov-2011 19:33:24] PHP   3. session_start() /home/pweb/development/prjs/websites/puglieseweb.com/beta/includes/master-head.inc.php:6
[03-Nov-2011 19:33:36] PHP Warning:  session_start(): open(/var/lib/php/session/sess_mluc71mfc05gnt81ch2bs3epf7, O_RDWR) failed: Permission denied (13) in /home/pweb/development/prjs/websites/puglieseweb.com/beta/includes/master-head.inc.php on line 6
[03-Nov-2011 19:33:36] PHP Stack trace:
[03-Nov-2011 19:33:36] PHP   1. {main}() /home/pweb/development/prjs/websites/puglieseweb.com/beta/unix/unix.php:0
[03-Nov-2011 19:33:36] PHP   2. include() /home/pweb/development/prjs/websites/puglieseweb.com/beta/unix/unix.php:1
[03-Nov-2011 19:33:36] PHP   3. session_start() /home/pweb/development/prjs/websites/puglieseweb.com/beta/includes/master-head.inc.php:6
[03-Nov-2011 19:34:48] PHP Warning:  session_start(): open(/var/lib/php/session/sess_mluc71mfc05gnt81ch2bs3epf7, O_RDWR) failed: Permission denied (13) in /home/pweb/development/prjs/websites/puglieseweb.com/beta/includes/master-head.inc.php on line 6
[03-Nov-2011 19:34:48] PHP Stack trace:
[03-Nov-2011 19:34:48] PHP   1. {main}() /home/pweb/development/prjs/websites/puglieseweb.com/beta/unix/selinux.php:0
[03-Nov-2011 19:34:48] PHP   2. include() /home/pweb/development/prjs/websites/puglieseweb.com/beta/unix/selinux.php:1
[03-Nov-2011 19:34:48] PHP   3. session_start() /home/pweb/development/prjs/websites/puglieseweb.com/beta/includes/master-head.inc.php:6
[03-Nov-2011 19:38:26] PHP Warning:  session_start(): open(/var/lib/php/session/sess_mluc71mfc05gnt81ch2bs3epf7, O_RDWR) failed: Permission denied (13) in /home/pweb/development/prjs/websites/puglieseweb.com/beta/includes/master-head.inc.php on line 6
[03-Nov-2011 19:38:26] PHP Stack trace:
[03-Nov-2011 19:38:26] PHP   1. {main}() /home/pweb/development/prjs/websites/puglieseweb.com/beta/unix/general.php:0
[03-Nov-2011 19:38:26] PHP   2. include() /home/pweb/development/prjs/websites/puglieseweb.com/beta/unix/general.php:1
[03-Nov-2011 19:38:26] PHP   3. session_start() /home/pweb/development/prjs/websites/puglieseweb.com/beta/includes/master-head.inc.php:6
[03-Nov-2011 19:38:56] PHP Warning:  include(../../includes/master-head.inc.php): failed to open stream: No such file or directory in /home/pweb/development/prjs/websites/puglieseweb.com/beta/unix/scripts.php on line 1
[03-Nov-2011 19:38:56] PHP Stack trace:
[03-Nov-2011 19:38:56] PHP   1. {main}() /home/pweb/development/prjs/websites/puglieseweb.com/beta/unix/scripts.php:0
[03-Nov-2011 19:38:56] PHP Warning:  include(): Failed opening '../../includes/master-head.inc.php' for inclusion (include_path='.:/usr/share/pear:/usr/share/php') in /home/pweb/development/prjs/websites/puglieseweb.com/beta/unix/scripts.php on line 1
[03-Nov-2011 19:38:56] PHP Stack trace:
[03-Nov-2011 19:38:56] PHP   1. {main}() /home/pweb/development/prjs/websites/puglieseweb.com/beta/unix/scripts.php:0
[03-Nov-2011 19:38:56] PHP Warning:  include(../../includes/master-foot.inc.php): failed to open stream: No such file or directory in /home/pweb/development/prjs/websites/puglieseweb.com/beta/unix/scripts.php on line 28
[03-Nov-2011 19:38:56] PHP Stack trace:
[03-Nov-2011 19:38:56] PHP   1. {main}() /home/pweb/development/prjs/websites/puglieseweb.com/beta/unix/scripts.php:0
[03-Nov-2011 19:38:56] PHP Warning:  include(): Failed opening '../../includes/master-foot.inc.php' for inclusion (include_path='.:/usr/share/pear:/usr/share/php') in /home/pweb/development/prjs/websites/puglieseweb.com/beta/unix/scripts.php on line 28
[03-Nov-2011 19:38:56] PHP Stack trace:
[03-Nov-2011 19:38:56] PHP   1. {main}() /home/pweb/development/prjs/websites/puglieseweb.com/beta/unix/scripts.php:0
[03-Nov-2011 19:39:24] PHP Warning:  session_start(): open(/var/lib/php/session/sess_mluc71mfc05gnt81ch2bs3epf7, O_RDWR) failed: Permission denied (13) in /home/pweb/development/prjs/websites/puglieseweb.com/beta/includes/master-head.inc.php on line 6
[03-Nov-2011 19:39:24] PHP Stack trace:
[03-Nov-2011 19:39:24] PHP   1. {main}() /home/pweb/development/prjs/websites/puglieseweb.com/beta/unix/unix.php:0
[03-Nov-2011 19:39:24] PHP   2. include() /home/pweb/development/prjs/websites/puglieseweb.com/beta/unix/unix.php:1
[03-Nov-2011 19:39:24] PHP   3. session_start() /home/pweb/development/prjs/websites/puglieseweb.com/beta/includes/master-head.inc.php:6
[03-Nov-2011 19:40:11] PHP Warning:  session_start(): open(/var/lib/php/session/sess_mluc71mfc05gnt81ch2bs3epf7, O_RDWR) failed: Permission denied (13) in /home/pweb/development/prjs/websites/puglieseweb.com/beta/includes/master-head.inc.php on line 6
[03-Nov-2011 19:40:11] PHP Stack trace:
[03-Nov-2011 19:40:11] PHP   1. {main}() /home/pweb/development/prjs/websites/puglieseweb.com/beta/unix/vim.php:0
[03-Nov-2011 19:40:11] PHP   2. include() /home/pweb/development/prjs/websites/puglieseweb.com/beta/unix/vim.php:1
[03-Nov-2011 19:40:11] PHP   3. session_start() /home/pweb/development/prjs/websites/puglieseweb.com/beta/includes/master-head.inc.php:6
[05-Nov-2011 13:46:10] PHP Warning:  session_start(): open(/var/lib/php/session/sess_60pfsh8ovv1tulnh04294fv5p5, O_RDWR) failed: Permission denied (13) in /home/pweb/development/prjs/websites/puglieseweb.com/beta/includes/master-head.inc.php on line 6
[05-Nov-2011 13:46:10] PHP Stack trace:
[05-Nov-2011 13:46:10] PHP   1. {main}() /home/pweb/development/prjs/websites/puglieseweb.com/beta/unix/vim.php:0
[05-Nov-2011 13:46:10] PHP   2. include() /home/pweb/development/prjs/websites/puglieseweb.com/beta/unix/vim.php:1
[05-Nov-2011 13:46:10] PHP   3. session_start() /home/pweb/development/prjs/websites/puglieseweb.com/beta/includes/master-head.inc.php:6
[05-Nov-2011 13:49:00] PHP Warning:  session_start(): open(/var/lib/php/session/sess_60pfsh8ovv1tulnh04294fv5p5, O_RDWR) failed: Permission denied (13) in /home/pweb/development/prjs/websites/puglieseweb.com/beta/includes/master-head.inc.php on line 6
[05-Nov-2011 13:49:00] PHP Stack trace:
[05-Nov-2011 13:49:00] PHP   1. {main}() /home/pweb/development/prjs/websites/puglieseweb.com/beta/unix/vim.php:0
[05-Nov-2011 13:49:00] PHP   2. include() /home/pweb/development/prjs/websites/puglieseweb.com/beta/unix/vim.php:1
[05-Nov-2011 13:49:00] PHP   3. session_start() /home/pweb/development/prjs/websites/puglieseweb.com/beta/includes/master-head.inc.php:6
[05-Nov-2011 13:50:26] PHP Warning:  session_start(): open(/var/lib/php/session/sess_60pfsh8ovv1tulnh04294fv5p5, O_RDWR) failed: Permission denied (13) in /home/pweb/development/prjs/websites/puglieseweb.com/beta/includes/master-head.inc.php on line 6
[05-Nov-2011 13:50:26] PHP Stack trace:
[05-Nov-2011 13:50:26] PHP   1. {main}() /home/pweb/development/prjs/websites/puglieseweb.com/beta/unix/vim.php:0
[05-Nov-2011 13:50:26] PHP   2. include() /home/pweb/development/prjs/websites/puglieseweb.com/beta/unix/vim.php:1
[05-Nov-2011 13:50:26] PHP   3. session_start() /home/pweb/development/prjs/websites/puglieseweb.com/beta/includes/master-head.inc.php:6
[05-Nov-2011 13:51:21] PHP Warning:  session_start(): open(/var/lib/php/session/sess_60pfsh8ovv1tulnh04294fv5p5, O_RDWR) failed: Permission denied (13) in /home/pweb/development/prjs/websites/puglieseweb.com/beta/includes/master-head.inc.php on line 6
[05-Nov-2011 13:51:21] PHP Stack trace:
[05-Nov-2011 13:51:21] PHP   1. {main}() /home/pweb/development/prjs/websites/puglieseweb.com/beta/unix/vim.php:0
[05-Nov-2011 13:51:21] PHP   2. include() /home/pweb/development/prjs/websites/puglieseweb.com/beta/unix/vim.php:1
[05-Nov-2011 13:51:21] PHP   3. session_start() /home/pweb/development/prjs/websites/puglieseweb.com/beta/includes/master-head.inc.php:6
[05-Nov-2011 13:55:01] PHP Warning:  session_start(): open(/var/lib/php/session/sess_60pfsh8ovv1tulnh04294fv5p5, O_RDWR) failed: Permission denied (13) in /home/pweb/development/prjs/websites/puglieseweb.com/beta/includes/master-head.inc.php on line 6
[05-Nov-2011 13:55:01] PHP Stack trace:
[05-Nov-2011 13:55:01] PHP   1. {main}() /home/pweb/development/prjs/websites/puglieseweb.com/beta/unix/vim.php:0
[05-Nov-2011 13:55:01] PHP   2. include() /home/pweb/development/prjs/websites/puglieseweb.com/beta/unix/vim.php:1
[05-Nov-2011 13:55:01] PHP   3. session_start() /home/pweb/development/prjs/websites/puglieseweb.com/beta/includes/master-head.inc.php:6
[05-Nov-2011 13:55:06] PHP Warning:  session_start(): open(/var/lib/php/session/sess_60pfsh8ovv1tulnh04294fv5p5, O_RDWR) failed: Permission denied (13) in /home/pweb/development/prjs/websites/puglieseweb.com/beta/includes/master-head.inc.php on line 6
[05-Nov-2011 13:55:06] PHP Stack trace:
[05-Nov-2011 13:55:06] PHP   1. {main}() /home/pweb/development/prjs/websites/puglieseweb.com/beta/unix/vim.php:0
[05-Nov-2011 13:55:06] PHP   2. include() /home/pweb/development/prjs/websites/puglieseweb.com/beta/unix/vim.php:1
[05-Nov-2011 13:55:06] PHP   3. session_start() /home/pweb/development/prjs/websites/puglieseweb.com/beta/includes/master-head.inc.php:6
[05-Nov-2011 13:55:41] PHP Warning:  session_start(): open(/var/lib/php/session/sess_60pfsh8ovv1tulnh04294fv5p5, O_RDWR) failed: Permission denied (13) in /home/pweb/development/prjs/websites/puglieseweb.com/beta/includes/master-head.inc.php on line 6
[05-Nov-2011 13:55:41] PHP Stack trace:
[05-Nov-2011 13:55:41] PHP   1. {main}() /home/pweb/development/prjs/websites/puglieseweb.com/beta/unix/vim.php:0
[05-Nov-2011 13:55:41] PHP   2. include() /home/pweb/development/prjs/websites/puglieseweb.com/beta/unix/vim.php:1
[05-Nov-2011 13:55:41] PHP   3. session_start() /home/pweb/development/prjs/websites/puglieseweb.com/beta/includes/master-head.inc.php:6
[05-Nov-2011 13:56:34] PHP Warning:  session_start(): open(/var/lib/php/session/sess_60pfsh8ovv1tulnh04294fv5p5, O_RDWR) failed: Permission denied (13) in /home/pweb/development/prjs/websites/puglieseweb.com/beta/includes/master-head.inc.php on line 6
[05-Nov-2011 13:56:34] PHP Stack trace:
[05-Nov-2011 13:56:34] PHP   1. {main}() /home/pweb/development/prjs/websites/puglieseweb.com/beta/unix/vim.php:0
[05-Nov-2011 13:56:34] PHP   2. include() /home/pweb/development/prjs/websites/puglieseweb.com/beta/unix/vim.php:1
[05-Nov-2011 13:56:34] PHP   3. session_start() /home/pweb/development/prjs/websites/puglieseweb.com/beta/includes/master-head.inc.php:6
[05-Nov-2011 13:57:44] PHP Warning:  session_start(): open(/var/lib/php/session/sess_60pfsh8ovv1tulnh04294fv5p5, O_RDWR) failed: Permission denied (13) in /home/pweb/development/prjs/websites/puglieseweb.com/beta/includes/master-head.inc.php on line 6
[05-Nov-2011 13:57:44] PHP Stack trace:
[05-Nov-2011 13:57:44] PHP   1. {main}() /home/pweb/development/prjs/websites/puglieseweb.com/beta/unix/vim.php:0
[05-Nov-2011 13:57:44] PHP   2. include() /home/pweb/development/prjs/websites/puglieseweb.com/beta/unix/vim.php:1
[05-Nov-2011 13:57:44] PHP   3. session_start() /home/pweb/development/prjs/websites/puglieseweb.com/beta/includes/master-head.inc.php:6
[05-Nov-2011 13:57:50] PHP Warning:  session_start(): open(/var/lib/php/session/sess_60pfsh8ovv1tulnh04294fv5p5, O_RDWR) failed: Permission denied (13) in /home/pweb/development/prjs/websites/puglieseweb.com/beta/includes/master-head.inc.php on line 6
[05-Nov-2011 13:57:50] PHP Stack trace:
[05-Nov-2011 13:57:50] PHP   1. {main}() /home/pweb/development/prjs/websites/puglieseweb.com/beta/unix/vim.php:0
[05-Nov-2011 13:57:50] PHP   2. include() /home/pweb/development/prjs/websites/puglieseweb.com/beta/unix/vim.php:1
[05-Nov-2011 13:57:50] PHP   3. session_start() /home/pweb/development/prjs/websites/puglieseweb.com/beta/includes/master-head.inc.php:6
[05-Nov-2011 14:00:55] PHP Warning:  session_start(): open(/var/lib/php/session/sess_60pfsh8ovv1tulnh04294fv5p5, O_RDWR) failed: Permission denied (13) in /home/pweb/development/prjs/websites/puglieseweb.com/beta/includes/master-head.inc.php on line 6
[05-Nov-2011 14:00:55] PHP Stack trace:
[05-Nov-2011 14:00:55] PHP   1. {main}() /home/pweb/development/prjs/websites/puglieseweb.com/beta/unix/vim.php:0
[05-Nov-2011 14:00:55] PHP   2. include() /home/pweb/development/prjs/websites/puglieseweb.com/beta/unix/vim.php:1
[05-Nov-2011 14:00:55] PHP   3. session_start() /home/pweb/development/prjs/websites/puglieseweb.com/beta/includes/master-head.inc.php:6
[05-Nov-2011 14:03:06] PHP Warning:  session_start(): open(/var/lib/php/session/sess_60pfsh8ovv1tulnh04294fv5p5, O_RDWR) failed: Permission denied (13) in /home/pweb/development/prjs/websites/puglieseweb.com/beta/includes/master-head.inc.php on line 6
[05-Nov-2011 14:03:06] PHP Stack trace:
[05-Nov-2011 14:03:06] PHP   1. {main}() /home/pweb/development/prjs/websites/puglieseweb.com/beta/unix/vim.php:0
[05-Nov-2011 14:03:06] PHP   2. include() /home/pweb/development/prjs/websites/puglieseweb.com/beta/unix/vim.php:1
[05-Nov-2011 14:03:06] PHP   3. session_start() /home/pweb/development/prjs/websites/puglieseweb.com/beta/includes/master-head.inc.php:6
[05-Nov-2011 14:08:43] PHP Warning:  session_start(): open(/var/lib/php/session/sess_60pfsh8ovv1tulnh04294fv5p5, O_RDWR) failed: Permission denied (13) in /home/pweb/development/prjs/websites/puglieseweb.com/beta/includes/master-head.inc.php on line 6
[05-Nov-2011 14:08:43] PHP Stack trace:
[05-Nov-2011 14:08:43] PHP   1. {main}() /home/pweb/development/prjs/websites/puglieseweb.com/beta/unix/vim.php:0
[05-Nov-2011 14:08:43] PHP   2. include() /home/pweb/development/prjs/websites/puglieseweb.com/beta/unix/vim.php:1
[05-Nov-2011 14:08:43] PHP   3. session_start() /home/pweb/development/prjs/websites/puglieseweb.com/beta/includes/master-head.inc.php:6
[05-Nov-2011 14:12:12] PHP Warning:  session_start(): open(/var/lib/php/session/sess_60pfsh8ovv1tulnh04294fv5p5, O_RDWR) failed: Permission denied (13) in /home/pweb/development/prjs/websites/puglieseweb.com/beta/includes/master-head.inc.php on line 6
[05-Nov-2011 14:12:12] PHP Stack trace:
[05-Nov-2011 14:12:12] PHP   1. {main}() /home/pweb/development/prjs/websites/puglieseweb.com/beta/unix/vim.php:0
[05-Nov-2011 14:12:12] PHP   2. include() /home/pweb/development/prjs/websites/puglieseweb.com/beta/unix/vim.php:1
[05-Nov-2011 14:12:12] PHP   3. session_start() /home/pweb/development/prjs/websites/puglieseweb.com/beta/includes/master-head.inc.php:6
[05-Nov-2011 14:12:18] PHP Warning:  session_start(): open(/var/lib/php/session/sess_60pfsh8ovv1tulnh04294fv5p5, O_RDWR) failed: Permission denied (13) in /home/pweb/development/prjs/websites/puglieseweb.com/beta/includes/master-head.inc.php on line 6
[05-Nov-2011 14:12:18] PHP Stack trace:
[05-Nov-2011 14:12:18] PHP   1. {main}() /home/pweb/development/prjs/websites/puglieseweb.com/beta/unix/vim.php:0
[05-Nov-2011 14:12:18] PHP   2. include() /home/pweb/development/prjs/websites/puglieseweb.com/beta/unix/vim.php:1
[05-Nov-2011 14:12:18] PHP   3. session_start() /home/pweb/development/prjs/websites/puglieseweb.com/beta/includes/master-head.inc.php:6
[05-Nov-2011 14:13:19] PHP Warning:  session_start(): open(/var/lib/php/session/sess_60pfsh8ovv1tulnh04294fv5p5, O_RDWR) failed: Permission denied (13) in /home/pweb/development/prjs/websites/puglieseweb.com/beta/includes/master-head.inc.php on line 6
[05-Nov-2011 14:13:19] PHP Stack trace:
[05-Nov-2011 14:13:19] PHP   1. {main}() /home/pweb/development/prjs/websites/puglieseweb.com/beta/unix/vim.php:0
[05-Nov-2011 14:13:19] PHP   2. include() /home/pweb/development/prjs/websites/puglieseweb.com/beta/unix/vim.php:1
[05-Nov-2011 14:13:19] PHP   3. session_start() /home/pweb/development/prjs/websites/puglieseweb.com/beta/includes/master-head.inc.php:6
[05-Nov-2011 14:15:51] PHP Warning:  session_start(): open(/var/lib/php/session/sess_60pfsh8ovv1tulnh04294fv5p5, O_RDWR) failed: Permission denied (13) in /home/pweb/development/prjs/websites/puglieseweb.com/beta/includes/master-head.inc.php on line 6
[05-Nov-2011 14:15:51] PHP Stack trace:
[05-Nov-2011 14:15:51] PHP   1. {main}() /home/pweb/development/prjs/websites/puglieseweb.com/beta/unix/vim.php:0
[05-Nov-2011 14:15:51] PHP   2. include() /home/pweb/development/prjs/websites/puglieseweb.com/beta/unix/vim.php:1
[05-Nov-2011 14:15:51] PHP   3. session_start() /home/pweb/development/prjs/websites/puglieseweb.com/beta/includes/master-head.inc.php:6
[05-Nov-2011 14:16:05] PHP Warning:  session_start(): open(/var/lib/php/session/sess_60pfsh8ovv1tulnh04294fv5p5, O_RDWR) failed: Permission denied (13) in /home/pweb/development/prjs/websites/puglieseweb.com/beta/includes/master-head.inc.php on line 6
[05-Nov-2011 14:16:05] PHP Stack trace:
[05-Nov-2011 14:16:05] PHP   1. {main}() /home/pweb/development/prjs/websites/puglieseweb.com/beta/unix/vim.php:0
[05-Nov-2011 14:16:05] PHP   2. include() /home/pweb/development/prjs/websites/puglieseweb.com/beta/unix/vim.php:1
[05-Nov-2011 14:16:05] PHP   3. session_start() /home/pweb/development/prjs/websites/puglieseweb.com/beta/includes/master-head.inc.php:6
[05-Nov-2011 14:19:34] PHP Warning:  session_start(): open(/var/lib/php/session/sess_60pfsh8ovv1tulnh04294fv5p5, O_RDWR) failed: Permission denied (13) in /home/pweb/development/prjs/websites/puglieseweb.com/beta/includes/master-head.inc.php on line 6
[05-Nov-2011 14:19:34] PHP Stack trace:
[05-Nov-2011 14:19:34] PHP   1. {main}() /home/pweb/development/prjs/websites/puglieseweb.com/beta/unix/vim.php:0
[05-Nov-2011 14:19:34] PHP   2. include() /home/pweb/development/prjs/websites/puglieseweb.com/beta/unix/vim.php:1
[05-Nov-2011 14:19:34] PHP   3. session_start() /home/pweb/development/prjs/websites/puglieseweb.com/beta/includes/master-head.inc.php:6
[05-Nov-2011 14:21:02] PHP Warning:  session_start(): open(/var/lib/php/session/sess_60pfsh8ovv1tulnh04294fv5p5, O_RDWR) failed: Permission denied (13) in /home/pweb/development/prjs/websites/puglieseweb.com/beta/includes/master-head.inc.php on line 6
[05-Nov-2011 14:21:02] PHP Stack trace:
[05-Nov-2011 14:21:02] PHP   1. {main}() /home/pweb/development/prjs/websites/puglieseweb.com/beta/unix/vim.php:0
[05-Nov-2011 14:21:02] PHP   2. include() /home/pweb/development/prjs/websites/puglieseweb.com/beta/unix/vim.php:1
[05-Nov-2011 14:21:02] PHP   3. session_start() /home/pweb/development/prjs/websites/puglieseweb.com/beta/includes/master-head.inc.php:6
[05-Nov-2011 14:25:04] PHP Warning:  session_start(): open(/var/lib/php/session/sess_60pfsh8ovv1tulnh04294fv5p5, O_RDWR) failed: Permission denied (13) in /home/pweb/development/prjs/websites/puglieseweb.com/beta/includes/master-head.inc.php on line 6
[05-Nov-2011 14:25:04] PHP Stack trace:
[05-Nov-2011 14:25:04] PHP   1. {main}() /home/pweb/development/prjs/websites/puglieseweb.com/beta/unix/vim.php:0
[05-Nov-2011 14:25:04] PHP   2. include() /home/pweb/development/prjs/websites/puglieseweb.com/beta/unix/vim.php:1
[05-Nov-2011 14:25:04] PHP   3. session_start() /home/pweb/development/prjs/websites/puglieseweb.com/beta/includes/master-head.inc.php:6
[05-Nov-2011 14:25:24] PHP Warning:  session_start(): open(/var/lib/php/session/sess_60pfsh8ovv1tulnh04294fv5p5, O_RDWR) failed: Permission denied (13) in /home/pweb/development/prjs/websites/puglieseweb.com/beta/includes/master-head.inc.php on line 6
[05-Nov-2011 14:25:24] PHP Stack trace:
[05-Nov-2011 14:25:24] PHP   1. {main}() /home/pweb/development/prjs/websites/puglieseweb.com/beta/unix/vim.php:0
[05-Nov-2011 14:25:24] PHP   2. include() /home/pweb/development/prjs/websites/puglieseweb.com/beta/unix/vim.php:1
[05-Nov-2011 14:25:24] PHP   3. session_start() /home/pweb/development/prjs/websites/puglieseweb.com/beta/includes/master-head.inc.php:6
[05-Nov-2011 14:32:17] PHP Warning:  session_start(): open(/var/lib/php/session/sess_60pfsh8ovv1tulnh04294fv5p5, O_RDWR) failed: Permission denied (13) in /home/pweb/development/prjs/websites/puglieseweb.com/beta/includes/master-head.inc.php on line 6
[05-Nov-2011 14:32:17] PHP Stack trace:
[05-Nov-2011 14:32:17] PHP   1. {main}() /home/pweb/development/prjs/websites/puglieseweb.com/beta/unix/vim.php:0
[05-Nov-2011 14:32:17] PHP   2. include() /home/pweb/development/prjs/websites/puglieseweb.com/beta/unix/vim.php:1
[05-Nov-2011 14:32:17] PHP   3. session_start() /home/pweb/development/prjs/websites/puglieseweb.com/beta/includes/master-head.inc.php:6
[05-Nov-2011 14:35:54] PHP Warning:  session_start(): open(/var/lib/php/session/sess_60pfsh8ovv1tulnh04294fv5p5, O_RDWR) failed: Permission denied (13) in /home/pweb/development/prjs/websites/puglieseweb.com/beta/includes/master-head.inc.php on line 6
[05-Nov-2011 14:35:54] PHP Stack trace:
[05-Nov-2011 14:35:54] PHP   1. {main}() /home/pweb/development/prjs/websites/puglieseweb.com/beta/unix/vim.php:0
[05-Nov-2011 14:35:54] PHP   2. include() /home/pweb/development/prjs/websites/puglieseweb.com/beta/unix/vim.php:1
[05-Nov-2011 14:35:54] PHP   3. session_start() /home/pweb/development/prjs/websites/puglieseweb.com/beta/includes/master-head.inc.php:6
[05-Nov-2011 14:37:09] PHP Warning:  session_start(): open(/var/lib/php/session/sess_60pfsh8ovv1tulnh04294fv5p5, O_RDWR) failed: Permission denied (13) in /home/pweb/development/prjs/websites/puglieseweb.com/beta/includes/master-head.inc.php on line 6
[05-Nov-2011 14:37:09] PHP Stack trace:
[05-Nov-2011 14:37:09] PHP   1. {main}() /home/pweb/development/prjs/websites/puglieseweb.com/beta/unix/vim.php:0
[05-Nov-2011 14:37:09] PHP   2. include() /home/pweb/development/prjs/websites/puglieseweb.com/beta/unix/vim.php:1
[05-Nov-2011 14:37:09] PHP   3. session_start() /home/pweb/development/prjs/websites/puglieseweb.com/beta/includes/master-head.inc.php:6
[05-Nov-2011 14:38:17] PHP Warning:  session_start(): open(/var/lib/php/session/sess_60pfsh8ovv1tulnh04294fv5p5, O_RDWR) failed: Permission denied (13) in /home/pweb/development/prjs/websites/puglieseweb.com/beta/includes/master-head.inc.php on line 6
[05-Nov-2011 14:38:17] PHP Stack trace:
[05-Nov-2011 14:38:17] PHP   1. {main}() /home/pweb/development/prjs/websites/puglieseweb.com/beta/unix/vim.php:0
[05-Nov-2011 14:38:17] PHP   2. include() /home/pweb/development/prjs/websites/puglieseweb.com/beta/unix/vim.php:1
[05-Nov-2011 14:38:17] PHP   3. session_start() /home/pweb/development/prjs/websites/puglieseweb.com/beta/includes/master-head.inc.php:6
[05-Nov-2011 14:39:47] PHP Warning:  session_start(): open(/var/lib/php/session/sess_60pfsh8ovv1tulnh04294fv5p5, O_RDWR) failed: Permission denied (13) in /home/pweb/development/prjs/websites/puglieseweb.com/beta/includes/master-head.inc.php on line 6
[05-Nov-2011 14:39:47] PHP Stack trace:
[05-Nov-2011 14:39:47] PHP   1. {main}() /home/pweb/development/prjs/websites/puglieseweb.com/beta/unix/vim.php:0
[05-Nov-2011 14:39:47] PHP   2. include() /home/pweb/development/prjs/websites/puglieseweb.com/beta/unix/vim.php:1
[05-Nov-2011 14:39:47] PHP   3. session_start() /home/pweb/development/prjs/websites/puglieseweb.com/beta/includes/master-head.inc.php:6
[05-Nov-2011 14:41:02] PHP Warning:  session_start(): open(/var/lib/php/session/sess_60pfsh8ovv1tulnh04294fv5p5, O_RDWR) failed: Permission denied (13) in /home/pweb/development/prjs/websites/puglieseweb.com/beta/includes/master-head.inc.php on line 6
[05-Nov-2011 14:41:02] PHP Stack trace:
[05-Nov-2011 14:41:02] PHP   1. {main}() /home/pweb/development/prjs/websites/puglieseweb.com/beta/unix/vim.php:0
[05-Nov-2011 14:41:02] PHP   2. include() /home/pweb/development/prjs/websites/puglieseweb.com/beta/unix/vim.php:1
[05-Nov-2011 14:41:02] PHP   3. session_start() /home/pweb/development/prjs/websites/puglieseweb.com/beta/includes/master-head.inc.php:6
[05-Nov-2011 14:44:59] PHP Warning:  session_start(): open(/var/lib/php/session/sess_60pfsh8ovv1tulnh04294fv5p5, O_RDWR) failed: Permission denied (13) in /home/pweb/development/prjs/websites/puglieseweb.com/beta/includes/master-head.inc.php on line 6
[05-Nov-2011 14:44:59] PHP Stack trace:
[05-Nov-2011 14:44:59] PHP   1. {main}() /home/pweb/development/prjs/websites/puglieseweb.com/beta/unix/vim.php:0
[05-Nov-2011 14:44:59] PHP   2. include() /home/pweb/development/prjs/websites/puglieseweb.com/beta/unix/vim.php:1
[05-Nov-2011 14:44:59] PHP   3. session_start() /home/pweb/development/prjs/websites/puglieseweb.com/beta/includes/master-head.inc.php:6
[05-Nov-2011 14:45:39] PHP Warning:  session_start(): open(/var/lib/php/session/sess_60pfsh8ovv1tulnh04294fv5p5, O_RDWR) failed: Permission denied (13) in /home/pweb/development/prjs/websites/puglieseweb.com/beta/includes/master-head.inc.php on line 6
[05-Nov-2011 14:45:39] PHP Stack trace:
[05-Nov-2011 14:45:39] PHP   1. {main}() /home/pweb/development/prjs/websites/puglieseweb.com/beta/unix/vim.php:0
[05-Nov-2011 14:45:39] PHP   2. include() /home/pweb/development/prjs/websites/puglieseweb.com/beta/unix/vim.php:1
[05-Nov-2011 14:45:39] PHP   3. session_start() /home/pweb/development/prjs/websites/puglieseweb.com/beta/includes/master-head.inc.php:6
[05-Nov-2011 14:56:44] PHP Warning:  session_start(): open(/var/lib/php/session/sess_60pfsh8ovv1tulnh04294fv5p5, O_RDWR) failed: Permission denied (13) in /home/pweb/development/prjs/websites/puglieseweb.com/beta/includes/master-head.inc.php on line 6
[05-Nov-2011 14:56:44] PHP Stack trace:
[05-Nov-2011 14:56:44] PHP   1. {main}() /home/pweb/development/prjs/websites/puglieseweb.com/beta/unix/vim.php:0
[05-Nov-2011 14:56:44] PHP   2. include() /home/pweb/development/prjs/websites/puglieseweb.com/beta/unix/vim.php:1
[05-Nov-2011 14:56:44] PHP   3. session_start() /home/pweb/development/prjs/websites/puglieseweb.com/beta/includes/master-head.inc.php:6
[05-Nov-2011 15:01:26] PHP Warning:  session_start(): open(/var/lib/php/session/sess_60pfsh8ovv1tulnh04294fv5p5, O_RDWR) failed: Permission denied (13) in /home/pweb/development/prjs/websites/puglieseweb.com/beta/includes/master-head.inc.php on line 6
[05-Nov-2011 15:01:26] PHP Stack trace:
[05-Nov-2011 15:01:26] PHP   1. {main}() /home/pweb/development/prjs/websites/puglieseweb.com/beta/unix/vim.php:0
[05-Nov-2011 15:01:26] PHP   2. include() /home/pweb/development/prjs/websites/puglieseweb.com/beta/unix/vim.php:1
[05-Nov-2011 15:01:26] PHP   3. session_start() /home/pweb/development/prjs/websites/puglieseweb.com/beta/includes/master-head.inc.php:6
[05-Nov-2011 15:02:35] PHP Warning:  session_start(): open(/var/lib/php/session/sess_60pfsh8ovv1tulnh04294fv5p5, O_RDWR) failed: Permission denied (13) in /home/pweb/development/prjs/websites/puglieseweb.com/beta/includes/master-head.inc.php on line 6
[05-Nov-2011 15:02:35] PHP Stack trace:
[05-Nov-2011 15:02:35] PHP   1. {main}() /home/pweb/development/prjs/websites/puglieseweb.com/beta/unix/vim.php:0
[05-Nov-2011 15:02:35] PHP   2. include() /home/pweb/development/prjs/websites/puglieseweb.com/beta/unix/vim.php:1
[05-Nov-2011 15:02:35] PHP   3. session_start() /home/pweb/development/prjs/websites/puglieseweb.com/beta/includes/master-head.inc.php:6
[05-Nov-2011 15:03:30] PHP Warning:  session_start(): open(/var/lib/php/session/sess_60pfsh8ovv1tulnh04294fv5p5, O_RDWR) failed: Permission denied (13) in /home/pweb/development/prjs/websites/puglieseweb.com/beta/includes/master-head.inc.php on line 6
[05-Nov-2011 15:03:30] PHP Stack trace:
[05-Nov-2011 15:03:30] PHP   1. {main}() /home/pweb/development/prjs/websites/puglieseweb.com/beta/unix/vim.php:0
[05-Nov-2011 15:03:30] PHP   2. include() /home/pweb/development/prjs/websites/puglieseweb.com/beta/unix/vim.php:1
[05-Nov-2011 15:03:30] PHP   3. session_start() /home/pweb/development/prjs/websites/puglieseweb.com/beta/includes/master-head.inc.php:6
[05-Nov-2011 15:04:35] PHP Warning:  session_start(): open(/var/lib/php/session/sess_60pfsh8ovv1tulnh04294fv5p5, O_RDWR) failed: Permission denied (13) in /home/pweb/development/prjs/websites/puglieseweb.com/beta/includes/master-head.inc.php on line 6
[05-Nov-2011 15:04:35] PHP Stack trace:
[05-Nov-2011 15:04:35] PHP   1. {main}() /home/pweb/development/prjs/websites/puglieseweb.com/beta/unix/vim.php:0
[05-Nov-2011 15:04:35] PHP   2. include() /home/pweb/development/prjs/websites/puglieseweb.com/beta/unix/vim.php:1
[05-Nov-2011 15:04:35] PHP   3. session_start() /home/pweb/development/prjs/websites/puglieseweb.com/beta/includes/master-head.inc.php:6
[05-Nov-2011 21:26:02] PHP Warning:  session_start(): open(/var/lib/php/session/sess_60pfsh8ovv1tulnh04294fv5p5, O_RDWR) failed: Permission denied (13) in /home/pweb/development/prjs/websites/puglieseweb.com/beta/includes/master-head.inc.php on line 6
[05-Nov-2011 21:26:02] PHP Stack trace:
[05-Nov-2011 21:26:02] PHP   1. {main}() /home/pweb/development/prjs/websites/puglieseweb.com/beta/unix/vim.php:0
[05-Nov-2011 21:26:02] PHP   2. include() /home/pweb/development/prjs/websites/puglieseweb.com/beta/unix/vim.php:1
[05-Nov-2011 21:26:02] PHP   3. session_start() /home/pweb/development/prjs/websites/puglieseweb.com/beta/includes/master-head.inc.php:6
[06-Nov-2011 21:47:26] PHP Warning:  session_start(): open(/var/lib/php/session/sess_3d25ic7li88c7at6ta1b46l751, O_RDWR) failed: Permission denied (13) in /home/pweb/development/prjs/websites/puglieseweb.com/beta/includes/master-head.inc.php on line 6
[06-Nov-2011 21:47:26] PHP Stack trace:
[06-Nov-2011 21:47:26] PHP   1. {main}() /home/pweb/development/prjs/websites/puglieseweb.com/beta/pages/unix/vim.php:0
[06-Nov-2011 21:47:26] PHP   2. include() /home/pweb/development/prjs/websites/puglieseweb.com/beta/pages/unix/vim.php:1
[06-Nov-2011 21:47:26] PHP   3. session_start() /home/pweb/development/prjs/websites/puglieseweb.com/beta/includes/master-head.inc.php:6
[06-Nov-2011 21:47:27] PHP Warning:  session_start(): open(/var/lib/php/session/sess_3d25ic7li88c7at6ta1b46l751, O_RDWR) failed: Permission denied (13) in /home/pweb/development/prjs/websites/puglieseweb.com/beta/includes/master-head.inc.php on line 6
[06-Nov-2011 21:47:27] PHP Stack trace:
[06-Nov-2011 21:47:27] PHP   1. {main}() /home/pweb/development/prjs/websites/puglieseweb.com/beta/pages/unix/selinux.php:0
[06-Nov-2011 21:47:27] PHP   2. include() /home/pweb/development/prjs/websites/puglieseweb.com/beta/pages/unix/selinux.php:1
[06-Nov-2011 21:47:27] PHP   3. session_start() /home/pweb/development/prjs/websites/puglieseweb.com/beta/includes/master-head.inc.php:6
[06-Nov-2011 21:47:27] PHP Warning:  session_start(): open(/var/lib/php/session/sess_3d25ic7li88c7at6ta1b46l751, O_RDWR) failed: Permission denied (13) in /home/pweb/development/prjs/websites/puglieseweb.com/beta/includes/master-head.inc.php on line 6
[06-Nov-2011 21:47:27] PHP Stack trace:
[06-Nov-2011 21:47:27] PHP   1. {main}() /home/pweb/development/prjs/websites/puglieseweb.com/beta/pages/unix/general.php:0
[06-Nov-2011 21:47:27] PHP   2. include() /home/pweb/development/prjs/websites/puglieseweb.com/beta/pages/unix/general.php:1
[06-Nov-2011 21:47:27] PHP   3. session_start() /home/pweb/development/prjs/websites/puglieseweb.com/beta/includes/master-head.inc.php:6
[06-Nov-2011 21:47:28] PHP Warning:  include(../../../includes/master-head.inc.php): failed to open stream: No such file or directory in /home/pweb/development/prjs/websites/puglieseweb.com/beta/pages/unix/fedora.php on line 1
[06-Nov-2011 21:47:28] PHP Stack trace:
[06-Nov-2011 21:47:28] PHP   1. {main}() /home/pweb/development/prjs/websites/puglieseweb.com/beta/pages/unix/fedora.php:0
[06-Nov-2011 21:47:28] PHP Warning:  include(): Failed opening '../../../includes/master-head.inc.php' for inclusion (include_path='.:/usr/share/pear:/usr/share/php') in /home/pweb/development/prjs/websites/puglieseweb.com/beta/pages/unix/fedora.php on line 1
[06-Nov-2011 21:47:28] PHP Stack trace:
[06-Nov-2011 21:47:28] PHP   1. {main}() /home/pweb/development/prjs/websites/puglieseweb.com/beta/pages/unix/fedora.php:0
[06-Nov-2011 21:47:28] PHP Warning:  include(../../../includes/master-foot.inc.php): failed to open stream: No such file or directory in /home/pweb/development/prjs/websites/puglieseweb.com/beta/pages/unix/fedora.php on line 18
[06-Nov-2011 21:47:28] PHP Stack trace:
[06-Nov-2011 21:47:28] PHP   1. {main}() /home/pweb/development/prjs/websites/puglieseweb.com/beta/pages/unix/fedora.php:0
[06-Nov-2011 21:47:28] PHP Warning:  include(): Failed opening '../../../includes/master-foot.inc.php' for inclusion (include_path='.:/usr/share/pear:/usr/share/php') in /home/pweb/development/prjs/websites/puglieseweb.com/beta/pages/unix/fedora.php on line 18
[06-Nov-2011 21:47:28] PHP Stack trace:
[06-Nov-2011 21:47:28] PHP   1. {main}() /home/pweb/development/prjs/websites/puglieseweb.com/beta/pages/unix/fedora.php:0
[07-Nov-2011 01:27:32] PHP Warning:  session_start(): open(/var/lib/php/session/sess_edm57uig1jrdkkf5n88o3f0q00, O_RDWR) failed: Permission denied (13) in /home/pweb/development/prjs/websites/puglieseweb.com/beta/includes/master-head.inc.php on line 6
[07-Nov-2011 01:27:32] PHP Stack trace:
[07-Nov-2011 01:27:32] PHP   1. {main}() /home/pweb/development/prjs/websites/puglieseweb.com/beta/pages/unix/vim.php:0
[07-Nov-2011 01:27:32] PHP   2. include() /home/pweb/development/prjs/websites/puglieseweb.com/beta/pages/unix/vim.php:1
[07-Nov-2011 01:27:32] PHP   3. session_start() /home/pweb/development/prjs/websites/puglieseweb.com/beta/includes/master-head.inc.php:6
[07-Nov-2011 01:28:23] PHP Warning:  session_start(): open(/var/lib/php/session/sess_edm57uig1jrdkkf5n88o3f0q00, O_RDWR) failed: Permission denied (13) in /home/pweb/development/prjs/websites/puglieseweb.com/beta/includes/master-head.inc.php on line 6
[07-Nov-2011 01:28:23] PHP Stack trace:
[07-Nov-2011 01:28:23] PHP   1. {main}() /home/pweb/development/prjs/websites/puglieseweb.com/beta/pages/unix/vim.php:0
[07-Nov-2011 01:28:23] PHP   2. include() /home/pweb/development/prjs/websites/puglieseweb.com/beta/pages/unix/vim.php:1
[07-Nov-2011 01:28:23] PHP   3. session_start() /home/pweb/development/prjs/websites/puglieseweb.com/beta/includes/master-head.inc.php:6
[07-Nov-2011 01:28:30] PHP Warning:  session_start(): open(/var/lib/php/session/sess_edm57uig1jrdkkf5n88o3f0q00, O_RDWR) failed: Permission denied (13) in /home/pweb/development/prjs/websites/puglieseweb.com/beta/includes/master-head.inc.php on line 6
[07-Nov-2011 01:28:30] PHP Stack trace:
[07-Nov-2011 01:28:30] PHP   1. {main}() /home/pweb/development/prjs/websites/puglieseweb.com/beta/pages/unix/vim.php:0
[07-Nov-2011 01:28:30] PHP   2. include() /home/pweb/development/prjs/websites/puglieseweb.com/beta/pages/unix/vim.php:1
[07-Nov-2011 01:28:30] PHP   3. session_start() /home/pweb/development/prjs/websites/puglieseweb.com/beta/includes/master-head.inc.php:6
[07-Nov-2011 01:28:51] PHP Warning:  session_start(): open(/var/lib/php/session/sess_edm57uig1jrdkkf5n88o3f0q00, O_RDWR) failed: Permission denied (13) in /home/pweb/development/prjs/websites/puglieseweb.com/beta/includes/master-head.inc.php on line 6
[07-Nov-2011 01:28:51] PHP Stack trace:
[07-Nov-2011 01:28:51] PHP   1. {main}() /home/pweb/development/prjs/websites/puglieseweb.com/beta/pages/unix/selinux.php:0
[07-Nov-2011 01:28:51] PHP   2. include() /home/pweb/development/prjs/websites/puglieseweb.com/beta/pages/unix/selinux.php:1
[07-Nov-2011 01:28:51] PHP   3. session_start() /home/pweb/development/prjs/websites/puglieseweb.com/beta/includes/master-head.inc.php:6
[07-Nov-2011 01:28:55] PHP Warning:  session_start(): open(/var/lib/php/session/sess_edm57uig1jrdkkf5n88o3f0q00, O_RDWR) failed: Permission denied (13) in /home/pweb/development/prjs/websites/puglieseweb.com/beta/includes/master-head.inc.php on line 6
[07-Nov-2011 01:28:55] PHP Stack trace:
[07-Nov-2011 01:28:55] PHP   1. {main}() /home/pweb/development/prjs/websites/puglieseweb.com/beta/pages/unix/vim.php:0
[07-Nov-2011 01:28:55] PHP   2. include() /home/pweb/development/prjs/websites/puglieseweb.com/beta/pages/unix/vim.php:1
[07-Nov-2011 01:28:55] PHP   3. session_start() /home/pweb/development/prjs/websites/puglieseweb.com/beta/includes/master-head.inc.php:6
[07-Nov-2011 01:28:59] PHP Warning:  include(../../../includes/master-head.inc.php): failed to open stream: No such file or directory in /home/pweb/development/prjs/websites/puglieseweb.com/beta/pages/unix/fedora.php on line 1
[07-Nov-2011 01:28:59] PHP Stack trace:
[07-Nov-2011 01:28:59] PHP   1. {main}() /home/pweb/development/prjs/websites/puglieseweb.com/beta/pages/unix/fedora.php:0
[07-Nov-2011 01:28:59] PHP Warning:  include(): Failed opening '../../../includes/master-head.inc.php' for inclusion (include_path='.:/usr/share/pear:/usr/share/php') in /home/pweb/development/prjs/websites/puglieseweb.com/beta/pages/unix/fedora.php on line 1
[07-Nov-2011 01:28:59] PHP Stack trace:
[07-Nov-2011 01:28:59] PHP   1. {main}() /home/pweb/development/prjs/websites/puglieseweb.com/beta/pages/unix/fedora.php:0
[07-Nov-2011 01:28:59] PHP Warning:  include(../../../includes/master-foot.inc.php): failed to open stream: No such file or directory in /home/pweb/development/prjs/websites/puglieseweb.com/beta/pages/unix/fedora.php on line 18
[07-Nov-2011 01:28:59] PHP Stack trace:
[07-Nov-2011 01:28:59] PHP   1. {main}() /home/pweb/development/prjs/websites/puglieseweb.com/beta/pages/unix/fedora.php:0
[07-Nov-2011 01:28:59] PHP Warning:  include(): Failed opening '../../../includes/master-foot.inc.php' for inclusion (include_path='.:/usr/share/pear:/usr/share/php') in /home/pweb/development/prjs/websites/puglieseweb.com/beta/pages/unix/fedora.php on line 18
[07-Nov-2011 01:28:59] PHP Stack trace:
[07-Nov-2011 01:28:59] PHP   1. {main}() /home/pweb/development/prjs/websites/puglieseweb.com/beta/pages/unix/fedora.php:0
[07-Nov-2011 01:29:40] PHP Warning:  include(../../../includes/master-head.inc.php): failed to open stream: No such file or directory in /home/pweb/development/prjs/websites/puglieseweb.com/beta/pages/unix/fedora.php on line 1
[07-Nov-2011 01:29:40] PHP Stack trace:
[07-Nov-2011 01:29:40] PHP   1. {main}() /home/pweb/development/prjs/websites/puglieseweb.com/beta/pages/unix/fedora.php:0
[07-Nov-2011 01:29:40] PHP Warning:  include(): Failed opening '../../../includes/master-head.inc.php' for inclusion (include_path='.:/usr/share/pear:/usr/share/php') in /home/pweb/development/prjs/websites/puglieseweb.com/beta/pages/unix/fedora.php on line 1
[07-Nov-2011 01:29:40] PHP Stack trace:
[07-Nov-2011 01:29:40] PHP   1. {main}() /home/pweb/development/prjs/websites/puglieseweb.com/beta/pages/unix/fedora.php:0
[07-Nov-2011 01:29:40] PHP Warning:  include(../../../includes/master-foot.inc.php): failed to open stream: No such file or directory in /home/pweb/development/prjs/websites/puglieseweb.com/beta/pages/unix/fedora.php on line 18
[07-Nov-2011 01:29:40] PHP Stack trace:
[07-Nov-2011 01:29:40] PHP   1. {main}() /home/pweb/development/prjs/websites/puglieseweb.com/beta/pages/unix/fedora.php:0
[07-Nov-2011 01:29:40] PHP Warning:  include(): Failed opening '../../../includes/master-foot.inc.php' for inclusion (include_path='.:/usr/share/pear:/usr/share/php') in /home/pweb/development/prjs/websites/puglieseweb.com/beta/pages/unix/fedora.php on line 18
[07-Nov-2011 01:29:40] PHP Stack trace:
[07-Nov-2011 01:29:40] PHP   1. {main}() /home/pweb/development/prjs/websites/puglieseweb.com/beta/pages/unix/fedora.php:0
[07-Nov-2011 01:30:13] PHP Warning:  session_start(): open(/var/lib/php/session/sess_edm57uig1jrdkkf5n88o3f0q00, O_RDWR) failed: Permission denied (13) in /home/pweb/development/prjs/websites/puglieseweb.com/beta/includes/master-head.inc.php on line 6
[07-Nov-2011 01:30:13] PHP Stack trace:
[07-Nov-2011 01:30:13] PHP   1. {main}() /home/pweb/development/prjs/websites/puglieseweb.com/beta/pages/unix/fedora.php:0
[07-Nov-2011 01:30:13] PHP   2. include() /home/pweb/development/prjs/websites/puglieseweb.com/beta/pages/unix/fedora.php:1
[07-Nov-2011 01:30:13] PHP   3. session_start() /home/pweb/development/prjs/websites/puglieseweb.com/beta/includes/master-head.inc.php:6
[07-Nov-2011 02:27:21] PHP Warning:  session_start(): open(/var/lib/php/session/sess_3d25ic7li88c7at6ta1b46l751, O_RDWR) failed: Permission denied (13) in /home/pweb/development/prjs/websites/puglieseweb.com/beta/includes/master-head.inc.php on line 6
[07-Nov-2011 02:27:21] PHP Stack trace:
[07-Nov-2011 02:27:21] PHP   1. {main}() /home/pweb/development/prjs/websites/puglieseweb.com/beta/pages/unix/general.php:0
[07-Nov-2011 02:27:21] PHP   2. include() /home/pweb/development/prjs/websites/puglieseweb.com/beta/pages/unix/general.php:1
[07-Nov-2011 02:27:21] PHP   3. session_start() /home/pweb/development/prjs/websites/puglieseweb.com/beta/includes/master-head.inc.php:6
[07-Nov-2011 02:49:50] PHP Warning:  session_start(): open(/var/lib/php/session/sess_3d25ic7li88c7at6ta1b46l751, O_RDWR) failed: Permission denied (13) in /home/pweb/development/prjs/websites/puglieseweb.com/beta/includes/master-head.inc.php on line 6
[07-Nov-2011 02:49:50] PHP Stack trace:
[07-Nov-2011 02:49:50] PHP   1. {main}() /home/pweb/development/prjs/websites/puglieseweb.com/beta/pages/unix/selinux.php:0
[07-Nov-2011 02:49:50] PHP   2. include() /home/pweb/development/prjs/websites/puglieseweb.com/beta/pages/unix/selinux.php:1
[07-Nov-2011 02:49:50] PHP   3. session_start() /home/pweb/development/prjs/websites/puglieseweb.com/beta/includes/master-head.inc.php:6
[07-Nov-2011 03:56:57] PHP Warning:  session_start(): open(/var/lib/php/session/sess_3mp936ljcv4us4b7am8dbtlp90, O_RDWR) failed: Permission denied (13) in /home/pweb/development/prjs/websites/puglieseweb.com/beta/includes/master-head.inc.php on line 6
[07-Nov-2011 03:56:57] PHP Stack trace:
[07-Nov-2011 03:56:57] PHP   1. {main}() /home/pweb/development/prjs/websites/puglieseweb.com/beta/pages/unix/fedora.php:0
[07-Nov-2011 03:56:57] PHP   2. include() /home/pweb/development/prjs/websites/puglieseweb.com/beta/pages/unix/fedora.php:1
[07-Nov-2011 03:56:57] PHP   3. session_start() /home/pweb/development/prjs/websites/puglieseweb.com/beta/includes/master-head.inc.php:6
[10-Nov-2011 00:05:12] PHP Warning:  session_start(): open(/var/lib/php/session/sess_b4kaabfhdbdq628n70luhlnou0, O_RDWR) failed: Permission denied (13) in /home/pweb/development/prjs/websites/puglieseweb.com/beta/includes/master-head.inc.php on line 6
[10-Nov-2011 00:05:12] PHP Stack trace:
[10-Nov-2011 00:05:12] PHP   1. {main}() /home/pweb/development/prjs/websites/puglieseweb.com/beta/pages/unix/selinux.php:0
[10-Nov-2011 00:05:12] PHP   2. include() /home/pweb/development/prjs/websites/puglieseweb.com/beta/pages/unix/selinux.php:1
[10-Nov-2011 00:05:12] PHP   3. session_start() /home/pweb/development/prjs/websites/puglieseweb.com/beta/includes/master-head.inc.php:6
