#
# There is insufficient memory for the Java Runtime Environment to continue.
# Cannot create GC thread. Out of system resources.
# Possible reasons:
#   The system is out of physical RAM or swap space
#   In 32 bit mode, the process size limit was hit
# Possible solutions:
#   Reduce memory load on the system
#   Increase physical memory or swap space
#   Check if swap backing store is full
#   Use 64 bit Java on a 64 bit OS
#   Decrease Java heap size (-Xmx/-Xms)
#   Decrease number of Java threads
#   Decrease Java thread stack sizes (-Xss)
#   Set larger code cache with -XX:ReservedCodeCacheSize=
# This output file may be truncated or incomplete.
#
#  Out of Memory Error (gcTaskThread.cpp:48), pid=18903, tid=140685304461120
#
# JRE version:  (8.0_31-b13) (build )
# Java VM: Java HotSpot(TM) 64-Bit Server VM (25.31-b07 mixed mode linux-amd64 compressed oops)
# Failed to write core dump. Core dumps have been disabled. To enable core dumping, try "ulimit -c unlimited" before starting Java again
#

---------------  T H R E A D  ---------------

Current thread (0x0000000001a2d000):  JavaThread "Unknown thread" [_thread_in_vm, id=18903, stack(0x00007fff65c2e000,0x00007fff65d2e000)]

Stack: [0x00007fff65c2e000,0x00007fff65d2e000],  sp=0x00007fff65d28710,  free space=1001k
Native frames: (J=compiled Java code, j=interpreted, Vv=VM code, C=native code)
V  [libjvm.so+0xa79e0a]  VMError::report_and_die()+0x2ca
V  [libjvm.so+0x4e57bb]  report_vm_out_of_memory(char const*, int, unsigned long, VMErrorType, char const*)+0x8b
V  [libjvm.so+0x5b038f]  GCTaskThread::GCTaskThread(GCTaskManager*, unsigned int, unsigned int)+0x11f
V  [libjvm.so+0x5af8f8]  GCTaskManager::initialize()+0x2c8
V  [libjvm.so+0x90783b]  ParallelScavengeHeap::initialize()+0x32b
V  [libjvm.so+0xa45d4d]  Universe::initialize_heap()+0xfd
V  [libjvm.so+0xa4616f]  universe_init()+0x3f
V  [libjvm.so+0x6128d5]  init_globals()+0x65
V  [libjvm.so+0xa2bdbd]  Threads::create_vm(JavaVMInitArgs*, bool*)+0x24d
V  [libjvm.so+0x6a9b34]  JNI_CreateJavaVM+0x74
C  [libjli.so+0x736e]  JavaMain+0x9e
C  [libjli.so+0xaed3]  ContinueInNewThread0+0x63
C  [libjli.so+0x696a]  ContinueInNewThread+0x7a
C  [libjli.so+0x8f2e]  JLI_Launch+0x4ae
C  [java+0x696]  JLI_Launch@@SUNWprivate_1.1+0x696
C  [libc.so.6+0x21d65]  __libc_start_main+0xf5


---------------  P R O C E S S  ---------------

Java Threads: ( => current thread )

Other Threads:

=>0x0000000001a2d000 (exited) JavaThread "Unknown thread" [_thread_in_vm, id=18903, stack(0x00007fff65c2e000,0x00007fff65d2e000)]

VM state:not at safepoint (not fully initialized)

VM Mutex/Monitor currently owned by a thread: None

GC Heap History (0 events):
No events

Deoptimization events (0 events):
No events

Internal exceptions (0 events):
No events

Events (0 events):
No events


Dynamic libraries:
00400000-00401000 r-xp 00000000 fd:00 2637698                            /usr/java/jdk1.8.0_31/jre/bin/java
00600000-00601000 rw-p 00000000 fd:00 2637698                            /usr/java/jdk1.8.0_31/jre/bin/java
01a23000-01a67000 rw-p 00000000 00:00 0                                  [heap]
6c9800000-6d3d80000 rw-p 00000000 00:00 0 
6d3d80000-76dd80000 ---p 00000000 00:00 0 
76dd80000-773000000 rw-p 00000000 00:00 0 
773000000-7c0000000 ---p 00000000 00:00 0 
7ff3c6d97000-7ff3c7060000 rw-p 00000000 00:00 0 
7ff3c7060000-7ff3c7530000 ---p 00000000 00:00 0 
7ff3c7530000-7ff3c7583000 rw-p 00000000 00:00 0 
7ff3c7583000-7ff3c7a52000 ---p 00000000 00:00 0 
7ff3c7a52000-7ff3c7a7c000 rw-p 00000000 00:00 0 
7ff3c7a7c000-7ff3c7ce4000 ---p 00000000 00:00 0 
7ff3c7ce4000-7ff3c7cef000 rw-p 00000000 00:00 0 
7ff3c7cef000-7ff3c80a5000 ---p 00000000 00:00 0 
7ff3c80a5000-7ff3c8315000 rwxp 00000000 00:00 0 
7ff3c8315000-7ff3d70a5000 ---p 00000000 00:00 0 
7ff3d70a5000-7ff3d70bf000 r-xp 00000000 fd:00 2637768                    /usr/java/jdk1.8.0_31/jre/lib/amd64/libzip.so
7ff3d70bf000-7ff3d72bf000 ---p 0001a000 fd:00 2637768                    /usr/java/jdk1.8.0_31/jre/lib/amd64/libzip.so
7ff3d72bf000-7ff3d72c0000 rw-p 0001a000 fd:00 2637768                    /usr/java/jdk1.8.0_31/jre/lib/amd64/libzip.so
7ff3d72c0000-7ff3d72cb000 r-xp 00000000 fd:00 2236081                    /usr/lib64/libnss_files-2.18.so
7ff3d72cb000-7ff3d74ca000 ---p 0000b000 fd:00 2236081                    /usr/lib64/libnss_files-2.18.so
7ff3d74ca000-7ff3d74cb000 r--p 0000a000 fd:00 2236081                    /usr/lib64/libnss_files-2.18.so
7ff3d74cb000-7ff3d74cc000 rw-p 0000b000 fd:00 2236081                    /usr/lib64/libnss_files-2.18.so
7ff3d74cc000-7ff3d74f6000 r-xp 00000000 fd:00 2637733                    /usr/java/jdk1.8.0_31/jre/lib/amd64/libjava.so
7ff3d74f6000-7ff3d76f6000 ---p 0002a000 fd:00 2637733                    /usr/java/jdk1.8.0_31/jre/lib/amd64/libjava.so
7ff3d76f6000-7ff3d76f8000 rw-p 0002a000 fd:00 2637733                    /usr/java/jdk1.8.0_31/jre/lib/amd64/libjava.so
7ff3d76f8000-7ff3d7705000 r-xp 00000000 fd:00 2637767                    /usr/java/jdk1.8.0_31/jre/lib/amd64/libverify.so
7ff3d7705000-7ff3d7905000 ---p 0000d000 fd:00 2637767                    /usr/java/jdk1.8.0_31/jre/lib/amd64/libverify.so
7ff3d7905000-7ff3d7907000 rw-p 0000d000 fd:00 2637767                    /usr/java/jdk1.8.0_31/jre/lib/amd64/libverify.so
7ff3d7907000-7ff3d790e000 r-xp 00000000 fd:00 2236185                    /usr/lib64/librt-2.18.so
7ff3d790e000-7ff3d7b0d000 ---p 00007000 fd:00 2236185                    /usr/lib64/librt-2.18.so
7ff3d7b0d000-7ff3d7b0e000 r--p 00006000 fd:00 2236185                    /usr/lib64/librt-2.18.so
7ff3d7b0e000-7ff3d7b0f000 rw-p 00007000 fd:00 2236185                    /usr/lib64/librt-2.18.so
7ff3d7b0f000-7ff3d7c14000 r-xp 00000000 fd:00 2235707                    /usr/lib64/libm-2.18.so
7ff3d7c14000-7ff3d7e14000 ---p 00105000 fd:00 2235707                    /usr/lib64/libm-2.18.so
7ff3d7e14000-7ff3d7e15000 r--p 00105000 fd:00 2235707                    /usr/lib64/libm-2.18.so
7ff3d7e15000-7ff3d7e16000 rw-p 00106000 fd:00 2235707                    /usr/lib64/libm-2.18.so
7ff3d7e16000-7ff3d8a84000 r-xp 00000000 fd:00 2760144                    /usr/java/jdk1.8.0_31/jre/lib/amd64/server/libjvm.so
7ff3d8a84000-7ff3d8c83000 ---p 00c6e000 fd:00 2760144                    /usr/java/jdk1.8.0_31/jre/lib/amd64/server/libjvm.so
7ff3d8c83000-7ff3d8d59000 rw-p 00c6d000 fd:00 2760144                    /usr/java/jdk1.8.0_31/jre/lib/amd64/server/libjvm.so
7ff3d8d59000-7ff3d8d9c000 rw-p 00000000 00:00 0 
7ff3d8d9c000-7ff3d8f50000 r-xp 00000000 fd:00 2235594                    /usr/lib64/libc-2.18.so
7ff3d8f50000-7ff3d914f000 ---p 001b4000 fd:00 2235594                    /usr/lib64/libc-2.18.so
7ff3d914f000-7ff3d9153000 r--p 001b3000 fd:00 2235594                    /usr/lib64/libc-2.18.so
7ff3d9153000-7ff3d9155000 rw-p 001b7000 fd:00 2235594                    /usr/lib64/libc-2.18.so
7ff3d9155000-7ff3d915a000 rw-p 00000000 00:00 0 
7ff3d915a000-7ff3d915d000 r-xp 00000000 fd:00 2235684                    /usr/lib64/libdl-2.18.so
7ff3d915d000-7ff3d935c000 ---p 00003000 fd:00 2235684                    /usr/lib64/libdl-2.18.so
7ff3d935c000-7ff3d935d000 r--p 00002000 fd:00 2235684                    /usr/lib64/libdl-2.18.so
7ff3d935d000-7ff3d935e000 rw-p 00003000 fd:00 2235684                    /usr/lib64/libdl-2.18.so
7ff3d935e000-7ff3d9373000 r-xp 00000000 fd:00 2756086                    /usr/java/jdk1.8.0_31/jre/lib/amd64/jli/libjli.so
7ff3d9373000-7ff3d9572000 ---p 00015000 fd:00 2756086                    /usr/java/jdk1.8.0_31/jre/lib/amd64/jli/libjli.so
7ff3d9572000-7ff3d9573000 rw-p 00014000 fd:00 2756086                    /usr/java/jdk1.8.0_31/jre/lib/amd64/jli/libjli.so
7ff3d9573000-7ff3d958b000 r-xp 00000000 fd:00 2236085                    /usr/lib64/libpthread-2.18.so
7ff3d958b000-7ff3d978a000 ---p 00018000 fd:00 2236085                    /usr/lib64/libpthread-2.18.so
7ff3d978a000-7ff3d978b000 r--p 00017000 fd:00 2236085                    /usr/lib64/libpthread-2.18.so
7ff3d978b000-7ff3d978c000 rw-p 00018000 fd:00 2236085                    /usr/lib64/libpthread-2.18.so
7ff3d978c000-7ff3d9790000 rw-p 00000000 00:00 0 
7ff3d9790000-7ff3d97b0000 r-xp 00000000 fd:00 2228921                    /usr/lib64/ld-2.18.so
7ff3d988e000-7ff3d988f000 ---p 00000000 00:00 0 
7ff3d988f000-7ff3d9993000 rw-p 00000000 00:00 0 
7ff3d99a1000-7ff3d99a4000 rw-p 00000000 00:00 0 
7ff3d99a4000-7ff3d99ac000 rw-s 00000000 00:23 360797                     /tmp/hsperfdata_puglieseweb/18903
7ff3d99ac000-7ff3d99ad000 rw-p 00000000 00:00 0 
7ff3d99ad000-7ff3d99ae000 r--p 00000000 00:00 0 
7ff3d99ae000-7ff3d99af000 rw-p 00000000 00:00 0 
7ff3d99af000-7ff3d99b0000 r--p 0001f000 fd:00 2228921                    /usr/lib64/ld-2.18.so
7ff3d99b0000-7ff3d99b1000 rw-p 00020000 fd:00 2228921                    /usr/lib64/ld-2.18.so
7ff3d99b1000-7ff3d99b2000 rw-p 00000000 00:00 0 
7fff65c2e000-7fff65c31000 ---p 00000000 00:00 0 
7fff65c32000-7fff65d2e000 rw-p 00000000 00:00 0                          [stack]
7fff65dfc000-7fff65dfe000 r--p 00000000 00:00 0                          [vvar]
7fff65dfe000-7fff65e00000 r-xp 00000000 00:00 0                          [vdso]
ffffffffff600000-ffffffffff601000 r-xp 00000000 00:00 0                  [vsyscall]

VM Arguments:
java_command: /run/media/puglieseweb/apps/sources/git/puglieseweb/puglieseweb-webapp/target/surefire/surefirebooter5407735620350642664.jar /run/media/puglieseweb/apps/sources/git/puglieseweb/puglieseweb-webapp/target/surefire/surefire6024624465927125334tmp /run/media/puglieseweb/apps/sources/git/puglieseweb/puglieseweb-webapp/target/surefire/surefire291719105315076724tmp
java_class_path (initial): /run/media/puglieseweb/apps/sources/git/puglieseweb/puglieseweb-webapp/target/surefire/surefirebooter5407735620350642664.jar
Launcher Type: SUN_STANDARD

Environment Variables:
JAVA_HOME=/usr/java/jdk1.8.0_31/
PATH=/usr/lib64/qt-3.3/bin:/usr/local/bin:/usr/bin:/bin:/usr/local/sbin:/usr/sbin:/home/puglieseweb/.local/bin:/home/puglieseweb/bin:/usr/java/jdk1.8.0_31//bin:/usr/local/idea//bin:/usr/local/gradle//bin
USERNAME=puglieseweb
LD_LIBRARY_PATH=/usr/local/idea-IU-141.1010.3/bin:
SHELL=/bin/bash
DISPLAY=:0

Signal Handlers:
SIGSEGV: [libjvm.so+0xa7a650], sa_mask[0]=11111111011111111101111111111110, sa_flags=SA_RESTART|SA_SIGINFO
SIGBUS: [libjvm.so+0xa7a650], sa_mask[0]=11111111011111111101111111111110, sa_flags=SA_RESTART|SA_SIGINFO
SIGFPE: [libjvm.so+0x8e28f0], sa_mask[0]=11111111011111111101111111111110, sa_flags=SA_RESTART|SA_SIGINFO
SIGPIPE: [libjvm.so+0x8e28f0], sa_mask[0]=11111111011111111101111111111110, sa_flags=SA_RESTART|SA_SIGINFO
SIGXFSZ: [libjvm.so+0x8e28f0], sa_mask[0]=11111111011111111101111111111110, sa_flags=SA_RESTART|SA_SIGINFO
SIGILL: [libjvm.so+0x8e28f0], sa_mask[0]=11111111011111111101111111111110, sa_flags=SA_RESTART|SA_SIGINFO
SIGUSR1: SIG_DFL, sa_mask[0]=00000000000000000000000000000000, sa_flags=none
SIGUSR2: [libjvm.so+0x8e4120], sa_mask[0]=00100000000000000000000000000000, sa_flags=SA_RESTART|SA_SIGINFO
SIGHUP: SIG_DFL, sa_mask[0]=00000000000000000000000000000000, sa_flags=none
SIGINT: SIG_DFL, sa_mask[0]=00000000000000000000000000000000, sa_flags=none
SIGTERM: SIG_DFL, sa_mask[0]=00000000000000000000000000000000, sa_flags=none
SIGQUIT: SIG_DFL, sa_mask[0]=00000000000000000000000000000000, sa_flags=none


---------------  S Y S T E M  ---------------

OS:Fedora release 20 (Heisenbug)

uname:Linux 3.17.8-200.fc20.x86_64 #1 SMP Thu Jan 8 23:26:57 UTC 2015 x86_64
libc:glibc 2.18 NPTL 2.18 
rlimit: STACK 8192k, CORE 0k, NPROC 1024, NOFILE 4096, AS infinity
load average:0.59 0.71 0.77

/proc/meminfo:
MemTotal:       16151916 kB
MemFree:          555880 kB
MemAvailable:    7722776 kB
Buffers:         4841644 kB
Cached:          2441032 kB
SwapCached:        25652 kB
Active:          9775748 kB
Inactive:        4927656 kB
Active(anon):    6457224 kB
Inactive(anon):  1345724 kB
Active(file):    3318524 kB
Inactive(file):  3581932 kB
Unevictable:         996 kB
Mlocked:             996 kB
SwapTotal:       8134652 kB
SwapFree:        7899528 kB
Dirty:               580 kB
Writeback:             0 kB
AnonPages:       7410164 kB
Mapped:           338992 kB
Shmem:            382220 kB
Slab:             587888 kB
SReclaimable:     519856 kB
SUnreclaim:        68032 kB
KernelStack:       19360 kB
PageTables:       114860 kB
NFS_Unstable:          0 kB
Bounce:                0 kB
WritebackTmp:          0 kB
CommitLimit:    16210608 kB
Committed_AS:   21736292 kB
VmallocTotal:   34359738367 kB
VmallocUsed:      390164 kB
VmallocChunk:   34359343976 kB
HardwareCorrupted:     0 kB
AnonHugePages:         0 kB
HugePages_Total:       0
HugePages_Free:        0
HugePages_Rsvd:        0
HugePages_Surp:        0
Hugepagesize:       2048 kB
DirectMap4k:       88776 kB
DirectMap2M:    16402432 kB


CPU:total 4 (4 cores per cpu, 1 threads per core) family 6 model 42 stepping 7, cmov, cx8, fxsr, mmx, sse, sse2, sse3, ssse3, sse4.1, sse4.2, popcnt, avx, aes, clmul, tsc, tscinvbit

/proc/cpuinfo:
processor	: 0
vendor_id	: GenuineIntel
cpu family	: 6
model		: 42
model name	: Intel(R) Core(TM) i5-2500K CPU @ 3.30GHz
stepping	: 7
microcode	: 0x29
cpu MHz		: 1606.171
cache size	: 6144 KB
physical id	: 0
siblings	: 4
core id		: 0
cpu cores	: 4
apicid		: 0
initial apicid	: 0
fpu		: yes
fpu_exception	: yes
cpuid level	: 13
wp		: yes
flags		: fpu vme de pse tsc msr pae mce cx8 apic sep mtrr pge mca cmov pat pse36 clflush dts acpi mmx fxsr sse sse2 ss ht tm pbe syscall nx rdtscp lm constant_tsc arch_perfmon pebs bts rep_good nopl xtopology nonstop_tsc aperfmperf eagerfpu pni pclmulqdq dtes64 monitor ds_cpl vmx est tm2 ssse3 cx16 xtpr pdcm pcid sse4_1 sse4_2 popcnt tsc_deadline_timer aes xsave avx lahf_lm ida arat epb pln pts dtherm tpr_shadow vnmi flexpriority ept vpid xsaveopt
bugs		:
bogomips	: 6584.70
clflush size	: 64
cache_alignment	: 64
address sizes	: 36 bits physical, 48 bits virtual
power management:

processor	: 1
vendor_id	: GenuineIntel
cpu family	: 6
model		: 42
model name	: Intel(R) Core(TM) i5-2500K CPU @ 3.30GHz
stepping	: 7
microcode	: 0x29
cpu MHz		: 1627.957
cache size	: 6144 KB
physical id	: 0
siblings	: 4
core id		: 1
cpu cores	: 4
apicid		: 2
initial apicid	: 2
fpu		: yes
fpu_exception	: yes
cpuid level	: 13
wp		: yes
flags		: fpu vme de pse tsc msr pae mce cx8 apic sep mtrr pge mca cmov pat pse36 clflush dts acpi mmx fxsr sse sse2 ss ht tm pbe syscall nx rdtscp lm constant_tsc arch_perfmon pebs bts rep_good nopl xtopology nonstop_tsc aperfmperf eagerfpu pni pclmulqdq dtes64 monitor ds_cpl vmx est tm2 ssse3 cx16 xtpr pdcm pcid sse4_1 sse4_2 popcnt tsc_deadline_timer aes xsave avx lahf_lm ida arat epb pln pts dtherm tpr_shadow vnmi flexpriority ept vpid xsaveopt
bugs		:
bogomips	: 6584.70
clflush size	: 64
cache_alignment	: 64
address sizes	: 36 bits physical, 48 bits virtual
power management:

processor	: 2
vendor_id	: GenuineIntel
cpu family	: 6
model		: 42
model name	: Intel(R) Core(TM) i5-2500K CPU @ 3.30GHz
stepping	: 7
microcode	: 0x29
cpu MHz		: 1776.585
cache size	: 6144 KB
physical id	: 0
siblings	: 4
core id		: 2
cpu cores	: 4
apicid		: 4
initial apicid	: 4
fpu		: yes
fpu_exception	: yes
cpuid level	: 13
wp		: yes
flags		: fpu vme de pse tsc msr pae mce cx8 apic sep mtrr pge mca cmov pat pse36 clflush dts acpi mmx fxsr sse sse2 ss ht tm pbe syscall nx rdtscp lm constant_tsc arch_perfmon pebs bts rep_good nopl xtopology nonstop_tsc aperfmperf eagerfpu pni pclmulqdq dtes64 monitor ds_cpl vmx est tm2 ssse3 cx16 xtpr pdcm pcid sse4_1 sse4_2 popcnt tsc_deadline_timer aes xsave avx lahf_lm ida arat epb pln pts dtherm tpr_shadow vnmi flexpriority ept vpid xsaveopt
bugs		:
bogomips	: 6584.70
clflush size	: 64
cache_alignment	: 64
address sizes	: 36 bits physical, 48 bits virtual
power management:

processor	: 3
vendor_id	: GenuineIntel
cpu family	: 6
model		: 42
model name	: Intel(R) Core(TM) i5-2500K CPU @ 3.30GHz
stepping	: 7
microcode	: 0x29
cpu MHz		: 1752.222
cache size	: 6144 KB
physical id	: 0
siblings	: 4
core id		: 3
cpu cores	: 4
apicid		: 6
initial apicid	: 6
fpu		: yes
fpu_exception	: yes
cpuid level	: 13
wp		: yes
flags		: fpu vme de pse tsc msr pae mce cx8 apic sep mtrr pge mca cmov pat pse36 clflush dts acpi mmx fxsr sse sse2 ss ht tm pbe syscall nx rdtscp lm constant_tsc arch_perfmon pebs bts rep_good nopl xtopology nonstop_tsc aperfmperf eagerfpu pni pclmulqdq dtes64 monitor ds_cpl vmx est tm2 ssse3 cx16 xtpr pdcm pcid sse4_1 sse4_2 popcnt tsc_deadline_timer aes xsave avx lahf_lm ida arat epb pln pts dtherm tpr_shadow vnmi flexpriority ept vpid xsaveopt
bugs		:
bogomips	: 6584.70
clflush size	: 64
cache_alignment	: 64
address sizes	: 36 bits physical, 48 bits virtual
power management:



Memory: 4k page, physical 16151916k(555880k free), swap 8134652k(7899528k free)

vm_info: Java HotSpot(TM) 64-Bit Server VM (25.31-b07) for linux-amd64 JRE (1.8.0_31-b13), built on Dec 17 2014 20:40:15 by "java_re" with gcc 4.3.0 20080428 (Red Hat 4.3.0-8)

time: Fri Jun  5 22:10:19 2015
elapsed time: 0 seconds (0d 0h 0m 0s)

