[07-Nov-2011 01:30:47] PHP Warning:  session_start(): open(/var/lib/php/session/sess_edm57uig1jrdkkf5n88o3f0q00, O_RDWR) failed: Permission denied (13) in /home/pweb/development/prjs/websites/puglieseweb.com/beta/includes/master-head.inc.php on line 6
[07-Nov-2011 01:30:47] PHP Stack trace:
[07-Nov-2011 01:30:47] PHP   1. {main}() /home/pweb/development/prjs/websites/puglieseweb.com/beta/pages/unix/apache/Troubleshoots.php:0
[07-Nov-2011 01:30:47] PHP   2. include() /home/pweb/development/prjs/websites/puglieseweb.com/beta/pages/unix/apache/Troubleshoots.php:1
[07-Nov-2011 01:30:47] PHP   3. session_start() /home/pweb/development/prjs/websites/puglieseweb.com/beta/includes/master-head.inc.php:6
[07-Nov-2011 01:30:50] PHP Warning:  session_start(): open(/var/lib/php/session/sess_edm57uig1jrdkkf5n88o3f0q00, O_RDWR) failed: Permission denied (13) in /home/pweb/development/prjs/websites/puglieseweb.com/beta/includes/master-head.inc.php on line 6
[07-Nov-2011 01:30:50] PHP Stack trace:
[07-Nov-2011 01:30:50] PHP   1. {main}() /home/pweb/development/prjs/websites/puglieseweb.com/beta/pages/unix/apache/apache_server.php:0
[07-Nov-2011 01:30:50] PHP   2. include() /home/pweb/development/prjs/websites/puglieseweb.com/beta/pages/unix/apache/apache_server.php:1
[07-Nov-2011 01:30:50] PHP   3. session_start() /home/pweb/development/prjs/websites/puglieseweb.com/beta/includes/master-head.inc.php:6
[07-Nov-2011 01:30:54] PHP Warning:  include(../../includes/master-head.inc.php): failed to open stream: No such file or directory in /home/pweb/development/prjs/websites/puglieseweb.com/beta/pages/unix/apache/apache.php on line 1
[07-Nov-2011 01:30:54] PHP Stack trace:
[07-Nov-2011 01:30:54] PHP   1. {main}() /home/pweb/development/prjs/websites/puglieseweb.com/beta/pages/unix/apache/apache.php:0
[07-Nov-2011 01:30:54] PHP Warning:  include(): Failed opening '../../includes/master-head.inc.php' for inclusion (include_path='.:/usr/share/pear:/usr/share/php') in /home/pweb/development/prjs/websites/puglieseweb.com/beta/pages/unix/apache/apache.php on line 1
[07-Nov-2011 01:30:54] PHP Stack trace:
[07-Nov-2011 01:30:54] PHP   1. {main}() /home/pweb/development/prjs/websites/puglieseweb.com/beta/pages/unix/apache/apache.php:0
[07-Nov-2011 01:30:54] PHP Warning:  include(../../includes/master-foot.inc.php): failed to open stream: No such file or directory in /home/pweb/development/prjs/websites/puglieseweb.com/beta/pages/unix/apache/apache.php on line 42
[07-Nov-2011 01:30:54] PHP Stack trace:
[07-Nov-2011 01:30:54] PHP   1. {main}() /home/pweb/development/prjs/websites/puglieseweb.com/beta/pages/unix/apache/apache.php:0
[07-Nov-2011 01:30:54] PHP Warning:  include(): Failed opening '../../includes/master-foot.inc.php' for inclusion (include_path='.:/usr/share/pear:/usr/share/php') in /home/pweb/development/prjs/websites/puglieseweb.com/beta/pages/unix/apache/apache.php on line 42
[07-Nov-2011 01:30:54] PHP Stack trace:
[07-Nov-2011 01:30:54] PHP   1. {main}() /home/pweb/development/prjs/websites/puglieseweb.com/beta/pages/unix/apache/apache.php:0
[07-Nov-2011 01:31:21] PHP Warning:  session_start(): open(/var/lib/php/session/sess_edm57uig1jrdkkf5n88o3f0q00, O_RDWR) failed: Permission denied (13) in /home/pweb/development/prjs/websites/puglieseweb.com/beta/includes/master-head.inc.php on line 6
[07-Nov-2011 01:31:21] PHP Stack trace:
[07-Nov-2011 01:31:21] PHP   1. {main}() /home/pweb/development/prjs/websites/puglieseweb.com/beta/pages/unix/apache/apache.php:0
[07-Nov-2011 01:31:21] PHP   2. include() /home/pweb/development/prjs/websites/puglieseweb.com/beta/pages/unix/apache/apache.php:1
[07-Nov-2011 01:31:21] PHP   3. session_start() /home/pweb/development/prjs/websites/puglieseweb.com/beta/includes/master-head.inc.php:6
[07-Nov-2011 01:31:33] PHP Warning:  session_start(): open(/var/lib/php/session/sess_edm57uig1jrdkkf5n88o3f0q00, O_RDWR) failed: Permission denied (13) in /home/pweb/development/prjs/websites/puglieseweb.com/beta/includes/master-head.inc.php on line 6
[07-Nov-2011 01:31:33] PHP Stack trace:
[07-Nov-2011 01:31:33] PHP   1. {main}() /home/pweb/development/prjs/websites/puglieseweb.com/beta/pages/unix/apache/apache.php:0
[07-Nov-2011 01:31:33] PHP   2. include() /home/pweb/development/prjs/websites/puglieseweb.com/beta/pages/unix/apache/apache.php:1
[07-Nov-2011 01:31:33] PHP   3. session_start() /home/pweb/development/prjs/websites/puglieseweb.com/beta/includes/master-head.inc.php:6
[07-Nov-2011 02:27:24] PHP Warning:  session_start(): open(/var/lib/php/session/sess_3d25ic7li88c7at6ta1b46l751, O_RDWR) failed: Permission denied (13) in /home/pweb/development/prjs/websites/puglieseweb.com/beta/includes/master-head.inc.php on line 6
[07-Nov-2011 02:27:24] PHP Stack trace:
[07-Nov-2011 02:27:24] PHP   1. {main}() /home/pweb/development/prjs/websites/puglieseweb.com/beta/pages/unix/apache/apache_server.php:0
[07-Nov-2011 02:27:24] PHP   2. include() /home/pweb/development/prjs/websites/puglieseweb.com/beta/pages/unix/apache/apache_server.php:1
[07-Nov-2011 02:27:24] PHP   3. session_start() /home/pweb/development/prjs/websites/puglieseweb.com/beta/includes/master-head.inc.php:6
[07-Nov-2011 02:28:06] PHP Warning:  session_start(): open(/var/lib/php/session/sess_3d25ic7li88c7at6ta1b46l751, O_RDWR) failed: Permission denied (13) in /home/pweb/development/prjs/websites/puglieseweb.com/beta/includes/master-head.inc.php on line 6
[07-Nov-2011 02:28:06] PHP Stack trace:
[07-Nov-2011 02:28:06] PHP   1. {main}() /home/pweb/development/prjs/websites/puglieseweb.com/beta/pages/unix/apache/apache_server.php:0
[07-Nov-2011 02:28:06] PHP   2. include() /home/pweb/development/prjs/websites/puglieseweb.com/beta/pages/unix/apache/apache_server.php:1
[07-Nov-2011 02:28:06] PHP   3. session_start() /home/pweb/development/prjs/websites/puglieseweb.com/beta/includes/master-head.inc.php:6
[07-Nov-2011 02:28:07] PHP Warning:  session_start(): open(/var/lib/php/session/sess_3d25ic7li88c7at6ta1b46l751, O_RDWR) failed: Permission denied (13) in /home/pweb/development/prjs/websites/puglieseweb.com/beta/includes/master-head.inc.php on line 6
[07-Nov-2011 02:28:07] PHP Stack trace:
[07-Nov-2011 02:28:07] PHP   1. {main}() /home/pweb/development/prjs/websites/puglieseweb.com/beta/pages/unix/apache/apache_server.php:0
[07-Nov-2011 02:28:07] PHP   2. include() /home/pweb/development/prjs/websites/puglieseweb.com/beta/pages/unix/apache/apache_server.php:1
[07-Nov-2011 02:28:07] PHP   3. session_start() /home/pweb/development/prjs/websites/puglieseweb.com/beta/includes/master-head.inc.php:6
[07-Nov-2011 02:28:14] PHP Warning:  session_start(): open(/var/lib/php/session/sess_3d25ic7li88c7at6ta1b46l751, O_RDWR) failed: Permission denied (13) in /home/pweb/development/prjs/websites/puglieseweb.com/beta/includes/master-head.inc.php on line 6
[07-Nov-2011 02:28:14] PHP Stack trace:
[07-Nov-2011 02:28:14] PHP   1. {main}() /home/pweb/development/prjs/websites/puglieseweb.com/beta/pages/unix/apache/Troubleshoots.php:0
[07-Nov-2011 02:28:14] PHP   2. include() /home/pweb/development/prjs/websites/puglieseweb.com/beta/pages/unix/apache/Troubleshoots.php:1
[07-Nov-2011 02:28:14] PHP   3. session_start() /home/pweb/development/prjs/websites/puglieseweb.com/beta/includes/master-head.inc.php:6
[07-Nov-2011 02:49:45] PHP Warning:  session_start(): open(/var/lib/php/session/sess_3d25ic7li88c7at6ta1b46l751, O_RDWR) failed: Permission denied (13) in /home/pweb/development/prjs/websites/puglieseweb.com/beta/includes/master-head.inc.php on line 6
[07-Nov-2011 02:49:45] PHP Stack trace:
[07-Nov-2011 02:49:45] PHP   1. {main}() /home/pweb/development/prjs/websites/puglieseweb.com/beta/pages/unix/apache/Troubleshoots.php:0
[07-Nov-2011 02:49:45] PHP   2. include() /home/pweb/development/prjs/websites/puglieseweb.com/beta/pages/unix/apache/Troubleshoots.php:1
[07-Nov-2011 02:49:45] PHP   3. session_start() /home/pweb/development/prjs/websites/puglieseweb.com/beta/includes/master-head.inc.php:6
