[19-Aug-2011 07:19:42] PHP Warning:  session_start(): open(/var/lib/php/session/sess_anohffh515aaf158pams06if45, O_RDWR) failed: Permission denied (13) in /home/pweb/development/prjs/websites/puglieseweb.com/beta/includes/master-head.inc.php on line 6
[20-Aug-2011 18:10:42] PHP Warning:  session_start(): open(/var/lib/php/session/sess_anohffh515aaf158pams06if45, O_RDWR) failed: Permission denied (13) in /home/pweb/development/prjs/websites/puglieseweb.com/beta/includes/master-head.inc.php on line 6
[20-Aug-2011 18:10:45] PHP Warning:  session_start(): open(/var/lib/php/session/sess_anohffh515aaf158pams06if45, O_RDWR) failed: Permission denied (13) in /home/pweb/development/prjs/websites/puglieseweb.com/beta/includes/master-head.inc.php on line 6
[20-Aug-2011 18:11:50] PHP Warning:  session_start(): open(/var/lib/php/session/sess_anohffh515aaf158pams06if45, O_RDWR) failed: Permission denied (13) in /home/pweb/development/prjs/websites/puglieseweb.com/beta/includes/master-head.inc.php on line 6
[28-Aug-2011 15:52:55] PHP Warning:  session_start(): open(/var/lib/php/session/sess_n985976fh9vjr6v61le1m4iak2, O_RDWR) failed: Permission denied (13) in /home/pweb/development/prjs/websites/puglieseweb.com/beta/includes/master-head.inc.php on line 6
[28-Aug-2011 15:52:58] PHP Warning:  session_start(): open(/var/lib/php/session/sess_n985976fh9vjr6v61le1m4iak2, O_RDWR) failed: Permission denied (13) in /home/pweb/development/prjs/websites/puglieseweb.com/beta/includes/master-head.inc.php on line 6
[28-Aug-2011 15:53:00] PHP Warning:  session_start(): open(/var/lib/php/session/sess_n985976fh9vjr6v61le1m4iak2, O_RDWR) failed: Permission denied (13) in /home/pweb/development/prjs/websites/puglieseweb.com/beta/includes/master-head.inc.php on line 6
[28-Aug-2011 15:53:02] PHP Warning:  session_start(): open(/var/lib/php/session/sess_n985976fh9vjr6v61le1m4iak2, O_RDWR) failed: Permission denied (13) in /home/pweb/development/prjs/websites/puglieseweb.com/beta/includes/master-head.inc.php on line 6
[28-Aug-2011 16:03:45] PHP Warning:  session_start(): open(/var/lib/php/session/sess_n985976fh9vjr6v61le1m4iak2, O_RDWR) failed: Permission denied (13) in /home/pweb/development/prjs/websites/puglieseweb.com/beta/includes/master-head.inc.php on line 6
[28-Aug-2011 16:03:46] PHP Warning:  session_start(): open(/var/lib/php/session/sess_n985976fh9vjr6v61le1m4iak2, O_RDWR) failed: Permission denied (13) in /home/pweb/development/prjs/websites/puglieseweb.com/beta/includes/master-head.inc.php on line 6
[28-Aug-2011 16:03:46] PHP Warning:  session_start(): open(/var/lib/php/session/sess_n985976fh9vjr6v61le1m4iak2, O_RDWR) failed: Permission denied (13) in /home/pweb/development/prjs/websites/puglieseweb.com/beta/includes/master-head.inc.php on line 6
[28-Aug-2011 16:03:47] PHP Warning:  session_start(): open(/var/lib/php/session/sess_n985976fh9vjr6v61le1m4iak2, O_RDWR) failed: Permission denied (13) in /home/pweb/development/prjs/websites/puglieseweb.com/beta/includes/master-head.inc.php on line 6
[28-Aug-2011 16:15:08] PHP Warning:  session_start(): open(/var/lib/php/session/sess_n985976fh9vjr6v61le1m4iak2, O_RDWR) failed: Permission denied (13) in /home/pweb/development/prjs/websites/puglieseweb.com/beta/includes/master-head.inc.php on line 6
[28-Aug-2011 16:32:03] PHP Warning:  session_start(): open(/var/lib/php/session/sess_n985976fh9vjr6v61le1m4iak2, O_RDWR) failed: Permission denied (13) in /home/pweb/development/prjs/websites/puglieseweb.com/beta/includes/master-head.inc.php on line 6
[28-Aug-2011 16:45:08] PHP Warning:  session_start(): open(/var/lib/php/session/sess_irirlujt8v5v6v68ecr2be2t12, O_RDWR) failed: Permission denied (13) in /home/pweb/development/prjs/websites/puglieseweb.com/beta/includes/master-head.inc.php on line 6
[29-Aug-2011 23:56:38] PHP Warning:  session_start(): open(/var/lib/php/session/sess_kbvnjalk6rahb64o4ahd6gp880, O_RDWR) failed: Permission denied (13) in /home/pweb/development/prjs/websites/puglieseweb.com/beta/includes/master-head.inc.php on line 6
[30-Aug-2011 07:12:25] PHP Warning:  session_start(): open(/var/lib/php/session/sess_5eu1uil2nu0i66dv0h6vge88a0, O_RDWR) failed: Permission denied (13) in /home/pweb/development/prjs/websites/puglieseweb.com/beta/includes/master-head.inc.php on line 6
[30-Aug-2011 07:12:28] PHP Warning:  session_start(): open(/var/lib/php/session/sess_5eu1uil2nu0i66dv0h6vge88a0, O_RDWR) failed: Permission denied (13) in /home/pweb/development/prjs/websites/puglieseweb.com/beta/includes/master-head.inc.php on line 6
[30-Aug-2011 07:12:35] PHP Warning:  session_start(): open(/var/lib/php/session/sess_5eu1uil2nu0i66dv0h6vge88a0, O_RDWR) failed: Permission denied (13) in /home/pweb/development/prjs/websites/puglieseweb.com/beta/includes/master-head.inc.php on line 6
[30-Aug-2011 20:14:16] PHP Warning:  session_start(): open(/var/lib/php/session/sess_2ga475vbodv8f48dbgl0htnt40, O_RDWR) failed: Permission denied (13) in /home/pweb/development/prjs/websites/puglieseweb.com/beta/includes/master-head.inc.php on line 6
[31-Aug-2011 22:22:58] PHP Warning:  session_start(): open(/var/lib/php/session/sess_ukofatv8m3fm8hu02ett4jl194, O_RDWR) failed: Permission denied (13) in /home/pweb/development/prjs/websites/puglieseweb.com/beta/includes/master-head.inc.php on line 6
[28-Oct-2011 12:15:30] PHP Warning:  session_start(): open(/var/lib/php/session/sess_utmfb4mk0oitd16v7akl002ig5, O_RDWR) failed: Permission denied (13) in /home/pweb/development/prjs/websites/puglieseweb.com/beta/includes/master-head.inc.php on line 6
[28-Oct-2011 18:06:36] PHP Warning:  session_start(): open(/var/lib/php/session/sess_utmfb4mk0oitd16v7akl002ig5, O_RDWR) failed: Permission denied (13) in /home/pweb/development/prjs/websites/puglieseweb.com/beta/includes/master-head.inc.php on line 6
[28-Oct-2011 20:59:29] PHP Warning:  session_start(): open(/var/lib/php/session/sess_qmtt5ilt8lagh167uov02ha730, O_RDWR) failed: Permission denied (13) in /home/pweb/development/prjs/websites/puglieseweb.com/beta/includes/master-head.inc.php on line 6
[29-Oct-2011 11:36:45] PHP Warning:  session_start(): open(/var/lib/php/session/sess_09uuh57bjht54r6agqpggb1jm6, O_RDWR) failed: Permission denied (13) in /home/pweb/development/prjs/websites/puglieseweb.com/beta/includes/master-head.inc.php on line 6
[29-Oct-2011 11:36:45] PHP Stack trace:
[29-Oct-2011 11:36:45] PHP   1. {main}() /home/pweb/development/prjs/websites/puglieseweb.com/beta/programming/java/swing.php:0
[29-Oct-2011 11:36:45] PHP   2. include() /home/pweb/development/prjs/websites/puglieseweb.com/beta/programming/java/swing.php:1
[29-Oct-2011 11:36:45] PHP   3. session_start() /home/pweb/development/prjs/websites/puglieseweb.com/beta/includes/master-head.inc.php:6
[29-Oct-2011 11:48:29] PHP Warning:  session_start(): open(/var/lib/php/session/sess_09uuh57bjht54r6agqpggb1jm6, O_RDWR) failed: Permission denied (13) in /home/pweb/development/prjs/websites/puglieseweb.com/beta/includes/master-head.inc.php on line 6
[29-Oct-2011 11:48:29] PHP Stack trace:
[29-Oct-2011 11:48:29] PHP   1. {main}() /home/pweb/development/prjs/websites/puglieseweb.com/beta/programming/java/swing.php:0
[29-Oct-2011 11:48:29] PHP   2. include() /home/pweb/development/prjs/websites/puglieseweb.com/beta/programming/java/swing.php:1
[29-Oct-2011 11:48:29] PHP   3. session_start() /home/pweb/development/prjs/websites/puglieseweb.com/beta/includes/master-head.inc.php:6
[29-Oct-2011 11:52:27] PHP Warning:  session_start(): open(/var/lib/php/session/sess_09uuh57bjht54r6agqpggb1jm6, O_RDWR) failed: Permission denied (13) in /home/pweb/development/prjs/websites/puglieseweb.com/beta/includes/master-head.inc.php on line 6
[29-Oct-2011 11:52:27] PHP Stack trace:
[29-Oct-2011 11:52:27] PHP   1. {main}() /home/pweb/development/prjs/websites/puglieseweb.com/beta/programming/java/swing.php:0
[29-Oct-2011 11:52:27] PHP   2. include() /home/pweb/development/prjs/websites/puglieseweb.com/beta/programming/java/swing.php:1
[29-Oct-2011 11:52:27] PHP   3. session_start() /home/pweb/development/prjs/websites/puglieseweb.com/beta/includes/master-head.inc.php:6
[29-Oct-2011 11:53:09] PHP Warning:  session_start(): open(/var/lib/php/session/sess_09uuh57bjht54r6agqpggb1jm6, O_RDWR) failed: Permission denied (13) in /home/pweb/development/prjs/websites/puglieseweb.com/beta/includes/master-head.inc.php on line 6
[29-Oct-2011 11:53:09] PHP Stack trace:
[29-Oct-2011 11:53:09] PHP   1. {main}() /home/pweb/development/prjs/websites/puglieseweb.com/beta/programming/java/swing.php:0
[29-Oct-2011 11:53:09] PHP   2. include() /home/pweb/development/prjs/websites/puglieseweb.com/beta/programming/java/swing.php:1
[29-Oct-2011 11:53:09] PHP   3. session_start() /home/pweb/development/prjs/websites/puglieseweb.com/beta/includes/master-head.inc.php:6
[29-Oct-2011 11:53:44] PHP Warning:  session_start(): open(/var/lib/php/session/sess_09uuh57bjht54r6agqpggb1jm6, O_RDWR) failed: Permission denied (13) in /home/pweb/development/prjs/websites/puglieseweb.com/beta/includes/master-head.inc.php on line 6
[29-Oct-2011 11:53:44] PHP Stack trace:
[29-Oct-2011 11:53:44] PHP   1. {main}() /home/pweb/development/prjs/websites/puglieseweb.com/beta/programming/java/swing.php:0
[29-Oct-2011 11:53:44] PHP   2. include() /home/pweb/development/prjs/websites/puglieseweb.com/beta/programming/java/swing.php:1
[29-Oct-2011 11:53:44] PHP   3. session_start() /home/pweb/development/prjs/websites/puglieseweb.com/beta/includes/master-head.inc.php:6
[29-Oct-2011 11:55:22] PHP Warning:  session_start(): open(/var/lib/php/session/sess_09uuh57bjht54r6agqpggb1jm6, O_RDWR) failed: Permission denied (13) in /home/pweb/development/prjs/websites/puglieseweb.com/beta/includes/master-head.inc.php on line 6
[29-Oct-2011 11:55:22] PHP Stack trace:
[29-Oct-2011 11:55:22] PHP   1. {main}() /home/pweb/development/prjs/websites/puglieseweb.com/beta/programming/java/swing.php:0
[29-Oct-2011 11:55:22] PHP   2. include() /home/pweb/development/prjs/websites/puglieseweb.com/beta/programming/java/swing.php:1
[29-Oct-2011 11:55:22] PHP   3. session_start() /home/pweb/development/prjs/websites/puglieseweb.com/beta/includes/master-head.inc.php:6
[29-Oct-2011 11:57:59] PHP Warning:  session_start(): open(/var/lib/php/session/sess_09uuh57bjht54r6agqpggb1jm6, O_RDWR) failed: Permission denied (13) in /home/pweb/development/prjs/websites/puglieseweb.com/beta/includes/master-head.inc.php on line 6
[29-Oct-2011 11:58:00] PHP Stack trace:
[29-Oct-2011 11:58:00] PHP   1. {main}() /home/pweb/development/prjs/websites/puglieseweb.com/beta/programming/java/swing.php:0
[29-Oct-2011 11:58:00] PHP   2. include() /home/pweb/development/prjs/websites/puglieseweb.com/beta/programming/java/swing.php:1
[29-Oct-2011 11:58:00] PHP   3. session_start() /home/pweb/development/prjs/websites/puglieseweb.com/beta/includes/master-head.inc.php:6
[29-Oct-2011 11:59:04] PHP Warning:  session_start(): open(/var/lib/php/session/sess_09uuh57bjht54r6agqpggb1jm6, O_RDWR) failed: Permission denied (13) in /home/pweb/development/prjs/websites/puglieseweb.com/beta/includes/master-head.inc.php on line 6
[29-Oct-2011 11:59:04] PHP Stack trace:
[29-Oct-2011 11:59:04] PHP   1. {main}() /home/pweb/development/prjs/websites/puglieseweb.com/beta/programming/java/swing.php:0
[29-Oct-2011 11:59:04] PHP   2. include() /home/pweb/development/prjs/websites/puglieseweb.com/beta/programming/java/swing.php:1
[29-Oct-2011 11:59:04] PHP   3. session_start() /home/pweb/development/prjs/websites/puglieseweb.com/beta/includes/master-head.inc.php:6
[29-Oct-2011 12:01:47] PHP Warning:  session_start(): open(/var/lib/php/session/sess_09uuh57bjht54r6agqpggb1jm6, O_RDWR) failed: Permission denied (13) in /home/pweb/development/prjs/websites/puglieseweb.com/beta/includes/master-head.inc.php on line 6
[29-Oct-2011 12:01:47] PHP Stack trace:
[29-Oct-2011 12:01:47] PHP   1. {main}() /home/pweb/development/prjs/websites/puglieseweb.com/beta/programming/java/swing.php:0
[29-Oct-2011 12:01:47] PHP   2. include() /home/pweb/development/prjs/websites/puglieseweb.com/beta/programming/java/swing.php:1
[29-Oct-2011 12:01:47] PHP   3. session_start() /home/pweb/development/prjs/websites/puglieseweb.com/beta/includes/master-head.inc.php:6
[29-Oct-2011 12:02:26] PHP Warning:  session_start(): open(/var/lib/php/session/sess_09uuh57bjht54r6agqpggb1jm6, O_RDWR) failed: Permission denied (13) in /home/pweb/development/prjs/websites/puglieseweb.com/beta/includes/master-head.inc.php on line 6
[29-Oct-2011 12:02:26] PHP Stack trace:
[29-Oct-2011 12:02:26] PHP   1. {main}() /home/pweb/development/prjs/websites/puglieseweb.com/beta/programming/java/swing.php:0
[29-Oct-2011 12:02:26] PHP   2. include() /home/pweb/development/prjs/websites/puglieseweb.com/beta/programming/java/swing.php:1
[29-Oct-2011 12:02:26] PHP   3. session_start() /home/pweb/development/prjs/websites/puglieseweb.com/beta/includes/master-head.inc.php:6
[29-Oct-2011 12:02:36] PHP Warning:  session_start(): open(/var/lib/php/session/sess_09uuh57bjht54r6agqpggb1jm6, O_RDWR) failed: Permission denied (13) in /home/pweb/development/prjs/websites/puglieseweb.com/beta/includes/master-head.inc.php on line 6
[29-Oct-2011 12:02:36] PHP Stack trace:
[29-Oct-2011 12:02:36] PHP   1. {main}() /home/pweb/development/prjs/websites/puglieseweb.com/beta/programming/java/swing.php:0
[29-Oct-2011 12:02:36] PHP   2. include() /home/pweb/development/prjs/websites/puglieseweb.com/beta/programming/java/swing.php:1
[29-Oct-2011 12:02:36] PHP   3. session_start() /home/pweb/development/prjs/websites/puglieseweb.com/beta/includes/master-head.inc.php:6
[29-Oct-2011 12:06:14] PHP Warning:  session_start(): open(/var/lib/php/session/sess_09uuh57bjht54r6agqpggb1jm6, O_RDWR) failed: Permission denied (13) in /home/pweb/development/prjs/websites/puglieseweb.com/beta/includes/master-head.inc.php on line 6
[29-Oct-2011 12:06:14] PHP Stack trace:
[29-Oct-2011 12:06:14] PHP   1. {main}() /home/pweb/development/prjs/websites/puglieseweb.com/beta/programming/java/swing.php:0
[29-Oct-2011 12:06:14] PHP   2. include() /home/pweb/development/prjs/websites/puglieseweb.com/beta/programming/java/swing.php:1
[29-Oct-2011 12:06:14] PHP   3. session_start() /home/pweb/development/prjs/websites/puglieseweb.com/beta/includes/master-head.inc.php:6
[29-Oct-2011 12:06:18] PHP Warning:  session_start(): open(/var/lib/php/session/sess_09uuh57bjht54r6agqpggb1jm6, O_RDWR) failed: Permission denied (13) in /home/pweb/development/prjs/websites/puglieseweb.com/beta/includes/master-head.inc.php on line 6
[29-Oct-2011 12:06:18] PHP Stack trace:
[29-Oct-2011 12:06:18] PHP   1. {main}() /home/pweb/development/prjs/websites/puglieseweb.com/beta/programming/java/swing.php:0
[29-Oct-2011 12:06:18] PHP   2. include() /home/pweb/development/prjs/websites/puglieseweb.com/beta/programming/java/swing.php:1
[29-Oct-2011 12:06:18] PHP   3. session_start() /home/pweb/development/prjs/websites/puglieseweb.com/beta/includes/master-head.inc.php:6
[29-Oct-2011 12:08:28] PHP Warning:  session_start(): open(/var/lib/php/session/sess_09uuh57bjht54r6agqpggb1jm6, O_RDWR) failed: Permission denied (13) in /home/pweb/development/prjs/websites/puglieseweb.com/beta/includes/master-head.inc.php on line 6
[29-Oct-2011 12:08:28] PHP Stack trace:
[29-Oct-2011 12:08:28] PHP   1. {main}() /home/pweb/development/prjs/websites/puglieseweb.com/beta/programming/java/swing.php:0
[29-Oct-2011 12:08:28] PHP   2. include() /home/pweb/development/prjs/websites/puglieseweb.com/beta/programming/java/swing.php:1
[29-Oct-2011 12:08:28] PHP   3. session_start() /home/pweb/development/prjs/websites/puglieseweb.com/beta/includes/master-head.inc.php:6
[29-Oct-2011 12:08:53] PHP Warning:  session_start(): open(/var/lib/php/session/sess_09uuh57bjht54r6agqpggb1jm6, O_RDWR) failed: Permission denied (13) in /home/pweb/development/prjs/websites/puglieseweb.com/beta/includes/master-head.inc.php on line 6
[29-Oct-2011 12:08:53] PHP Stack trace:
[29-Oct-2011 12:08:53] PHP   1. {main}() /home/pweb/development/prjs/websites/puglieseweb.com/beta/programming/java/swing.php:0
[29-Oct-2011 12:08:53] PHP   2. include() /home/pweb/development/prjs/websites/puglieseweb.com/beta/programming/java/swing.php:1
[29-Oct-2011 12:08:53] PHP   3. session_start() /home/pweb/development/prjs/websites/puglieseweb.com/beta/includes/master-head.inc.php:6
[29-Oct-2011 13:18:06] PHP Warning:  session_start(): open(/var/lib/php/session/sess_09uuh57bjht54r6agqpggb1jm6, O_RDWR) failed: Permission denied (13) in /home/pweb/development/prjs/websites/puglieseweb.com/beta/includes/master-head.inc.php on line 6
[29-Oct-2011 13:18:06] PHP Stack trace:
[29-Oct-2011 13:18:06] PHP   1. {main}() /home/pweb/development/prjs/websites/puglieseweb.com/beta/programming/java/swing.php:0
[29-Oct-2011 13:18:06] PHP   2. include() /home/pweb/development/prjs/websites/puglieseweb.com/beta/programming/java/swing.php:1
[29-Oct-2011 13:18:06] PHP   3. session_start() /home/pweb/development/prjs/websites/puglieseweb.com/beta/includes/master-head.inc.php:6
[29-Oct-2011 13:25:53] PHP Warning:  session_start(): open(/var/lib/php/session/sess_09uuh57bjht54r6agqpggb1jm6, O_RDWR) failed: Permission denied (13) in /home/pweb/development/prjs/websites/puglieseweb.com/beta/includes/master-head.inc.php on line 6
[29-Oct-2011 13:25:53] PHP Stack trace:
[29-Oct-2011 13:25:53] PHP   1. {main}() /home/pweb/development/prjs/websites/puglieseweb.com/beta/programming/java/swing.php:0
[29-Oct-2011 13:25:53] PHP   2. include() /home/pweb/development/prjs/websites/puglieseweb.com/beta/programming/java/swing.php:1
[29-Oct-2011 13:25:53] PHP   3. session_start() /home/pweb/development/prjs/websites/puglieseweb.com/beta/includes/master-head.inc.php:6
[29-Oct-2011 13:29:57] PHP Warning:  session_start(): open(/var/lib/php/session/sess_09uuh57bjht54r6agqpggb1jm6, O_RDWR) failed: Permission denied (13) in /home/pweb/development/prjs/websites/puglieseweb.com/beta/includes/master-head.inc.php on line 6
[29-Oct-2011 13:29:57] PHP Stack trace:
[29-Oct-2011 13:29:57] PHP   1. {main}() /home/pweb/development/prjs/websites/puglieseweb.com/beta/programming/java/swing.php:0
[29-Oct-2011 13:29:57] PHP   2. include() /home/pweb/development/prjs/websites/puglieseweb.com/beta/programming/java/swing.php:1
[29-Oct-2011 13:29:57] PHP   3. session_start() /home/pweb/development/prjs/websites/puglieseweb.com/beta/includes/master-head.inc.php:6
[29-Oct-2011 13:30:26] PHP Warning:  session_start(): open(/var/lib/php/session/sess_8rh029031b5bdi1mgddh8p0e66, O_RDWR) failed: Permission denied (13) in /home/pweb/development/prjs/websites/puglieseweb.com/beta/includes/master-head.inc.php on line 6
[29-Oct-2011 13:30:26] PHP Stack trace:
[29-Oct-2011 13:30:26] PHP   1. {main}() /home/pweb/development/prjs/websites/puglieseweb.com/beta/programming/java/swing.php:0
[29-Oct-2011 13:30:26] PHP   2. include() /home/pweb/development/prjs/websites/puglieseweb.com/beta/programming/java/swing.php:1
[29-Oct-2011 13:30:26] PHP   3. session_start() /home/pweb/development/prjs/websites/puglieseweb.com/beta/includes/master-head.inc.php:6
[29-Oct-2011 13:33:38] PHP Warning:  session_start(): open(/var/lib/php/session/sess_09uuh57bjht54r6agqpggb1jm6, O_RDWR) failed: Permission denied (13) in /home/pweb/development/prjs/websites/puglieseweb.com/beta/includes/master-head.inc.php on line 6
[29-Oct-2011 13:33:38] PHP Stack trace:
[29-Oct-2011 13:33:38] PHP   1. {main}() /home/pweb/development/prjs/websites/puglieseweb.com/beta/programming/java/swing.php:0
[29-Oct-2011 13:33:38] PHP   2. include() /home/pweb/development/prjs/websites/puglieseweb.com/beta/programming/java/swing.php:1
[29-Oct-2011 13:33:38] PHP   3. session_start() /home/pweb/development/prjs/websites/puglieseweb.com/beta/includes/master-head.inc.php:6
[29-Oct-2011 13:38:08] PHP Warning:  session_start(): open(/var/lib/php/session/sess_09uuh57bjht54r6agqpggb1jm6, O_RDWR) failed: Permission denied (13) in /home/pweb/development/prjs/websites/puglieseweb.com/beta/includes/master-head.inc.php on line 6
[29-Oct-2011 13:38:08] PHP Stack trace:
[29-Oct-2011 13:38:08] PHP   1. {main}() /home/pweb/development/prjs/websites/puglieseweb.com/beta/programming/java/swing.php:0
[29-Oct-2011 13:38:08] PHP   2. include() /home/pweb/development/prjs/websites/puglieseweb.com/beta/programming/java/swing.php:1
[29-Oct-2011 13:38:08] PHP   3. session_start() /home/pweb/development/prjs/websites/puglieseweb.com/beta/includes/master-head.inc.php:6
[29-Oct-2011 13:43:17] PHP Warning:  session_start(): open(/var/lib/php/session/sess_09uuh57bjht54r6agqpggb1jm6, O_RDWR) failed: Permission denied (13) in /home/pweb/development/prjs/websites/puglieseweb.com/beta/includes/master-head.inc.php on line 6
[29-Oct-2011 13:43:17] PHP Stack trace:
[29-Oct-2011 13:43:17] PHP   1. {main}() /home/pweb/development/prjs/websites/puglieseweb.com/beta/programming/java/swing.php:0
[29-Oct-2011 13:43:17] PHP   2. include() /home/pweb/development/prjs/websites/puglieseweb.com/beta/programming/java/swing.php:1
[29-Oct-2011 13:43:17] PHP   3. session_start() /home/pweb/development/prjs/websites/puglieseweb.com/beta/includes/master-head.inc.php:6
[29-Oct-2011 13:57:19] PHP Warning:  session_start(): open(/var/lib/php/session/sess_09uuh57bjht54r6agqpggb1jm6, O_RDWR) failed: Permission denied (13) in /home/pweb/development/prjs/websites/puglieseweb.com/beta/includes/master-head.inc.php on line 6
[29-Oct-2011 13:57:19] PHP Stack trace:
[29-Oct-2011 13:57:19] PHP   1. {main}() /home/pweb/development/prjs/websites/puglieseweb.com/beta/programming/java/swing.php:0
[29-Oct-2011 13:57:19] PHP   2. include() /home/pweb/development/prjs/websites/puglieseweb.com/beta/programming/java/swing.php:1
[29-Oct-2011 13:57:19] PHP   3. session_start() /home/pweb/development/prjs/websites/puglieseweb.com/beta/includes/master-head.inc.php:6
[29-Oct-2011 13:57:25] PHP Warning:  session_start(): open(/var/lib/php/session/sess_09uuh57bjht54r6agqpggb1jm6, O_RDWR) failed: Permission denied (13) in /home/pweb/development/prjs/websites/puglieseweb.com/beta/includes/master-head.inc.php on line 6
[29-Oct-2011 13:57:25] PHP Stack trace:
[29-Oct-2011 13:57:25] PHP   1. {main}() /home/pweb/development/prjs/websites/puglieseweb.com/beta/programming/java/swing.php:0
[29-Oct-2011 13:57:25] PHP   2. include() /home/pweb/development/prjs/websites/puglieseweb.com/beta/programming/java/swing.php:1
[29-Oct-2011 13:57:25] PHP   3. session_start() /home/pweb/development/prjs/websites/puglieseweb.com/beta/includes/master-head.inc.php:6
[29-Oct-2011 13:57:26] PHP Warning:  session_start(): open(/var/lib/php/session/sess_09uuh57bjht54r6agqpggb1jm6, O_RDWR) failed: Permission denied (13) in /home/pweb/development/prjs/websites/puglieseweb.com/beta/includes/master-head.inc.php on line 6
[29-Oct-2011 13:57:26] PHP Stack trace:
[29-Oct-2011 13:57:26] PHP   1. {main}() /home/pweb/development/prjs/websites/puglieseweb.com/beta/programming/java/swing.php:0
[29-Oct-2011 13:57:26] PHP   2. include() /home/pweb/development/prjs/websites/puglieseweb.com/beta/programming/java/swing.php:1
[29-Oct-2011 13:57:26] PHP   3. session_start() /home/pweb/development/prjs/websites/puglieseweb.com/beta/includes/master-head.inc.php:6
[29-Oct-2011 14:00:57] PHP Warning:  session_start(): open(/var/lib/php/session/sess_09uuh57bjht54r6agqpggb1jm6, O_RDWR) failed: Permission denied (13) in /home/pweb/development/prjs/websites/puglieseweb.com/beta/includes/master-head.inc.php on line 6
[29-Oct-2011 14:00:57] PHP Stack trace:
[29-Oct-2011 14:00:57] PHP   1. {main}() /home/pweb/development/prjs/websites/puglieseweb.com/beta/programming/java/swing.php:0
[29-Oct-2011 14:00:57] PHP   2. include() /home/pweb/development/prjs/websites/puglieseweb.com/beta/programming/java/swing.php:1
[29-Oct-2011 14:00:57] PHP   3. session_start() /home/pweb/development/prjs/websites/puglieseweb.com/beta/includes/master-head.inc.php:6
[29-Oct-2011 14:01:14] PHP Warning:  session_start(): open(/var/lib/php/session/sess_09uuh57bjht54r6agqpggb1jm6, O_RDWR) failed: Permission denied (13) in /home/pweb/development/prjs/websites/puglieseweb.com/beta/includes/master-head.inc.php on line 6
[29-Oct-2011 14:01:14] PHP Stack trace:
[29-Oct-2011 14:01:14] PHP   1. {main}() /home/pweb/development/prjs/websites/puglieseweb.com/beta/programming/java/swing.php:0
[29-Oct-2011 14:01:14] PHP   2. include() /home/pweb/development/prjs/websites/puglieseweb.com/beta/programming/java/swing.php:1
[29-Oct-2011 14:01:14] PHP   3. session_start() /home/pweb/development/prjs/websites/puglieseweb.com/beta/includes/master-head.inc.php:6
[29-Oct-2011 14:05:18] PHP Warning:  session_start(): open(/var/lib/php/session/sess_09uuh57bjht54r6agqpggb1jm6, O_RDWR) failed: Permission denied (13) in /home/pweb/development/prjs/websites/puglieseweb.com/beta/includes/master-head.inc.php on line 6
[29-Oct-2011 14:05:18] PHP Stack trace:
[29-Oct-2011 14:05:18] PHP   1. {main}() /home/pweb/development/prjs/websites/puglieseweb.com/beta/programming/java/swing.php:0
[29-Oct-2011 14:05:18] PHP   2. include() /home/pweb/development/prjs/websites/puglieseweb.com/beta/programming/java/swing.php:1
[29-Oct-2011 14:05:18] PHP   3. session_start() /home/pweb/development/prjs/websites/puglieseweb.com/beta/includes/master-head.inc.php:6
[29-Oct-2011 14:05:31] PHP Warning:  session_start(): open(/var/lib/php/session/sess_09uuh57bjht54r6agqpggb1jm6, O_RDWR) failed: Permission denied (13) in /home/pweb/development/prjs/websites/puglieseweb.com/beta/includes/master-head.inc.php on line 6
[29-Oct-2011 14:05:31] PHP Stack trace:
[29-Oct-2011 14:05:31] PHP   1. {main}() /home/pweb/development/prjs/websites/puglieseweb.com/beta/programming/java/swing.php:0
[29-Oct-2011 14:05:31] PHP   2. include() /home/pweb/development/prjs/websites/puglieseweb.com/beta/programming/java/swing.php:1
[29-Oct-2011 14:05:31] PHP   3. session_start() /home/pweb/development/prjs/websites/puglieseweb.com/beta/includes/master-head.inc.php:6
[29-Oct-2011 14:05:47] PHP Warning:  session_start(): open(/var/lib/php/session/sess_09uuh57bjht54r6agqpggb1jm6, O_RDWR) failed: Permission denied (13) in /home/pweb/development/prjs/websites/puglieseweb.com/beta/includes/master-head.inc.php on line 6
[29-Oct-2011 14:05:47] PHP Stack trace:
[29-Oct-2011 14:05:47] PHP   1. {main}() /home/pweb/development/prjs/websites/puglieseweb.com/beta/programming/java/swing.php:0
[29-Oct-2011 14:05:47] PHP   2. include() /home/pweb/development/prjs/websites/puglieseweb.com/beta/programming/java/swing.php:1
[29-Oct-2011 14:05:47] PHP   3. session_start() /home/pweb/development/prjs/websites/puglieseweb.com/beta/includes/master-head.inc.php:6
[29-Oct-2011 14:09:54] PHP Warning:  session_start(): open(/var/lib/php/session/sess_09uuh57bjht54r6agqpggb1jm6, O_RDWR) failed: Permission denied (13) in /home/pweb/development/prjs/websites/puglieseweb.com/beta/includes/master-head.inc.php on line 6
[29-Oct-2011 14:09:54] PHP Stack trace:
[29-Oct-2011 14:09:54] PHP   1. {main}() /home/pweb/development/prjs/websites/puglieseweb.com/beta/programming/java/swing.php:0
[29-Oct-2011 14:09:54] PHP   2. include() /home/pweb/development/prjs/websites/puglieseweb.com/beta/programming/java/swing.php:1
[29-Oct-2011 14:09:54] PHP   3. session_start() /home/pweb/development/prjs/websites/puglieseweb.com/beta/includes/master-head.inc.php:6
[29-Oct-2011 14:11:47] PHP Warning:  session_start(): open(/var/lib/php/session/sess_09uuh57bjht54r6agqpggb1jm6, O_RDWR) failed: Permission denied (13) in /home/pweb/development/prjs/websites/puglieseweb.com/beta/includes/master-head.inc.php on line 6
[29-Oct-2011 14:11:47] PHP Stack trace:
[29-Oct-2011 14:11:47] PHP   1. {main}() /home/pweb/development/prjs/websites/puglieseweb.com/beta/programming/java/swing.php:0
[29-Oct-2011 14:11:47] PHP   2. include() /home/pweb/development/prjs/websites/puglieseweb.com/beta/programming/java/swing.php:1
[29-Oct-2011 14:11:47] PHP   3. session_start() /home/pweb/development/prjs/websites/puglieseweb.com/beta/includes/master-head.inc.php:6
[29-Oct-2011 14:12:12] PHP Warning:  session_start(): open(/var/lib/php/session/sess_09uuh57bjht54r6agqpggb1jm6, O_RDWR) failed: Permission denied (13) in /home/pweb/development/prjs/websites/puglieseweb.com/beta/includes/master-head.inc.php on line 6
[29-Oct-2011 14:12:12] PHP Stack trace:
[29-Oct-2011 14:12:12] PHP   1. {main}() /home/pweb/development/prjs/websites/puglieseweb.com/beta/programming/java/swing.php:0
[29-Oct-2011 14:12:12] PHP   2. include() /home/pweb/development/prjs/websites/puglieseweb.com/beta/programming/java/swing.php:1
[29-Oct-2011 14:12:12] PHP   3. session_start() /home/pweb/development/prjs/websites/puglieseweb.com/beta/includes/master-head.inc.php:6
[29-Oct-2011 14:12:29] PHP Warning:  session_start(): open(/var/lib/php/session/sess_09uuh57bjht54r6agqpggb1jm6, O_RDWR) failed: Permission denied (13) in /home/pweb/development/prjs/websites/puglieseweb.com/beta/includes/master-head.inc.php on line 6
[29-Oct-2011 14:12:29] PHP Stack trace:
[29-Oct-2011 14:12:29] PHP   1. {main}() /home/pweb/development/prjs/websites/puglieseweb.com/beta/programming/java/swing.php:0
[29-Oct-2011 14:12:29] PHP   2. include() /home/pweb/development/prjs/websites/puglieseweb.com/beta/programming/java/swing.php:1
[29-Oct-2011 14:12:29] PHP   3. session_start() /home/pweb/development/prjs/websites/puglieseweb.com/beta/includes/master-head.inc.php:6
[29-Oct-2011 14:13:05] PHP Warning:  session_start(): open(/var/lib/php/session/sess_09uuh57bjht54r6agqpggb1jm6, O_RDWR) failed: Permission denied (13) in /home/pweb/development/prjs/websites/puglieseweb.com/beta/includes/master-head.inc.php on line 6
[29-Oct-2011 14:13:05] PHP Stack trace:
[29-Oct-2011 14:13:05] PHP   1. {main}() /home/pweb/development/prjs/websites/puglieseweb.com/beta/programming/java/swing.php:0
[29-Oct-2011 14:13:05] PHP   2. include() /home/pweb/development/prjs/websites/puglieseweb.com/beta/programming/java/swing.php:1
[29-Oct-2011 14:13:05] PHP   3. session_start() /home/pweb/development/prjs/websites/puglieseweb.com/beta/includes/master-head.inc.php:6
[29-Oct-2011 14:15:25] PHP Warning:  session_start(): open(/var/lib/php/session/sess_09uuh57bjht54r6agqpggb1jm6, O_RDWR) failed: Permission denied (13) in /home/pweb/development/prjs/websites/puglieseweb.com/beta/includes/master-head.inc.php on line 6
[29-Oct-2011 14:15:25] PHP Stack trace:
[29-Oct-2011 14:15:25] PHP   1. {main}() /home/pweb/development/prjs/websites/puglieseweb.com/beta/programming/java/swing.php:0
[29-Oct-2011 14:15:25] PHP   2. include() /home/pweb/development/prjs/websites/puglieseweb.com/beta/programming/java/swing.php:1
[29-Oct-2011 14:15:25] PHP   3. session_start() /home/pweb/development/prjs/websites/puglieseweb.com/beta/includes/master-head.inc.php:6
[29-Oct-2011 14:15:52] PHP Warning:  session_start(): open(/var/lib/php/session/sess_09uuh57bjht54r6agqpggb1jm6, O_RDWR) failed: Permission denied (13) in /home/pweb/development/prjs/websites/puglieseweb.com/beta/includes/master-head.inc.php on line 6
[29-Oct-2011 14:15:52] PHP Stack trace:
[29-Oct-2011 14:15:52] PHP   1. {main}() /home/pweb/development/prjs/websites/puglieseweb.com/beta/programming/java/swing.php:0
[29-Oct-2011 14:15:52] PHP   2. include() /home/pweb/development/prjs/websites/puglieseweb.com/beta/programming/java/swing.php:1
[29-Oct-2011 14:15:52] PHP   3. session_start() /home/pweb/development/prjs/websites/puglieseweb.com/beta/includes/master-head.inc.php:6
[29-Oct-2011 14:15:55] PHP Warning:  session_start(): open(/var/lib/php/session/sess_09uuh57bjht54r6agqpggb1jm6, O_RDWR) failed: Permission denied (13) in /home/pweb/development/prjs/websites/puglieseweb.com/beta/includes/master-head.inc.php on line 6
[29-Oct-2011 14:15:55] PHP Stack trace:
[29-Oct-2011 14:15:55] PHP   1. {main}() /home/pweb/development/prjs/websites/puglieseweb.com/beta/programming/java/swing.php:0
[29-Oct-2011 14:15:55] PHP   2. include() /home/pweb/development/prjs/websites/puglieseweb.com/beta/programming/java/swing.php:1
[29-Oct-2011 14:15:55] PHP   3. session_start() /home/pweb/development/prjs/websites/puglieseweb.com/beta/includes/master-head.inc.php:6
[29-Oct-2011 14:16:04] PHP Warning:  session_start(): open(/var/lib/php/session/sess_09uuh57bjht54r6agqpggb1jm6, O_RDWR) failed: Permission denied (13) in /home/pweb/development/prjs/websites/puglieseweb.com/beta/includes/master-head.inc.php on line 6
[29-Oct-2011 14:16:04] PHP Stack trace:
[29-Oct-2011 14:16:04] PHP   1. {main}() /home/pweb/development/prjs/websites/puglieseweb.com/beta/programming/java/swing.php:0
[29-Oct-2011 14:16:04] PHP   2. include() /home/pweb/development/prjs/websites/puglieseweb.com/beta/programming/java/swing.php:1
[29-Oct-2011 14:16:04] PHP   3. session_start() /home/pweb/development/prjs/websites/puglieseweb.com/beta/includes/master-head.inc.php:6
[29-Oct-2011 14:16:15] PHP Warning:  session_start(): open(/var/lib/php/session/sess_09uuh57bjht54r6agqpggb1jm6, O_RDWR) failed: Permission denied (13) in /home/pweb/development/prjs/websites/puglieseweb.com/beta/includes/master-head.inc.php on line 6
[29-Oct-2011 14:16:15] PHP Stack trace:
[29-Oct-2011 14:16:15] PHP   1. {main}() /home/pweb/development/prjs/websites/puglieseweb.com/beta/programming/java/swing.php:0
[29-Oct-2011 14:16:15] PHP   2. include() /home/pweb/development/prjs/websites/puglieseweb.com/beta/programming/java/swing.php:1
[29-Oct-2011 14:16:15] PHP   3. session_start() /home/pweb/development/prjs/websites/puglieseweb.com/beta/includes/master-head.inc.php:6
[29-Oct-2011 14:17:07] PHP Warning:  session_start(): open(/var/lib/php/session/sess_09uuh57bjht54r6agqpggb1jm6, O_RDWR) failed: Permission denied (13) in /home/pweb/development/prjs/websites/puglieseweb.com/beta/includes/master-head.inc.php on line 6
[29-Oct-2011 14:17:07] PHP Stack trace:
[29-Oct-2011 14:17:07] PHP   1. {main}() /home/pweb/development/prjs/websites/puglieseweb.com/beta/programming/java/swing.php:0
[29-Oct-2011 14:17:07] PHP   2. include() /home/pweb/development/prjs/websites/puglieseweb.com/beta/programming/java/swing.php:1
[29-Oct-2011 14:17:07] PHP   3. session_start() /home/pweb/development/prjs/websites/puglieseweb.com/beta/includes/master-head.inc.php:6
[29-Oct-2011 14:18:08] PHP Warning:  session_start(): open(/var/lib/php/session/sess_09uuh57bjht54r6agqpggb1jm6, O_RDWR) failed: Permission denied (13) in /home/pweb/development/prjs/websites/puglieseweb.com/beta/includes/master-head.inc.php on line 6
[29-Oct-2011 14:18:08] PHP Stack trace:
[29-Oct-2011 14:18:08] PHP   1. {main}() /home/pweb/development/prjs/websites/puglieseweb.com/beta/programming/java/swing.php:0
[29-Oct-2011 14:18:08] PHP   2. include() /home/pweb/development/prjs/websites/puglieseweb.com/beta/programming/java/swing.php:1
[29-Oct-2011 14:18:08] PHP   3. session_start() /home/pweb/development/prjs/websites/puglieseweb.com/beta/includes/master-head.inc.php:6
[29-Oct-2011 14:18:51] PHP Warning:  session_start(): open(/var/lib/php/session/sess_09uuh57bjht54r6agqpggb1jm6, O_RDWR) failed: Permission denied (13) in /home/pweb/development/prjs/websites/puglieseweb.com/beta/includes/master-head.inc.php on line 6
[29-Oct-2011 14:18:51] PHP Stack trace:
[29-Oct-2011 14:18:51] PHP   1. {main}() /home/pweb/development/prjs/websites/puglieseweb.com/beta/programming/java/swing.php:0
[29-Oct-2011 14:18:51] PHP   2. include() /home/pweb/development/prjs/websites/puglieseweb.com/beta/programming/java/swing.php:1
[29-Oct-2011 14:18:51] PHP   3. session_start() /home/pweb/development/prjs/websites/puglieseweb.com/beta/includes/master-head.inc.php:6
[03-Nov-2011 20:30:04] PHP Warning:  session_start(): open(/var/lib/php/session/sess_mluc71mfc05gnt81ch2bs3epf7, O_RDWR) failed: Permission denied (13) in /home/pweb/development/prjs/websites/puglieseweb.com/beta/includes/master-head.inc.php on line 6
[03-Nov-2011 20:30:04] PHP Stack trace:
[03-Nov-2011 20:30:04] PHP   1. {main}() /home/pweb/development/prjs/websites/puglieseweb.com/beta/programming/java/swing.php:0
[03-Nov-2011 20:30:04] PHP   2. include() /home/pweb/development/prjs/websites/puglieseweb.com/beta/programming/java/swing.php:1
[03-Nov-2011 20:30:04] PHP   3. session_start() /home/pweb/development/prjs/websites/puglieseweb.com/beta/includes/master-head.inc.php:6
[06-Nov-2011 20:47:35] PHP Warning:  session_start(): open(/var/lib/php/session/sess_3d25ic7li88c7at6ta1b46l751, O_RDWR) failed: Permission denied (13) in /home/pweb/development/prjs/websites/puglieseweb.com/beta/includes/master-head.inc.php on line 6
[06-Nov-2011 20:47:35] PHP Stack trace:
[06-Nov-2011 20:47:35] PHP   1. {main}() /home/pweb/development/prjs/websites/puglieseweb.com/beta/pages/programming/java/swing.php:0
[06-Nov-2011 20:47:35] PHP   2. include() /home/pweb/development/prjs/websites/puglieseweb.com/beta/pages/programming/java/swing.php:1
[06-Nov-2011 20:47:35] PHP   3. session_start() /home/pweb/development/prjs/websites/puglieseweb.com/beta/includes/master-head.inc.php:6
[06-Nov-2011 20:47:46] PHP Warning:  session_start(): open(/var/lib/php/session/sess_3d25ic7li88c7at6ta1b46l751, O_RDWR) failed: Permission denied (13) in /home/pweb/development/prjs/websites/puglieseweb.com/beta/includes/master-head.inc.php on line 6
[06-Nov-2011 20:47:46] PHP Stack trace:
[06-Nov-2011 20:47:46] PHP   1. {main}() /home/pweb/development/prjs/websites/puglieseweb.com/beta/pages/programming/java/class_loader.php:0
[06-Nov-2011 20:47:46] PHP   2. include() /home/pweb/development/prjs/websites/puglieseweb.com/beta/pages/programming/java/class_loader.php:1
[06-Nov-2011 20:47:46] PHP   3. session_start() /home/pweb/development/prjs/websites/puglieseweb.com/beta/includes/master-head.inc.php:6
[06-Nov-2011 20:47:55] PHP Warning:  session_start(): open(/var/lib/php/session/sess_3d25ic7li88c7at6ta1b46l751, O_RDWR) failed: Permission denied (13) in /home/pweb/development/prjs/websites/puglieseweb.com/beta/includes/master-head.inc.php on line 6
[06-Nov-2011 20:47:55] PHP Stack trace:
[06-Nov-2011 20:47:55] PHP   1. {main}() /home/pweb/development/prjs/websites/puglieseweb.com/beta/pages/programming/java/collections.php:0
[06-Nov-2011 20:47:55] PHP   2. include() /home/pweb/development/prjs/websites/puglieseweb.com/beta/pages/programming/java/collections.php:1
[06-Nov-2011 20:47:55] PHP   3. session_start() /home/pweb/development/prjs/websites/puglieseweb.com/beta/includes/master-head.inc.php:6
[06-Nov-2011 20:53:42] PHP Warning:  session_start(): open(/var/lib/php/session/sess_3d25ic7li88c7at6ta1b46l751, O_RDWR) failed: Permission denied (13) in /home/pweb/development/prjs/websites/puglieseweb.com/beta/includes/master-head.inc.php on line 6
[06-Nov-2011 20:53:42] PHP Stack trace:
[06-Nov-2011 20:53:42] PHP   1. {main}() /home/pweb/development/prjs/websites/puglieseweb.com/beta/pages/programming/java/class_loader.php:0
[06-Nov-2011 20:53:42] PHP   2. include() /home/pweb/development/prjs/websites/puglieseweb.com/beta/pages/programming/java/class_loader.php:1
[06-Nov-2011 20:53:42] PHP   3. session_start() /home/pweb/development/prjs/websites/puglieseweb.com/beta/includes/master-head.inc.php:6
[06-Nov-2011 20:53:50] PHP Warning:  session_start(): open(/var/lib/php/session/sess_3d25ic7li88c7at6ta1b46l751, O_RDWR) failed: Permission denied (13) in /home/pweb/development/prjs/websites/puglieseweb.com/beta/includes/master-head.inc.php on line 6
[06-Nov-2011 20:53:50] PHP Stack trace:
[06-Nov-2011 20:53:50] PHP   1. {main}() /home/pweb/development/prjs/websites/puglieseweb.com/beta/pages/programming/java/equals_hashCode.php:0
[06-Nov-2011 20:53:50] PHP   2. include() /home/pweb/development/prjs/websites/puglieseweb.com/beta/pages/programming/java/equals_hashCode.php:1
[06-Nov-2011 20:53:50] PHP   3. session_start() /home/pweb/development/prjs/websites/puglieseweb.com/beta/includes/master-head.inc.php:6
[06-Nov-2011 20:54:25] PHP Warning:  session_start(): open(/var/lib/php/session/sess_3d25ic7li88c7at6ta1b46l751, O_RDWR) failed: Permission denied (13) in /home/pweb/development/prjs/websites/puglieseweb.com/beta/includes/master-head.inc.php on line 6
[06-Nov-2011 20:54:25] PHP Stack trace:
[06-Nov-2011 20:54:25] PHP   1. {main}() /home/pweb/development/prjs/websites/puglieseweb.com/beta/pages/programming/java/equals_hashCode.php:0
[06-Nov-2011 20:54:25] PHP   2. include() /home/pweb/development/prjs/websites/puglieseweb.com/beta/pages/programming/java/equals_hashCode.php:1
[06-Nov-2011 20:54:25] PHP   3. session_start() /home/pweb/development/prjs/websites/puglieseweb.com/beta/includes/master-head.inc.php:6
[06-Nov-2011 20:54:26] PHP Warning:  session_start(): open(/var/lib/php/session/sess_3d25ic7li88c7at6ta1b46l751, O_RDWR) failed: Permission denied (13) in /home/pweb/development/prjs/websites/puglieseweb.com/beta/includes/master-head.inc.php on line 6
[06-Nov-2011 20:54:26] PHP Stack trace:
[06-Nov-2011 20:54:26] PHP   1. {main}() /home/pweb/development/prjs/websites/puglieseweb.com/beta/pages/programming/java/equals_hashCode.php:0
[06-Nov-2011 20:54:26] PHP   2. include() /home/pweb/development/prjs/websites/puglieseweb.com/beta/pages/programming/java/equals_hashCode.php:1
[06-Nov-2011 20:54:26] PHP   3. session_start() /home/pweb/development/prjs/websites/puglieseweb.com/beta/includes/master-head.inc.php:6
[06-Nov-2011 20:54:26] PHP Warning:  session_start(): open(/var/lib/php/session/sess_3d25ic7li88c7at6ta1b46l751, O_RDWR) failed: Permission denied (13) in /home/pweb/development/prjs/websites/puglieseweb.com/beta/includes/master-head.inc.php on line 6
[06-Nov-2011 20:54:26] PHP Stack trace:
[06-Nov-2011 20:54:26] PHP   1. {main}() /home/pweb/development/prjs/websites/puglieseweb.com/beta/pages/programming/java/equals_hashCode.php:0
[06-Nov-2011 20:54:26] PHP   2. include() /home/pweb/development/prjs/websites/puglieseweb.com/beta/pages/programming/java/equals_hashCode.php:1
[06-Nov-2011 20:54:26] PHP   3. session_start() /home/pweb/development/prjs/websites/puglieseweb.com/beta/includes/master-head.inc.php:6
[06-Nov-2011 20:54:27] PHP Warning:  session_start(): open(/var/lib/php/session/sess_3d25ic7li88c7at6ta1b46l751, O_RDWR) failed: Permission denied (13) in /home/pweb/development/prjs/websites/puglieseweb.com/beta/includes/master-head.inc.php on line 6
[06-Nov-2011 20:54:27] PHP Stack trace:
[06-Nov-2011 20:54:27] PHP   1. {main}() /home/pweb/development/prjs/websites/puglieseweb.com/beta/pages/programming/java/equals_hashCode.php:0
[06-Nov-2011 20:54:27] PHP   2. include() /home/pweb/development/prjs/websites/puglieseweb.com/beta/pages/programming/java/equals_hashCode.php:1
[06-Nov-2011 20:54:27] PHP   3. session_start() /home/pweb/development/prjs/websites/puglieseweb.com/beta/includes/master-head.inc.php:6
[06-Nov-2011 20:54:27] PHP Warning:  session_start(): open(/var/lib/php/session/sess_3d25ic7li88c7at6ta1b46l751, O_RDWR) failed: Permission denied (13) in /home/pweb/development/prjs/websites/puglieseweb.com/beta/includes/master-head.inc.php on line 6
[06-Nov-2011 20:54:27] PHP Stack trace:
[06-Nov-2011 20:54:27] PHP   1. {main}() /home/pweb/development/prjs/websites/puglieseweb.com/beta/pages/programming/java/equals_hashCode.php:0
[06-Nov-2011 20:54:27] PHP   2. include() /home/pweb/development/prjs/websites/puglieseweb.com/beta/pages/programming/java/equals_hashCode.php:1
[06-Nov-2011 20:54:27] PHP   3. session_start() /home/pweb/development/prjs/websites/puglieseweb.com/beta/includes/master-head.inc.php:6
[06-Nov-2011 20:54:28] PHP Warning:  session_start(): open(/var/lib/php/session/sess_3d25ic7li88c7at6ta1b46l751, O_RDWR) failed: Permission denied (13) in /home/pweb/development/prjs/websites/puglieseweb.com/beta/includes/master-head.inc.php on line 6
[06-Nov-2011 20:54:28] PHP Stack trace:
[06-Nov-2011 20:54:28] PHP   1. {main}() /home/pweb/development/prjs/websites/puglieseweb.com/beta/pages/programming/java/equals_hashCode.php:0
[06-Nov-2011 20:54:28] PHP   2. include() /home/pweb/development/prjs/websites/puglieseweb.com/beta/pages/programming/java/equals_hashCode.php:1
[06-Nov-2011 20:54:28] PHP   3. session_start() /home/pweb/development/prjs/websites/puglieseweb.com/beta/includes/master-head.inc.php:6
[06-Nov-2011 20:54:28] PHP Warning:  session_start(): open(/var/lib/php/session/sess_3d25ic7li88c7at6ta1b46l751, O_RDWR) failed: Permission denied (13) in /home/pweb/development/prjs/websites/puglieseweb.com/beta/includes/master-head.inc.php on line 6
[06-Nov-2011 20:54:28] PHP Stack trace:
[06-Nov-2011 20:54:28] PHP   1. {main}() /home/pweb/development/prjs/websites/puglieseweb.com/beta/pages/programming/java/equals_hashCode.php:0
[06-Nov-2011 20:54:28] PHP   2. include() /home/pweb/development/prjs/websites/puglieseweb.com/beta/pages/programming/java/equals_hashCode.php:1
[06-Nov-2011 20:54:28] PHP   3. session_start() /home/pweb/development/prjs/websites/puglieseweb.com/beta/includes/master-head.inc.php:6
[06-Nov-2011 20:54:29] PHP Warning:  session_start(): open(/var/lib/php/session/sess_3d25ic7li88c7at6ta1b46l751, O_RDWR) failed: Permission denied (13) in /home/pweb/development/prjs/websites/puglieseweb.com/beta/includes/master-head.inc.php on line 6
[06-Nov-2011 20:54:29] PHP Stack trace:
[06-Nov-2011 20:54:29] PHP   1. {main}() /home/pweb/development/prjs/websites/puglieseweb.com/beta/pages/programming/java/equals_hashCode.php:0
[06-Nov-2011 20:54:29] PHP   2. include() /home/pweb/development/prjs/websites/puglieseweb.com/beta/pages/programming/java/equals_hashCode.php:1
[06-Nov-2011 20:54:29] PHP   3. session_start() /home/pweb/development/prjs/websites/puglieseweb.com/beta/includes/master-head.inc.php:6
[06-Nov-2011 20:55:53] PHP Warning:  session_start(): open(/var/lib/php/session/sess_3d25ic7li88c7at6ta1b46l751, O_RDWR) failed: Permission denied (13) in /home/pweb/development/prjs/websites/puglieseweb.com/beta/includes/master-head.inc.php on line 6
[06-Nov-2011 20:55:53] PHP Stack trace:
[06-Nov-2011 20:55:53] PHP   1. {main}() /home/pweb/development/prjs/websites/puglieseweb.com/beta/pages/programming/java/equals_hashCode.php:0
[06-Nov-2011 20:55:53] PHP   2. include() /home/pweb/development/prjs/websites/puglieseweb.com/beta/pages/programming/java/equals_hashCode.php:1
[06-Nov-2011 20:55:53] PHP   3. session_start() /home/pweb/development/prjs/websites/puglieseweb.com/beta/includes/master-head.inc.php:6
[06-Nov-2011 20:55:54] PHP Warning:  session_start(): open(/var/lib/php/session/sess_3d25ic7li88c7at6ta1b46l751, O_RDWR) failed: Permission denied (13) in /home/pweb/development/prjs/websites/puglieseweb.com/beta/includes/master-head.inc.php on line 6
[06-Nov-2011 20:55:54] PHP Stack trace:
[06-Nov-2011 20:55:54] PHP   1. {main}() /home/pweb/development/prjs/websites/puglieseweb.com/beta/pages/programming/java/equals_hashCode.php:0
[06-Nov-2011 20:55:54] PHP   2. include() /home/pweb/development/prjs/websites/puglieseweb.com/beta/pages/programming/java/equals_hashCode.php:1
[06-Nov-2011 20:55:54] PHP   3. session_start() /home/pweb/development/prjs/websites/puglieseweb.com/beta/includes/master-head.inc.php:6
[06-Nov-2011 20:55:54] PHP Warning:  session_start(): open(/var/lib/php/session/sess_3d25ic7li88c7at6ta1b46l751, O_RDWR) failed: Permission denied (13) in /home/pweb/development/prjs/websites/puglieseweb.com/beta/includes/master-head.inc.php on line 6
[06-Nov-2011 20:55:54] PHP Stack trace:
[06-Nov-2011 20:55:54] PHP   1. {main}() /home/pweb/development/prjs/websites/puglieseweb.com/beta/pages/programming/java/equals_hashCode.php:0
[06-Nov-2011 20:55:54] PHP   2. include() /home/pweb/development/prjs/websites/puglieseweb.com/beta/pages/programming/java/equals_hashCode.php:1
[06-Nov-2011 20:55:54] PHP   3. session_start() /home/pweb/development/prjs/websites/puglieseweb.com/beta/includes/master-head.inc.php:6
[06-Nov-2011 21:47:03] PHP Warning:  session_start(): open(/var/lib/php/session/sess_3d25ic7li88c7at6ta1b46l751, O_RDWR) failed: Permission denied (13) in /home/pweb/development/prjs/websites/puglieseweb.com/beta/includes/master-head.inc.php on line 6
[06-Nov-2011 21:47:03] PHP Stack trace:
[06-Nov-2011 21:47:03] PHP   1. {main}() /home/pweb/development/prjs/websites/puglieseweb.com/beta/pages/programming/java/collections.php:0
[06-Nov-2011 21:47:03] PHP   2. include() /home/pweb/development/prjs/websites/puglieseweb.com/beta/pages/programming/java/collections.php:1
[06-Nov-2011 21:47:03] PHP   3. session_start() /home/pweb/development/prjs/websites/puglieseweb.com/beta/includes/master-head.inc.php:6
[06-Nov-2011 21:47:04] PHP Warning:  session_start(): open(/var/lib/php/session/sess_3d25ic7li88c7at6ta1b46l751, O_RDWR) failed: Permission denied (13) in /home/pweb/development/prjs/websites/puglieseweb.com/beta/includes/master-head.inc.php on line 6
[06-Nov-2011 21:47:04] PHP Stack trace:
[06-Nov-2011 21:47:04] PHP   1. {main}() /home/pweb/development/prjs/websites/puglieseweb.com/beta/pages/programming/java/equals_hashCode.php:0
[06-Nov-2011 21:47:04] PHP   2. include() /home/pweb/development/prjs/websites/puglieseweb.com/beta/pages/programming/java/equals_hashCode.php:1
[06-Nov-2011 21:47:04] PHP   3. session_start() /home/pweb/development/prjs/websites/puglieseweb.com/beta/includes/master-head.inc.php:6
[06-Nov-2011 21:47:06] PHP Warning:  session_start(): open(/var/lib/php/session/sess_3d25ic7li88c7at6ta1b46l751, O_RDWR) failed: Permission denied (13) in /home/pweb/development/prjs/websites/puglieseweb.com/beta/includes/master-head.inc.php on line 6
[06-Nov-2011 21:47:06] PHP Stack trace:
[06-Nov-2011 21:47:06] PHP   1. {main}() /home/pweb/development/prjs/websites/puglieseweb.com/beta/pages/programming/java/modifiers.php:0
[06-Nov-2011 21:47:06] PHP   2. include() /home/pweb/development/prjs/websites/puglieseweb.com/beta/pages/programming/java/modifiers.php:1
[06-Nov-2011 21:47:06] PHP   3. session_start() /home/pweb/development/prjs/websites/puglieseweb.com/beta/includes/master-head.inc.php:6
[07-Nov-2011 01:39:41] PHP Warning:  session_start(): open(/var/lib/php/session/sess_edm57uig1jrdkkf5n88o3f0q00, O_RDWR) failed: Permission denied (13) in /home/pweb/development/prjs/websites/puglieseweb.com/beta/includes/master-head.inc.php on line 6
[07-Nov-2011 01:39:41] PHP Stack trace:
[07-Nov-2011 01:39:41] PHP   1. {main}() /home/pweb/development/prjs/websites/puglieseweb.com/beta/pages/programming/java/modifiers.php:0
[07-Nov-2011 01:39:41] PHP   2. include() /home/pweb/development/prjs/websites/puglieseweb.com/beta/pages/programming/java/modifiers.php:1
[07-Nov-2011 01:39:41] PHP   3. session_start() /home/pweb/development/prjs/websites/puglieseweb.com/beta/includes/master-head.inc.php:6
[07-Nov-2011 01:39:41] PHP Warning:  session_start(): open(/var/lib/php/session/sess_edm57uig1jrdkkf5n88o3f0q00, O_RDWR) failed: Permission denied (13) in /home/pweb/development/prjs/websites/puglieseweb.com/beta/includes/master-head.inc.php on line 6
[07-Nov-2011 01:39:41] PHP Stack trace:
[07-Nov-2011 01:39:41] PHP   1. {main}() /home/pweb/development/prjs/websites/puglieseweb.com/beta/pages/programming/java/equals_hashCode.php:0
[07-Nov-2011 01:39:41] PHP   2. include() /home/pweb/development/prjs/websites/puglieseweb.com/beta/pages/programming/java/equals_hashCode.php:1
[07-Nov-2011 01:39:41] PHP   3. session_start() /home/pweb/development/prjs/websites/puglieseweb.com/beta/includes/master-head.inc.php:6
[07-Nov-2011 01:39:42] PHP Warning:  session_start(): open(/var/lib/php/session/sess_edm57uig1jrdkkf5n88o3f0q00, O_RDWR) failed: Permission denied (13) in /home/pweb/development/prjs/websites/puglieseweb.com/beta/includes/master-head.inc.php on line 6
[07-Nov-2011 01:39:42] PHP Stack trace:
[07-Nov-2011 01:39:42] PHP   1. {main}() /home/pweb/development/prjs/websites/puglieseweb.com/beta/pages/programming/java/collections.php:0
[07-Nov-2011 01:39:42] PHP   2. include() /home/pweb/development/prjs/websites/puglieseweb.com/beta/pages/programming/java/collections.php:1
[07-Nov-2011 01:39:42] PHP   3. session_start() /home/pweb/development/prjs/websites/puglieseweb.com/beta/includes/master-head.inc.php:6
[07-Nov-2011 01:39:42] PHP Warning:  session_start(): open(/var/lib/php/session/sess_edm57uig1jrdkkf5n88o3f0q00, O_RDWR) failed: Permission denied (13) in /home/pweb/development/prjs/websites/puglieseweb.com/beta/includes/master-head.inc.php on line 6
[07-Nov-2011 01:39:42] PHP Stack trace:
[07-Nov-2011 01:39:42] PHP   1. {main}() /home/pweb/development/prjs/websites/puglieseweb.com/beta/pages/programming/java/class_loader.php:0
[07-Nov-2011 01:39:42] PHP   2. include() /home/pweb/development/prjs/websites/puglieseweb.com/beta/pages/programming/java/class_loader.php:1
[07-Nov-2011 01:39:42] PHP   3. session_start() /home/pweb/development/prjs/websites/puglieseweb.com/beta/includes/master-head.inc.php:6
[07-Nov-2011 01:39:43] PHP Warning:  session_start(): open(/var/lib/php/session/sess_edm57uig1jrdkkf5n88o3f0q00, O_RDWR) failed: Permission denied (13) in /home/pweb/development/prjs/websites/puglieseweb.com/beta/includes/master-head.inc.php on line 6
[07-Nov-2011 01:39:43] PHP Stack trace:
[07-Nov-2011 01:39:43] PHP   1. {main}() /home/pweb/development/prjs/websites/puglieseweb.com/beta/pages/programming/java/swing.php:0
[07-Nov-2011 01:39:43] PHP   2. include() /home/pweb/development/prjs/websites/puglieseweb.com/beta/pages/programming/java/swing.php:1
[07-Nov-2011 01:39:43] PHP   3. session_start() /home/pweb/development/prjs/websites/puglieseweb.com/beta/includes/master-head.inc.php:6
[07-Nov-2011 16:32:32] PHP Warning:  session_start(): open(/var/lib/php/session/sess_s7h3ecf9c1ikh4bvkrlvid1t51, O_RDWR) failed: Permission denied (13) in /home/pweb/development/prjs/websites/puglieseweb.com/beta/includes/master-head.inc.php on line 6
[07-Nov-2011 16:32:32] PHP Stack trace:
[07-Nov-2011 16:32:32] PHP   1. {main}() /home/pweb/development/prjs/websites/puglieseweb.com/beta/pages/programming/java/swing.php:0
[07-Nov-2011 16:32:32] PHP   2. include() /home/pweb/development/prjs/websites/puglieseweb.com/beta/pages/programming/java/swing.php:1
[07-Nov-2011 16:32:32] PHP   3. session_start() /home/pweb/development/prjs/websites/puglieseweb.com/beta/includes/master-head.inc.php:6
[07-Nov-2011 18:43:34] PHP Warning:  session_start(): open(/var/lib/php/session/sess_5jiiva0bacgl4lj4gplcu2kl44, O_RDWR) failed: Permission denied (13) in /home/pweb/development/prjs/websites/puglieseweb.com/beta/includes/master-head.inc.php on line 6
[07-Nov-2011 18:43:34] PHP Stack trace:
[07-Nov-2011 18:43:34] PHP   1. {main}() /home/pweb/development/prjs/websites/puglieseweb.com/beta/pages/programming/java/regexp.php:0
[07-Nov-2011 18:43:34] PHP   2. include() /home/pweb/development/prjs/websites/puglieseweb.com/beta/pages/programming/java/regexp.php:1
[07-Nov-2011 18:43:34] PHP   3. session_start() /home/pweb/development/prjs/websites/puglieseweb.com/beta/includes/master-head.inc.php:6
[07-Nov-2011 18:43:54] PHP Warning:  session_start(): open(/var/lib/php/session/sess_5jiiva0bacgl4lj4gplcu2kl44, O_RDWR) failed: Permission denied (13) in /home/pweb/development/prjs/websites/puglieseweb.com/beta/includes/master-head.inc.php on line 6
[07-Nov-2011 18:43:54] PHP Stack trace:
[07-Nov-2011 18:43:54] PHP   1. {main}() /home/pweb/development/prjs/websites/puglieseweb.com/beta/pages/programming/java/regexp.php:0
[07-Nov-2011 18:43:54] PHP   2. include() /home/pweb/development/prjs/websites/puglieseweb.com/beta/pages/programming/java/regexp.php:1
[07-Nov-2011 18:43:54] PHP   3. session_start() /home/pweb/development/prjs/websites/puglieseweb.com/beta/includes/master-head.inc.php:6
[07-Nov-2011 18:45:09] PHP Warning:  session_start(): open(/var/lib/php/session/sess_5jiiva0bacgl4lj4gplcu2kl44, O_RDWR) failed: Permission denied (13) in /home/pweb/development/prjs/websites/puglieseweb.com/beta/includes/master-head.inc.php on line 6
[07-Nov-2011 18:45:09] PHP Stack trace:
[07-Nov-2011 18:45:09] PHP   1. {main}() /home/pweb/development/prjs/websites/puglieseweb.com/beta/pages/programming/java/regexp.php:0
[07-Nov-2011 18:45:09] PHP   2. include() /home/pweb/development/prjs/websites/puglieseweb.com/beta/pages/programming/java/regexp.php:1
[07-Nov-2011 18:45:09] PHP   3. session_start() /home/pweb/development/prjs/websites/puglieseweb.com/beta/includes/master-head.inc.php:6
[07-Nov-2011 18:45:28] PHP Warning:  session_start(): open(/var/lib/php/session/sess_5jiiva0bacgl4lj4gplcu2kl44, O_RDWR) failed: Permission denied (13) in /home/pweb/development/prjs/websites/puglieseweb.com/beta/includes/master-head.inc.php on line 6
[07-Nov-2011 18:45:28] PHP Stack trace:
[07-Nov-2011 18:45:28] PHP   1. {main}() /home/pweb/development/prjs/websites/puglieseweb.com/beta/pages/programming/java/regexp.php:0
[07-Nov-2011 18:45:28] PHP   2. include() /home/pweb/development/prjs/websites/puglieseweb.com/beta/pages/programming/java/regexp.php:1
[07-Nov-2011 18:45:28] PHP   3. session_start() /home/pweb/development/prjs/websites/puglieseweb.com/beta/includes/master-head.inc.php:6
[07-Nov-2011 18:45:33] PHP Warning:  session_start(): open(/var/lib/php/session/sess_5jiiva0bacgl4lj4gplcu2kl44, O_RDWR) failed: Permission denied (13) in /home/pweb/development/prjs/websites/puglieseweb.com/beta/includes/master-head.inc.php on line 6
[07-Nov-2011 18:45:33] PHP Stack trace:
[07-Nov-2011 18:45:33] PHP   1. {main}() /home/pweb/development/prjs/websites/puglieseweb.com/beta/pages/programming/java/regexp.php:0
[07-Nov-2011 18:45:33] PHP   2. include() /home/pweb/development/prjs/websites/puglieseweb.com/beta/pages/programming/java/regexp.php:1
[07-Nov-2011 18:45:33] PHP   3. session_start() /home/pweb/development/prjs/websites/puglieseweb.com/beta/includes/master-head.inc.php:6
[07-Nov-2011 18:45:45] PHP Warning:  session_start(): open(/var/lib/php/session/sess_5jiiva0bacgl4lj4gplcu2kl44, O_RDWR) failed: Permission denied (13) in /home/pweb/development/prjs/websites/puglieseweb.com/beta/includes/master-head.inc.php on line 6
[07-Nov-2011 18:45:45] PHP Stack trace:
[07-Nov-2011 18:45:45] PHP   1. {main}() /home/pweb/development/prjs/websites/puglieseweb.com/beta/pages/programming/java/regexp.php:0
[07-Nov-2011 18:45:45] PHP   2. include() /home/pweb/development/prjs/websites/puglieseweb.com/beta/pages/programming/java/regexp.php:1
[07-Nov-2011 18:45:45] PHP   3. session_start() /home/pweb/development/prjs/websites/puglieseweb.com/beta/includes/master-head.inc.php:6
[07-Nov-2011 18:46:15] PHP Warning:  session_start(): open(/var/lib/php/session/sess_5jiiva0bacgl4lj4gplcu2kl44, O_RDWR) failed: Permission denied (13) in /home/pweb/development/prjs/websites/puglieseweb.com/beta/includes/master-head.inc.php on line 6
[07-Nov-2011 18:46:15] PHP Stack trace:
[07-Nov-2011 18:46:15] PHP   1. {main}() /home/pweb/development/prjs/websites/puglieseweb.com/beta/pages/programming/java/regexp.php:0
[07-Nov-2011 18:46:15] PHP   2. include() /home/pweb/development/prjs/websites/puglieseweb.com/beta/pages/programming/java/regexp.php:1
[07-Nov-2011 18:46:15] PHP   3. session_start() /home/pweb/development/prjs/websites/puglieseweb.com/beta/includes/master-head.inc.php:6
[07-Nov-2011 18:46:28] PHP Warning:  session_start(): open(/var/lib/php/session/sess_5jiiva0bacgl4lj4gplcu2kl44, O_RDWR) failed: Permission denied (13) in /home/pweb/development/prjs/websites/puglieseweb.com/beta/includes/master-head.inc.php on line 6
[07-Nov-2011 18:46:28] PHP Stack trace:
[07-Nov-2011 18:46:28] PHP   1. {main}() /home/pweb/development/prjs/websites/puglieseweb.com/beta/pages/programming/java/regexp.php:0
[07-Nov-2011 18:46:28] PHP   2. include() /home/pweb/development/prjs/websites/puglieseweb.com/beta/pages/programming/java/regexp.php:1
[07-Nov-2011 18:46:28] PHP   3. session_start() /home/pweb/development/prjs/websites/puglieseweb.com/beta/includes/master-head.inc.php:6
[07-Nov-2011 18:46:40] PHP Warning:  session_start(): open(/var/lib/php/session/sess_5jiiva0bacgl4lj4gplcu2kl44, O_RDWR) failed: Permission denied (13) in /home/pweb/development/prjs/websites/puglieseweb.com/beta/includes/master-head.inc.php on line 6
[07-Nov-2011 18:46:40] PHP Stack trace:
[07-Nov-2011 18:46:40] PHP   1. {main}() /home/pweb/development/prjs/websites/puglieseweb.com/beta/pages/programming/java/regexp.php:0
[07-Nov-2011 18:46:40] PHP   2. include() /home/pweb/development/prjs/websites/puglieseweb.com/beta/pages/programming/java/regexp.php:1
[07-Nov-2011 18:46:40] PHP   3. session_start() /home/pweb/development/prjs/websites/puglieseweb.com/beta/includes/master-head.inc.php:6
[07-Nov-2011 18:47:08] PHP Warning:  session_start(): open(/var/lib/php/session/sess_5jiiva0bacgl4lj4gplcu2kl44, O_RDWR) failed: Permission denied (13) in /home/pweb/development/prjs/websites/puglieseweb.com/beta/includes/master-head.inc.php on line 6
[07-Nov-2011 18:47:08] PHP Stack trace:
[07-Nov-2011 18:47:08] PHP   1. {main}() /home/pweb/development/prjs/websites/puglieseweb.com/beta/pages/programming/java/regexp.php:0
[07-Nov-2011 18:47:08] PHP   2. include() /home/pweb/development/prjs/websites/puglieseweb.com/beta/pages/programming/java/regexp.php:1
[07-Nov-2011 18:47:08] PHP   3. session_start() /home/pweb/development/prjs/websites/puglieseweb.com/beta/includes/master-head.inc.php:6
[09-Nov-2011 23:57:33] PHP Warning:  session_start(): open(/var/lib/php/session/sess_mt3clrmv10dobeajek8b622ki1, O_RDWR) failed: Permission denied (13) in /home/pweb/development/prjs/websites/puglieseweb.com/beta/includes/master-head.inc.php on line 6
[09-Nov-2011 23:57:33] PHP Stack trace:
[09-Nov-2011 23:57:33] PHP   1. {main}() /home/pweb/development/prjs/websites/puglieseweb.com/beta/pages/programming/java/class_loader.php:0
[09-Nov-2011 23:57:33] PHP   2. include() /home/pweb/development/prjs/websites/puglieseweb.com/beta/pages/programming/java/class_loader.php:1
[09-Nov-2011 23:57:33] PHP   3. session_start() /home/pweb/development/prjs/websites/puglieseweb.com/beta/includes/master-head.inc.php:6
