[16-Aug-2011 19:43:51] PHP Warning:  session_start(): open(/var/lib/php/session/sess_u3cto1dphs841a12cbol6hqcm5, O_RDWR) failed: Permission denied (13) in /home/pweb/development/prjs/websites/puglieseweb.com/beta/includes/master-head.inc.php on line 9
[16-Aug-2011 20:59:38] PHP Warning:  session_start(): open(/var/lib/php/session/sess_u3cto1dphs841a12cbol6hqcm5, O_RDWR) failed: Permission denied (13) in /home/pweb/development/prjs/websites/puglieseweb.com/beta/includes/master-head.inc.php on line 9
[16-Aug-2011 22:58:03] PHP Warning:  session_start(): open(/var/lib/php/session/sess_anohffh515aaf158pams06if45, O_RDWR) failed: Permission denied (13) in /home/pweb/development/prjs/websites/puglieseweb.com/beta/includes/master-head.inc.php on line 6
[18-Aug-2011 07:02:07] PHP Warning:  session_start(): open(/var/lib/php/session/sess_rsrr6br2cgatcd0780aia1jo23, O_RDWR) failed: Permission denied (13) in /home/pweb/development/prjs/websites/puglieseweb.com/beta/includes/master-head.inc.php on line 6
[20-Aug-2011 18:11:54] PHP Warning:  session_start(): open(/var/lib/php/session/sess_anohffh515aaf158pams06if45, O_RDWR) failed: Permission denied (13) in /home/pweb/development/prjs/websites/puglieseweb.com/beta/includes/master-head.inc.php on line 6
[28-Aug-2011 16:03:50] PHP Warning:  session_start(): open(/var/lib/php/session/sess_n985976fh9vjr6v61le1m4iak2, O_RDWR) failed: Permission denied (13) in /home/pweb/development/prjs/websites/puglieseweb.com/beta/includes/master-head.inc.php on line 6
[30-Aug-2011 07:13:12] PHP Warning:  session_start(): open(/var/lib/php/session/sess_5eu1uil2nu0i66dv0h6vge88a0, O_RDWR) failed: Permission denied (13) in /home/pweb/development/prjs/websites/puglieseweb.com/beta/includes/master-head.inc.php on line 6
[28-Oct-2011 09:00:35] PHP Warning:  session_start(): open(/var/lib/php/session/sess_qmtt5ilt8lagh167uov02ha730, O_RDWR) failed: Permission denied (13) in /home/pweb/development/prjs/websites/puglieseweb.com/beta/includes/master-head.inc.php on line 6
[28-Oct-2011 09:06:07] PHP Warning:  session_start(): open(/var/lib/php/session/sess_qmtt5ilt8lagh167uov02ha730, O_RDWR) failed: Permission denied (13) in /home/pweb/development/prjs/websites/puglieseweb.com/beta/includes/master-head.inc.php on line 6
[28-Oct-2011 10:14:50] PHP Warning:  session_start(): open(/var/lib/php/session/sess_qmtt5ilt8lagh167uov02ha730, O_RDWR) failed: Permission denied (13) in /home/pweb/development/prjs/websites/puglieseweb.com/beta/includes/master-head.inc.php on line 6
[28-Oct-2011 10:14:57] PHP Warning:  session_start(): open(/var/lib/php/session/sess_qmtt5ilt8lagh167uov02ha730, O_RDWR) failed: Permission denied (13) in /home/pweb/development/prjs/websites/puglieseweb.com/beta/includes/master-head.inc.php on line 6
[28-Oct-2011 10:15:10] PHP Warning:  session_start(): open(/var/lib/php/session/sess_qmtt5ilt8lagh167uov02ha730, O_RDWR) failed: Permission denied (13) in /home/pweb/development/prjs/websites/puglieseweb.com/beta/includes/master-head.inc.php on line 6
[28-Oct-2011 10:15:12] PHP Warning:  session_start(): open(/var/lib/php/session/sess_qmtt5ilt8lagh167uov02ha730, O_RDWR) failed: Permission denied (13) in /home/pweb/development/prjs/websites/puglieseweb.com/beta/includes/master-head.inc.php on line 6
[28-Oct-2011 10:15:20] PHP Warning:  session_start(): open(/var/lib/php/session/sess_qmtt5ilt8lagh167uov02ha730, O_RDWR) failed: Permission denied (13) in /home/pweb/development/prjs/websites/puglieseweb.com/beta/includes/master-head.inc.php on line 6
[28-Oct-2011 10:15:32] PHP Warning:  session_start(): open(/var/lib/php/session/sess_qmtt5ilt8lagh167uov02ha730, O_RDWR) failed: Permission denied (13) in /home/pweb/development/prjs/websites/puglieseweb.com/beta/includes/master-head.inc.php on line 6
[28-Oct-2011 10:42:40] PHP Warning:  session_start(): open(/var/lib/php/session/sess_qmtt5ilt8lagh167uov02ha730, O_RDWR) failed: Permission denied (13) in /home/pweb/development/prjs/websites/puglieseweb.com/beta/includes/master-head.inc.php on line 6
[28-Oct-2011 10:43:54] PHP Warning:  session_start(): open(/var/lib/php/session/sess_qmtt5ilt8lagh167uov02ha730, O_RDWR) failed: Permission denied (13) in /home/pweb/development/prjs/websites/puglieseweb.com/beta/includes/master-head.inc.php on line 6
[28-Oct-2011 10:43:54] PHP Warning:  require(../../../includes/profile_box.inc.php): failed to open stream: No such file or directory in /home/pweb/development/prjs/websites/puglieseweb.com/beta/programming/IO/files.php on line 8
[28-Oct-2011 10:43:54] PHP Fatal error:  require(): Failed opening required '../../../includes/profile_box.inc.php' (include_path='.:/usr/share/pear:/usr/share/php') in /home/pweb/development/prjs/websites/puglieseweb.com/beta/programming/IO/files.php on line 8
[28-Oct-2011 10:44:06] PHP Warning:  session_start(): open(/var/lib/php/session/sess_qmtt5ilt8lagh167uov02ha730, O_RDWR) failed: Permission denied (13) in /home/pweb/development/prjs/websites/puglieseweb.com/beta/includes/master-head.inc.php on line 6
[28-Oct-2011 10:44:06] PHP Warning:  require(../../../includes/profile_box.inc.php): failed to open stream: No such file or directory in /home/pweb/development/prjs/websites/puglieseweb.com/beta/programming/IO/files.php on line 8
[28-Oct-2011 10:44:06] PHP Fatal error:  require(): Failed opening required '../../../includes/profile_box.inc.php' (include_path='.:/usr/share/pear:/usr/share/php') in /home/pweb/development/prjs/websites/puglieseweb.com/beta/programming/IO/files.php on line 8
[28-Oct-2011 10:44:07] PHP Warning:  session_start(): open(/var/lib/php/session/sess_qmtt5ilt8lagh167uov02ha730, O_RDWR) failed: Permission denied (13) in /home/pweb/development/prjs/websites/puglieseweb.com/beta/includes/master-head.inc.php on line 6
[28-Oct-2011 10:44:07] PHP Warning:  require(../../../includes/profile_box.inc.php): failed to open stream: No such file or directory in /home/pweb/development/prjs/websites/puglieseweb.com/beta/programming/IO/files.php on line 8
[28-Oct-2011 10:44:07] PHP Fatal error:  require(): Failed opening required '../../../includes/profile_box.inc.php' (include_path='.:/usr/share/pear:/usr/share/php') in /home/pweb/development/prjs/websites/puglieseweb.com/beta/programming/IO/files.php on line 8
[28-Oct-2011 10:44:11] PHP Warning:  session_start(): open(/var/lib/php/session/sess_qmtt5ilt8lagh167uov02ha730, O_RDWR) failed: Permission denied (13) in /home/pweb/development/prjs/websites/puglieseweb.com/beta/includes/master-head.inc.php on line 6
[28-Oct-2011 10:44:11] PHP Warning:  require(../../../includes/profile_box.inc.php): failed to open stream: No such file or directory in /home/pweb/development/prjs/websites/puglieseweb.com/beta/programming/IO/files.php on line 8
[28-Oct-2011 10:44:11] PHP Fatal error:  require(): Failed opening required '../../../includes/profile_box.inc.php' (include_path='.:/usr/share/pear:/usr/share/php') in /home/pweb/development/prjs/websites/puglieseweb.com/beta/programming/IO/files.php on line 8
[28-Oct-2011 10:44:29] PHP Warning:  session_start(): open(/var/lib/php/session/sess_qmtt5ilt8lagh167uov02ha730, O_RDWR) failed: Permission denied (13) in /home/pweb/development/prjs/websites/puglieseweb.com/beta/includes/master-head.inc.php on line 6
[28-Oct-2011 10:44:29] PHP Warning:  require(../../../includes/profile_box.inc.php): failed to open stream: No such file or directory in /home/pweb/development/prjs/websites/puglieseweb.com/beta/programming/IO/files.php on line 8
[28-Oct-2011 10:44:29] PHP Fatal error:  require(): Failed opening required '../../../includes/profile_box.inc.php' (include_path='.:/usr/share/pear:/usr/share/php') in /home/pweb/development/prjs/websites/puglieseweb.com/beta/programming/IO/files.php on line 8
[28-Oct-2011 11:08:28] PHP Warning:  session_start(): open(/var/lib/php/session/sess_qmtt5ilt8lagh167uov02ha730, O_RDWR) failed: Permission denied (13) in /home/pweb/development/prjs/websites/puglieseweb.com/beta/includes/master-head.inc.php on line 6
[28-Oct-2011 11:08:28] PHP Warning:  require(../../../includes/profile_box.inc.php): failed to open stream: No such file or directory in /home/pweb/development/prjs/websites/puglieseweb.com/beta/programming/IO/files.php on line 8
[28-Oct-2011 11:08:28] PHP Fatal error:  require(): Failed opening required '../../../includes/profile_box.inc.php' (include_path='.:/usr/share/pear:/usr/share/php') in /home/pweb/development/prjs/websites/puglieseweb.com/beta/programming/IO/files.php on line 8
[28-Oct-2011 11:09:27] PHP Warning:  session_start(): open(/var/lib/php/session/sess_qmtt5ilt8lagh167uov02ha730, O_RDWR) failed: Permission denied (13) in /home/pweb/development/prjs/websites/puglieseweb.com/beta/includes/master-head.inc.php on line 6
[28-Oct-2011 11:09:27] PHP Warning:  require(../../../includes/profile_box.inc.php): failed to open stream: No such file or directory in /home/pweb/development/prjs/websites/puglieseweb.com/beta/programming/IO/files.php on line 8
[28-Oct-2011 11:09:27] PHP Fatal error:  require(): Failed opening required '../../../includes/profile_box.inc.php' (include_path='.:/usr/share/pear:/usr/share/php') in /home/pweb/development/prjs/websites/puglieseweb.com/beta/programming/IO/files.php on line 8
[28-Oct-2011 11:09:28] PHP Warning:  session_start(): open(/var/lib/php/session/sess_qmtt5ilt8lagh167uov02ha730, O_RDWR) failed: Permission denied (13) in /home/pweb/development/prjs/websites/puglieseweb.com/beta/includes/master-head.inc.php on line 6
[28-Oct-2011 11:09:28] PHP Warning:  require(../../../includes/profile_box.inc.php): failed to open stream: No such file or directory in /home/pweb/development/prjs/websites/puglieseweb.com/beta/programming/IO/files.php on line 8
[28-Oct-2011 11:09:28] PHP Fatal error:  require(): Failed opening required '../../../includes/profile_box.inc.php' (include_path='.:/usr/share/pear:/usr/share/php') in /home/pweb/development/prjs/websites/puglieseweb.com/beta/programming/IO/files.php on line 8
[28-Oct-2011 11:09:29] PHP Warning:  session_start(): open(/var/lib/php/session/sess_qmtt5ilt8lagh167uov02ha730, O_RDWR) failed: Permission denied (13) in /home/pweb/development/prjs/websites/puglieseweb.com/beta/includes/master-head.inc.php on line 6
[28-Oct-2011 11:09:29] PHP Warning:  require(../../../includes/profile_box.inc.php): failed to open stream: No such file or directory in /home/pweb/development/prjs/websites/puglieseweb.com/beta/programming/IO/files.php on line 8
[28-Oct-2011 11:09:29] PHP Fatal error:  require(): Failed opening required '../../../includes/profile_box.inc.php' (include_path='.:/usr/share/pear:/usr/share/php') in /home/pweb/development/prjs/websites/puglieseweb.com/beta/programming/IO/files.php on line 8
[28-Oct-2011 11:09:41] PHP Warning:  session_start(): open(/var/lib/php/session/sess_qmtt5ilt8lagh167uov02ha730, O_RDWR) failed: Permission denied (13) in /home/pweb/development/prjs/websites/puglieseweb.com/beta/includes/master-head.inc.php on line 6
[28-Oct-2011 11:09:41] PHP Warning:  require(../../../includes/profile_box.inc.php): failed to open stream: No such file or directory in /home/pweb/development/prjs/websites/puglieseweb.com/beta/programming/IO/files.php on line 8
[28-Oct-2011 11:09:41] PHP Fatal error:  require(): Failed opening required '../../../includes/profile_box.inc.php' (include_path='.:/usr/share/pear:/usr/share/php') in /home/pweb/development/prjs/websites/puglieseweb.com/beta/programming/IO/files.php on line 8
[28-Oct-2011 11:09:42] PHP Warning:  session_start(): open(/var/lib/php/session/sess_qmtt5ilt8lagh167uov02ha730, O_RDWR) failed: Permission denied (13) in /home/pweb/development/prjs/websites/puglieseweb.com/beta/includes/master-head.inc.php on line 6
[28-Oct-2011 11:09:42] PHP Warning:  require(../../../includes/profile_box.inc.php): failed to open stream: No such file or directory in /home/pweb/development/prjs/websites/puglieseweb.com/beta/programming/IO/files.php on line 8
[28-Oct-2011 11:09:42] PHP Fatal error:  require(): Failed opening required '../../../includes/profile_box.inc.php' (include_path='.:/usr/share/pear:/usr/share/php') in /home/pweb/development/prjs/websites/puglieseweb.com/beta/programming/IO/files.php on line 8
[28-Oct-2011 11:12:46] PHP Warning:  session_start(): open(/var/lib/php/session/sess_qmtt5ilt8lagh167uov02ha730, O_RDWR) failed: Permission denied (13) in /home/pweb/development/prjs/websites/puglieseweb.com/beta/includes/master-head.inc.php on line 6
[28-Oct-2011 11:12:46] PHP Warning:  require(../../../includes/profile_box.inc.php): failed to open stream: No such file or directory in /home/pweb/development/prjs/websites/puglieseweb.com/beta/programming/IO/files.php on line 8
[28-Oct-2011 11:12:46] PHP Fatal error:  require(): Failed opening required '../../../includes/profile_box.inc.php' (include_path='.:/usr/share/pear:/usr/share/php') in /home/pweb/development/prjs/websites/puglieseweb.com/beta/programming/IO/files.php on line 8
[28-Oct-2011 11:12:55] PHP Warning:  session_start(): open(/var/lib/php/session/sess_ur1v37o6jamuc042b5j9p2c4g4, O_RDWR) failed: Permission denied (13) in /home/pweb/development/prjs/websites/puglieseweb.com/beta/includes/master-head.inc.php on line 6
[28-Oct-2011 11:12:55] PHP Warning:  require(../../../includes/profile_box.inc.php): failed to open stream: No such file or directory in /home/pweb/development/prjs/websites/puglieseweb.com/beta/programming/IO/files.php on line 8
[28-Oct-2011 11:12:55] PHP Fatal error:  require(): Failed opening required '../../../includes/profile_box.inc.php' (include_path='.:/usr/share/pear:/usr/share/php') in /home/pweb/development/prjs/websites/puglieseweb.com/beta/programming/IO/files.php on line 8
[28-Oct-2011 11:13:54] PHP Warning:  session_start(): open(/var/lib/php/session/sess_qmtt5ilt8lagh167uov02ha730, O_RDWR) failed: Permission denied (13) in /home/pweb/development/prjs/websites/puglieseweb.com/beta/includes/master-head.inc.php on line 6
[28-Oct-2011 11:13:54] PHP Warning:  require(../../../includes/profile_box.inc.php): failed to open stream: No such file or directory in /home/pweb/development/prjs/websites/puglieseweb.com/beta/programming/IO/files.php on line 8
[28-Oct-2011 11:13:54] PHP Fatal error:  require(): Failed opening required '../../../includes/profile_box.inc.php' (include_path='.:/usr/share/pear:/usr/share/php') in /home/pweb/development/prjs/websites/puglieseweb.com/beta/programming/IO/files.php on line 8
[28-Oct-2011 11:14:15] PHP Warning:  session_start(): open(/var/lib/php/session/sess_qmtt5ilt8lagh167uov02ha730, O_RDWR) failed: Permission denied (13) in /home/pweb/development/prjs/websites/puglieseweb.com/beta/includes/master-head.inc.php on line 6
[28-Oct-2011 11:14:15] PHP Warning:  require(../../../includes/profile_box.inc.php): failed to open stream: No such file or directory in /home/pweb/development/prjs/websites/puglieseweb.com/beta/programming/IO/files.php on line 8
[28-Oct-2011 11:14:15] PHP Fatal error:  require(): Failed opening required '../../../includes/profile_box.inc.php' (include_path='.:/usr/share/pear:/usr/share/php') in /home/pweb/development/prjs/websites/puglieseweb.com/beta/programming/IO/files.php on line 8
[28-Oct-2011 11:14:16] PHP Warning:  session_start(): open(/var/lib/php/session/sess_qmtt5ilt8lagh167uov02ha730, O_RDWR) failed: Permission denied (13) in /home/pweb/development/prjs/websites/puglieseweb.com/beta/includes/master-head.inc.php on line 6
[28-Oct-2011 11:14:16] PHP Warning:  require(../../../includes/profile_box.inc.php): failed to open stream: No such file or directory in /home/pweb/development/prjs/websites/puglieseweb.com/beta/programming/IO/files.php on line 8
[28-Oct-2011 11:14:16] PHP Fatal error:  require(): Failed opening required '../../../includes/profile_box.inc.php' (include_path='.:/usr/share/pear:/usr/share/php') in /home/pweb/development/prjs/websites/puglieseweb.com/beta/programming/IO/files.php on line 8
[28-Oct-2011 11:14:17] PHP Warning:  session_start(): open(/var/lib/php/session/sess_qmtt5ilt8lagh167uov02ha730, O_RDWR) failed: Permission denied (13) in /home/pweb/development/prjs/websites/puglieseweb.com/beta/includes/master-head.inc.php on line 6
[28-Oct-2011 11:14:17] PHP Warning:  require(../../../includes/profile_box.inc.php): failed to open stream: No such file or directory in /home/pweb/development/prjs/websites/puglieseweb.com/beta/programming/IO/files.php on line 8
[28-Oct-2011 11:14:17] PHP Fatal error:  require(): Failed opening required '../../../includes/profile_box.inc.php' (include_path='.:/usr/share/pear:/usr/share/php') in /home/pweb/development/prjs/websites/puglieseweb.com/beta/programming/IO/files.php on line 8
[28-Oct-2011 11:14:22] PHP Warning:  session_start(): open(/var/lib/php/session/sess_qmtt5ilt8lagh167uov02ha730, O_RDWR) failed: Permission denied (13) in /home/pweb/development/prjs/websites/puglieseweb.com/beta/includes/master-head.inc.php on line 6
[28-Oct-2011 11:14:22] PHP Warning:  require(../../../includes/profile_box.inc.php): failed to open stream: No such file or directory in /home/pweb/development/prjs/websites/puglieseweb.com/beta/programming/IO/files.php on line 8
[28-Oct-2011 11:14:22] PHP Fatal error:  require(): Failed opening required '../../../includes/profile_box.inc.php' (include_path='.:/usr/share/pear:/usr/share/php') in /home/pweb/development/prjs/websites/puglieseweb.com/beta/programming/IO/files.php on line 8
[28-Oct-2011 11:14:37] PHP Warning:  session_start(): open(/var/lib/php/session/sess_qmtt5ilt8lagh167uov02ha730, O_RDWR) failed: Permission denied (13) in /home/pweb/development/prjs/websites/puglieseweb.com/beta/includes/master-head.inc.php on line 6
[28-Oct-2011 11:14:37] PHP Warning:  require(../../../includes/profile_box.inc.php): failed to open stream: No such file or directory in /home/pweb/development/prjs/websites/puglieseweb.com/beta/programming/IO/files.php on line 8
[28-Oct-2011 11:14:37] PHP Fatal error:  require(): Failed opening required '../../../includes/profile_box.inc.php' (include_path='.:/usr/share/pear:/usr/share/php') in /home/pweb/development/prjs/websites/puglieseweb.com/beta/programming/IO/files.php on line 8
[28-Oct-2011 11:14:39] PHP Warning:  session_start(): open(/var/lib/php/session/sess_qmtt5ilt8lagh167uov02ha730, O_RDWR) failed: Permission denied (13) in /home/pweb/development/prjs/websites/puglieseweb.com/beta/includes/master-head.inc.php on line 6
[28-Oct-2011 11:14:39] PHP Warning:  require(../../../includes/profile_box.inc.php): failed to open stream: No such file or directory in /home/pweb/development/prjs/websites/puglieseweb.com/beta/programming/IO/files.php on line 8
[28-Oct-2011 11:14:39] PHP Fatal error:  require(): Failed opening required '../../../includes/profile_box.inc.php' (include_path='.:/usr/share/pear:/usr/share/php') in /home/pweb/development/prjs/websites/puglieseweb.com/beta/programming/IO/files.php on line 8
[28-Oct-2011 11:15:02] PHP Warning:  session_start(): open(/var/lib/php/session/sess_qmtt5ilt8lagh167uov02ha730, O_RDWR) failed: Permission denied (13) in /home/pweb/development/prjs/websites/puglieseweb.com/beta/includes/master-head.inc.php on line 6
[28-Oct-2011 11:15:02] PHP Warning:  require(../../../includes/profile_box.inc.php): failed to open stream: No such file or directory in /home/pweb/development/prjs/websites/puglieseweb.com/beta/programming/IO/files.php on line 8
[28-Oct-2011 11:15:02] PHP Fatal error:  require(): Failed opening required '../../../includes/profile_box.inc.php' (include_path='.:/usr/share/pear:/usr/share/php') in /home/pweb/development/prjs/websites/puglieseweb.com/beta/programming/IO/files.php on line 8
[28-Oct-2011 11:15:03] PHP Warning:  session_start(): open(/var/lib/php/session/sess_qmtt5ilt8lagh167uov02ha730, O_RDWR) failed: Permission denied (13) in /home/pweb/development/prjs/websites/puglieseweb.com/beta/includes/master-head.inc.php on line 6
[28-Oct-2011 11:15:03] PHP Warning:  require(../../../includes/profile_box.inc.php): failed to open stream: No such file or directory in /home/pweb/development/prjs/websites/puglieseweb.com/beta/programming/IO/files.php on line 8
[28-Oct-2011 11:15:03] PHP Fatal error:  require(): Failed opening required '../../../includes/profile_box.inc.php' (include_path='.:/usr/share/pear:/usr/share/php') in /home/pweb/development/prjs/websites/puglieseweb.com/beta/programming/IO/files.php on line 8
[28-Oct-2011 11:34:14] PHP Warning:  session_start(): open(/var/lib/php/session/sess_utmfb4mk0oitd16v7akl002ig5, O_RDWR) failed: Permission denied (13) in /home/pweb/development/prjs/websites/puglieseweb.com/beta/includes/master-head.inc.php on line 6
[28-Oct-2011 11:34:14] PHP Warning:  require(../../../includes/profile_box.inc.php): failed to open stream: No such file or directory in /home/pweb/development/prjs/websites/puglieseweb.com/beta/programming/IO/files.php on line 8
[28-Oct-2011 11:34:14] PHP Fatal error:  require(): Failed opening required '../../../includes/profile_box.inc.php' (include_path='.:/usr/share/pear:/usr/share/php') in /home/pweb/development/prjs/websites/puglieseweb.com/beta/programming/IO/files.php on line 8
[28-Oct-2011 12:38:17] PHP Warning:  session_start(): open(/var/lib/php/session/sess_utmfb4mk0oitd16v7akl002ig5, O_RDWR) failed: Permission denied (13) in /home/pweb/development/prjs/websites/puglieseweb.com/beta/includes/master-head.inc.php on line 6
[28-Oct-2011 12:38:17] PHP Warning:  require(../../../includes/profile_box.inc.php): failed to open stream: No such file or directory in /home/pweb/development/prjs/websites/puglieseweb.com/beta/programming/IO/files.php on line 8
[28-Oct-2011 12:38:17] PHP Fatal error:  require(): Failed opening required '../../../includes/profile_box.inc.php' (include_path='.:/usr/share/pear:/usr/share/php') in /home/pweb/development/prjs/websites/puglieseweb.com/beta/programming/IO/files.php on line 8
[28-Oct-2011 13:07:30] PHP Warning:  session_start(): open(/var/lib/php/session/sess_utmfb4mk0oitd16v7akl002ig5, O_RDWR) failed: Permission denied (13) in /home/pweb/development/prjs/websites/puglieseweb.com/beta/includes/master-head.inc.php on line 6
[28-Oct-2011 13:07:30] PHP Warning:  require(../../../includes/profile_box.inc.php): failed to open stream: No such file or directory in /home/pweb/development/prjs/websites/puglieseweb.com/beta/programming/IO/files.php on line 8
[28-Oct-2011 13:07:30] PHP Fatal error:  require(): Failed opening required '../../../includes/profile_box.inc.php' (include_path='.:/usr/share/pear:/usr/share/php') in /home/pweb/development/prjs/websites/puglieseweb.com/beta/programming/IO/files.php on line 8
[28-Oct-2011 15:13:58] PHP Warning:  session_start(): open(/var/lib/php/session/sess_utmfb4mk0oitd16v7akl002ig5, O_RDWR) failed: Permission denied (13) in /home/pweb/development/prjs/websites/puglieseweb.com/beta/includes/master-head.inc.php on line 6
[28-Oct-2011 15:13:58] PHP Warning:  require(../../../includes/profile_box.inc.php): failed to open stream: No such file or directory in /home/pweb/development/prjs/websites/puglieseweb.com/beta/programming/IO/files.php on line 8
[28-Oct-2011 15:13:58] PHP Fatal error:  require(): Failed opening required '../../../includes/profile_box.inc.php' (include_path='.:/usr/share/pear:/usr/share/php') in /home/pweb/development/prjs/websites/puglieseweb.com/beta/programming/IO/files.php on line 8
[31-Oct-2011 11:15:11] PHP Warning:  session_start(): open(/var/lib/php/session/sess_4llb95636jid5h76cdofif8k95, O_RDWR) failed: Permission denied (13) in /home/pweb/development/prjs/websites/puglieseweb.com/beta/includes/master-head.inc.php on line 6
[31-Oct-2011 11:15:11] PHP Stack trace:
[31-Oct-2011 11:15:11] PHP   1. {main}() /home/pweb/development/prjs/websites/puglieseweb.com/beta/programming/IO/files.php:0
[31-Oct-2011 11:15:11] PHP   2. include() /home/pweb/development/prjs/websites/puglieseweb.com/beta/programming/IO/files.php:1
[31-Oct-2011 11:15:11] PHP   3. session_start() /home/pweb/development/prjs/websites/puglieseweb.com/beta/includes/master-head.inc.php:6
[31-Oct-2011 11:15:11] PHP Warning:  require(../../../includes/profile_box.inc.php): failed to open stream: No such file or directory in /home/pweb/development/prjs/websites/puglieseweb.com/beta/programming/IO/files.php on line 8
[31-Oct-2011 11:15:11] PHP Stack trace:
[31-Oct-2011 11:15:11] PHP   1. {main}() /home/pweb/development/prjs/websites/puglieseweb.com/beta/programming/IO/files.php:0
[31-Oct-2011 11:15:11] PHP Fatal error:  require(): Failed opening required '../../../includes/profile_box.inc.php' (include_path='.:/usr/share/pear:/usr/share/php') in /home/pweb/development/prjs/websites/puglieseweb.com/beta/programming/IO/files.php on line 8
[31-Oct-2011 11:15:11] PHP Stack trace:
[31-Oct-2011 11:15:11] PHP   1. {main}() /home/pweb/development/prjs/websites/puglieseweb.com/beta/programming/IO/files.php:0
[31-Oct-2011 11:16:20] PHP Warning:  session_start(): open(/var/lib/php/session/sess_4llb95636jid5h76cdofif8k95, O_RDWR) failed: Permission denied (13) in /home/pweb/development/prjs/websites/puglieseweb.com/beta/includes/master-head.inc.php on line 6
[31-Oct-2011 11:16:20] PHP Stack trace:
[31-Oct-2011 11:16:20] PHP   1. {main}() /home/pweb/development/prjs/websites/puglieseweb.com/beta/programming/IO/files.php:0
[31-Oct-2011 11:16:20] PHP   2. include() /home/pweb/development/prjs/websites/puglieseweb.com/beta/programming/IO/files.php:1
[31-Oct-2011 11:16:20] PHP   3. session_start() /home/pweb/development/prjs/websites/puglieseweb.com/beta/includes/master-head.inc.php:6
[31-Oct-2011 11:16:20] PHP Warning:  session_start(): open(/var/lib/php/session/sess_4llb95636jid5h76cdofif8k95, O_RDWR) failed: Permission denied (13) in /home/pweb/development/prjs/websites/puglieseweb.com/beta/includes/master-head.inc.php on line 6
[31-Oct-2011 11:16:20] PHP Stack trace:
[31-Oct-2011 11:16:20] PHP   1. {main}() /home/pweb/development/prjs/websites/puglieseweb.com/beta/programming/IO/files.php:0
[31-Oct-2011 11:16:20] PHP   2. include() /home/pweb/development/prjs/websites/puglieseweb.com/beta/programming/IO/files.php:1
[31-Oct-2011 11:16:20] PHP   3. session_start() /home/pweb/development/prjs/websites/puglieseweb.com/beta/includes/master-head.inc.php:6
[31-Oct-2011 11:16:49] PHP Warning:  session_start(): open(/var/lib/php/session/sess_4llb95636jid5h76cdofif8k95, O_RDWR) failed: Permission denied (13) in /home/pweb/development/prjs/websites/puglieseweb.com/beta/includes/master-head.inc.php on line 6
[31-Oct-2011 11:16:49] PHP Stack trace:
[31-Oct-2011 11:16:49] PHP   1. {main}() /home/pweb/development/prjs/websites/puglieseweb.com/beta/programming/IO/files.php:0
[31-Oct-2011 11:16:49] PHP   2. include() /home/pweb/development/prjs/websites/puglieseweb.com/beta/programming/IO/files.php:1
[31-Oct-2011 11:16:49] PHP   3. session_start() /home/pweb/development/prjs/websites/puglieseweb.com/beta/includes/master-head.inc.php:6
[31-Oct-2011 11:16:49] PHP Warning:  session_start(): open(/var/lib/php/session/sess_4llb95636jid5h76cdofif8k95, O_RDWR) failed: Permission denied (13) in /home/pweb/development/prjs/websites/puglieseweb.com/beta/includes/master-head.inc.php on line 6
[31-Oct-2011 11:16:49] PHP Stack trace:
[31-Oct-2011 11:16:49] PHP   1. {main}() /home/pweb/development/prjs/websites/puglieseweb.com/beta/programming/IO/files.php:0
[31-Oct-2011 11:16:49] PHP   2. include() /home/pweb/development/prjs/websites/puglieseweb.com/beta/programming/IO/files.php:1
[31-Oct-2011 11:16:49] PHP   3. session_start() /home/pweb/development/prjs/websites/puglieseweb.com/beta/includes/master-head.inc.php:6
[31-Oct-2011 11:17:07] PHP Warning:  session_start(): open(/var/lib/php/session/sess_4llb95636jid5h76cdofif8k95, O_RDWR) failed: Permission denied (13) in /home/pweb/development/prjs/websites/puglieseweb.com/beta/includes/master-head.inc.php on line 6
[31-Oct-2011 11:17:07] PHP Stack trace:
[31-Oct-2011 11:17:07] PHP   1. {main}() /home/pweb/development/prjs/websites/puglieseweb.com/beta/programming/IO/files.php:0
[31-Oct-2011 11:17:07] PHP   2. include() /home/pweb/development/prjs/websites/puglieseweb.com/beta/programming/IO/files.php:1
[31-Oct-2011 11:17:07] PHP   3. session_start() /home/pweb/development/prjs/websites/puglieseweb.com/beta/includes/master-head.inc.php:6
[31-Oct-2011 11:17:07] PHP Warning:  session_start(): open(/var/lib/php/session/sess_4llb95636jid5h76cdofif8k95, O_RDWR) failed: Permission denied (13) in /home/pweb/development/prjs/websites/puglieseweb.com/beta/includes/master-head.inc.php on line 6
[31-Oct-2011 11:17:07] PHP Stack trace:
[31-Oct-2011 11:17:07] PHP   1. {main}() /home/pweb/development/prjs/websites/puglieseweb.com/beta/programming/IO/files.php:0
[31-Oct-2011 11:17:07] PHP   2. include() /home/pweb/development/prjs/websites/puglieseweb.com/beta/programming/IO/files.php:1
[31-Oct-2011 11:17:07] PHP   3. session_start() /home/pweb/development/prjs/websites/puglieseweb.com/beta/includes/master-head.inc.php:6
[31-Oct-2011 11:17:17] PHP Warning:  session_start(): open(/var/lib/php/session/sess_4llb95636jid5h76cdofif8k95, O_RDWR) failed: Permission denied (13) in /home/pweb/development/prjs/websites/puglieseweb.com/beta/includes/master-head.inc.php on line 6
[31-Oct-2011 11:17:17] PHP Stack trace:
[31-Oct-2011 11:17:17] PHP   1. {main}() /home/pweb/development/prjs/websites/puglieseweb.com/beta/programming/IO/files.php:0
[31-Oct-2011 11:17:17] PHP   2. include() /home/pweb/development/prjs/websites/puglieseweb.com/beta/programming/IO/files.php:1
[31-Oct-2011 11:17:17] PHP   3. session_start() /home/pweb/development/prjs/websites/puglieseweb.com/beta/includes/master-head.inc.php:6
[31-Oct-2011 11:17:17] PHP Warning:  session_start(): open(/var/lib/php/session/sess_4llb95636jid5h76cdofif8k95, O_RDWR) failed: Permission denied (13) in /home/pweb/development/prjs/websites/puglieseweb.com/beta/includes/master-head.inc.php on line 6
[31-Oct-2011 11:17:17] PHP Stack trace:
[31-Oct-2011 11:17:17] PHP   1. {main}() /home/pweb/development/prjs/websites/puglieseweb.com/beta/programming/IO/files.php:0
[31-Oct-2011 11:17:17] PHP   2. include() /home/pweb/development/prjs/websites/puglieseweb.com/beta/programming/IO/files.php:1
[31-Oct-2011 11:17:17] PHP   3. session_start() /home/pweb/development/prjs/websites/puglieseweb.com/beta/includes/master-head.inc.php:6
[31-Oct-2011 11:18:01] PHP Warning:  session_start(): open(/var/lib/php/session/sess_4llb95636jid5h76cdofif8k95, O_RDWR) failed: Permission denied (13) in /home/pweb/development/prjs/websites/puglieseweb.com/beta/includes/master-head.inc.php on line 6
[31-Oct-2011 11:18:01] PHP Stack trace:
[31-Oct-2011 11:18:01] PHP   1. {main}() /home/pweb/development/prjs/websites/puglieseweb.com/beta/programming/IO/files.php:0
[31-Oct-2011 11:18:01] PHP   2. include() /home/pweb/development/prjs/websites/puglieseweb.com/beta/programming/IO/files.php:1
[31-Oct-2011 11:18:01] PHP   3. session_start() /home/pweb/development/prjs/websites/puglieseweb.com/beta/includes/master-head.inc.php:6
[31-Oct-2011 11:18:01] PHP Warning:  session_start(): open(/var/lib/php/session/sess_4llb95636jid5h76cdofif8k95, O_RDWR) failed: Permission denied (13) in /home/pweb/development/prjs/websites/puglieseweb.com/beta/includes/master-head.inc.php on line 6
[31-Oct-2011 11:18:01] PHP Stack trace:
[31-Oct-2011 11:18:01] PHP   1. {main}() /home/pweb/development/prjs/websites/puglieseweb.com/beta/programming/IO/files.php:0
[31-Oct-2011 11:18:01] PHP   2. include() /home/pweb/development/prjs/websites/puglieseweb.com/beta/programming/IO/files.php:1
[31-Oct-2011 11:18:01] PHP   3. session_start() /home/pweb/development/prjs/websites/puglieseweb.com/beta/includes/master-head.inc.php:6
[31-Oct-2011 11:18:41] PHP Warning:  session_start(): open(/var/lib/php/session/sess_4llb95636jid5h76cdofif8k95, O_RDWR) failed: Permission denied (13) in /home/pweb/development/prjs/websites/puglieseweb.com/beta/includes/master-head.inc.php on line 6
[31-Oct-2011 11:18:41] PHP Stack trace:
[31-Oct-2011 11:18:41] PHP   1. {main}() /home/pweb/development/prjs/websites/puglieseweb.com/beta/programming/IO/files.php:0
[31-Oct-2011 11:18:41] PHP   2. include() /home/pweb/development/prjs/websites/puglieseweb.com/beta/programming/IO/files.php:1
[31-Oct-2011 11:18:41] PHP   3. session_start() /home/pweb/development/prjs/websites/puglieseweb.com/beta/includes/master-head.inc.php:6
[31-Oct-2011 11:18:41] PHP Warning:  session_start(): open(/var/lib/php/session/sess_4llb95636jid5h76cdofif8k95, O_RDWR) failed: Permission denied (13) in /home/pweb/development/prjs/websites/puglieseweb.com/beta/includes/master-head.inc.php on line 6
[31-Oct-2011 11:18:41] PHP Stack trace:
[31-Oct-2011 11:18:41] PHP   1. {main}() /home/pweb/development/prjs/websites/puglieseweb.com/beta/programming/IO/files.php:0
[31-Oct-2011 11:18:41] PHP   2. include() /home/pweb/development/prjs/websites/puglieseweb.com/beta/programming/IO/files.php:1
[31-Oct-2011 11:18:41] PHP   3. session_start() /home/pweb/development/prjs/websites/puglieseweb.com/beta/includes/master-head.inc.php:6
[03-Nov-2011 00:06:40] PHP Warning:  session_start(): open(/var/lib/php/session/sess_n3napgi0c26n9ip4i32afij9h1, O_RDWR) failed: Permission denied (13) in /home/pweb/development/prjs/websites/puglieseweb.com/beta/includes/master-head.inc.php on line 6
[03-Nov-2011 00:06:40] PHP Stack trace:
[03-Nov-2011 00:06:40] PHP   1. {main}() /home/pweb/development/prjs/websites/puglieseweb.com/beta/programming/IO/files.php:0
[03-Nov-2011 00:06:40] PHP   2. include() /home/pweb/development/prjs/websites/puglieseweb.com/beta/programming/IO/files.php:1
[03-Nov-2011 00:06:40] PHP   3. session_start() /home/pweb/development/prjs/websites/puglieseweb.com/beta/includes/master-head.inc.php:6
[06-Nov-2011 21:47:18] PHP Warning:  session_start(): open(/var/lib/php/session/sess_3d25ic7li88c7at6ta1b46l751, O_RDWR) failed: Permission denied (13) in /home/pweb/development/prjs/websites/puglieseweb.com/beta/includes/master-head.inc.php on line 6
[06-Nov-2011 21:47:18] PHP Stack trace:
[06-Nov-2011 21:47:18] PHP   1. {main}() /home/pweb/development/prjs/websites/puglieseweb.com/beta/pages/programming/IO/files.php:0
[06-Nov-2011 21:47:18] PHP   2. include() /home/pweb/development/prjs/websites/puglieseweb.com/beta/pages/programming/IO/files.php:1
[06-Nov-2011 21:47:18] PHP   3. session_start() /home/pweb/development/prjs/websites/puglieseweb.com/beta/includes/master-head.inc.php:6
[07-Nov-2011 01:39:23] PHP Warning:  session_start(): open(/var/lib/php/session/sess_edm57uig1jrdkkf5n88o3f0q00, O_RDWR) failed: Permission denied (13) in /home/pweb/development/prjs/websites/puglieseweb.com/beta/includes/master-head.inc.php on line 6
[07-Nov-2011 01:39:23] PHP Stack trace:
[07-Nov-2011 01:39:23] PHP   1. {main}() /home/pweb/development/prjs/websites/puglieseweb.com/beta/pages/programming/IO/files.php:0
[07-Nov-2011 01:39:23] PHP   2. include() /home/pweb/development/prjs/websites/puglieseweb.com/beta/pages/programming/IO/files.php:1
[07-Nov-2011 01:39:23] PHP   3. session_start() /home/pweb/development/prjs/websites/puglieseweb.com/beta/includes/master-head.inc.php:6
[07-Nov-2011 01:39:23] PHP Warning:  session_start(): open(/var/lib/php/session/sess_edm57uig1jrdkkf5n88o3f0q00, O_RDWR) failed: Permission denied (13) in /home/pweb/development/prjs/websites/puglieseweb.com/beta/includes/master-head.inc.php on line 6
[07-Nov-2011 01:39:23] PHP Stack trace:
[07-Nov-2011 01:39:23] PHP   1. {main}() /home/pweb/development/prjs/websites/puglieseweb.com/beta/pages/programming/IO/files.php:0
[07-Nov-2011 01:39:23] PHP   2. include() /home/pweb/development/prjs/websites/puglieseweb.com/beta/pages/programming/IO/files.php:1
[07-Nov-2011 01:39:23] PHP   3. session_start() /home/pweb/development/prjs/websites/puglieseweb.com/beta/includes/master-head.inc.php:6
