[20-Aug-2011 11:46:07] PHP Warning:  include(../../includes/master-head.inc.php): failed to open stream: No such file or directory in /home/pweb/development/prjs/websites/puglieseweb.com/beta/about/index.php on line 1
[20-Aug-2011 11:46:07] PHP Warning:  include(): Failed opening '../../includes/master-head.inc.php' for inclusion (include_path='.:/usr/share/pear:/usr/share/php') in /home/pweb/development/prjs/websites/puglieseweb.com/beta/about/index.php on line 1
[20-Aug-2011 11:46:08] PHP Warning:  require(profile/alber.inc.php): failed to open stream: No such file or directory in /home/pweb/development/prjs/websites/puglieseweb.com/beta/about/index.php on line 4
[20-Aug-2011 11:46:08] PHP Fatal error:  require(): Failed opening required 'profile/alber.inc.php' (include_path='.:/usr/share/pear:/usr/share/php') in /home/pweb/development/prjs/websites/puglieseweb.com/beta/about/index.php on line 4
[20-Aug-2011 11:47:07] PHP Warning:  session_start(): open(/var/lib/php/session/sess_mfu9id2thub805gfrqduns2b70, O_RDWR) failed: Permission denied (13) in /home/pweb/development/prjs/websites/puglieseweb.com/beta/includes/master-head.inc.php on line 6
[20-Aug-2011 11:47:07] PHP Warning:  require(profile/alber.inc.php): failed to open stream: No such file or directory in /home/pweb/development/prjs/websites/puglieseweb.com/beta/about/index.php on line 4
[20-Aug-2011 11:47:07] PHP Fatal error:  require(): Failed opening required 'profile/alber.inc.php' (include_path='.:/usr/share/pear:/usr/share/php') in /home/pweb/development/prjs/websites/puglieseweb.com/beta/about/index.php on line 4
[20-Aug-2011 11:59:55] PHP Warning:  session_start(): open(/var/lib/php/session/sess_mfu9id2thub805gfrqduns2b70, O_RDWR) failed: Permission denied (13) in /home/pweb/development/prjs/websites/puglieseweb.com/beta/includes/master-head.inc.php on line 6
[20-Aug-2011 11:59:55] PHP Warning:  require(profile/emanuele.inc.php): failed to open stream: No such file or directory in /home/pweb/development/prjs/websites/puglieseweb.com/beta/about/index.php on line 2
[20-Aug-2011 11:59:55] PHP Fatal error:  require(): Failed opening required 'profile/emanuele.inc.php' (include_path='.:/usr/share/pear:/usr/share/php') in /home/pweb/development/prjs/websites/puglieseweb.com/beta/about/index.php on line 2
[20-Aug-2011 12:02:40] PHP Warning:  session_start(): open(/var/lib/php/session/sess_mfu9id2thub805gfrqduns2b70, O_RDWR) failed: Permission denied (13) in /home/pweb/development/prjs/websites/puglieseweb.com/beta/includes/master-head.inc.php on line 6
[20-Aug-2011 12:03:16] PHP Warning:  session_start(): open(/var/lib/php/session/sess_mfu9id2thub805gfrqduns2b70, O_RDWR) failed: Permission denied (13) in /home/pweb/development/prjs/websites/puglieseweb.com/beta/includes/master-head.inc.php on line 6
[20-Aug-2011 12:13:38] PHP Warning:  session_start(): open(/var/lib/php/session/sess_mfu9id2thub805gfrqduns2b70, O_RDWR) failed: Permission denied (13) in /home/pweb/development/prjs/websites/puglieseweb.com/beta/includes/master-head.inc.php on line 6
[20-Aug-2011 12:16:34] PHP Warning:  session_start(): open(/var/lib/php/session/sess_mfu9id2thub805gfrqduns2b70, O_RDWR) failed: Permission denied (13) in /home/pweb/development/prjs/websites/puglieseweb.com/beta/includes/master-head.inc.php on line 6
[20-Aug-2011 12:16:42] PHP Warning:  session_start(): open(/var/lib/php/session/sess_mfu9id2thub805gfrqduns2b70, O_RDWR) failed: Permission denied (13) in /home/pweb/development/prjs/websites/puglieseweb.com/beta/includes/master-head.inc.php on line 6
[20-Aug-2011 12:16:48] PHP Warning:  session_start(): open(/var/lib/php/session/sess_mfu9id2thub805gfrqduns2b70, O_RDWR) failed: Permission denied (13) in /home/pweb/development/prjs/websites/puglieseweb.com/beta/includes/master-head.inc.php on line 6
[20-Aug-2011 12:17:25] PHP Warning:  session_start(): open(/var/lib/php/session/sess_mfu9id2thub805gfrqduns2b70, O_RDWR) failed: Permission denied (13) in /home/pweb/development/prjs/websites/puglieseweb.com/beta/includes/master-head.inc.php on line 6
[20-Aug-2011 12:30:36] PHP Warning:  session_start(): open(/var/lib/php/session/sess_mfu9id2thub805gfrqduns2b70, O_RDWR) failed: Permission denied (13) in /home/pweb/development/prjs/websites/puglieseweb.com/beta/includes/master-head.inc.php on line 6
[20-Aug-2011 16:07:45] PHP Warning:  session_start(): open(/var/lib/php/session/sess_anohffh515aaf158pams06if45, O_RDWR) failed: Permission denied (13) in /home/pweb/development/prjs/websites/puglieseweb.com/beta/includes/master-head.inc.php on line 6
[20-Aug-2011 16:07:53] PHP Warning:  session_start(): open(/var/lib/php/session/sess_anohffh515aaf158pams06if45, O_RDWR) failed: Permission denied (13) in /home/pweb/development/prjs/websites/puglieseweb.com/beta/includes/master-head.inc.php on line 6
[20-Aug-2011 16:09:15] PHP Warning:  session_start(): open(/var/lib/php/session/sess_anohffh515aaf158pams06if45, O_RDWR) failed: Permission denied (13) in /home/pweb/development/prjs/websites/puglieseweb.com/beta/includes/master-head.inc.php on line 6
[20-Aug-2011 16:09:28] PHP Warning:  session_start(): open(/var/lib/php/session/sess_anohffh515aaf158pams06if45, O_RDWR) failed: Permission denied (13) in /home/pweb/development/prjs/websites/puglieseweb.com/beta/includes/master-head.inc.php on line 6
[20-Aug-2011 16:13:40] PHP Warning:  session_start(): open(/var/lib/php/session/sess_anohffh515aaf158pams06if45, O_RDWR) failed: Permission denied (13) in /home/pweb/development/prjs/websites/puglieseweb.com/beta/includes/master-head.inc.php on line 6
[20-Aug-2011 16:13:43] PHP Warning:  session_start(): open(/var/lib/php/session/sess_anohffh515aaf158pams06if45, O_RDWR) failed: Permission denied (13) in /home/pweb/development/prjs/websites/puglieseweb.com/beta/includes/master-head.inc.php on line 6
[20-Aug-2011 16:14:26] PHP Warning:  session_start(): open(/var/lib/php/session/sess_anohffh515aaf158pams06if45, O_RDWR) failed: Permission denied (13) in /home/pweb/development/prjs/websites/puglieseweb.com/beta/includes/master-head.inc.php on line 6
[20-Aug-2011 16:14:48] PHP Warning:  session_start(): open(/var/lib/php/session/sess_anohffh515aaf158pams06if45, O_RDWR) failed: Permission denied (13) in /home/pweb/development/prjs/websites/puglieseweb.com/beta/includes/master-head.inc.php on line 6
[20-Aug-2011 16:16:14] PHP Warning:  session_start(): open(/var/lib/php/session/sess_anohffh515aaf158pams06if45, O_RDWR) failed: Permission denied (13) in /home/pweb/development/prjs/websites/puglieseweb.com/beta/includes/master-head.inc.php on line 6
[20-Aug-2011 16:16:45] PHP Warning:  session_start(): open(/var/lib/php/session/sess_anohffh515aaf158pams06if45, O_RDWR) failed: Permission denied (13) in /home/pweb/development/prjs/websites/puglieseweb.com/beta/includes/master-head.inc.php on line 6
[20-Aug-2011 16:16:48] PHP Warning:  session_start(): open(/var/lib/php/session/sess_anohffh515aaf158pams06if45, O_RDWR) failed: Permission denied (13) in /home/pweb/development/prjs/websites/puglieseweb.com/beta/includes/master-head.inc.php on line 6
[20-Aug-2011 16:16:53] PHP Warning:  session_start(): open(/var/lib/php/session/sess_anohffh515aaf158pams06if45, O_RDWR) failed: Permission denied (13) in /home/pweb/development/prjs/websites/puglieseweb.com/beta/includes/master-head.inc.php on line 6
[20-Aug-2011 16:16:56] PHP Warning:  session_start(): open(/var/lib/php/session/sess_anohffh515aaf158pams06if45, O_RDWR) failed: Permission denied (13) in /home/pweb/development/prjs/websites/puglieseweb.com/beta/includes/master-head.inc.php on line 6
[20-Aug-2011 16:17:00] PHP Warning:  session_start(): open(/var/lib/php/session/sess_anohffh515aaf158pams06if45, O_RDWR) failed: Permission denied (13) in /home/pweb/development/prjs/websites/puglieseweb.com/beta/includes/master-head.inc.php on line 6
[20-Aug-2011 16:17:03] PHP Warning:  session_start(): open(/var/lib/php/session/sess_anohffh515aaf158pams06if45, O_RDWR) failed: Permission denied (13) in /home/pweb/development/prjs/websites/puglieseweb.com/beta/includes/master-head.inc.php on line 6
[20-Aug-2011 16:17:15] PHP Warning:  session_start(): open(/var/lib/php/session/sess_anohffh515aaf158pams06if45, O_RDWR) failed: Permission denied (13) in /home/pweb/development/prjs/websites/puglieseweb.com/beta/includes/master-head.inc.php on line 6
[20-Aug-2011 16:17:19] PHP Warning:  session_start(): open(/var/lib/php/session/sess_anohffh515aaf158pams06if45, O_RDWR) failed: Permission denied (13) in /home/pweb/development/prjs/websites/puglieseweb.com/beta/includes/master-head.inc.php on line 6
[20-Aug-2011 16:20:46] PHP Warning:  session_start(): open(/var/lib/php/session/sess_anohffh515aaf158pams06if45, O_RDWR) failed: Permission denied (13) in /home/pweb/development/prjs/websites/puglieseweb.com/beta/includes/master-head.inc.php on line 6
[20-Aug-2011 16:20:53] PHP Warning:  session_start(): open(/var/lib/php/session/sess_anohffh515aaf158pams06if45, O_RDWR) failed: Permission denied (13) in /home/pweb/development/prjs/websites/puglieseweb.com/beta/includes/master-head.inc.php on line 6
[20-Aug-2011 16:20:57] PHP Warning:  session_start(): open(/var/lib/php/session/sess_anohffh515aaf158pams06if45, O_RDWR) failed: Permission denied (13) in /home/pweb/development/prjs/websites/puglieseweb.com/beta/includes/master-head.inc.php on line 6
[20-Aug-2011 16:21:00] PHP Warning:  session_start(): open(/var/lib/php/session/sess_anohffh515aaf158pams06if45, O_RDWR) failed: Permission denied (13) in /home/pweb/development/prjs/websites/puglieseweb.com/beta/includes/master-head.inc.php on line 6
[20-Aug-2011 16:22:29] PHP Warning:  session_start(): open(/var/lib/php/session/sess_anohffh515aaf158pams06if45, O_RDWR) failed: Permission denied (13) in /home/pweb/development/prjs/websites/puglieseweb.com/beta/includes/master-head.inc.php on line 6
[20-Aug-2011 16:23:07] PHP Warning:  session_start(): open(/var/lib/php/session/sess_anohffh515aaf158pams06if45, O_RDWR) failed: Permission denied (13) in /home/pweb/development/prjs/websites/puglieseweb.com/beta/includes/master-head.inc.php on line 6
[20-Aug-2011 16:23:48] PHP Warning:  session_start(): open(/var/lib/php/session/sess_anohffh515aaf158pams06if45, O_RDWR) failed: Permission denied (13) in /home/pweb/development/prjs/websites/puglieseweb.com/beta/includes/master-head.inc.php on line 6
[20-Aug-2011 16:24:56] PHP Warning:  session_start(): open(/var/lib/php/session/sess_anohffh515aaf158pams06if45, O_RDWR) failed: Permission denied (13) in /home/pweb/development/prjs/websites/puglieseweb.com/beta/includes/master-head.inc.php on line 6
[20-Aug-2011 16:24:59] PHP Warning:  session_start(): open(/var/lib/php/session/sess_anohffh515aaf158pams06if45, O_RDWR) failed: Permission denied (13) in /home/pweb/development/prjs/websites/puglieseweb.com/beta/includes/master-head.inc.php on line 6
[20-Aug-2011 16:32:42] PHP Warning:  session_start(): open(/var/lib/php/session/sess_anohffh515aaf158pams06if45, O_RDWR) failed: Permission denied (13) in /home/pweb/development/prjs/websites/puglieseweb.com/beta/includes/master-head.inc.php on line 6
[20-Aug-2011 16:32:49] PHP Warning:  session_start(): open(/var/lib/php/session/sess_anohffh515aaf158pams06if45, O_RDWR) failed: Permission denied (13) in /home/pweb/development/prjs/websites/puglieseweb.com/beta/includes/master-head.inc.php on line 6
[20-Aug-2011 16:38:01] PHP Warning:  session_start(): open(/var/lib/php/session/sess_anohffh515aaf158pams06if45, O_RDWR) failed: Permission denied (13) in /home/pweb/development/prjs/websites/puglieseweb.com/beta/includes/master-head.inc.php on line 6
[20-Aug-2011 16:38:15] PHP Warning:  session_start(): open(/var/lib/php/session/sess_anohffh515aaf158pams06if45, O_RDWR) failed: Permission denied (13) in /home/pweb/development/prjs/websites/puglieseweb.com/beta/includes/master-head.inc.php on line 6
[20-Aug-2011 16:39:06] PHP Warning:  session_start(): open(/var/lib/php/session/sess_anohffh515aaf158pams06if45, O_RDWR) failed: Permission denied (13) in /home/pweb/development/prjs/websites/puglieseweb.com/beta/includes/master-head.inc.php on line 6
[21-Aug-2011 08:56:30] PHP Warning:  session_start(): open(/var/lib/php/session/sess_1sbq4ahc10pq5lpkhsmkccv114, O_RDWR) failed: Permission denied (13) in /home/pweb/development/prjs/websites/puglieseweb.com/beta/includes/master-head.inc.php on line 6
[21-Aug-2011 08:56:33] PHP Warning:  session_start(): open(/var/lib/php/session/sess_1sbq4ahc10pq5lpkhsmkccv114, O_RDWR) failed: Permission denied (13) in /home/pweb/development/prjs/websites/puglieseweb.com/beta/includes/master-head.inc.php on line 6
[21-Aug-2011 08:56:39] PHP Warning:  session_start(): open(/var/lib/php/session/sess_1sbq4ahc10pq5lpkhsmkccv114, O_RDWR) failed: Permission denied (13) in /home/pweb/development/prjs/websites/puglieseweb.com/beta/includes/master-head.inc.php on line 6
[21-Aug-2011 08:56:42] PHP Warning:  session_start(): open(/var/lib/php/session/sess_1sbq4ahc10pq5lpkhsmkccv114, O_RDWR) failed: Permission denied (13) in /home/pweb/development/prjs/websites/puglieseweb.com/beta/includes/master-head.inc.php on line 6
[21-Aug-2011 08:56:43] PHP Warning:  session_start(): open(/var/lib/php/session/sess_1sbq4ahc10pq5lpkhsmkccv114, O_RDWR) failed: Permission denied (13) in /home/pweb/development/prjs/websites/puglieseweb.com/beta/includes/master-head.inc.php on line 6
[21-Aug-2011 08:57:08] PHP Warning:  session_start(): open(/var/lib/php/session/sess_1sbq4ahc10pq5lpkhsmkccv114, O_RDWR) failed: Permission denied (13) in /home/pweb/development/prjs/websites/puglieseweb.com/beta/includes/master-head.inc.php on line 6
[28-Aug-2011 16:37:25] PHP Warning:  session_start(): open(/var/lib/php/session/sess_irirlujt8v5v6v68ecr2be2t12, O_RDWR) failed: Permission denied (13) in /home/pweb/development/prjs/websites/puglieseweb.com/beta/includes/master-head.inc.php on line 6
[28-Aug-2011 16:37:29] PHP Warning:  session_start(): open(/var/lib/php/session/sess_irirlujt8v5v6v68ecr2be2t12, O_RDWR) failed: Permission denied (13) in /home/pweb/development/prjs/websites/puglieseweb.com/beta/includes/master-head.inc.php on line 6
[28-Aug-2011 16:40:22] PHP Warning:  session_start(): open(/var/lib/php/session/sess_irirlujt8v5v6v68ecr2be2t12, O_RDWR) failed: Permission denied (13) in /home/pweb/development/prjs/websites/puglieseweb.com/beta/includes/master-head.inc.php on line 6
[30-Aug-2011 02:17:12] PHP Warning:  session_start(): open(/var/lib/php/session/sess_5eu1uil2nu0i66dv0h6vge88a0, O_RDWR) failed: Permission denied (13) in /home/pweb/development/prjs/websites/puglieseweb.com/beta/includes/master-head.inc.php on line 6
[28-Oct-2011 11:11:42] PHP Warning:  session_start(): open(/var/lib/php/session/sess_qmtt5ilt8lagh167uov02ha730, O_RDWR) failed: Permission denied (13) in /home/pweb/development/prjs/websites/puglieseweb.com/beta/includes/master-head.inc.php on line 6
[28-Oct-2011 11:31:27] PHP Warning:  session_start(): open(/var/lib/php/session/sess_utmfb4mk0oitd16v7akl002ig5, O_RDWR) failed: Permission denied (13) in /home/pweb/development/prjs/websites/puglieseweb.com/beta/includes/master-head.inc.php on line 6
[28-Oct-2011 11:33:08] PHP Warning:  session_start(): open(/var/lib/php/session/sess_utmfb4mk0oitd16v7akl002ig5, O_RDWR) failed: Permission denied (13) in /home/pweb/development/prjs/websites/puglieseweb.com/beta/includes/master-head.inc.php on line 6
[28-Oct-2011 11:33:12] PHP Warning:  session_start(): open(/var/lib/php/session/sess_utmfb4mk0oitd16v7akl002ig5, O_RDWR) failed: Permission denied (13) in /home/pweb/development/prjs/websites/puglieseweb.com/beta/includes/master-head.inc.php on line 6
[28-Oct-2011 12:19:20] PHP Warning:  session_start(): open(/var/lib/php/session/sess_utmfb4mk0oitd16v7akl002ig5, O_RDWR) failed: Permission denied (13) in /home/pweb/development/prjs/websites/puglieseweb.com/beta/includes/master-head.inc.php on line 6
[28-Oct-2011 12:19:23] PHP Warning:  session_start(): open(/var/lib/php/session/sess_utmfb4mk0oitd16v7akl002ig5, O_RDWR) failed: Permission denied (13) in /home/pweb/development/prjs/websites/puglieseweb.com/beta/includes/master-head.inc.php on line 6
[28-Oct-2011 12:19:29] PHP Warning:  session_start(): open(/var/lib/php/session/sess_utmfb4mk0oitd16v7akl002ig5, O_RDWR) failed: Permission denied (13) in /home/pweb/development/prjs/websites/puglieseweb.com/beta/includes/master-head.inc.php on line 6
[28-Oct-2011 18:26:05] PHP Warning:  session_start(): open(/var/lib/php/session/sess_utmfb4mk0oitd16v7akl002ig5, O_RDWR) failed: Permission denied (13) in /home/pweb/development/prjs/websites/puglieseweb.com/beta/includes/master-head.inc.php on line 6
[28-Oct-2011 18:26:10] PHP Warning:  session_start(): open(/var/lib/php/session/sess_utmfb4mk0oitd16v7akl002ig5, O_RDWR) failed: Permission denied (13) in /home/pweb/development/prjs/websites/puglieseweb.com/beta/includes/master-head.inc.php on line 6
[28-Oct-2011 18:26:31] PHP Warning:  session_start(): open(/var/lib/php/session/sess_utmfb4mk0oitd16v7akl002ig5, O_RDWR) failed: Permission denied (13) in /home/pweb/development/prjs/websites/puglieseweb.com/beta/includes/master-head.inc.php on line 6
[28-Oct-2011 18:26:35] PHP Warning:  session_start(): open(/var/lib/php/session/sess_utmfb4mk0oitd16v7akl002ig5, O_RDWR) failed: Permission denied (13) in /home/pweb/development/prjs/websites/puglieseweb.com/beta/includes/master-head.inc.php on line 6
[28-Oct-2011 21:00:28] PHP Warning:  session_start(): open(/var/lib/php/session/sess_qmtt5ilt8lagh167uov02ha730, O_RDWR) failed: Permission denied (13) in /home/pweb/development/prjs/websites/puglieseweb.com/beta/includes/master-head.inc.php on line 6
[31-Oct-2011 00:22:30] PHP Warning:  session_start(): open(/var/lib/php/session/sess_92s5khegmdgpbqsd7inlu6u844, O_RDWR) failed: Permission denied (13) in /home/pweb/development/prjs/websites/puglieseweb.com/beta/includes/master-head.inc.php on line 6
[31-Oct-2011 00:22:30] PHP Stack trace:
[31-Oct-2011 00:22:30] PHP   1. {main}() /home/pweb/development/prjs/websites/puglieseweb.com/beta/about/index.php:0
[31-Oct-2011 00:22:30] PHP   2. include() /home/pweb/development/prjs/websites/puglieseweb.com/beta/about/index.php:1
[31-Oct-2011 00:22:30] PHP   3. session_start() /home/pweb/development/prjs/websites/puglieseweb.com/beta/includes/master-head.inc.php:6
[31-Oct-2011 11:22:32] PHP Warning:  session_start(): open(/var/lib/php/session/sess_4llb95636jid5h76cdofif8k95, O_RDWR) failed: Permission denied (13) in /home/pweb/development/prjs/websites/puglieseweb.com/beta/includes/master-head.inc.php on line 6
[31-Oct-2011 11:22:32] PHP Stack trace:
[31-Oct-2011 11:22:32] PHP   1. {main}() /home/pweb/development/prjs/websites/puglieseweb.com/beta/about/index.php:0
[31-Oct-2011 11:22:32] PHP   2. include() /home/pweb/development/prjs/websites/puglieseweb.com/beta/about/index.php:1
[31-Oct-2011 11:22:32] PHP   3. session_start() /home/pweb/development/prjs/websites/puglieseweb.com/beta/includes/master-head.inc.php:6
[31-Oct-2011 18:42:26] PHP Warning:  session_start(): open(/var/lib/php/session/sess_4llb95636jid5h76cdofif8k95, O_RDWR) failed: Permission denied (13) in /home/pweb/development/prjs/websites/puglieseweb.com/beta/includes/master-head.inc.php on line 6
[31-Oct-2011 18:42:26] PHP Stack trace:
[31-Oct-2011 18:42:26] PHP   1. {main}() /home/pweb/development/prjs/websites/puglieseweb.com/beta/about/index.php:0
[31-Oct-2011 18:42:26] PHP   2. include() /home/pweb/development/prjs/websites/puglieseweb.com/beta/about/index.php:1
[31-Oct-2011 18:42:26] PHP   3. session_start() /home/pweb/development/prjs/websites/puglieseweb.com/beta/includes/master-head.inc.php:6
[02-Nov-2011 23:20:08] PHP Warning:  session_start(): open(/var/lib/php/session/sess_n3napgi0c26n9ip4i32afij9h1, O_RDWR) failed: Permission denied (13) in /home/pweb/development/prjs/websites/puglieseweb.com/beta/includes/master-head.inc.php on line 6
[02-Nov-2011 23:20:08] PHP Stack trace:
[02-Nov-2011 23:20:08] PHP   1. {main}() /home/pweb/development/prjs/websites/puglieseweb.com/beta/about/index.php:0
[02-Nov-2011 23:20:08] PHP   2. include() /home/pweb/development/prjs/websites/puglieseweb.com/beta/about/index.php:1
[02-Nov-2011 23:20:08] PHP   3. session_start() /home/pweb/development/prjs/websites/puglieseweb.com/beta/includes/master-head.inc.php:6
[02-Nov-2011 23:20:10] PHP Warning:  session_start(): open(/var/lib/php/session/sess_n3napgi0c26n9ip4i32afij9h1, O_RDWR) failed: Permission denied (13) in /home/pweb/development/prjs/websites/puglieseweb.com/beta/includes/master-head.inc.php on line 6
[02-Nov-2011 23:20:10] PHP Stack trace:
[02-Nov-2011 23:20:10] PHP   1. {main}() /home/pweb/development/prjs/websites/puglieseweb.com/beta/about/index.php:0
[02-Nov-2011 23:20:10] PHP   2. include() /home/pweb/development/prjs/websites/puglieseweb.com/beta/about/index.php:1
[02-Nov-2011 23:20:10] PHP   3. session_start() /home/pweb/development/prjs/websites/puglieseweb.com/beta/includes/master-head.inc.php:6
[02-Nov-2011 23:53:38] PHP Warning:  session_start(): open(/var/lib/php/session/sess_1t7035u9g9b5o5h72lb3vvk8a2, O_RDWR) failed: Permission denied (13) in /home/pweb/development/prjs/websites/puglieseweb.com/beta/includes/master-head.inc.php on line 6
[02-Nov-2011 23:53:38] PHP Stack trace:
[02-Nov-2011 23:53:38] PHP   1. {main}() /home/pweb/development/prjs/websites/puglieseweb.com/beta/about/index.php:0
[02-Nov-2011 23:53:38] PHP   2. include() /home/pweb/development/prjs/websites/puglieseweb.com/beta/about/index.php:1
[02-Nov-2011 23:53:38] PHP   3. session_start() /home/pweb/development/prjs/websites/puglieseweb.com/beta/includes/master-head.inc.php:6
[02-Nov-2011 23:54:13] PHP Warning:  session_start(): open(/var/lib/php/session/sess_1t7035u9g9b5o5h72lb3vvk8a2, O_RDWR) failed: Permission denied (13) in /home/pweb/development/prjs/websites/puglieseweb.com/beta/includes/master-head.inc.php on line 6
[02-Nov-2011 23:54:13] PHP Stack trace:
[02-Nov-2011 23:54:13] PHP   1. {main}() /home/pweb/development/prjs/websites/puglieseweb.com/beta/about/index.php:0
[02-Nov-2011 23:54:13] PHP   2. include() /home/pweb/development/prjs/websites/puglieseweb.com/beta/about/index.php:1
[02-Nov-2011 23:54:13] PHP   3. session_start() /home/pweb/development/prjs/websites/puglieseweb.com/beta/includes/master-head.inc.php:6
[03-Nov-2011 00:05:31] PHP Warning:  session_start(): open(/var/lib/php/session/sess_n3napgi0c26n9ip4i32afij9h1, O_RDWR) failed: Permission denied (13) in /home/pweb/development/prjs/websites/puglieseweb.com/beta/includes/master-head.inc.php on line 6
[03-Nov-2011 00:05:31] PHP Stack trace:
[03-Nov-2011 00:05:31] PHP   1. {main}() /home/pweb/development/prjs/websites/puglieseweb.com/beta/about/index.php:0
[03-Nov-2011 00:05:31] PHP   2. include() /home/pweb/development/prjs/websites/puglieseweb.com/beta/about/index.php:1
[03-Nov-2011 00:05:31] PHP   3. session_start() /home/pweb/development/prjs/websites/puglieseweb.com/beta/includes/master-head.inc.php:6
[03-Nov-2011 00:05:41] PHP Warning:  session_start(): open(/var/lib/php/session/sess_n3napgi0c26n9ip4i32afij9h1, O_RDWR) failed: Permission denied (13) in /home/pweb/development/prjs/websites/puglieseweb.com/beta/includes/master-head.inc.php on line 6
[03-Nov-2011 00:05:41] PHP Stack trace:
[03-Nov-2011 00:05:41] PHP   1. {main}() /home/pweb/development/prjs/websites/puglieseweb.com/beta/about/index.php:0
[03-Nov-2011 00:05:41] PHP   2. include() /home/pweb/development/prjs/websites/puglieseweb.com/beta/about/index.php:1
[03-Nov-2011 00:05:41] PHP   3. session_start() /home/pweb/development/prjs/websites/puglieseweb.com/beta/includes/master-head.inc.php:6
[03-Nov-2011 02:41:34] PHP Warning:  session_start(): open(/var/lib/php/session/sess_1t7035u9g9b5o5h72lb3vvk8a2, O_RDWR) failed: Permission denied (13) in /home/pweb/development/prjs/websites/puglieseweb.com/beta/includes/master-head.inc.php on line 6
[03-Nov-2011 02:41:34] PHP Stack trace:
[03-Nov-2011 02:41:34] PHP   1. {main}() /home/pweb/development/prjs/websites/puglieseweb.com/beta/about/index.php:0
[03-Nov-2011 02:41:34] PHP   2. include() /home/pweb/development/prjs/websites/puglieseweb.com/beta/about/index.php:1
[03-Nov-2011 02:41:34] PHP   3. session_start() /home/pweb/development/prjs/websites/puglieseweb.com/beta/includes/master-head.inc.php:6
[03-Nov-2011 20:31:25] PHP Warning:  session_start(): open(/var/lib/php/session/sess_mluc71mfc05gnt81ch2bs3epf7, O_RDWR) failed: Permission denied (13) in /home/pweb/development/prjs/websites/puglieseweb.com/beta/includes/master-head.inc.php on line 6
[03-Nov-2011 20:31:25] PHP Stack trace:
[03-Nov-2011 20:31:25] PHP   1. {main}() /home/pweb/development/prjs/websites/puglieseweb.com/beta/about/index.php:0
[03-Nov-2011 20:31:25] PHP   2. include() /home/pweb/development/prjs/websites/puglieseweb.com/beta/about/index.php:1
[03-Nov-2011 20:31:25] PHP   3. session_start() /home/pweb/development/prjs/websites/puglieseweb.com/beta/includes/master-head.inc.php:6
[05-Nov-2011 15:48:51] PHP Warning:  session_start(): open(/var/lib/php/session/sess_ukc76sh5fe9rp86jk4gqov73b4, O_RDWR) failed: Permission denied (13) in /home/pweb/development/prjs/websites/puglieseweb.com/beta/includes/master-head.inc.php on line 6
[05-Nov-2011 15:48:52] PHP Stack trace:
[05-Nov-2011 15:48:52] PHP   1. {main}() /home/pweb/development/prjs/websites/puglieseweb.com/beta/about/index.php:0
[05-Nov-2011 15:48:52] PHP   2. include() /home/pweb/development/prjs/websites/puglieseweb.com/beta/about/index.php:1
[05-Nov-2011 15:48:52] PHP   3. session_start() /home/pweb/development/prjs/websites/puglieseweb.com/beta/includes/master-head.inc.php:6
[07-Nov-2011 01:27:44] PHP Warning:  session_start(): open(/var/lib/php/session/sess_edm57uig1jrdkkf5n88o3f0q00, O_RDWR) failed: Permission denied (13) in /home/pweb/development/prjs/websites/puglieseweb.com/beta/includes/master-head.inc.php on line 6
[07-Nov-2011 01:27:44] PHP Stack trace:
[07-Nov-2011 01:27:44] PHP   1. {main}() /home/pweb/development/prjs/websites/puglieseweb.com/beta/pages/about/index.php:0
[07-Nov-2011 01:27:44] PHP   2. include() /home/pweb/development/prjs/websites/puglieseweb.com/beta/pages/about/index.php:1
[07-Nov-2011 01:27:44] PHP   3. session_start() /home/pweb/development/prjs/websites/puglieseweb.com/beta/includes/master-head.inc.php:6
[07-Nov-2011 01:27:50] PHP Warning:  session_start(): open(/var/lib/php/session/sess_edm57uig1jrdkkf5n88o3f0q00, O_RDWR) failed: Permission denied (13) in /home/pweb/development/prjs/websites/puglieseweb.com/beta/includes/master-head.inc.php on line 6
[07-Nov-2011 01:27:50] PHP Stack trace:
[07-Nov-2011 01:27:50] PHP   1. {main}() /home/pweb/development/prjs/websites/puglieseweb.com/beta/pages/about/index.php:0
[07-Nov-2011 01:27:50] PHP   2. include() /home/pweb/development/prjs/websites/puglieseweb.com/beta/pages/about/index.php:1
[07-Nov-2011 01:27:50] PHP   3. session_start() /home/pweb/development/prjs/websites/puglieseweb.com/beta/includes/master-head.inc.php:6
[07-Nov-2011 01:28:22] PHP Warning:  session_start(): open(/var/lib/php/session/sess_edm57uig1jrdkkf5n88o3f0q00, O_RDWR) failed: Permission denied (13) in /home/pweb/development/prjs/websites/puglieseweb.com/beta/includes/master-head.inc.php on line 6
[07-Nov-2011 01:28:22] PHP Stack trace:
[07-Nov-2011 01:28:22] PHP   1. {main}() /home/pweb/development/prjs/websites/puglieseweb.com/beta/pages/about/index.php:0
[07-Nov-2011 01:28:22] PHP   2. include() /home/pweb/development/prjs/websites/puglieseweb.com/beta/pages/about/index.php:1
[07-Nov-2011 01:28:22] PHP   3. session_start() /home/pweb/development/prjs/websites/puglieseweb.com/beta/includes/master-head.inc.php:6
[07-Nov-2011 01:28:39] PHP Warning:  session_start(): open(/var/lib/php/session/sess_edm57uig1jrdkkf5n88o3f0q00, O_RDWR) failed: Permission denied (13) in /home/pweb/development/prjs/websites/puglieseweb.com/beta/includes/master-head.inc.php on line 6
[07-Nov-2011 01:28:39] PHP Stack trace:
[07-Nov-2011 01:28:39] PHP   1. {main}() /home/pweb/development/prjs/websites/puglieseweb.com/beta/pages/about/index.php:0
[07-Nov-2011 01:28:39] PHP   2. include() /home/pweb/development/prjs/websites/puglieseweb.com/beta/pages/about/index.php:1
[07-Nov-2011 01:28:39] PHP   3. session_start() /home/pweb/development/prjs/websites/puglieseweb.com/beta/includes/master-head.inc.php:6
[07-Nov-2011 01:46:56] PHP Warning:  session_start(): open(/var/lib/php/session/sess_3d25ic7li88c7at6ta1b46l751, O_RDWR) failed: Permission denied (13) in /home/pweb/development/prjs/websites/puglieseweb.com/beta/includes/master-head.inc.php on line 6
[07-Nov-2011 01:46:56] PHP Stack trace:
[07-Nov-2011 01:46:56] PHP   1. {main}() /home/pweb/development/prjs/websites/puglieseweb.com/beta/pages/about/index.php:0
[07-Nov-2011 01:46:56] PHP   2. include() /home/pweb/development/prjs/websites/puglieseweb.com/beta/pages/about/index.php:1
[07-Nov-2011 01:46:56] PHP   3. session_start() /home/pweb/development/prjs/websites/puglieseweb.com/beta/includes/master-head.inc.php:6
[07-Nov-2011 13:57:23] PHP Warning:  session_start(): open(/var/lib/php/session/sess_421v4lsra64v7bqbdsdmneik92, O_RDWR) failed: Permission denied (13) in /home/pweb/development/prjs/websites/puglieseweb.com/beta/includes/master-head.inc.php on line 6
[07-Nov-2011 13:57:23] PHP Stack trace:
[07-Nov-2011 13:57:23] PHP   1. {main}() /home/pweb/development/prjs/websites/puglieseweb.com/beta/pages/about/project.php:0
[07-Nov-2011 13:57:23] PHP   2. include() /home/pweb/development/prjs/websites/puglieseweb.com/beta/pages/about/project.php:1
[07-Nov-2011 13:57:23] PHP   3. session_start() /home/pweb/development/prjs/websites/puglieseweb.com/beta/includes/master-head.inc.php:6
[07-Nov-2011 13:57:40] PHP Warning:  session_start(): open(/var/lib/php/session/sess_421v4lsra64v7bqbdsdmneik92, O_RDWR) failed: Permission denied (13) in /home/pweb/development/prjs/websites/puglieseweb.com/beta/includes/master-head.inc.php on line 6
[07-Nov-2011 13:57:40] PHP Stack trace:
[07-Nov-2011 13:57:40] PHP   1. {main}() /home/pweb/development/prjs/websites/puglieseweb.com/beta/pages/about/project.php:0
[07-Nov-2011 13:57:40] PHP   2. include() /home/pweb/development/prjs/websites/puglieseweb.com/beta/pages/about/project.php:1
[07-Nov-2011 13:57:40] PHP   3. session_start() /home/pweb/development/prjs/websites/puglieseweb.com/beta/includes/master-head.inc.php:6
[07-Nov-2011 14:10:19] PHP Warning:  session_start(): open(/var/lib/php/session/sess_421v4lsra64v7bqbdsdmneik92, O_RDWR) failed: Permission denied (13) in /home/pweb/development/prjs/websites/puglieseweb.com/beta/includes/master-head.inc.php on line 6
[07-Nov-2011 14:10:19] PHP Stack trace:
[07-Nov-2011 14:10:19] PHP   1. {main}() /home/pweb/development/prjs/websites/puglieseweb.com/beta/pages/about/project.php:0
[07-Nov-2011 14:10:19] PHP   2. include() /home/pweb/development/prjs/websites/puglieseweb.com/beta/pages/about/project.php:1
[07-Nov-2011 14:10:19] PHP   3. session_start() /home/pweb/development/prjs/websites/puglieseweb.com/beta/includes/master-head.inc.php:6
[07-Nov-2011 14:10:22] PHP Warning:  session_start(): open(/var/lib/php/session/sess_421v4lsra64v7bqbdsdmneik92, O_RDWR) failed: Permission denied (13) in /home/pweb/development/prjs/websites/puglieseweb.com/beta/includes/master-head.inc.php on line 6
[07-Nov-2011 14:10:22] PHP Stack trace:
[07-Nov-2011 14:10:22] PHP   1. {main}() /home/pweb/development/prjs/websites/puglieseweb.com/beta/pages/about/project.php:0
[07-Nov-2011 14:10:22] PHP   2. include() /home/pweb/development/prjs/websites/puglieseweb.com/beta/pages/about/project.php:1
[07-Nov-2011 14:10:22] PHP   3. session_start() /home/pweb/development/prjs/websites/puglieseweb.com/beta/includes/master-head.inc.php:6
[07-Nov-2011 14:10:28] PHP Warning:  session_start(): open(/var/lib/php/session/sess_421v4lsra64v7bqbdsdmneik92, O_RDWR) failed: Permission denied (13) in /home/pweb/development/prjs/websites/puglieseweb.com/beta/includes/master-head.inc.php on line 6
[07-Nov-2011 14:10:28] PHP Stack trace:
[07-Nov-2011 14:10:28] PHP   1. {main}() /home/pweb/development/prjs/websites/puglieseweb.com/beta/pages/about/project.php:0
[07-Nov-2011 14:10:28] PHP   2. include() /home/pweb/development/prjs/websites/puglieseweb.com/beta/pages/about/project.php:1
[07-Nov-2011 14:10:28] PHP   3. session_start() /home/pweb/development/prjs/websites/puglieseweb.com/beta/includes/master-head.inc.php:6
[07-Nov-2011 14:10:29] PHP Warning:  session_start(): open(/var/lib/php/session/sess_421v4lsra64v7bqbdsdmneik92, O_RDWR) failed: Permission denied (13) in /home/pweb/development/prjs/websites/puglieseweb.com/beta/includes/master-head.inc.php on line 6
[07-Nov-2011 14:10:29] PHP Stack trace:
[07-Nov-2011 14:10:29] PHP   1. {main}() /home/pweb/development/prjs/websites/puglieseweb.com/beta/pages/about/project.php:0
[07-Nov-2011 14:10:29] PHP   2. include() /home/pweb/development/prjs/websites/puglieseweb.com/beta/pages/about/project.php:1
[07-Nov-2011 14:10:29] PHP   3. session_start() /home/pweb/development/prjs/websites/puglieseweb.com/beta/includes/master-head.inc.php:6
[07-Nov-2011 14:11:26] PHP Warning:  session_start(): open(/var/lib/php/session/sess_421v4lsra64v7bqbdsdmneik92, O_RDWR) failed: Permission denied (13) in /home/pweb/development/prjs/websites/puglieseweb.com/beta/includes/master-head.inc.php on line 6
[07-Nov-2011 14:11:26] PHP Stack trace:
[07-Nov-2011 14:11:26] PHP   1. {main}() /home/pweb/development/prjs/websites/puglieseweb.com/beta/pages/about/project.php:0
[07-Nov-2011 14:11:26] PHP   2. include() /home/pweb/development/prjs/websites/puglieseweb.com/beta/pages/about/project.php:1
[07-Nov-2011 14:11:26] PHP   3. session_start() /home/pweb/development/prjs/websites/puglieseweb.com/beta/includes/master-head.inc.php:6
[07-Nov-2011 14:11:29] PHP Warning:  session_start(): open(/var/lib/php/session/sess_421v4lsra64v7bqbdsdmneik92, O_RDWR) failed: Permission denied (13) in /home/pweb/development/prjs/websites/puglieseweb.com/beta/includes/master-head.inc.php on line 6
[07-Nov-2011 14:11:29] PHP Stack trace:
[07-Nov-2011 14:11:29] PHP   1. {main}() /home/pweb/development/prjs/websites/puglieseweb.com/beta/pages/about/project.php:0
[07-Nov-2011 14:11:29] PHP   2. include() /home/pweb/development/prjs/websites/puglieseweb.com/beta/pages/about/project.php:1
[07-Nov-2011 14:11:29] PHP   3. session_start() /home/pweb/development/prjs/websites/puglieseweb.com/beta/includes/master-head.inc.php:6
[07-Nov-2011 14:11:30] PHP Warning:  session_start(): open(/var/lib/php/session/sess_421v4lsra64v7bqbdsdmneik92, O_RDWR) failed: Permission denied (13) in /home/pweb/development/prjs/websites/puglieseweb.com/beta/includes/master-head.inc.php on line 6
[07-Nov-2011 14:11:30] PHP Stack trace:
[07-Nov-2011 14:11:30] PHP   1. {main}() /home/pweb/development/prjs/websites/puglieseweb.com/beta/pages/about/project.php:0
[07-Nov-2011 14:11:30] PHP   2. include() /home/pweb/development/prjs/websites/puglieseweb.com/beta/pages/about/project.php:1
[07-Nov-2011 14:11:30] PHP   3. session_start() /home/pweb/development/prjs/websites/puglieseweb.com/beta/includes/master-head.inc.php:6
[07-Nov-2011 14:11:37] PHP Warning:  session_start(): open(/var/lib/php/session/sess_421v4lsra64v7bqbdsdmneik92, O_RDWR) failed: Permission denied (13) in /home/pweb/development/prjs/websites/puglieseweb.com/beta/includes/master-head.inc.php on line 6
[07-Nov-2011 14:11:37] PHP Stack trace:
[07-Nov-2011 14:11:37] PHP   1. {main}() /home/pweb/development/prjs/websites/puglieseweb.com/beta/pages/about/project.php:0
[07-Nov-2011 14:11:37] PHP   2. include() /home/pweb/development/prjs/websites/puglieseweb.com/beta/pages/about/project.php:1
[07-Nov-2011 14:11:37] PHP   3. session_start() /home/pweb/development/prjs/websites/puglieseweb.com/beta/includes/master-head.inc.php:6
[07-Nov-2011 14:12:00] PHP Warning:  session_start(): open(/var/lib/php/session/sess_421v4lsra64v7bqbdsdmneik92, O_RDWR) failed: Permission denied (13) in /home/pweb/development/prjs/websites/puglieseweb.com/beta/includes/master-head.inc.php on line 6
[07-Nov-2011 14:12:00] PHP Stack trace:
[07-Nov-2011 14:12:00] PHP   1. {main}() /home/pweb/development/prjs/websites/puglieseweb.com/beta/pages/about/project.php:0
[07-Nov-2011 14:12:00] PHP   2. include() /home/pweb/development/prjs/websites/puglieseweb.com/beta/pages/about/project.php:1
[07-Nov-2011 14:12:00] PHP   3. session_start() /home/pweb/development/prjs/websites/puglieseweb.com/beta/includes/master-head.inc.php:6
[07-Nov-2011 14:12:05] PHP Warning:  session_start(): open(/var/lib/php/session/sess_421v4lsra64v7bqbdsdmneik92, O_RDWR) failed: Permission denied (13) in /home/pweb/development/prjs/websites/puglieseweb.com/beta/includes/master-head.inc.php on line 6
[07-Nov-2011 14:12:05] PHP Stack trace:
[07-Nov-2011 14:12:05] PHP   1. {main}() /home/pweb/development/prjs/websites/puglieseweb.com/beta/pages/about/project.php:0
[07-Nov-2011 14:12:05] PHP   2. include() /home/pweb/development/prjs/websites/puglieseweb.com/beta/pages/about/project.php:1
[07-Nov-2011 14:12:05] PHP   3. session_start() /home/pweb/development/prjs/websites/puglieseweb.com/beta/includes/master-head.inc.php:6
[07-Nov-2011 14:12:08] PHP Warning:  session_start(): open(/var/lib/php/session/sess_421v4lsra64v7bqbdsdmneik92, O_RDWR) failed: Permission denied (13) in /home/pweb/development/prjs/websites/puglieseweb.com/beta/includes/master-head.inc.php on line 6
[07-Nov-2011 14:12:08] PHP Stack trace:
[07-Nov-2011 14:12:08] PHP   1. {main}() /home/pweb/development/prjs/websites/puglieseweb.com/beta/pages/about/project.php:0
[07-Nov-2011 14:12:08] PHP   2. include() /home/pweb/development/prjs/websites/puglieseweb.com/beta/pages/about/project.php:1
[07-Nov-2011 14:12:08] PHP   3. session_start() /home/pweb/development/prjs/websites/puglieseweb.com/beta/includes/master-head.inc.php:6
[07-Nov-2011 14:44:35] PHP Warning:  session_start(): open(/var/lib/php/session/sess_421v4lsra64v7bqbdsdmneik92, O_RDWR) failed: Permission denied (13) in /home/pweb/development/prjs/websites/puglieseweb.com/beta/includes/master-head.inc.php on line 6
[07-Nov-2011 14:44:35] PHP Stack trace:
[07-Nov-2011 14:44:35] PHP   1. {main}() /home/pweb/development/prjs/websites/puglieseweb.com/beta/pages/about/project.php:0
[07-Nov-2011 14:44:35] PHP   2. include() /home/pweb/development/prjs/websites/puglieseweb.com/beta/pages/about/project.php:1
[07-Nov-2011 14:44:35] PHP   3. session_start() /home/pweb/development/prjs/websites/puglieseweb.com/beta/includes/master-head.inc.php:6
[07-Nov-2011 14:47:31] PHP Warning:  session_start(): open(/var/lib/php/session/sess_4oa0v4bu8er56l2i9gdlf8rk90, O_RDWR) failed: Permission denied (13) in /home/pweb/development/prjs/websites/puglieseweb.com/beta/includes/master-head.inc.php on line 6
[07-Nov-2011 14:47:31] PHP Stack trace:
[07-Nov-2011 14:47:31] PHP   1. {main}() /home/pweb/development/prjs/websites/puglieseweb.com/beta/pages/about/project.php:0
[07-Nov-2011 14:47:31] PHP   2. include() /home/pweb/development/prjs/websites/puglieseweb.com/beta/pages/about/project.php:1
[07-Nov-2011 14:47:31] PHP   3. session_start() /home/pweb/development/prjs/websites/puglieseweb.com/beta/includes/master-head.inc.php:6
[07-Nov-2011 14:51:52] PHP Warning:  session_start(): open(/var/lib/php/session/sess_4oa0v4bu8er56l2i9gdlf8rk90, O_RDWR) failed: Permission denied (13) in /home/pweb/development/prjs/websites/puglieseweb.com/beta/includes/master-head.inc.php on line 6
[07-Nov-2011 14:51:52] PHP Stack trace:
[07-Nov-2011 14:51:52] PHP   1. {main}() /home/pweb/development/prjs/websites/puglieseweb.com/beta/pages/about/project.php:0
[07-Nov-2011 14:51:52] PHP   2. include() /home/pweb/development/prjs/websites/puglieseweb.com/beta/pages/about/project.php:1
[07-Nov-2011 14:51:52] PHP   3. session_start() /home/pweb/development/prjs/websites/puglieseweb.com/beta/includes/master-head.inc.php:6
[07-Nov-2011 14:59:29] PHP Warning:  session_start(): open(/var/lib/php/session/sess_5jiiva0bacgl4lj4gplcu2kl44, O_RDWR) failed: Permission denied (13) in /home/pweb/development/prjs/websites/puglieseweb.com/beta/includes/master-head.inc.php on line 6
[07-Nov-2011 14:59:29] PHP Stack trace:
[07-Nov-2011 14:59:29] PHP   1. {main}() /home/pweb/development/prjs/websites/puglieseweb.com/beta/pages/about/project.php:0
[07-Nov-2011 14:59:29] PHP   2. include() /home/pweb/development/prjs/websites/puglieseweb.com/beta/pages/about/project.php:1
[07-Nov-2011 14:59:29] PHP   3. session_start() /home/pweb/development/prjs/websites/puglieseweb.com/beta/includes/master-head.inc.php:6
[07-Nov-2011 15:25:31] PHP Warning:  session_start(): open(/var/lib/php/session/sess_3c3bu3op8du0us6f9gic5u5d55, O_RDWR) failed: Permission denied (13) in /home/pweb/development/prjs/websites/puglieseweb.com/beta/includes/master-head.inc.php on line 6
[07-Nov-2011 15:25:31] PHP Stack trace:
[07-Nov-2011 15:25:31] PHP   1. {main}() /home/pweb/development/prjs/websites/puglieseweb.com/beta/pages/about/project.php:0
[07-Nov-2011 15:25:31] PHP   2. include() /home/pweb/development/prjs/websites/puglieseweb.com/beta/pages/about/project.php:1
[07-Nov-2011 15:25:31] PHP   3. session_start() /home/pweb/development/prjs/websites/puglieseweb.com/beta/includes/master-head.inc.php:6
[07-Nov-2011 15:33:01] PHP Warning:  session_start(): open(/var/lib/php/session/sess_5jiiva0bacgl4lj4gplcu2kl44, O_RDWR) failed: Permission denied (13) in /home/pweb/development/prjs/websites/puglieseweb.com/beta/includes/master-head.inc.php on line 6
[07-Nov-2011 15:33:01] PHP Stack trace:
[07-Nov-2011 15:33:01] PHP   1. {main}() /home/pweb/development/prjs/websites/puglieseweb.com/beta/pages/about/project.php:0
[07-Nov-2011 15:33:01] PHP   2. include() /home/pweb/development/prjs/websites/puglieseweb.com/beta/pages/about/project.php:1
[07-Nov-2011 15:33:01] PHP   3. session_start() /home/pweb/development/prjs/websites/puglieseweb.com/beta/includes/master-head.inc.php:6
[07-Nov-2011 15:33:06] PHP Warning:  session_start(): open(/var/lib/php/session/sess_5jiiva0bacgl4lj4gplcu2kl44, O_RDWR) failed: Permission denied (13) in /home/pweb/development/prjs/websites/puglieseweb.com/beta/includes/master-head.inc.php on line 6
[07-Nov-2011 15:33:06] PHP Stack trace:
[07-Nov-2011 15:33:06] PHP   1. {main}() /home/pweb/development/prjs/websites/puglieseweb.com/beta/pages/about/project.php:0
[07-Nov-2011 15:33:06] PHP   2. include() /home/pweb/development/prjs/websites/puglieseweb.com/beta/pages/about/project.php:1
[07-Nov-2011 15:33:06] PHP   3. session_start() /home/pweb/development/prjs/websites/puglieseweb.com/beta/includes/master-head.inc.php:6
[07-Nov-2011 15:34:50] PHP Warning:  session_start(): open(/var/lib/php/session/sess_5jiiva0bacgl4lj4gplcu2kl44, O_RDWR) failed: Permission denied (13) in /home/pweb/development/prjs/websites/puglieseweb.com/beta/includes/master-head.inc.php on line 6
[07-Nov-2011 15:34:50] PHP Stack trace:
[07-Nov-2011 15:34:50] PHP   1. {main}() /home/pweb/development/prjs/websites/puglieseweb.com/beta/pages/about/project.php:0
[07-Nov-2011 15:34:50] PHP   2. include() /home/pweb/development/prjs/websites/puglieseweb.com/beta/pages/about/project.php:1
[07-Nov-2011 15:34:50] PHP   3. session_start() /home/pweb/development/prjs/websites/puglieseweb.com/beta/includes/master-head.inc.php:6
[07-Nov-2011 16:23:02] PHP Warning:  session_start(): open(/var/lib/php/session/sess_ro1q4d2bg2nfiupq1bgufvdl81, O_RDWR) failed: Permission denied (13) in /home/pweb/development/prjs/websites/puglieseweb.com/beta/includes/master-head.inc.php on line 6
[07-Nov-2011 16:23:02] PHP Stack trace:
[07-Nov-2011 16:23:02] PHP   1. {main}() /home/pweb/development/prjs/websites/puglieseweb.com/beta/pages/about/project.php:0
[07-Nov-2011 16:23:02] PHP   2. include() /home/pweb/development/prjs/websites/puglieseweb.com/beta/pages/about/project.php:1
[07-Nov-2011 16:23:02] PHP   3. session_start() /home/pweb/development/prjs/websites/puglieseweb.com/beta/includes/master-head.inc.php:6
[07-Nov-2011 16:23:32] PHP Warning:  session_start(): open(/var/lib/php/session/sess_ro1q4d2bg2nfiupq1bgufvdl81, O_RDWR) failed: Permission denied (13) in /home/pweb/development/prjs/websites/puglieseweb.com/beta/includes/master-head.inc.php on line 6
[07-Nov-2011 16:23:32] PHP Stack trace:
[07-Nov-2011 16:23:32] PHP   1. {main}() /home/pweb/development/prjs/websites/puglieseweb.com/beta/pages/about/project.php:0
[07-Nov-2011 16:23:32] PHP   2. include() /home/pweb/development/prjs/websites/puglieseweb.com/beta/pages/about/project.php:1
[07-Nov-2011 16:23:32] PHP   3. session_start() /home/pweb/development/prjs/websites/puglieseweb.com/beta/includes/master-head.inc.php:6
[07-Nov-2011 16:33:21] PHP Warning:  session_start(): open(/var/lib/php/session/sess_s7h3ecf9c1ikh4bvkrlvid1t51, O_RDWR) failed: Permission denied (13) in /home/pweb/development/prjs/websites/puglieseweb.com/beta/includes/master-head.inc.php on line 6
[07-Nov-2011 16:33:21] PHP Stack trace:
[07-Nov-2011 16:33:21] PHP   1. {main}() /home/pweb/development/prjs/websites/puglieseweb.com/beta/pages/about/project.php:0
[07-Nov-2011 16:33:21] PHP   2. include() /home/pweb/development/prjs/websites/puglieseweb.com/beta/pages/about/project.php:1
[07-Nov-2011 16:33:21] PHP   3. session_start() /home/pweb/development/prjs/websites/puglieseweb.com/beta/includes/master-head.inc.php:6
[07-Nov-2011 16:33:34] PHP Warning:  session_start(): open(/var/lib/php/session/sess_s7h3ecf9c1ikh4bvkrlvid1t51, O_RDWR) failed: Permission denied (13) in /home/pweb/development/prjs/websites/puglieseweb.com/beta/includes/master-head.inc.php on line 6
[07-Nov-2011 16:33:34] PHP Stack trace:
[07-Nov-2011 16:33:34] PHP   1. {main}() /home/pweb/development/prjs/websites/puglieseweb.com/beta/pages/about/project.php:0
[07-Nov-2011 16:33:34] PHP   2. include() /home/pweb/development/prjs/websites/puglieseweb.com/beta/pages/about/project.php:1
[07-Nov-2011 16:33:34] PHP   3. session_start() /home/pweb/development/prjs/websites/puglieseweb.com/beta/includes/master-head.inc.php:6
[07-Nov-2011 20:09:33] PHP Warning:  session_start(): open(/var/lib/php/session/sess_la4ilafu4ig006a6834d6b43m2, O_RDWR) failed: Permission denied (13) in /home/pweb/development/prjs/websites/puglieseweb.com/beta/includes/master-head.inc.php on line 6
[07-Nov-2011 20:09:33] PHP Stack trace:
[07-Nov-2011 20:09:33] PHP   1. {main}() /home/pweb/development/prjs/websites/puglieseweb.com/beta/pages/about/project.php:0
[07-Nov-2011 20:09:33] PHP   2. include() /home/pweb/development/prjs/websites/puglieseweb.com/beta/pages/about/project.php:1
[07-Nov-2011 20:09:33] PHP   3. session_start() /home/pweb/development/prjs/websites/puglieseweb.com/beta/includes/master-head.inc.php:6
[09-Nov-2011 20:48:00] PHP Warning:  session_start(): open(/var/lib/php/session/sess_jp34p7s2iivnhs0aeq4ba7n4p5, O_RDWR) failed: Permission denied (13) in /home/pweb/development/prjs/websites/puglieseweb.com/beta/includes/master-head.inc.php on line 6
[09-Nov-2011 20:48:00] PHP Stack trace:
[09-Nov-2011 20:48:00] PHP   1. {main}() /home/pweb/development/prjs/websites/puglieseweb.com/beta/pages/about/project.php:0
[09-Nov-2011 20:48:00] PHP   2. include() /home/pweb/development/prjs/websites/puglieseweb.com/beta/pages/about/project.php:1
[09-Nov-2011 20:48:00] PHP   3. session_start() /home/pweb/development/prjs/websites/puglieseweb.com/beta/includes/master-head.inc.php:6
[09-Nov-2011 20:48:04] PHP Warning:  session_start(): open(/var/lib/php/session/sess_jp34p7s2iivnhs0aeq4ba7n4p5, O_RDWR) failed: Permission denied (13) in /home/pweb/development/prjs/websites/puglieseweb.com/beta/includes/master-head.inc.php on line 6
[09-Nov-2011 20:48:04] PHP Stack trace:
[09-Nov-2011 20:48:04] PHP   1. {main}() /home/pweb/development/prjs/websites/puglieseweb.com/beta/pages/about/project.php:0
[09-Nov-2011 20:48:04] PHP   2. include() /home/pweb/development/prjs/websites/puglieseweb.com/beta/pages/about/project.php:1
[09-Nov-2011 20:48:04] PHP   3. session_start() /home/pweb/development/prjs/websites/puglieseweb.com/beta/includes/master-head.inc.php:6
[09-Nov-2011 20:48:28] PHP Warning:  session_start(): open(/var/lib/php/session/sess_jp34p7s2iivnhs0aeq4ba7n4p5, O_RDWR) failed: Permission denied (13) in /home/pweb/development/prjs/websites/puglieseweb.com/beta/includes/master-head.inc.php on line 6
[09-Nov-2011 20:48:28] PHP Stack trace:
[09-Nov-2011 20:48:28] PHP   1. {main}() /home/pweb/development/prjs/websites/puglieseweb.com/beta/pages/about/project.php:0
[09-Nov-2011 20:48:28] PHP   2. include() /home/pweb/development/prjs/websites/puglieseweb.com/beta/pages/about/project.php:1
[09-Nov-2011 20:48:28] PHP   3. session_start() /home/pweb/development/prjs/websites/puglieseweb.com/beta/includes/master-head.inc.php:6
[10-Nov-2011 01:27:42] PHP Warning:  session_start(): open(/var/lib/php/session/sess_b4kaabfhdbdq628n70luhlnou0, O_RDWR) failed: Permission denied (13) in /home/pweb/development/prjs/websites/puglieseweb.com/beta/includes/master-head.inc.php on line 6
[10-Nov-2011 01:27:42] PHP Stack trace:
[10-Nov-2011 01:27:42] PHP   1. {main}() /home/pweb/development/prjs/websites/puglieseweb.com/beta/pages/about/project.php:0
[10-Nov-2011 01:27:42] PHP   2. include() /home/pweb/development/prjs/websites/puglieseweb.com/beta/pages/about/project.php:1
[10-Nov-2011 01:27:42] PHP   3. session_start() /home/pweb/development/prjs/websites/puglieseweb.com/beta/includes/master-head.inc.php:6
[10-Nov-2011 01:48:20] PHP Warning:  session_start(): open(/var/lib/php/session/sess_b4kaabfhdbdq628n70luhlnou0, O_RDWR) failed: Permission denied (13) in /home/pweb/development/prjs/websites/puglieseweb.com/beta/includes/master-head.inc.php on line 6
[10-Nov-2011 01:48:20] PHP Stack trace:
[10-Nov-2011 01:48:20] PHP   1. {main}() /home/pweb/development/prjs/websites/puglieseweb.com/beta/pages/about/project.php:0
[10-Nov-2011 01:48:20] PHP   2. include() /home/pweb/development/prjs/websites/puglieseweb.com/beta/pages/about/project.php:1
[10-Nov-2011 01:48:20] PHP   3. session_start() /home/pweb/development/prjs/websites/puglieseweb.com/beta/includes/master-head.inc.php:6
[10-Nov-2011 01:48:25] PHP Warning:  session_start(): open(/var/lib/php/session/sess_b4kaabfhdbdq628n70luhlnou0, O_RDWR) failed: Permission denied (13) in /home/pweb/development/prjs/websites/puglieseweb.com/beta/includes/master-head.inc.php on line 6
[10-Nov-2011 01:48:25] PHP Stack trace:
[10-Nov-2011 01:48:25] PHP   1. {main}() /home/pweb/development/prjs/websites/puglieseweb.com/beta/pages/about/project.php:0
[10-Nov-2011 01:48:25] PHP   2. include() /home/pweb/development/prjs/websites/puglieseweb.com/beta/pages/about/project.php:1
[10-Nov-2011 01:48:25] PHP   3. session_start() /home/pweb/development/prjs/websites/puglieseweb.com/beta/includes/master-head.inc.php:6
[10-Nov-2011 01:48:28] PHP Warning:  session_start(): open(/var/lib/php/session/sess_b4kaabfhdbdq628n70luhlnou0, O_RDWR) failed: Permission denied (13) in /home/pweb/development/prjs/websites/puglieseweb.com/beta/includes/master-head.inc.php on line 6
[10-Nov-2011 01:48:28] PHP Stack trace:
[10-Nov-2011 01:48:28] PHP   1. {main}() /home/pweb/development/prjs/websites/puglieseweb.com/beta/pages/about/project.php:0
[10-Nov-2011 01:48:28] PHP   2. include() /home/pweb/development/prjs/websites/puglieseweb.com/beta/pages/about/project.php:1
[10-Nov-2011 01:48:28] PHP   3. session_start() /home/pweb/development/prjs/websites/puglieseweb.com/beta/includes/master-head.inc.php:6
