[07-Nov-2011 01:14:02] PHP Warning:  session_start(): open(/var/lib/php/session/sess_edm57uig1jrdkkf5n88o3f0q00, O_RDWR) failed: Permission denied (13) in /home/pweb/development/prjs/websites/puglieseweb.com/beta/includes/master-head.inc.php on line 6
[07-Nov-2011 01:14:02] PHP Stack trace:
[07-Nov-2011 01:14:02] PHP   1. {main}() /home/pweb/development/prjs/websites/puglieseweb.com/beta/pages/webdev/html5/htm5prj.php:0
[07-Nov-2011 01:14:02] PHP   2. include() /home/pweb/development/prjs/websites/puglieseweb.com/beta/pages/webdev/html5/htm5prj.php:1
[07-Nov-2011 01:14:02] PHP   3. session_start() /home/pweb/development/prjs/websites/puglieseweb.com/beta/includes/master-head.inc.php:6
[07-Nov-2011 01:40:50] PHP Warning:  session_start(): open(/var/lib/php/session/sess_edm57uig1jrdkkf5n88o3f0q00, O_RDWR) failed: Permission denied (13) in /home/pweb/development/prjs/websites/puglieseweb.com/beta/includes/master-head.inc.php on line 6
[07-Nov-2011 01:40:50] PHP Stack trace:
[07-Nov-2011 01:40:50] PHP   1. {main}() /home/pweb/development/prjs/websites/puglieseweb.com/beta/pages/webdev/html5/htm5prj.php:0
[07-Nov-2011 01:40:50] PHP   2. include() /home/pweb/development/prjs/websites/puglieseweb.com/beta/pages/webdev/html5/htm5prj.php:1
[07-Nov-2011 01:40:50] PHP   3. session_start() /home/pweb/development/prjs/websites/puglieseweb.com/beta/includes/master-head.inc.php:6
[07-Nov-2011 01:46:44] PHP Warning:  session_start(): open(/var/lib/php/session/sess_3d25ic7li88c7at6ta1b46l751, O_RDWR) failed: Permission denied (13) in /home/pweb/development/prjs/websites/puglieseweb.com/beta/includes/master-head.inc.php on line 6
[07-Nov-2011 01:46:44] PHP Stack trace:
[07-Nov-2011 01:46:44] PHP   1. {main}() /home/pweb/development/prjs/websites/puglieseweb.com/beta/pages/webdev/html5/htm5prj.php:0
[07-Nov-2011 01:46:44] PHP   2. include() /home/pweb/development/prjs/websites/puglieseweb.com/beta/pages/webdev/html5/htm5prj.php:1
[07-Nov-2011 01:46:44] PHP   3. session_start() /home/pweb/development/prjs/websites/puglieseweb.com/beta/includes/master-head.inc.php:6
[07-Nov-2011 01:59:18] PHP Warning:  session_start(): open(/var/lib/php/session/sess_3d25ic7li88c7at6ta1b46l751, O_RDWR) failed: Permission denied (13) in /home/pweb/development/prjs/websites/puglieseweb.com/beta/includes/master-head.inc.php on line 6
[07-Nov-2011 01:59:18] PHP Stack trace:
[07-Nov-2011 01:59:18] PHP   1. {main}() /home/pweb/development/prjs/websites/puglieseweb.com/beta/pages/webdev/html5/htm5prj.php:0
[07-Nov-2011 01:59:18] PHP   2. include() /home/pweb/development/prjs/websites/puglieseweb.com/beta/pages/webdev/html5/htm5prj.php:1
[07-Nov-2011 01:59:18] PHP   3. session_start() /home/pweb/development/prjs/websites/puglieseweb.com/beta/includes/master-head.inc.php:6
[07-Nov-2011 01:59:20] PHP Warning:  session_start(): open(/var/lib/php/session/sess_3d25ic7li88c7at6ta1b46l751, O_RDWR) failed: Permission denied (13) in /home/pweb/development/prjs/websites/puglieseweb.com/beta/includes/master-head.inc.php on line 6
[07-Nov-2011 01:59:20] PHP Stack trace:
[07-Nov-2011 01:59:20] PHP   1. {main}() /home/pweb/development/prjs/websites/puglieseweb.com/beta/pages/webdev/html5/htm5prj.php:0
[07-Nov-2011 01:59:20] PHP   2. include() /home/pweb/development/prjs/websites/puglieseweb.com/beta/pages/webdev/html5/htm5prj.php:1
[07-Nov-2011 01:59:20] PHP   3. session_start() /home/pweb/development/prjs/websites/puglieseweb.com/beta/includes/master-head.inc.php:6
[07-Nov-2011 03:58:21] PHP Warning:  session_start(): open(/var/lib/php/session/sess_3mp936ljcv4us4b7am8dbtlp90, O_RDWR) failed: Permission denied (13) in /home/pweb/development/prjs/websites/puglieseweb.com/beta/includes/master-head.inc.php on line 6
[07-Nov-2011 03:58:21] PHP Stack trace:
[07-Nov-2011 03:58:21] PHP   1. {main}() /home/pweb/development/prjs/websites/puglieseweb.com/beta/pages/webdev/html5/htm5prj.php:0
[07-Nov-2011 03:58:21] PHP   2. include() /home/pweb/development/prjs/websites/puglieseweb.com/beta/pages/webdev/html5/htm5prj.php:1
[07-Nov-2011 03:58:21] PHP   3. session_start() /home/pweb/development/prjs/websites/puglieseweb.com/beta/includes/master-head.inc.php:6
[07-Nov-2011 15:41:48] PHP Warning:  session_start(): open(/var/lib/php/session/sess_5jiiva0bacgl4lj4gplcu2kl44, O_RDWR) failed: Permission denied (13) in /home/pweb/development/prjs/websites/puglieseweb.com/beta/includes/master-head.inc.php on line 6
[07-Nov-2011 15:41:48] PHP Stack trace:
[07-Nov-2011 15:41:48] PHP   1. {main}() /home/pweb/development/prjs/websites/puglieseweb.com/beta/pages/webdev/html5/htm5prj.php:0
[07-Nov-2011 15:41:48] PHP   2. include() /home/pweb/development/prjs/websites/puglieseweb.com/beta/pages/webdev/html5/htm5prj.php:1
[07-Nov-2011 15:41:48] PHP   3. session_start() /home/pweb/development/prjs/websites/puglieseweb.com/beta/includes/master-head.inc.php:6
[07-Nov-2011 16:23:47] PHP Warning:  session_start(): open(/var/lib/php/session/sess_ro1q4d2bg2nfiupq1bgufvdl81, O_RDWR) failed: Permission denied (13) in /home/pweb/development/prjs/websites/puglieseweb.com/beta/includes/master-head.inc.php on line 6
[07-Nov-2011 16:23:47] PHP Stack trace:
[07-Nov-2011 16:23:47] PHP   1. {main}() /home/pweb/development/prjs/websites/puglieseweb.com/beta/pages/webdev/html5/htm5prj.php:0
[07-Nov-2011 16:23:47] PHP   2. include() /home/pweb/development/prjs/websites/puglieseweb.com/beta/pages/webdev/html5/htm5prj.php:1
[07-Nov-2011 16:23:47] PHP   3. session_start() /home/pweb/development/prjs/websites/puglieseweb.com/beta/includes/master-head.inc.php:6
[09-Nov-2011 20:47:19] PHP Warning:  session_start(): open(/var/lib/php/session/sess_jp34p7s2iivnhs0aeq4ba7n4p5, O_RDWR) failed: Permission denied (13) in /home/pweb/development/prjs/websites/puglieseweb.com/beta/includes/master-head.inc.php on line 6
[09-Nov-2011 20:47:19] PHP Stack trace:
[09-Nov-2011 20:47:19] PHP   1. {main}() /home/pweb/development/prjs/websites/puglieseweb.com/beta/pages/webdev/html5/htm5prj.php:0
[09-Nov-2011 20:47:19] PHP   2. include() /home/pweb/development/prjs/websites/puglieseweb.com/beta/pages/webdev/html5/htm5prj.php:1
[09-Nov-2011 20:47:19] PHP   3. session_start() /home/pweb/development/prjs/websites/puglieseweb.com/beta/includes/master-head.inc.php:6
[09-Nov-2011 20:48:56] PHP Warning:  session_start(): open(/var/lib/php/session/sess_jp34p7s2iivnhs0aeq4ba7n4p5, O_RDWR) failed: Permission denied (13) in /home/pweb/development/prjs/websites/puglieseweb.com/beta/includes/master-head.inc.php on line 6
[09-Nov-2011 20:48:56] PHP Stack trace:
[09-Nov-2011 20:48:56] PHP   1. {main}() /home/pweb/development/prjs/websites/puglieseweb.com/beta/pages/webdev/html5/htm5prj.php:0
[09-Nov-2011 20:48:56] PHP   2. include() /home/pweb/development/prjs/websites/puglieseweb.com/beta/pages/webdev/html5/htm5prj.php:1
[09-Nov-2011 20:48:56] PHP   3. session_start() /home/pweb/development/prjs/websites/puglieseweb.com/beta/includes/master-head.inc.php:6
[09-Nov-2011 23:57:25] PHP Warning:  session_start(): open(/var/lib/php/session/sess_mt3clrmv10dobeajek8b622ki1, O_RDWR) failed: Permission denied (13) in /home/pweb/development/prjs/websites/puglieseweb.com/beta/includes/master-head.inc.php on line 6
[09-Nov-2011 23:57:25] PHP Stack trace:
[09-Nov-2011 23:57:25] PHP   1. {main}() /home/pweb/development/prjs/websites/puglieseweb.com/beta/pages/webdev/html5/htm5prj.php:0
[09-Nov-2011 23:57:25] PHP   2. include() /home/pweb/development/prjs/websites/puglieseweb.com/beta/pages/webdev/html5/htm5prj.php:1
[09-Nov-2011 23:57:25] PHP   3. session_start() /home/pweb/development/prjs/websites/puglieseweb.com/beta/includes/master-head.inc.php:6
[10-Nov-2011 00:24:05] PHP Warning:  session_start(): open(/var/lib/php/session/sess_b4kaabfhdbdq628n70luhlnou0, O_RDWR) failed: Permission denied (13) in /home/pweb/development/prjs/websites/puglieseweb.com/beta/includes/master-head.inc.php on line 6
[10-Nov-2011 00:24:05] PHP Stack trace:
[10-Nov-2011 00:24:05] PHP   1. {main}() /home/pweb/development/prjs/websites/puglieseweb.com/beta/pages/webdev/html5/htm5prj.php:0
[10-Nov-2011 00:24:05] PHP   2. include() /home/pweb/development/prjs/websites/puglieseweb.com/beta/pages/webdev/html5/htm5prj.php:1
[10-Nov-2011 00:24:05] PHP   3. session_start() /home/pweb/development/prjs/websites/puglieseweb.com/beta/includes/master-head.inc.php:6
[10-Nov-2011 00:24:05] PHP Warning:  include(../backlinks.php): failed to open stream: No such file or directory in /home/pweb/development/prjs/websites/puglieseweb.com/beta/includes/master-head.inc.php on line 96
[10-Nov-2011 00:24:05] PHP Stack trace:
[10-Nov-2011 00:24:05] PHP   1. {main}() /home/pweb/development/prjs/websites/puglieseweb.com/beta/pages/webdev/html5/htm5prj.php:0
[10-Nov-2011 00:24:05] PHP   2. include() /home/pweb/development/prjs/websites/puglieseweb.com/beta/pages/webdev/html5/htm5prj.php:1
[10-Nov-2011 00:24:05] PHP Warning:  include(): Failed opening '../backlinks.php' for inclusion (include_path='.:/usr/share/pear:/usr/share/php') in /home/pweb/development/prjs/websites/puglieseweb.com/beta/includes/master-head.inc.php on line 96
[10-Nov-2011 00:24:05] PHP Stack trace:
[10-Nov-2011 00:24:05] PHP   1. {main}() /home/pweb/development/prjs/websites/puglieseweb.com/beta/pages/webdev/html5/htm5prj.php:0
[10-Nov-2011 00:24:05] PHP   2. include() /home/pweb/development/prjs/websites/puglieseweb.com/beta/pages/webdev/html5/htm5prj.php:1
[11-Nov-2011 03:08:12] PHP Parse error:  syntax error, unexpected T_CONSTANT_ENCAPSED_STRING, expecting ',' or ';' in /home/pweb/development/prjs/websites/puglieseweb.com/beta/includes/master-head.inc.php on line 27
[11-Nov-2011 03:08:12] PHP Stack trace:
[11-Nov-2011 03:08:12] PHP   1. {main}() /home/pweb/development/prjs/websites/puglieseweb.com/beta/pages/webdev/html5/htm5prj.php:0
