[20-Aug-2011 12:03:22] PHP Warning:  session_start(): open(/var/lib/php/session/sess_mfu9id2thub805gfrqduns2b70, O_RDWR) failed: Permission denied (13) in /home/pweb/development/prjs/websites/puglieseweb.com/beta/includes/master-head.inc.php on line 6
[20-Aug-2011 12:13:38] PHP Warning:  session_start(): open(/var/lib/php/session/sess_mfu9id2thub805gfrqduns2b70, O_RDWR) failed: Permission denied (13) in /home/pweb/development/prjs/websites/puglieseweb.com/beta/includes/master-head.inc.php on line 6
[20-Aug-2011 12:16:40] PHP Warning:  session_start(): open(/var/lib/php/session/sess_mfu9id2thub805gfrqduns2b70, O_RDWR) failed: Permission denied (13) in /home/pweb/development/prjs/websites/puglieseweb.com/beta/includes/master-head.inc.php on line 6
[20-Aug-2011 16:14:51] PHP Warning:  session_start(): open(/var/lib/php/session/sess_anohffh515aaf158pams06if45, O_RDWR) failed: Permission denied (13) in /home/pweb/development/prjs/websites/puglieseweb.com/beta/includes/master-head.inc.php on line 6
[20-Aug-2011 16:15:07] PHP Warning:  session_start(): open(/var/lib/php/session/sess_anohffh515aaf158pams06if45, O_RDWR) failed: Permission denied (13) in /home/pweb/development/prjs/websites/puglieseweb.com/beta/includes/master-head.inc.php on line 6
[20-Aug-2011 16:15:11] PHP Warning:  session_start(): open(/var/lib/php/session/sess_anohffh515aaf158pams06if45, O_RDWR) failed: Permission denied (13) in /home/pweb/development/prjs/websites/puglieseweb.com/beta/includes/master-head.inc.php on line 6
[20-Aug-2011 16:15:21] PHP Warning:  session_start(): open(/var/lib/php/session/sess_anohffh515aaf158pams06if45, O_RDWR) failed: Permission denied (13) in /home/pweb/development/prjs/websites/puglieseweb.com/beta/includes/master-head.inc.php on line 6
[20-Aug-2011 16:16:00] PHP Warning:  session_start(): open(/var/lib/php/session/sess_anohffh515aaf158pams06if45, O_RDWR) failed: Permission denied (13) in /home/pweb/development/prjs/websites/puglieseweb.com/beta/includes/master-head.inc.php on line 6
[07-Nov-2011 14:12:01] PHP Warning:  session_start(): open(/var/lib/php/session/sess_421v4lsra64v7bqbdsdmneik92, O_RDWR) failed: Permission denied (13) in /home/pweb/development/prjs/websites/puglieseweb.com/beta/includes/master-head.inc.php on line 6
[07-Nov-2011 14:12:01] PHP Stack trace:
[07-Nov-2011 14:12:01] PHP   1. {main}() /home/pweb/development/prjs/websites/puglieseweb.com/beta/pages/about/profile/emanuele.php:0
[07-Nov-2011 14:12:01] PHP   2. include() /home/pweb/development/prjs/websites/puglieseweb.com/beta/pages/about/profile/emanuele.php:1
[07-Nov-2011 14:12:01] PHP   3. session_start() /home/pweb/development/prjs/websites/puglieseweb.com/beta/includes/master-head.inc.php:6
[07-Nov-2011 14:12:06] PHP Warning:  session_start(): open(/var/lib/php/session/sess_421v4lsra64v7bqbdsdmneik92, O_RDWR) failed: Permission denied (13) in /home/pweb/development/prjs/websites/puglieseweb.com/beta/includes/master-head.inc.php on line 6
[07-Nov-2011 14:12:06] PHP Stack trace:
[07-Nov-2011 14:12:06] PHP   1. {main}() /home/pweb/development/prjs/websites/puglieseweb.com/beta/pages/about/profile/emanuele.php:0
[07-Nov-2011 14:12:06] PHP   2. include() /home/pweb/development/prjs/websites/puglieseweb.com/beta/pages/about/profile/emanuele.php:1
[07-Nov-2011 14:12:06] PHP   3. session_start() /home/pweb/development/prjs/websites/puglieseweb.com/beta/includes/master-head.inc.php:6
[07-Nov-2011 14:12:09] PHP Warning:  session_start(): open(/var/lib/php/session/sess_421v4lsra64v7bqbdsdmneik92, O_RDWR) failed: Permission denied (13) in /home/pweb/development/prjs/websites/puglieseweb.com/beta/includes/master-head.inc.php on line 6
[07-Nov-2011 14:12:09] PHP Stack trace:
[07-Nov-2011 14:12:09] PHP   1. {main}() /home/pweb/development/prjs/websites/puglieseweb.com/beta/pages/about/profile/emanuele.php:0
[07-Nov-2011 14:12:09] PHP   2. include() /home/pweb/development/prjs/websites/puglieseweb.com/beta/pages/about/profile/emanuele.php:1
[07-Nov-2011 14:12:09] PHP   3. session_start() /home/pweb/development/prjs/websites/puglieseweb.com/beta/includes/master-head.inc.php:6
[07-Nov-2011 14:44:36] PHP Warning:  session_start(): open(/var/lib/php/session/sess_421v4lsra64v7bqbdsdmneik92, O_RDWR) failed: Permission denied (13) in /home/pweb/development/prjs/websites/puglieseweb.com/beta/includes/master-head.inc.php on line 6
[07-Nov-2011 14:44:36] PHP Stack trace:
[07-Nov-2011 14:44:36] PHP   1. {main}() /home/pweb/development/prjs/websites/puglieseweb.com/beta/pages/about/profile/emanuele.php:0
[07-Nov-2011 14:44:36] PHP   2. include() /home/pweb/development/prjs/websites/puglieseweb.com/beta/pages/about/profile/emanuele.php:1
[07-Nov-2011 14:44:36] PHP   3. session_start() /home/pweb/development/prjs/websites/puglieseweb.com/beta/includes/master-head.inc.php:6
[07-Nov-2011 14:47:32] PHP Warning:  session_start(): open(/var/lib/php/session/sess_4oa0v4bu8er56l2i9gdlf8rk90, O_RDWR) failed: Permission denied (13) in /home/pweb/development/prjs/websites/puglieseweb.com/beta/includes/master-head.inc.php on line 6
[07-Nov-2011 14:47:32] PHP Stack trace:
[07-Nov-2011 14:47:32] PHP   1. {main}() /home/pweb/development/prjs/websites/puglieseweb.com/beta/pages/about/profile/emanuele.php:0
[07-Nov-2011 14:47:32] PHP   2. include() /home/pweb/development/prjs/websites/puglieseweb.com/beta/pages/about/profile/emanuele.php:1
[07-Nov-2011 14:47:32] PHP   3. session_start() /home/pweb/development/prjs/websites/puglieseweb.com/beta/includes/master-head.inc.php:6
[07-Nov-2011 14:50:34] PHP Warning:  session_start(): open(/var/lib/php/session/sess_4oa0v4bu8er56l2i9gdlf8rk90, O_RDWR) failed: Permission denied (13) in /home/pweb/development/prjs/websites/puglieseweb.com/beta/includes/master-head.inc.php on line 6
[07-Nov-2011 14:50:34] PHP Stack trace:
[07-Nov-2011 14:50:34] PHP   1. {main}() /home/pweb/development/prjs/websites/puglieseweb.com/beta/pages/about/profile/emanuele.php:0
[07-Nov-2011 14:50:34] PHP   2. include() /home/pweb/development/prjs/websites/puglieseweb.com/beta/pages/about/profile/emanuele.php:1
[07-Nov-2011 14:50:34] PHP   3. session_start() /home/pweb/development/prjs/websites/puglieseweb.com/beta/includes/master-head.inc.php:6
[07-Nov-2011 14:50:37] PHP Warning:  session_start(): open(/var/lib/php/session/sess_4oa0v4bu8er56l2i9gdlf8rk90, O_RDWR) failed: Permission denied (13) in /home/pweb/development/prjs/websites/puglieseweb.com/beta/includes/master-head.inc.php on line 6
[07-Nov-2011 14:50:37] PHP Stack trace:
[07-Nov-2011 14:50:37] PHP   1. {main}() /home/pweb/development/prjs/websites/puglieseweb.com/beta/pages/about/profile/emanuele.php:0
[07-Nov-2011 14:50:37] PHP   2. include() /home/pweb/development/prjs/websites/puglieseweb.com/beta/pages/about/profile/emanuele.php:1
[07-Nov-2011 14:50:37] PHP   3. session_start() /home/pweb/development/prjs/websites/puglieseweb.com/beta/includes/master-head.inc.php:6
[07-Nov-2011 14:51:54] PHP Warning:  session_start(): open(/var/lib/php/session/sess_4oa0v4bu8er56l2i9gdlf8rk90, O_RDWR) failed: Permission denied (13) in /home/pweb/development/prjs/websites/puglieseweb.com/beta/includes/master-head.inc.php on line 6
[07-Nov-2011 14:51:54] PHP Stack trace:
[07-Nov-2011 14:51:54] PHP   1. {main}() /home/pweb/development/prjs/websites/puglieseweb.com/beta/pages/about/profile/emanuele.php:0
[07-Nov-2011 14:51:54] PHP   2. include() /home/pweb/development/prjs/websites/puglieseweb.com/beta/pages/about/profile/emanuele.php:1
[07-Nov-2011 14:51:54] PHP   3. session_start() /home/pweb/development/prjs/websites/puglieseweb.com/beta/includes/master-head.inc.php:6
[07-Nov-2011 14:59:30] PHP Warning:  session_start(): open(/var/lib/php/session/sess_5jiiva0bacgl4lj4gplcu2kl44, O_RDWR) failed: Permission denied (13) in /home/pweb/development/prjs/websites/puglieseweb.com/beta/includes/master-head.inc.php on line 6
[07-Nov-2011 14:59:30] PHP Stack trace:
[07-Nov-2011 14:59:30] PHP   1. {main}() /home/pweb/development/prjs/websites/puglieseweb.com/beta/pages/about/profile/emanuele.php:0
[07-Nov-2011 14:59:30] PHP   2. include() /home/pweb/development/prjs/websites/puglieseweb.com/beta/pages/about/profile/emanuele.php:1
[07-Nov-2011 14:59:30] PHP   3. session_start() /home/pweb/development/prjs/websites/puglieseweb.com/beta/includes/master-head.inc.php:6
[07-Nov-2011 15:00:48] PHP Warning:  session_start(): open(/var/lib/php/session/sess_5jiiva0bacgl4lj4gplcu2kl44, O_RDWR) failed: Permission denied (13) in /home/pweb/development/prjs/websites/puglieseweb.com/beta/includes/master-head.inc.php on line 6
[07-Nov-2011 15:00:48] PHP Stack trace:
[07-Nov-2011 15:00:48] PHP   1. {main}() /home/pweb/development/prjs/websites/puglieseweb.com/beta/pages/about/profile/emanuele.php:0
[07-Nov-2011 15:00:48] PHP   2. include() /home/pweb/development/prjs/websites/puglieseweb.com/beta/pages/about/profile/emanuele.php:1
[07-Nov-2011 15:00:48] PHP   3. session_start() /home/pweb/development/prjs/websites/puglieseweb.com/beta/includes/master-head.inc.php:6
[07-Nov-2011 15:00:55] PHP Warning:  session_start(): open(/var/lib/php/session/sess_5jiiva0bacgl4lj4gplcu2kl44, O_RDWR) failed: Permission denied (13) in /home/pweb/development/prjs/websites/puglieseweb.com/beta/includes/master-head.inc.php on line 6
[07-Nov-2011 15:00:55] PHP Stack trace:
[07-Nov-2011 15:00:55] PHP   1. {main}() /home/pweb/development/prjs/websites/puglieseweb.com/beta/pages/about/profile/emanuele.php:0
[07-Nov-2011 15:00:55] PHP   2. include() /home/pweb/development/prjs/websites/puglieseweb.com/beta/pages/about/profile/emanuele.php:1
[07-Nov-2011 15:00:55] PHP   3. session_start() /home/pweb/development/prjs/websites/puglieseweb.com/beta/includes/master-head.inc.php:6
[07-Nov-2011 15:01:19] PHP Warning:  session_start(): open(/var/lib/php/session/sess_5jiiva0bacgl4lj4gplcu2kl44, O_RDWR) failed: Permission denied (13) in /home/pweb/development/prjs/websites/puglieseweb.com/beta/includes/master-head.inc.php on line 6
[07-Nov-2011 15:01:19] PHP Stack trace:
[07-Nov-2011 15:01:19] PHP   1. {main}() /home/pweb/development/prjs/websites/puglieseweb.com/beta/pages/about/profile/emanuele.php:0
[07-Nov-2011 15:01:19] PHP   2. include() /home/pweb/development/prjs/websites/puglieseweb.com/beta/pages/about/profile/emanuele.php:1
[07-Nov-2011 15:01:19] PHP   3. session_start() /home/pweb/development/prjs/websites/puglieseweb.com/beta/includes/master-head.inc.php:6
[07-Nov-2011 15:25:33] PHP Warning:  session_start(): open(/var/lib/php/session/sess_3c3bu3op8du0us6f9gic5u5d55, O_RDWR) failed: Permission denied (13) in /home/pweb/development/prjs/websites/puglieseweb.com/beta/includes/master-head.inc.php on line 6
[07-Nov-2011 15:25:33] PHP Stack trace:
[07-Nov-2011 15:25:33] PHP   1. {main}() /home/pweb/development/prjs/websites/puglieseweb.com/beta/pages/about/profile/emanuele.php:0
[07-Nov-2011 15:25:33] PHP   2. include() /home/pweb/development/prjs/websites/puglieseweb.com/beta/pages/about/profile/emanuele.php:1
[07-Nov-2011 15:25:33] PHP   3. session_start() /home/pweb/development/prjs/websites/puglieseweb.com/beta/includes/master-head.inc.php:6
[07-Nov-2011 15:26:24] PHP Warning:  session_start(): open(/var/lib/php/session/sess_3c3bu3op8du0us6f9gic5u5d55, O_RDWR) failed: Permission denied (13) in /home/pweb/development/prjs/websites/puglieseweb.com/beta/includes/master-head.inc.php on line 6
[07-Nov-2011 15:26:24] PHP Stack trace:
[07-Nov-2011 15:26:24] PHP   1. {main}() /home/pweb/development/prjs/websites/puglieseweb.com/beta/pages/about/profile/emanuele.php:0
[07-Nov-2011 15:26:24] PHP   2. include() /home/pweb/development/prjs/websites/puglieseweb.com/beta/pages/about/profile/emanuele.php:1
[07-Nov-2011 15:26:24] PHP   3. session_start() /home/pweb/development/prjs/websites/puglieseweb.com/beta/includes/master-head.inc.php:6
[07-Nov-2011 15:28:24] PHP Warning:  session_start(): open(/var/lib/php/session/sess_3c3bu3op8du0us6f9gic5u5d55, O_RDWR) failed: Permission denied (13) in /home/pweb/development/prjs/websites/puglieseweb.com/beta/includes/master-head.inc.php on line 6
[07-Nov-2011 15:28:24] PHP Stack trace:
[07-Nov-2011 15:28:24] PHP   1. {main}() /home/pweb/development/prjs/websites/puglieseweb.com/beta/pages/about/profile/emanuele.php:0
[07-Nov-2011 15:28:24] PHP   2. include() /home/pweb/development/prjs/websites/puglieseweb.com/beta/pages/about/profile/emanuele.php:1
[07-Nov-2011 15:28:24] PHP   3. session_start() /home/pweb/development/prjs/websites/puglieseweb.com/beta/includes/master-head.inc.php:6
[07-Nov-2011 15:30:24] PHP Warning:  session_start(): open(/var/lib/php/session/sess_3c3bu3op8du0us6f9gic5u5d55, O_RDWR) failed: Permission denied (13) in /home/pweb/development/prjs/websites/puglieseweb.com/beta/includes/master-head.inc.php on line 6
[07-Nov-2011 15:30:24] PHP Stack trace:
[07-Nov-2011 15:30:24] PHP   1. {main}() /home/pweb/development/prjs/websites/puglieseweb.com/beta/pages/about/profile/emanuele.php:0
[07-Nov-2011 15:30:24] PHP   2. include() /home/pweb/development/prjs/websites/puglieseweb.com/beta/pages/about/profile/emanuele.php:1
[07-Nov-2011 15:30:24] PHP   3. session_start() /home/pweb/development/prjs/websites/puglieseweb.com/beta/includes/master-head.inc.php:6
[07-Nov-2011 15:31:59] PHP Warning:  session_start(): open(/var/lib/php/session/sess_3c3bu3op8du0us6f9gic5u5d55, O_RDWR) failed: Permission denied (13) in /home/pweb/development/prjs/websites/puglieseweb.com/beta/includes/master-head.inc.php on line 6
[07-Nov-2011 15:31:59] PHP Stack trace:
[07-Nov-2011 15:31:59] PHP   1. {main}() /home/pweb/development/prjs/websites/puglieseweb.com/beta/pages/about/profile/emanuele.php:0
[07-Nov-2011 15:31:59] PHP   2. include() /home/pweb/development/prjs/websites/puglieseweb.com/beta/pages/about/profile/emanuele.php:1
[07-Nov-2011 15:31:59] PHP   3. session_start() /home/pweb/development/prjs/websites/puglieseweb.com/beta/includes/master-head.inc.php:6
[07-Nov-2011 15:32:02] PHP Warning:  session_start(): open(/var/lib/php/session/sess_3c3bu3op8du0us6f9gic5u5d55, O_RDWR) failed: Permission denied (13) in /home/pweb/development/prjs/websites/puglieseweb.com/beta/includes/master-head.inc.php on line 6
[07-Nov-2011 15:32:02] PHP Stack trace:
[07-Nov-2011 15:32:02] PHP   1. {main}() /home/pweb/development/prjs/websites/puglieseweb.com/beta/pages/about/profile/emanuele.php:0
[07-Nov-2011 15:32:02] PHP   2. include() /home/pweb/development/prjs/websites/puglieseweb.com/beta/pages/about/profile/emanuele.php:1
[07-Nov-2011 15:32:02] PHP   3. session_start() /home/pweb/development/prjs/websites/puglieseweb.com/beta/includes/master-head.inc.php:6
[07-Nov-2011 15:32:17] PHP Warning:  session_start(): open(/var/lib/php/session/sess_3c3bu3op8du0us6f9gic5u5d55, O_RDWR) failed: Permission denied (13) in /home/pweb/development/prjs/websites/puglieseweb.com/beta/includes/master-head.inc.php on line 6
[07-Nov-2011 15:32:17] PHP Stack trace:
[07-Nov-2011 15:32:17] PHP   1. {main}() /home/pweb/development/prjs/websites/puglieseweb.com/beta/pages/about/profile/emanuele.php:0
[07-Nov-2011 15:32:17] PHP   2. include() /home/pweb/development/prjs/websites/puglieseweb.com/beta/pages/about/profile/emanuele.php:1
[07-Nov-2011 15:32:17] PHP   3. session_start() /home/pweb/development/prjs/websites/puglieseweb.com/beta/includes/master-head.inc.php:6
[07-Nov-2011 15:33:03] PHP Warning:  session_start(): open(/var/lib/php/session/sess_5jiiva0bacgl4lj4gplcu2kl44, O_RDWR) failed: Permission denied (13) in /home/pweb/development/prjs/websites/puglieseweb.com/beta/includes/master-head.inc.php on line 6
[07-Nov-2011 15:33:03] PHP Stack trace:
[07-Nov-2011 15:33:03] PHP   1. {main}() /home/pweb/development/prjs/websites/puglieseweb.com/beta/pages/about/profile/emanuele.php:0
[07-Nov-2011 15:33:03] PHP   2. include() /home/pweb/development/prjs/websites/puglieseweb.com/beta/pages/about/profile/emanuele.php:1
[07-Nov-2011 15:33:03] PHP   3. session_start() /home/pweb/development/prjs/websites/puglieseweb.com/beta/includes/master-head.inc.php:6
[07-Nov-2011 15:33:16] PHP Warning:  session_start(): open(/var/lib/php/session/sess_5jiiva0bacgl4lj4gplcu2kl44, O_RDWR) failed: Permission denied (13) in /home/pweb/development/prjs/websites/puglieseweb.com/beta/includes/master-head.inc.php on line 6
[07-Nov-2011 15:33:16] PHP Stack trace:
[07-Nov-2011 15:33:16] PHP   1. {main}() /home/pweb/development/prjs/websites/puglieseweb.com/beta/pages/about/profile/emanuele.php:0
[07-Nov-2011 15:33:16] PHP   2. include() /home/pweb/development/prjs/websites/puglieseweb.com/beta/pages/about/profile/emanuele.php:1
[07-Nov-2011 15:33:16] PHP   3. session_start() /home/pweb/development/prjs/websites/puglieseweb.com/beta/includes/master-head.inc.php:6
[07-Nov-2011 15:33:20] PHP Warning:  session_start(): open(/var/lib/php/session/sess_5jiiva0bacgl4lj4gplcu2kl44, O_RDWR) failed: Permission denied (13) in /home/pweb/development/prjs/websites/puglieseweb.com/beta/includes/master-head.inc.php on line 6
[07-Nov-2011 15:33:20] PHP Stack trace:
[07-Nov-2011 15:33:20] PHP   1. {main}() /home/pweb/development/prjs/websites/puglieseweb.com/beta/pages/about/profile/emanuele.php:0
[07-Nov-2011 15:33:20] PHP   2. include() /home/pweb/development/prjs/websites/puglieseweb.com/beta/pages/about/profile/emanuele.php:1
[07-Nov-2011 15:33:20] PHP   3. session_start() /home/pweb/development/prjs/websites/puglieseweb.com/beta/includes/master-head.inc.php:6
[07-Nov-2011 15:33:28] PHP Warning:  session_start(): open(/var/lib/php/session/sess_5jiiva0bacgl4lj4gplcu2kl44, O_RDWR) failed: Permission denied (13) in /home/pweb/development/prjs/websites/puglieseweb.com/beta/includes/master-head.inc.php on line 6
[07-Nov-2011 15:33:28] PHP Stack trace:
[07-Nov-2011 15:33:28] PHP   1. {main}() /home/pweb/development/prjs/websites/puglieseweb.com/beta/pages/about/profile/emanuele.php:0
[07-Nov-2011 15:33:28] PHP   2. include() /home/pweb/development/prjs/websites/puglieseweb.com/beta/pages/about/profile/emanuele.php:1
[07-Nov-2011 15:33:28] PHP   3. session_start() /home/pweb/development/prjs/websites/puglieseweb.com/beta/includes/master-head.inc.php:6
[07-Nov-2011 15:33:43] PHP Warning:  session_start(): open(/var/lib/php/session/sess_5jiiva0bacgl4lj4gplcu2kl44, O_RDWR) failed: Permission denied (13) in /home/pweb/development/prjs/websites/puglieseweb.com/beta/includes/master-head.inc.php on line 6
[07-Nov-2011 15:33:43] PHP Stack trace:
[07-Nov-2011 15:33:43] PHP   1. {main}() /home/pweb/development/prjs/websites/puglieseweb.com/beta/pages/about/profile/emanuele.php:0
[07-Nov-2011 15:33:43] PHP   2. include() /home/pweb/development/prjs/websites/puglieseweb.com/beta/pages/about/profile/emanuele.php:1
[07-Nov-2011 15:33:43] PHP   3. session_start() /home/pweb/development/prjs/websites/puglieseweb.com/beta/includes/master-head.inc.php:6
[07-Nov-2011 15:34:41] PHP Warning:  session_start(): open(/var/lib/php/session/sess_5jiiva0bacgl4lj4gplcu2kl44, O_RDWR) failed: Permission denied (13) in /home/pweb/development/prjs/websites/puglieseweb.com/beta/includes/master-head.inc.php on line 6
[07-Nov-2011 15:34:41] PHP Stack trace:
[07-Nov-2011 15:34:41] PHP   1. {main}() /home/pweb/development/prjs/websites/puglieseweb.com/beta/pages/about/profile/emanuele.php:0
[07-Nov-2011 15:34:41] PHP   2. include() /home/pweb/development/prjs/websites/puglieseweb.com/beta/pages/about/profile/emanuele.php:1
[07-Nov-2011 15:34:41] PHP   3. session_start() /home/pweb/development/prjs/websites/puglieseweb.com/beta/includes/master-head.inc.php:6
[07-Nov-2011 15:34:51] PHP Warning:  session_start(): open(/var/lib/php/session/sess_5jiiva0bacgl4lj4gplcu2kl44, O_RDWR) failed: Permission denied (13) in /home/pweb/development/prjs/websites/puglieseweb.com/beta/includes/master-head.inc.php on line 6
[07-Nov-2011 15:34:51] PHP Stack trace:
[07-Nov-2011 15:34:51] PHP   1. {main}() /home/pweb/development/prjs/websites/puglieseweb.com/beta/pages/about/profile/emanuele.php:0
[07-Nov-2011 15:34:51] PHP   2. include() /home/pweb/development/prjs/websites/puglieseweb.com/beta/pages/about/profile/emanuele.php:1
[07-Nov-2011 15:34:51] PHP   3. session_start() /home/pweb/development/prjs/websites/puglieseweb.com/beta/includes/master-head.inc.php:6
[07-Nov-2011 15:34:59] PHP Warning:  session_start(): open(/var/lib/php/session/sess_3c3bu3op8du0us6f9gic5u5d55, O_RDWR) failed: Permission denied (13) in /home/pweb/development/prjs/websites/puglieseweb.com/beta/includes/master-head.inc.php on line 6
[07-Nov-2011 15:34:59] PHP Stack trace:
[07-Nov-2011 15:34:59] PHP   1. {main}() /home/pweb/development/prjs/websites/puglieseweb.com/beta/pages/about/profile/emanuele.php:0
[07-Nov-2011 15:34:59] PHP   2. include() /home/pweb/development/prjs/websites/puglieseweb.com/beta/pages/about/profile/emanuele.php:1
[07-Nov-2011 15:34:59] PHP   3. session_start() /home/pweb/development/prjs/websites/puglieseweb.com/beta/includes/master-head.inc.php:6
[07-Nov-2011 15:36:22] PHP Warning:  session_start(): open(/var/lib/php/session/sess_3c3bu3op8du0us6f9gic5u5d55, O_RDWR) failed: Permission denied (13) in /home/pweb/development/prjs/websites/puglieseweb.com/beta/includes/master-head.inc.php on line 6
[07-Nov-2011 15:36:22] PHP Stack trace:
[07-Nov-2011 15:36:22] PHP   1. {main}() /home/pweb/development/prjs/websites/puglieseweb.com/beta/pages/about/profile/emanuele.php:0
[07-Nov-2011 15:36:22] PHP   2. include() /home/pweb/development/prjs/websites/puglieseweb.com/beta/pages/about/profile/emanuele.php:1
[07-Nov-2011 15:36:22] PHP   3. session_start() /home/pweb/development/prjs/websites/puglieseweb.com/beta/includes/master-head.inc.php:6
[07-Nov-2011 15:38:02] PHP Warning:  session_start(): open(/var/lib/php/session/sess_3c3bu3op8du0us6f9gic5u5d55, O_RDWR) failed: Permission denied (13) in /home/pweb/development/prjs/websites/puglieseweb.com/beta/includes/master-head.inc.php on line 6
[07-Nov-2011 15:38:02] PHP Stack trace:
[07-Nov-2011 15:38:02] PHP   1. {main}() /home/pweb/development/prjs/websites/puglieseweb.com/beta/pages/about/profile/emanuele.php:0
[07-Nov-2011 15:38:02] PHP   2. include() /home/pweb/development/prjs/websites/puglieseweb.com/beta/pages/about/profile/emanuele.php:1
[07-Nov-2011 15:38:02] PHP   3. session_start() /home/pweb/development/prjs/websites/puglieseweb.com/beta/includes/master-head.inc.php:6
[07-Nov-2011 15:38:14] PHP Warning:  session_start(): open(/var/lib/php/session/sess_3c3bu3op8du0us6f9gic5u5d55, O_RDWR) failed: Permission denied (13) in /home/pweb/development/prjs/websites/puglieseweb.com/beta/includes/master-head.inc.php on line 6
[07-Nov-2011 15:38:14] PHP Stack trace:
[07-Nov-2011 15:38:14] PHP   1. {main}() /home/pweb/development/prjs/websites/puglieseweb.com/beta/pages/about/profile/emanuele.php:0
[07-Nov-2011 15:38:14] PHP   2. include() /home/pweb/development/prjs/websites/puglieseweb.com/beta/pages/about/profile/emanuele.php:1
[07-Nov-2011 15:38:14] PHP   3. session_start() /home/pweb/development/prjs/websites/puglieseweb.com/beta/includes/master-head.inc.php:6
[07-Nov-2011 15:39:00] PHP Warning:  session_start(): open(/var/lib/php/session/sess_3c3bu3op8du0us6f9gic5u5d55, O_RDWR) failed: Permission denied (13) in /home/pweb/development/prjs/websites/puglieseweb.com/beta/includes/master-head.inc.php on line 6
[07-Nov-2011 15:39:00] PHP Stack trace:
[07-Nov-2011 15:39:00] PHP   1. {main}() /home/pweb/development/prjs/websites/puglieseweb.com/beta/pages/about/profile/emanuele.php:0
[07-Nov-2011 15:39:00] PHP   2. include() /home/pweb/development/prjs/websites/puglieseweb.com/beta/pages/about/profile/emanuele.php:1
[07-Nov-2011 15:39:00] PHP   3. session_start() /home/pweb/development/prjs/websites/puglieseweb.com/beta/includes/master-head.inc.php:6
[07-Nov-2011 15:39:02] PHP Warning:  session_start(): open(/var/lib/php/session/sess_3c3bu3op8du0us6f9gic5u5d55, O_RDWR) failed: Permission denied (13) in /home/pweb/development/prjs/websites/puglieseweb.com/beta/includes/master-head.inc.php on line 6
[07-Nov-2011 15:39:02] PHP Stack trace:
[07-Nov-2011 15:39:02] PHP   1. {main}() /home/pweb/development/prjs/websites/puglieseweb.com/beta/pages/about/profile/emanuele.php:0
[07-Nov-2011 15:39:02] PHP   2. include() /home/pweb/development/prjs/websites/puglieseweb.com/beta/pages/about/profile/emanuele.php:1
[07-Nov-2011 15:39:02] PHP   3. session_start() /home/pweb/development/prjs/websites/puglieseweb.com/beta/includes/master-head.inc.php:6
[07-Nov-2011 15:39:09] PHP Warning:  session_start(): open(/var/lib/php/session/sess_3c3bu3op8du0us6f9gic5u5d55, O_RDWR) failed: Permission denied (13) in /home/pweb/development/prjs/websites/puglieseweb.com/beta/includes/master-head.inc.php on line 6
[07-Nov-2011 15:39:09] PHP Stack trace:
[07-Nov-2011 15:39:09] PHP   1. {main}() /home/pweb/development/prjs/websites/puglieseweb.com/beta/pages/about/profile/emanuele.php:0
[07-Nov-2011 15:39:09] PHP   2. include() /home/pweb/development/prjs/websites/puglieseweb.com/beta/pages/about/profile/emanuele.php:1
[07-Nov-2011 15:39:09] PHP   3. session_start() /home/pweb/development/prjs/websites/puglieseweb.com/beta/includes/master-head.inc.php:6
[07-Nov-2011 15:39:19] PHP Warning:  session_start(): open(/var/lib/php/session/sess_3c3bu3op8du0us6f9gic5u5d55, O_RDWR) failed: Permission denied (13) in /home/pweb/development/prjs/websites/puglieseweb.com/beta/includes/master-head.inc.php on line 6
[07-Nov-2011 15:39:19] PHP Stack trace:
[07-Nov-2011 15:39:19] PHP   1. {main}() /home/pweb/development/prjs/websites/puglieseweb.com/beta/pages/about/profile/emanuele.php:0
[07-Nov-2011 15:39:19] PHP   2. include() /home/pweb/development/prjs/websites/puglieseweb.com/beta/pages/about/profile/emanuele.php:1
[07-Nov-2011 15:39:19] PHP   3. session_start() /home/pweb/development/prjs/websites/puglieseweb.com/beta/includes/master-head.inc.php:6
[07-Nov-2011 15:39:47] PHP Warning:  session_start(): open(/var/lib/php/session/sess_3c3bu3op8du0us6f9gic5u5d55, O_RDWR) failed: Permission denied (13) in /home/pweb/development/prjs/websites/puglieseweb.com/beta/includes/master-head.inc.php on line 6
[07-Nov-2011 15:39:47] PHP Stack trace:
[07-Nov-2011 15:39:47] PHP   1. {main}() /home/pweb/development/prjs/websites/puglieseweb.com/beta/pages/about/profile/emanuele.php:0
[07-Nov-2011 15:39:47] PHP   2. include() /home/pweb/development/prjs/websites/puglieseweb.com/beta/pages/about/profile/emanuele.php:1
[07-Nov-2011 15:39:47] PHP   3. session_start() /home/pweb/development/prjs/websites/puglieseweb.com/beta/includes/master-head.inc.php:6
[07-Nov-2011 15:41:43] PHP Warning:  session_start(): open(/var/lib/php/session/sess_5jiiva0bacgl4lj4gplcu2kl44, O_RDWR) failed: Permission denied (13) in /home/pweb/development/prjs/websites/puglieseweb.com/beta/includes/master-head.inc.php on line 6
[07-Nov-2011 15:41:43] PHP Stack trace:
[07-Nov-2011 15:41:43] PHP   1. {main}() /home/pweb/development/prjs/websites/puglieseweb.com/beta/pages/about/profile/emanuele.php:0
[07-Nov-2011 15:41:43] PHP   2. include() /home/pweb/development/prjs/websites/puglieseweb.com/beta/pages/about/profile/emanuele.php:1
[07-Nov-2011 15:41:43] PHP   3. session_start() /home/pweb/development/prjs/websites/puglieseweb.com/beta/includes/master-head.inc.php:6
[07-Nov-2011 15:49:02] PHP Warning:  session_start(): open(/var/lib/php/session/sess_5jiiva0bacgl4lj4gplcu2kl44, O_RDWR) failed: Permission denied (13) in /home/pweb/development/prjs/websites/puglieseweb.com/beta/includes/master-head.inc.php on line 6
[07-Nov-2011 15:49:02] PHP Stack trace:
[07-Nov-2011 15:49:02] PHP   1. {main}() /home/pweb/development/prjs/websites/puglieseweb.com/beta/pages/about/profile/emanuele.php:0
[07-Nov-2011 15:49:02] PHP   2. include() /home/pweb/development/prjs/websites/puglieseweb.com/beta/pages/about/profile/emanuele.php:1
[07-Nov-2011 15:49:02] PHP   3. session_start() /home/pweb/development/prjs/websites/puglieseweb.com/beta/includes/master-head.inc.php:6
[07-Nov-2011 16:23:03] PHP Warning:  session_start(): open(/var/lib/php/session/sess_ro1q4d2bg2nfiupq1bgufvdl81, O_RDWR) failed: Permission denied (13) in /home/pweb/development/prjs/websites/puglieseweb.com/beta/includes/master-head.inc.php on line 6
[07-Nov-2011 16:23:03] PHP Stack trace:
[07-Nov-2011 16:23:03] PHP   1. {main}() /home/pweb/development/prjs/websites/puglieseweb.com/beta/pages/about/profile/emanuele.php:0
[07-Nov-2011 16:23:03] PHP   2. include() /home/pweb/development/prjs/websites/puglieseweb.com/beta/pages/about/profile/emanuele.php:1
[07-Nov-2011 16:23:03] PHP   3. session_start() /home/pweb/development/prjs/websites/puglieseweb.com/beta/includes/master-head.inc.php:6
[07-Nov-2011 16:23:33] PHP Warning:  session_start(): open(/var/lib/php/session/sess_ro1q4d2bg2nfiupq1bgufvdl81, O_RDWR) failed: Permission denied (13) in /home/pweb/development/prjs/websites/puglieseweb.com/beta/includes/master-head.inc.php on line 6
[07-Nov-2011 16:23:33] PHP Stack trace:
[07-Nov-2011 16:23:33] PHP   1. {main}() /home/pweb/development/prjs/websites/puglieseweb.com/beta/pages/about/profile/emanuele.php:0
[07-Nov-2011 16:23:33] PHP   2. include() /home/pweb/development/prjs/websites/puglieseweb.com/beta/pages/about/profile/emanuele.php:1
[07-Nov-2011 16:23:33] PHP   3. session_start() /home/pweb/development/prjs/websites/puglieseweb.com/beta/includes/master-head.inc.php:6
[07-Nov-2011 16:24:02] PHP Warning:  session_start(): open(/var/lib/php/session/sess_ro1q4d2bg2nfiupq1bgufvdl81, O_RDWR) failed: Permission denied (13) in /home/pweb/development/prjs/websites/puglieseweb.com/beta/includes/master-head.inc.php on line 6
[07-Nov-2011 16:24:02] PHP Stack trace:
[07-Nov-2011 16:24:02] PHP   1. {main}() /home/pweb/development/prjs/websites/puglieseweb.com/beta/pages/about/profile/emanuele.php:0
[07-Nov-2011 16:24:02] PHP   2. include() /home/pweb/development/prjs/websites/puglieseweb.com/beta/pages/about/profile/emanuele.php:1
[07-Nov-2011 16:24:02] PHP   3. session_start() /home/pweb/development/prjs/websites/puglieseweb.com/beta/includes/master-head.inc.php:6
[07-Nov-2011 16:24:05] PHP Warning:  session_start(): open(/var/lib/php/session/sess_ro1q4d2bg2nfiupq1bgufvdl81, O_RDWR) failed: Permission denied (13) in /home/pweb/development/prjs/websites/puglieseweb.com/beta/includes/master-head.inc.php on line 6
[07-Nov-2011 16:24:05] PHP Stack trace:
[07-Nov-2011 16:24:05] PHP   1. {main}() /home/pweb/development/prjs/websites/puglieseweb.com/beta/pages/about/profile/emanuele.php:0
[07-Nov-2011 16:24:05] PHP   2. include() /home/pweb/development/prjs/websites/puglieseweb.com/beta/pages/about/profile/emanuele.php:1
[07-Nov-2011 16:24:05] PHP   3. session_start() /home/pweb/development/prjs/websites/puglieseweb.com/beta/includes/master-head.inc.php:6
[07-Nov-2011 16:30:25] PHP Warning:  session_start(): open(/var/lib/php/session/sess_s7h3ecf9c1ikh4bvkrlvid1t51, O_RDWR) failed: Permission denied (13) in /home/pweb/development/prjs/websites/puglieseweb.com/beta/includes/master-head.inc.php on line 6
[07-Nov-2011 16:30:25] PHP Stack trace:
[07-Nov-2011 16:30:25] PHP   1. {main}() /home/pweb/development/prjs/websites/puglieseweb.com/beta/pages/about/profile/emanuele.php:0
[07-Nov-2011 16:30:25] PHP   2. include() /home/pweb/development/prjs/websites/puglieseweb.com/beta/pages/about/profile/emanuele.php:1
[07-Nov-2011 16:30:25] PHP   3. session_start() /home/pweb/development/prjs/websites/puglieseweb.com/beta/includes/master-head.inc.php:6
[07-Nov-2011 16:33:23] PHP Warning:  session_start(): open(/var/lib/php/session/sess_s7h3ecf9c1ikh4bvkrlvid1t51, O_RDWR) failed: Permission denied (13) in /home/pweb/development/prjs/websites/puglieseweb.com/beta/includes/master-head.inc.php on line 6
[07-Nov-2011 16:33:23] PHP Stack trace:
[07-Nov-2011 16:33:23] PHP   1. {main}() /home/pweb/development/prjs/websites/puglieseweb.com/beta/pages/about/profile/emanuele.php:0
[07-Nov-2011 16:33:23] PHP   2. include() /home/pweb/development/prjs/websites/puglieseweb.com/beta/pages/about/profile/emanuele.php:1
[07-Nov-2011 16:33:23] PHP   3. session_start() /home/pweb/development/prjs/websites/puglieseweb.com/beta/includes/master-head.inc.php:6
[07-Nov-2011 20:09:36] PHP Warning:  session_start(): open(/var/lib/php/session/sess_la4ilafu4ig006a6834d6b43m2, O_RDWR) failed: Permission denied (13) in /home/pweb/development/prjs/websites/puglieseweb.com/beta/includes/master-head.inc.php on line 6
[07-Nov-2011 20:09:36] PHP Stack trace:
[07-Nov-2011 20:09:36] PHP   1. {main}() /home/pweb/development/prjs/websites/puglieseweb.com/beta/pages/about/profile/emanuele.php:0
[07-Nov-2011 20:09:36] PHP   2. include() /home/pweb/development/prjs/websites/puglieseweb.com/beta/pages/about/profile/emanuele.php:1
[07-Nov-2011 20:09:36] PHP   3. session_start() /home/pweb/development/prjs/websites/puglieseweb.com/beta/includes/master-head.inc.php:6
[09-Nov-2011 20:48:05] PHP Warning:  session_start(): open(/var/lib/php/session/sess_jp34p7s2iivnhs0aeq4ba7n4p5, O_RDWR) failed: Permission denied (13) in /home/pweb/development/prjs/websites/puglieseweb.com/beta/includes/master-head.inc.php on line 6
[09-Nov-2011 20:48:05] PHP Stack trace:
[09-Nov-2011 20:48:05] PHP   1. {main}() /home/pweb/development/prjs/websites/puglieseweb.com/beta/pages/about/profile/emanuele.php:0
[09-Nov-2011 20:48:05] PHP   2. include() /home/pweb/development/prjs/websites/puglieseweb.com/beta/pages/about/profile/emanuele.php:1
[09-Nov-2011 20:48:05] PHP   3. session_start() /home/pweb/development/prjs/websites/puglieseweb.com/beta/includes/master-head.inc.php:6
[10-Nov-2011 01:27:45] PHP Parse error:  syntax error, unexpected T_VARIABLE in /home/pweb/development/prjs/websites/puglieseweb.com/beta/pages/about/profile/emanuele.php on line 3
[10-Nov-2011 01:28:18] PHP Parse error:  syntax error, unexpected T_VARIABLE in /home/pweb/development/prjs/websites/puglieseweb.com/beta/pages/about/profile/emanuele.php on line 3
[10-Nov-2011 01:29:00] PHP Parse error:  syntax error, unexpected T_VARIABLE in /home/pweb/development/prjs/websites/puglieseweb.com/beta/pages/about/profile/emanuele.php on line 3
[10-Nov-2011 01:29:01] PHP Parse error:  syntax error, unexpected T_VARIABLE in /home/pweb/development/prjs/websites/puglieseweb.com/beta/pages/about/profile/emanuele.php on line 3
[10-Nov-2011 01:29:02] PHP Parse error:  syntax error, unexpected T_VARIABLE in /home/pweb/development/prjs/websites/puglieseweb.com/beta/pages/about/profile/emanuele.php on line 3
[10-Nov-2011 01:29:32] PHP Parse error:  syntax error, unexpected T_VARIABLE in /home/pweb/development/prjs/websites/puglieseweb.com/beta/pages/about/profile/emanuele.php on line 3
[10-Nov-2011 01:29:33] PHP Parse error:  syntax error, unexpected T_VARIABLE in /home/pweb/development/prjs/websites/puglieseweb.com/beta/pages/about/profile/emanuele.php on line 3
[10-Nov-2011 01:29:34] PHP Parse error:  syntax error, unexpected T_VARIABLE in /home/pweb/development/prjs/websites/puglieseweb.com/beta/pages/about/profile/emanuele.php on line 3
[10-Nov-2011 01:29:44] PHP Parse error:  syntax error, unexpected T_VARIABLE in /home/pweb/development/prjs/websites/puglieseweb.com/beta/pages/about/profile/emanuele.php on line 3
[10-Nov-2011 01:29:44] PHP Parse error:  syntax error, unexpected T_VARIABLE in /home/pweb/development/prjs/websites/puglieseweb.com/beta/pages/about/profile/emanuele.php on line 3
[10-Nov-2011 01:30:09] PHP Warning:  session_start(): open(/var/lib/php/session/sess_b4kaabfhdbdq628n70luhlnou0, O_RDWR) failed: Permission denied (13) in /home/pweb/development/prjs/websites/puglieseweb.com/beta/includes/master-head.inc.php on line 6
[10-Nov-2011 01:30:09] PHP Stack trace:
[10-Nov-2011 01:30:09] PHP   1. {main}() /home/pweb/development/prjs/websites/puglieseweb.com/beta/pages/about/profile/emanuele.php:0
[10-Nov-2011 01:30:09] PHP   2. include() /home/pweb/development/prjs/websites/puglieseweb.com/beta/pages/about/profile/emanuele.php:1
[10-Nov-2011 01:30:09] PHP   3. session_start() /home/pweb/development/prjs/websites/puglieseweb.com/beta/includes/master-head.inc.php:6
[10-Nov-2011 01:30:37] PHP Warning:  session_start(): open(/var/lib/php/session/sess_b4kaabfhdbdq628n70luhlnou0, O_RDWR) failed: Permission denied (13) in /home/pweb/development/prjs/websites/puglieseweb.com/beta/includes/master-head.inc.php on line 6
[10-Nov-2011 01:30:37] PHP Stack trace:
[10-Nov-2011 01:30:37] PHP   1. {main}() /home/pweb/development/prjs/websites/puglieseweb.com/beta/pages/about/profile/emanuele.php:0
[10-Nov-2011 01:30:37] PHP   2. include() /home/pweb/development/prjs/websites/puglieseweb.com/beta/pages/about/profile/emanuele.php:1
[10-Nov-2011 01:30:37] PHP   3. session_start() /home/pweb/development/prjs/websites/puglieseweb.com/beta/includes/master-head.inc.php:6
[10-Nov-2011 01:30:40] PHP Warning:  session_start(): open(/var/lib/php/session/sess_b4kaabfhdbdq628n70luhlnou0, O_RDWR) failed: Permission denied (13) in /home/pweb/development/prjs/websites/puglieseweb.com/beta/includes/master-head.inc.php on line 6
[10-Nov-2011 01:30:40] PHP Stack trace:
[10-Nov-2011 01:30:40] PHP   1. {main}() /home/pweb/development/prjs/websites/puglieseweb.com/beta/pages/about/profile/emanuele.php:0
[10-Nov-2011 01:30:40] PHP   2. include() /home/pweb/development/prjs/websites/puglieseweb.com/beta/pages/about/profile/emanuele.php:1
[10-Nov-2011 01:30:40] PHP   3. session_start() /home/pweb/development/prjs/websites/puglieseweb.com/beta/includes/master-head.inc.php:6
[10-Nov-2011 01:30:43] PHP Warning:  session_start(): open(/var/lib/php/session/sess_b4kaabfhdbdq628n70luhlnou0, O_RDWR) failed: Permission denied (13) in /home/pweb/development/prjs/websites/puglieseweb.com/beta/includes/master-head.inc.php on line 6
[10-Nov-2011 01:30:43] PHP Stack trace:
[10-Nov-2011 01:30:43] PHP   1. {main}() /home/pweb/development/prjs/websites/puglieseweb.com/beta/pages/about/profile/emanuele.php:0
[10-Nov-2011 01:30:43] PHP   2. include() /home/pweb/development/prjs/websites/puglieseweb.com/beta/pages/about/profile/emanuele.php:1
[10-Nov-2011 01:30:43] PHP   3. session_start() /home/pweb/development/prjs/websites/puglieseweb.com/beta/includes/master-head.inc.php:6
[10-Nov-2011 01:30:56] PHP Warning:  session_start(): open(/var/lib/php/session/sess_b4kaabfhdbdq628n70luhlnou0, O_RDWR) failed: Permission denied (13) in /home/pweb/development/prjs/websites/puglieseweb.com/beta/includes/master-head.inc.php on line 6
[10-Nov-2011 01:30:56] PHP Stack trace:
[10-Nov-2011 01:30:56] PHP   1. {main}() /home/pweb/development/prjs/websites/puglieseweb.com/beta/pages/about/profile/emanuele.php:0
[10-Nov-2011 01:30:56] PHP   2. include() /home/pweb/development/prjs/websites/puglieseweb.com/beta/pages/about/profile/emanuele.php:1
[10-Nov-2011 01:30:56] PHP   3. session_start() /home/pweb/development/prjs/websites/puglieseweb.com/beta/includes/master-head.inc.php:6
[10-Nov-2011 01:31:57] PHP Warning:  session_start(): open(/var/lib/php/session/sess_b4kaabfhdbdq628n70luhlnou0, O_RDWR) failed: Permission denied (13) in /home/pweb/development/prjs/websites/puglieseweb.com/beta/includes/master-head.inc.php on line 6
[10-Nov-2011 01:31:57] PHP Stack trace:
[10-Nov-2011 01:31:57] PHP   1. {main}() /home/pweb/development/prjs/websites/puglieseweb.com/beta/pages/about/profile/emanuele.php:0
[10-Nov-2011 01:31:57] PHP   2. include() /home/pweb/development/prjs/websites/puglieseweb.com/beta/pages/about/profile/emanuele.php:1
[10-Nov-2011 01:31:57] PHP   3. session_start() /home/pweb/development/prjs/websites/puglieseweb.com/beta/includes/master-head.inc.php:6
[10-Nov-2011 01:31:59] PHP Warning:  session_start(): open(/var/lib/php/session/sess_b4kaabfhdbdq628n70luhlnou0, O_RDWR) failed: Permission denied (13) in /home/pweb/development/prjs/websites/puglieseweb.com/beta/includes/master-head.inc.php on line 6
[10-Nov-2011 01:31:59] PHP Stack trace:
[10-Nov-2011 01:31:59] PHP   1. {main}() /home/pweb/development/prjs/websites/puglieseweb.com/beta/pages/about/profile/emanuele.php:0
[10-Nov-2011 01:31:59] PHP   2. include() /home/pweb/development/prjs/websites/puglieseweb.com/beta/pages/about/profile/emanuele.php:1
[10-Nov-2011 01:31:59] PHP   3. session_start() /home/pweb/development/prjs/websites/puglieseweb.com/beta/includes/master-head.inc.php:6
[10-Nov-2011 01:32:10] PHP Warning:  session_start(): open(/var/lib/php/session/sess_b4kaabfhdbdq628n70luhlnou0, O_RDWR) failed: Permission denied (13) in /home/pweb/development/prjs/websites/puglieseweb.com/beta/includes/master-head.inc.php on line 6
[10-Nov-2011 01:32:10] PHP Stack trace:
[10-Nov-2011 01:32:10] PHP   1. {main}() /home/pweb/development/prjs/websites/puglieseweb.com/beta/pages/about/profile/emanuele.php:0
[10-Nov-2011 01:32:10] PHP   2. include() /home/pweb/development/prjs/websites/puglieseweb.com/beta/pages/about/profile/emanuele.php:1
[10-Nov-2011 01:32:10] PHP   3. session_start() /home/pweb/development/prjs/websites/puglieseweb.com/beta/includes/master-head.inc.php:6
[10-Nov-2011 01:32:11] PHP Warning:  session_start(): open(/var/lib/php/session/sess_b4kaabfhdbdq628n70luhlnou0, O_RDWR) failed: Permission denied (13) in /home/pweb/development/prjs/websites/puglieseweb.com/beta/includes/master-head.inc.php on line 6
[10-Nov-2011 01:32:11] PHP Stack trace:
[10-Nov-2011 01:32:11] PHP   1. {main}() /home/pweb/development/prjs/websites/puglieseweb.com/beta/pages/about/profile/emanuele.php:0
[10-Nov-2011 01:32:11] PHP   2. include() /home/pweb/development/prjs/websites/puglieseweb.com/beta/pages/about/profile/emanuele.php:1
[10-Nov-2011 01:32:11] PHP   3. session_start() /home/pweb/development/prjs/websites/puglieseweb.com/beta/includes/master-head.inc.php:6
[10-Nov-2011 01:32:13] PHP Warning:  session_start(): open(/var/lib/php/session/sess_b4kaabfhdbdq628n70luhlnou0, O_RDWR) failed: Permission denied (13) in /home/pweb/development/prjs/websites/puglieseweb.com/beta/includes/master-head.inc.php on line 6
[10-Nov-2011 01:32:13] PHP Stack trace:
[10-Nov-2011 01:32:13] PHP   1. {main}() /home/pweb/development/prjs/websites/puglieseweb.com/beta/pages/about/profile/emanuele.php:0
[10-Nov-2011 01:32:13] PHP   2. include() /home/pweb/development/prjs/websites/puglieseweb.com/beta/pages/about/profile/emanuele.php:1
[10-Nov-2011 01:32:13] PHP   3. session_start() /home/pweb/development/prjs/websites/puglieseweb.com/beta/includes/master-head.inc.php:6
[10-Nov-2011 01:32:16] PHP Warning:  session_start(): open(/var/lib/php/session/sess_b4kaabfhdbdq628n70luhlnou0, O_RDWR) failed: Permission denied (13) in /home/pweb/development/prjs/websites/puglieseweb.com/beta/includes/master-head.inc.php on line 6
[10-Nov-2011 01:32:16] PHP Stack trace:
[10-Nov-2011 01:32:16] PHP   1. {main}() /home/pweb/development/prjs/websites/puglieseweb.com/beta/pages/about/profile/emanuele.php:0
[10-Nov-2011 01:32:16] PHP   2. include() /home/pweb/development/prjs/websites/puglieseweb.com/beta/pages/about/profile/emanuele.php:1
[10-Nov-2011 01:32:16] PHP   3. session_start() /home/pweb/development/prjs/websites/puglieseweb.com/beta/includes/master-head.inc.php:6
[10-Nov-2011 01:32:37] PHP Warning:  session_start(): open(/var/lib/php/session/sess_b4kaabfhdbdq628n70luhlnou0, O_RDWR) failed: Permission denied (13) in /home/pweb/development/prjs/websites/puglieseweb.com/beta/includes/master-head.inc.php on line 6
[10-Nov-2011 01:32:37] PHP Stack trace:
[10-Nov-2011 01:32:37] PHP   1. {main}() /home/pweb/development/prjs/websites/puglieseweb.com/beta/pages/about/profile/emanuele.php:0
[10-Nov-2011 01:32:37] PHP   2. include() /home/pweb/development/prjs/websites/puglieseweb.com/beta/pages/about/profile/emanuele.php:1
[10-Nov-2011 01:32:37] PHP   3. session_start() /home/pweb/development/prjs/websites/puglieseweb.com/beta/includes/master-head.inc.php:6
[10-Nov-2011 01:33:38] PHP Warning:  session_start(): open(/var/lib/php/session/sess_b4kaabfhdbdq628n70luhlnou0, O_RDWR) failed: Permission denied (13) in /home/pweb/development/prjs/websites/puglieseweb.com/beta/includes/master-head.inc.php on line 6
[10-Nov-2011 01:33:38] PHP Stack trace:
[10-Nov-2011 01:33:38] PHP   1. {main}() /home/pweb/development/prjs/websites/puglieseweb.com/beta/pages/about/profile/emanuele.php:0
[10-Nov-2011 01:33:38] PHP   2. include() /home/pweb/development/prjs/websites/puglieseweb.com/beta/pages/about/profile/emanuele.php:1
[10-Nov-2011 01:33:38] PHP   3. session_start() /home/pweb/development/prjs/websites/puglieseweb.com/beta/includes/master-head.inc.php:6
[10-Nov-2011 01:33:39] PHP Warning:  session_start(): open(/var/lib/php/session/sess_b4kaabfhdbdq628n70luhlnou0, O_RDWR) failed: Permission denied (13) in /home/pweb/development/prjs/websites/puglieseweb.com/beta/includes/master-head.inc.php on line 6
[10-Nov-2011 01:33:39] PHP Stack trace:
[10-Nov-2011 01:33:39] PHP   1. {main}() /home/pweb/development/prjs/websites/puglieseweb.com/beta/pages/about/profile/emanuele.php:0
[10-Nov-2011 01:33:39] PHP   2. include() /home/pweb/development/prjs/websites/puglieseweb.com/beta/pages/about/profile/emanuele.php:1
[10-Nov-2011 01:33:39] PHP   3. session_start() /home/pweb/development/prjs/websites/puglieseweb.com/beta/includes/master-head.inc.php:6
[10-Nov-2011 01:34:02] PHP Warning:  session_start(): open(/var/lib/php/session/sess_b4kaabfhdbdq628n70luhlnou0, O_RDWR) failed: Permission denied (13) in /home/pweb/development/prjs/websites/puglieseweb.com/beta/includes/master-head.inc.php on line 6
[10-Nov-2011 01:34:02] PHP Stack trace:
[10-Nov-2011 01:34:02] PHP   1. {main}() /home/pweb/development/prjs/websites/puglieseweb.com/beta/pages/about/profile/emanuele.php:0
[10-Nov-2011 01:34:02] PHP   2. include() /home/pweb/development/prjs/websites/puglieseweb.com/beta/pages/about/profile/emanuele.php:1
[10-Nov-2011 01:34:02] PHP   3. session_start() /home/pweb/development/prjs/websites/puglieseweb.com/beta/includes/master-head.inc.php:6
[10-Nov-2011 01:34:04] PHP Warning:  session_start(): open(/var/lib/php/session/sess_b4kaabfhdbdq628n70luhlnou0, O_RDWR) failed: Permission denied (13) in /home/pweb/development/prjs/websites/puglieseweb.com/beta/includes/master-head.inc.php on line 6
[10-Nov-2011 01:34:04] PHP Stack trace:
[10-Nov-2011 01:34:04] PHP   1. {main}() /home/pweb/development/prjs/websites/puglieseweb.com/beta/pages/about/profile/emanuele.php:0
[10-Nov-2011 01:34:04] PHP   2. include() /home/pweb/development/prjs/websites/puglieseweb.com/beta/pages/about/profile/emanuele.php:1
[10-Nov-2011 01:34:04] PHP   3. session_start() /home/pweb/development/prjs/websites/puglieseweb.com/beta/includes/master-head.inc.php:6
[10-Nov-2011 01:34:08] PHP Warning:  session_start(): open(/var/lib/php/session/sess_b4kaabfhdbdq628n70luhlnou0, O_RDWR) failed: Permission denied (13) in /home/pweb/development/prjs/websites/puglieseweb.com/beta/includes/master-head.inc.php on line 6
[10-Nov-2011 01:34:08] PHP Stack trace:
[10-Nov-2011 01:34:08] PHP   1. {main}() /home/pweb/development/prjs/websites/puglieseweb.com/beta/pages/about/profile/emanuele.php:0
[10-Nov-2011 01:34:08] PHP   2. include() /home/pweb/development/prjs/websites/puglieseweb.com/beta/pages/about/profile/emanuele.php:1
[10-Nov-2011 01:34:08] PHP   3. session_start() /home/pweb/development/prjs/websites/puglieseweb.com/beta/includes/master-head.inc.php:6
[10-Nov-2011 01:34:19] PHP Warning:  session_start(): open(/var/lib/php/session/sess_b4kaabfhdbdq628n70luhlnou0, O_RDWR) failed: Permission denied (13) in /home/pweb/development/prjs/websites/puglieseweb.com/beta/includes/master-head.inc.php on line 6
[10-Nov-2011 01:34:19] PHP Stack trace:
[10-Nov-2011 01:34:19] PHP   1. {main}() /home/pweb/development/prjs/websites/puglieseweb.com/beta/pages/about/profile/emanuele.php:0
[10-Nov-2011 01:34:19] PHP   2. include() /home/pweb/development/prjs/websites/puglieseweb.com/beta/pages/about/profile/emanuele.php:1
[10-Nov-2011 01:34:19] PHP   3. session_start() /home/pweb/development/prjs/websites/puglieseweb.com/beta/includes/master-head.inc.php:6
[10-Nov-2011 01:37:35] PHP Warning:  session_start(): open(/var/lib/php/session/sess_b4kaabfhdbdq628n70luhlnou0, O_RDWR) failed: Permission denied (13) in /home/pweb/development/prjs/websites/puglieseweb.com/beta/includes/master-head.inc.php on line 6
[10-Nov-2011 01:37:35] PHP Stack trace:
[10-Nov-2011 01:37:35] PHP   1. {main}() /home/pweb/development/prjs/websites/puglieseweb.com/beta/pages/about/profile/emanuele.php:0
[10-Nov-2011 01:37:35] PHP   2. include() /home/pweb/development/prjs/websites/puglieseweb.com/beta/pages/about/profile/emanuele.php:1
[10-Nov-2011 01:37:35] PHP   3. session_start() /home/pweb/development/prjs/websites/puglieseweb.com/beta/includes/master-head.inc.php:6
[10-Nov-2011 01:37:51] PHP Warning:  session_start(): open(/var/lib/php/session/sess_b4kaabfhdbdq628n70luhlnou0, O_RDWR) failed: Permission denied (13) in /home/pweb/development/prjs/websites/puglieseweb.com/beta/includes/master-head.inc.php on line 6
[10-Nov-2011 01:37:51] PHP Stack trace:
[10-Nov-2011 01:37:51] PHP   1. {main}() /home/pweb/development/prjs/websites/puglieseweb.com/beta/pages/about/profile/emanuele.php:0
[10-Nov-2011 01:37:51] PHP   2. include() /home/pweb/development/prjs/websites/puglieseweb.com/beta/pages/about/profile/emanuele.php:1
[10-Nov-2011 01:37:51] PHP   3. session_start() /home/pweb/development/prjs/websites/puglieseweb.com/beta/includes/master-head.inc.php:6
[10-Nov-2011 01:37:52] PHP Warning:  session_start(): open(/var/lib/php/session/sess_b4kaabfhdbdq628n70luhlnou0, O_RDWR) failed: Permission denied (13) in /home/pweb/development/prjs/websites/puglieseweb.com/beta/includes/master-head.inc.php on line 6
[10-Nov-2011 01:37:52] PHP Stack trace:
[10-Nov-2011 01:37:52] PHP   1. {main}() /home/pweb/development/prjs/websites/puglieseweb.com/beta/pages/about/profile/emanuele.php:0
[10-Nov-2011 01:37:52] PHP   2. include() /home/pweb/development/prjs/websites/puglieseweb.com/beta/pages/about/profile/emanuele.php:1
[10-Nov-2011 01:37:52] PHP   3. session_start() /home/pweb/development/prjs/websites/puglieseweb.com/beta/includes/master-head.inc.php:6
[10-Nov-2011 01:38:23] PHP Warning:  session_start(): open(/var/lib/php/session/sess_b4kaabfhdbdq628n70luhlnou0, O_RDWR) failed: Permission denied (13) in /home/pweb/development/prjs/websites/puglieseweb.com/beta/includes/master-head.inc.php on line 6
[10-Nov-2011 01:38:23] PHP Stack trace:
[10-Nov-2011 01:38:23] PHP   1. {main}() /home/pweb/development/prjs/websites/puglieseweb.com/beta/pages/about/profile/emanuele.php:0
[10-Nov-2011 01:38:23] PHP   2. include() /home/pweb/development/prjs/websites/puglieseweb.com/beta/pages/about/profile/emanuele.php:1
[10-Nov-2011 01:38:23] PHP   3. session_start() /home/pweb/development/prjs/websites/puglieseweb.com/beta/includes/master-head.inc.php:6
[10-Nov-2011 01:38:37] PHP Parse error:  syntax error, unexpected ',', expecting '&' or T_VARIABLE in /home/pweb/development/prjs/websites/puglieseweb.com/beta/includes/master-head.inc.php on line 28
[10-Nov-2011 01:38:37] PHP Stack trace:
[10-Nov-2011 01:38:37] PHP   1. {main}() /home/pweb/development/prjs/websites/puglieseweb.com/beta/pages/about/profile/emanuele.php:0
[10-Nov-2011 01:38:38] PHP Parse error:  syntax error, unexpected ',', expecting '&' or T_VARIABLE in /home/pweb/development/prjs/websites/puglieseweb.com/beta/includes/master-head.inc.php on line 28
[10-Nov-2011 01:38:38] PHP Stack trace:
[10-Nov-2011 01:38:38] PHP   1. {main}() /home/pweb/development/prjs/websites/puglieseweb.com/beta/pages/about/profile/emanuele.php:0
[10-Nov-2011 01:38:40] PHP Parse error:  syntax error, unexpected ',', expecting '&' or T_VARIABLE in /home/pweb/development/prjs/websites/puglieseweb.com/beta/includes/master-head.inc.php on line 28
[10-Nov-2011 01:38:40] PHP Stack trace:
[10-Nov-2011 01:38:40] PHP   1. {main}() /home/pweb/development/prjs/websites/puglieseweb.com/beta/pages/about/profile/emanuele.php:0
[10-Nov-2011 01:38:55] PHP Warning:  session_start(): open(/var/lib/php/session/sess_b4kaabfhdbdq628n70luhlnou0, O_RDWR) failed: Permission denied (13) in /home/pweb/development/prjs/websites/puglieseweb.com/beta/includes/master-head.inc.php on line 6
[10-Nov-2011 01:38:55] PHP Stack trace:
[10-Nov-2011 01:38:55] PHP   1. {main}() /home/pweb/development/prjs/websites/puglieseweb.com/beta/pages/about/profile/emanuele.php:0
[10-Nov-2011 01:38:55] PHP   2. include() /home/pweb/development/prjs/websites/puglieseweb.com/beta/pages/about/profile/emanuele.php:1
[10-Nov-2011 01:38:55] PHP   3. session_start() /home/pweb/development/prjs/websites/puglieseweb.com/beta/includes/master-head.inc.php:6
[10-Nov-2011 01:39:09] PHP Parse error:  syntax error, unexpected T_CONSTANT_ENCAPSED_STRING, expecting '&' or T_VARIABLE in /home/pweb/development/prjs/websites/puglieseweb.com/beta/includes/master-head.inc.php on line 28
[10-Nov-2011 01:39:09] PHP Stack trace:
[10-Nov-2011 01:39:09] PHP   1. {main}() /home/pweb/development/prjs/websites/puglieseweb.com/beta/pages/about/profile/emanuele.php:0
[10-Nov-2011 01:39:11] PHP Parse error:  syntax error, unexpected T_CONSTANT_ENCAPSED_STRING, expecting '&' or T_VARIABLE in /home/pweb/development/prjs/websites/puglieseweb.com/beta/includes/master-head.inc.php on line 28
[10-Nov-2011 01:39:11] PHP Stack trace:
[10-Nov-2011 01:39:11] PHP   1. {main}() /home/pweb/development/prjs/websites/puglieseweb.com/beta/pages/about/profile/emanuele.php:0
[10-Nov-2011 01:39:13] PHP Parse error:  syntax error, unexpected T_CONSTANT_ENCAPSED_STRING, expecting '&' or T_VARIABLE in /home/pweb/development/prjs/websites/puglieseweb.com/beta/includes/master-head.inc.php on line 28
[10-Nov-2011 01:39:13] PHP Stack trace:
[10-Nov-2011 01:39:13] PHP   1. {main}() /home/pweb/development/prjs/websites/puglieseweb.com/beta/pages/about/profile/emanuele.php:0
[10-Nov-2011 01:39:18] PHP Parse error:  syntax error, unexpected T_CONSTANT_ENCAPSED_STRING, expecting '&' or T_VARIABLE in /home/pweb/development/prjs/websites/puglieseweb.com/beta/includes/master-head.inc.php on line 28
[10-Nov-2011 01:39:18] PHP Stack trace:
[10-Nov-2011 01:39:18] PHP   1. {main}() /home/pweb/development/prjs/websites/puglieseweb.com/beta/pages/about/profile/emanuele.php:0
[10-Nov-2011 01:39:40] PHP Warning:  session_start(): open(/var/lib/php/session/sess_b4kaabfhdbdq628n70luhlnou0, O_RDWR) failed: Permission denied (13) in /home/pweb/development/prjs/websites/puglieseweb.com/beta/includes/master-head.inc.php on line 6
[10-Nov-2011 01:39:40] PHP Stack trace:
[10-Nov-2011 01:39:40] PHP   1. {main}() /home/pweb/development/prjs/websites/puglieseweb.com/beta/pages/about/profile/emanuele.php:0
[10-Nov-2011 01:39:40] PHP   2. include() /home/pweb/development/prjs/websites/puglieseweb.com/beta/pages/about/profile/emanuele.php:1
[10-Nov-2011 01:39:40] PHP   3. session_start() /home/pweb/development/prjs/websites/puglieseweb.com/beta/includes/master-head.inc.php:6
[10-Nov-2011 01:40:03] PHP Warning:  session_start(): open(/var/lib/php/session/sess_b4kaabfhdbdq628n70luhlnou0, O_RDWR) failed: Permission denied (13) in /home/pweb/development/prjs/websites/puglieseweb.com/beta/includes/master-head.inc.php on line 6
[10-Nov-2011 01:40:03] PHP Stack trace:
[10-Nov-2011 01:40:03] PHP   1. {main}() /home/pweb/development/prjs/websites/puglieseweb.com/beta/pages/about/profile/emanuele.php:0
[10-Nov-2011 01:40:03] PHP   2. include() /home/pweb/development/prjs/websites/puglieseweb.com/beta/pages/about/profile/emanuele.php:1
[10-Nov-2011 01:40:03] PHP   3. session_start() /home/pweb/development/prjs/websites/puglieseweb.com/beta/includes/master-head.inc.php:6
[10-Nov-2011 01:40:04] PHP Warning:  session_start(): open(/var/lib/php/session/sess_b4kaabfhdbdq628n70luhlnou0, O_RDWR) failed: Permission denied (13) in /home/pweb/development/prjs/websites/puglieseweb.com/beta/includes/master-head.inc.php on line 6
[10-Nov-2011 01:40:04] PHP Stack trace:
[10-Nov-2011 01:40:04] PHP   1. {main}() /home/pweb/development/prjs/websites/puglieseweb.com/beta/pages/about/profile/emanuele.php:0
[10-Nov-2011 01:40:04] PHP   2. include() /home/pweb/development/prjs/websites/puglieseweb.com/beta/pages/about/profile/emanuele.php:1
[10-Nov-2011 01:40:04] PHP   3. session_start() /home/pweb/development/prjs/websites/puglieseweb.com/beta/includes/master-head.inc.php:6
[10-Nov-2011 01:40:18] PHP Warning:  session_start(): open(/var/lib/php/session/sess_b4kaabfhdbdq628n70luhlnou0, O_RDWR) failed: Permission denied (13) in /home/pweb/development/prjs/websites/puglieseweb.com/beta/includes/master-head.inc.php on line 6
[10-Nov-2011 01:40:18] PHP Stack trace:
[10-Nov-2011 01:40:18] PHP   1. {main}() /home/pweb/development/prjs/websites/puglieseweb.com/beta/pages/about/profile/emanuele.php:0
[10-Nov-2011 01:40:18] PHP   2. include() /home/pweb/development/prjs/websites/puglieseweb.com/beta/pages/about/profile/emanuele.php:1
[10-Nov-2011 01:40:18] PHP   3. session_start() /home/pweb/development/prjs/websites/puglieseweb.com/beta/includes/master-head.inc.php:6
[10-Nov-2011 01:40:35] PHP Parse error:  syntax error, unexpected T_STRING, expecting '(' in /home/pweb/development/prjs/websites/puglieseweb.com/beta/includes/master-head.inc.php on line 28
[10-Nov-2011 01:40:35] PHP Stack trace:
[10-Nov-2011 01:40:35] PHP   1. {main}() /home/pweb/development/prjs/websites/puglieseweb.com/beta/pages/about/profile/emanuele.php:0
[10-Nov-2011 01:40:49] PHP Parse error:  syntax error, unexpected T_STRING, expecting ',' or ';' in /home/pweb/development/prjs/websites/puglieseweb.com/beta/includes/master-head.inc.php on line 29
[10-Nov-2011 01:40:49] PHP Stack trace:
[10-Nov-2011 01:40:49] PHP   1. {main}() /home/pweb/development/prjs/websites/puglieseweb.com/beta/pages/about/profile/emanuele.php:0
[10-Nov-2011 01:40:59] PHP Parse error:  syntax error, unexpected T_STRING, expecting '(' in /home/pweb/development/prjs/websites/puglieseweb.com/beta/includes/master-head.inc.php on line 28
[10-Nov-2011 01:40:59] PHP Stack trace:
[10-Nov-2011 01:40:59] PHP   1. {main}() /home/pweb/development/prjs/websites/puglieseweb.com/beta/pages/about/profile/emanuele.php:0
[10-Nov-2011 01:41:27] PHP Parse error:  syntax error, unexpected T_STRING, expecting '(' in /home/pweb/development/prjs/websites/puglieseweb.com/beta/includes/master-head.inc.php on line 28
[10-Nov-2011 01:41:27] PHP Stack trace:
[10-Nov-2011 01:41:27] PHP   1. {main}() /home/pweb/development/prjs/websites/puglieseweb.com/beta/pages/about/profile/emanuele.php:0
[10-Nov-2011 01:41:28] PHP Parse error:  syntax error, unexpected T_STRING, expecting '(' in /home/pweb/development/prjs/websites/puglieseweb.com/beta/includes/master-head.inc.php on line 28
[10-Nov-2011 01:41:28] PHP Stack trace:
[10-Nov-2011 01:41:28] PHP   1. {main}() /home/pweb/development/prjs/websites/puglieseweb.com/beta/pages/about/profile/emanuele.php:0
[10-Nov-2011 01:41:39] PHP Warning:  session_start(): open(/var/lib/php/session/sess_b4kaabfhdbdq628n70luhlnou0, O_RDWR) failed: Permission denied (13) in /home/pweb/development/prjs/websites/puglieseweb.com/beta/includes/master-head.inc.php on line 6
[10-Nov-2011 01:41:39] PHP Stack trace:
[10-Nov-2011 01:41:39] PHP   1. {main}() /home/pweb/development/prjs/websites/puglieseweb.com/beta/pages/about/profile/emanuele.php:0
[10-Nov-2011 01:41:39] PHP   2. include() /home/pweb/development/prjs/websites/puglieseweb.com/beta/pages/about/profile/emanuele.php:1
[10-Nov-2011 01:41:39] PHP   3. session_start() /home/pweb/development/prjs/websites/puglieseweb.com/beta/includes/master-head.inc.php:6
[10-Nov-2011 01:41:40] PHP Warning:  session_start(): open(/var/lib/php/session/sess_b4kaabfhdbdq628n70luhlnou0, O_RDWR) failed: Permission denied (13) in /home/pweb/development/prjs/websites/puglieseweb.com/beta/includes/master-head.inc.php on line 6
[10-Nov-2011 01:41:40] PHP Stack trace:
[10-Nov-2011 01:41:40] PHP   1. {main}() /home/pweb/development/prjs/websites/puglieseweb.com/beta/pages/about/profile/emanuele.php:0
[10-Nov-2011 01:41:40] PHP   2. include() /home/pweb/development/prjs/websites/puglieseweb.com/beta/pages/about/profile/emanuele.php:1
[10-Nov-2011 01:41:40] PHP   3. session_start() /home/pweb/development/prjs/websites/puglieseweb.com/beta/includes/master-head.inc.php:6
[10-Nov-2011 01:46:23] PHP Parse error:  syntax error, unexpected $end in /home/pweb/development/prjs/websites/puglieseweb.com/beta/includes/master-head.inc.php on line 119
[10-Nov-2011 01:46:23] PHP Stack trace:
[10-Nov-2011 01:46:23] PHP   1. {main}() /home/pweb/development/prjs/websites/puglieseweb.com/beta/pages/about/profile/emanuele.php:0
[10-Nov-2011 01:46:36] PHP Parse error:  syntax error, unexpected $end in /home/pweb/development/prjs/websites/puglieseweb.com/beta/includes/master-head.inc.php on line 118
[10-Nov-2011 01:46:36] PHP Stack trace:
[10-Nov-2011 01:46:36] PHP   1. {main}() /home/pweb/development/prjs/websites/puglieseweb.com/beta/pages/about/profile/emanuele.php:0
[10-Nov-2011 01:46:38] PHP Parse error:  syntax error, unexpected $end in /home/pweb/development/prjs/websites/puglieseweb.com/beta/includes/master-head.inc.php on line 118
[10-Nov-2011 01:46:38] PHP Stack trace:
[10-Nov-2011 01:46:38] PHP   1. {main}() /home/pweb/development/prjs/websites/puglieseweb.com/beta/pages/about/profile/emanuele.php:0
[10-Nov-2011 01:46:57] PHP Warning:  session_start(): open(/var/lib/php/session/sess_b4kaabfhdbdq628n70luhlnou0, O_RDWR) failed: Permission denied (13) in /home/pweb/development/prjs/websites/puglieseweb.com/beta/includes/master-head.inc.php on line 6
[10-Nov-2011 01:46:57] PHP Stack trace:
[10-Nov-2011 01:46:57] PHP   1. {main}() /home/pweb/development/prjs/websites/puglieseweb.com/beta/pages/about/profile/emanuele.php:0
[10-Nov-2011 01:46:57] PHP   2. include() /home/pweb/development/prjs/websites/puglieseweb.com/beta/pages/about/profile/emanuele.php:1
[10-Nov-2011 01:46:57] PHP   3. session_start() /home/pweb/development/prjs/websites/puglieseweb.com/beta/includes/master-head.inc.php:6
[10-Nov-2011 01:47:27] PHP Warning:  session_start(): open(/var/lib/php/session/sess_b4kaabfhdbdq628n70luhlnou0, O_RDWR) failed: Permission denied (13) in /home/pweb/development/prjs/websites/puglieseweb.com/beta/includes/master-head.inc.php on line 6
[10-Nov-2011 01:47:27] PHP Stack trace:
[10-Nov-2011 01:47:27] PHP   1. {main}() /home/pweb/development/prjs/websites/puglieseweb.com/beta/pages/about/profile/emanuele.php:0
[10-Nov-2011 01:47:27] PHP   2. include() /home/pweb/development/prjs/websites/puglieseweb.com/beta/pages/about/profile/emanuele.php:1
[10-Nov-2011 01:47:27] PHP   3. session_start() /home/pweb/development/prjs/websites/puglieseweb.com/beta/includes/master-head.inc.php:6
[10-Nov-2011 01:47:29] PHP Warning:  session_start(): open(/var/lib/php/session/sess_b4kaabfhdbdq628n70luhlnou0, O_RDWR) failed: Permission denied (13) in /home/pweb/development/prjs/websites/puglieseweb.com/beta/includes/master-head.inc.php on line 6
[10-Nov-2011 01:47:29] PHP Stack trace:
[10-Nov-2011 01:47:29] PHP   1. {main}() /home/pweb/development/prjs/websites/puglieseweb.com/beta/pages/about/profile/emanuele.php:0
[10-Nov-2011 01:47:29] PHP   2. include() /home/pweb/development/prjs/websites/puglieseweb.com/beta/pages/about/profile/emanuele.php:1
[10-Nov-2011 01:47:29] PHP   3. session_start() /home/pweb/development/prjs/websites/puglieseweb.com/beta/includes/master-head.inc.php:6
[10-Nov-2011 01:47:30] PHP Warning:  session_start(): open(/var/lib/php/session/sess_b4kaabfhdbdq628n70luhlnou0, O_RDWR) failed: Permission denied (13) in /home/pweb/development/prjs/websites/puglieseweb.com/beta/includes/master-head.inc.php on line 6
[10-Nov-2011 01:47:30] PHP Stack trace:
[10-Nov-2011 01:47:30] PHP   1. {main}() /home/pweb/development/prjs/websites/puglieseweb.com/beta/pages/about/profile/emanuele.php:0
[10-Nov-2011 01:47:30] PHP   2. include() /home/pweb/development/prjs/websites/puglieseweb.com/beta/pages/about/profile/emanuele.php:1
[10-Nov-2011 01:47:30] PHP   3. session_start() /home/pweb/development/prjs/websites/puglieseweb.com/beta/includes/master-head.inc.php:6
[10-Nov-2011 01:47:36] PHP Warning:  session_start(): open(/var/lib/php/session/sess_b4kaabfhdbdq628n70luhlnou0, O_RDWR) failed: Permission denied (13) in /home/pweb/development/prjs/websites/puglieseweb.com/beta/includes/master-head.inc.php on line 6
[10-Nov-2011 01:47:36] PHP Stack trace:
[10-Nov-2011 01:47:36] PHP   1. {main}() /home/pweb/development/prjs/websites/puglieseweb.com/beta/pages/about/profile/emanuele.php:0
[10-Nov-2011 01:47:36] PHP   2. include() /home/pweb/development/prjs/websites/puglieseweb.com/beta/pages/about/profile/emanuele.php:1
[10-Nov-2011 01:47:36] PHP   3. session_start() /home/pweb/development/prjs/websites/puglieseweb.com/beta/includes/master-head.inc.php:6
[10-Nov-2011 01:47:51] PHP Warning:  session_start(): open(/var/lib/php/session/sess_b4kaabfhdbdq628n70luhlnou0, O_RDWR) failed: Permission denied (13) in /home/pweb/development/prjs/websites/puglieseweb.com/beta/includes/master-head.inc.php on line 6
[10-Nov-2011 01:47:51] PHP Stack trace:
[10-Nov-2011 01:47:51] PHP   1. {main}() /home/pweb/development/prjs/websites/puglieseweb.com/beta/pages/about/profile/emanuele.php:0
[10-Nov-2011 01:47:51] PHP   2. include() /home/pweb/development/prjs/websites/puglieseweb.com/beta/pages/about/profile/emanuele.php:1
[10-Nov-2011 01:47:51] PHP   3. session_start() /home/pweb/development/prjs/websites/puglieseweb.com/beta/includes/master-head.inc.php:6
[10-Nov-2011 01:47:53] PHP Warning:  session_start(): open(/var/lib/php/session/sess_b4kaabfhdbdq628n70luhlnou0, O_RDWR) failed: Permission denied (13) in /home/pweb/development/prjs/websites/puglieseweb.com/beta/includes/master-head.inc.php on line 6
[10-Nov-2011 01:47:53] PHP Stack trace:
[10-Nov-2011 01:47:53] PHP   1. {main}() /home/pweb/development/prjs/websites/puglieseweb.com/beta/pages/about/profile/emanuele.php:0
[10-Nov-2011 01:47:53] PHP   2. include() /home/pweb/development/prjs/websites/puglieseweb.com/beta/pages/about/profile/emanuele.php:1
[10-Nov-2011 01:47:53] PHP   3. session_start() /home/pweb/development/prjs/websites/puglieseweb.com/beta/includes/master-head.inc.php:6
[10-Nov-2011 01:48:23] PHP Warning:  session_start(): open(/var/lib/php/session/sess_b4kaabfhdbdq628n70luhlnou0, O_RDWR) failed: Permission denied (13) in /home/pweb/development/prjs/websites/puglieseweb.com/beta/includes/master-head.inc.php on line 6
[10-Nov-2011 01:48:23] PHP Stack trace:
[10-Nov-2011 01:48:23] PHP   1. {main}() /home/pweb/development/prjs/websites/puglieseweb.com/beta/pages/about/profile/emanuele.php:0
[10-Nov-2011 01:48:23] PHP   2. include() /home/pweb/development/prjs/websites/puglieseweb.com/beta/pages/about/profile/emanuele.php:1
[10-Nov-2011 01:48:23] PHP   3. session_start() /home/pweb/development/prjs/websites/puglieseweb.com/beta/includes/master-head.inc.php:6
