[08-Nov-2011 20:23:13] PHP Warning:  session_start(): open(/var/lib/php/session/sess_0bumltmrnofp25serqpqh2cf37, O_RDWR) failed: Permission denied (13) in /home/pweb/development/prjs/websites/puglieseweb.com/beta/includes/master-head.inc.php on line 6
[08-Nov-2011 20:23:13] PHP Stack trace:
[08-Nov-2011 20:23:13] PHP   1. {main}() /home/pweb/development/prjs/websites/puglieseweb.com/beta/pages/programming/framework/spring/architecture.php:0
[08-Nov-2011 20:23:13] PHP   2. include() /home/pweb/development/prjs/websites/puglieseweb.com/beta/pages/programming/framework/spring/architecture.php:1
[08-Nov-2011 20:23:13] PHP   3. session_start() /home/pweb/development/prjs/websites/puglieseweb.com/beta/includes/master-head.inc.php:6
[08-Nov-2011 20:23:21] PHP Warning:  session_start(): open(/var/lib/php/session/sess_0bumltmrnofp25serqpqh2cf37, O_RDWR) failed: Permission denied (13) in /home/pweb/development/prjs/websites/puglieseweb.com/beta/includes/master-head.inc.php on line 6
[08-Nov-2011 20:23:21] PHP Stack trace:
[08-Nov-2011 20:23:21] PHP   1. {main}() /home/pweb/development/prjs/websites/puglieseweb.com/beta/pages/programming/framework/spring/mvc.php:0
[08-Nov-2011 20:23:21] PHP   2. include() /home/pweb/development/prjs/websites/puglieseweb.com/beta/pages/programming/framework/spring/mvc.php:1
[08-Nov-2011 20:23:21] PHP   3. session_start() /home/pweb/development/prjs/websites/puglieseweb.com/beta/includes/master-head.inc.php:6
[08-Nov-2011 20:27:21] PHP Warning:  session_start(): open(/var/lib/php/session/sess_0bumltmrnofp25serqpqh2cf37, O_RDWR) failed: Permission denied (13) in /home/pweb/development/prjs/websites/puglieseweb.com/beta/includes/master-head.inc.php on line 6
[08-Nov-2011 20:27:21] PHP Stack trace:
[08-Nov-2011 20:27:21] PHP   1. {main}() /home/pweb/development/prjs/websites/puglieseweb.com/beta/pages/programming/framework/spring/mvc.php:0
[08-Nov-2011 20:27:21] PHP   2. include() /home/pweb/development/prjs/websites/puglieseweb.com/beta/pages/programming/framework/spring/mvc.php:1
[08-Nov-2011 20:27:21] PHP   3. session_start() /home/pweb/development/prjs/websites/puglieseweb.com/beta/includes/master-head.inc.php:6
[08-Nov-2011 20:32:03] PHP Warning:  session_start(): open(/var/lib/php/session/sess_0bumltmrnofp25serqpqh2cf37, O_RDWR) failed: Permission denied (13) in /home/pweb/development/prjs/websites/puglieseweb.com/beta/includes/master-head.inc.php on line 6
[08-Nov-2011 20:32:03] PHP Stack trace:
[08-Nov-2011 20:32:03] PHP   1. {main}() /home/pweb/development/prjs/websites/puglieseweb.com/beta/pages/programming/framework/spring/mvc.php:0
[08-Nov-2011 20:32:03] PHP   2. include() /home/pweb/development/prjs/websites/puglieseweb.com/beta/pages/programming/framework/spring/mvc.php:1
[08-Nov-2011 20:32:03] PHP   3. session_start() /home/pweb/development/prjs/websites/puglieseweb.com/beta/includes/master-head.inc.php:6
[08-Nov-2011 20:33:18] PHP Warning:  session_start(): open(/var/lib/php/session/sess_0bumltmrnofp25serqpqh2cf37, O_RDWR) failed: Permission denied (13) in /home/pweb/development/prjs/websites/puglieseweb.com/beta/includes/master-head.inc.php on line 6
[08-Nov-2011 20:33:18] PHP Stack trace:
[08-Nov-2011 20:33:18] PHP   1. {main}() /home/pweb/development/prjs/websites/puglieseweb.com/beta/pages/programming/framework/spring/mvc.php:0
[08-Nov-2011 20:33:18] PHP   2. include() /home/pweb/development/prjs/websites/puglieseweb.com/beta/pages/programming/framework/spring/mvc.php:1
[08-Nov-2011 20:33:18] PHP   3. session_start() /home/pweb/development/prjs/websites/puglieseweb.com/beta/includes/master-head.inc.php:6
[08-Nov-2011 20:34:51] PHP Warning:  session_start(): open(/var/lib/php/session/sess_0bumltmrnofp25serqpqh2cf37, O_RDWR) failed: Permission denied (13) in /home/pweb/development/prjs/websites/puglieseweb.com/beta/includes/master-head.inc.php on line 6
[08-Nov-2011 20:34:51] PHP Stack trace:
[08-Nov-2011 20:34:51] PHP   1. {main}() /home/pweb/development/prjs/websites/puglieseweb.com/beta/pages/programming/framework/spring/mvc.php:0
[08-Nov-2011 20:34:51] PHP   2. include() /home/pweb/development/prjs/websites/puglieseweb.com/beta/pages/programming/framework/spring/mvc.php:1
[08-Nov-2011 20:34:51] PHP   3. session_start() /home/pweb/development/prjs/websites/puglieseweb.com/beta/includes/master-head.inc.php:6
[08-Nov-2011 20:34:57] PHP Warning:  session_start(): open(/var/lib/php/session/sess_0bumltmrnofp25serqpqh2cf37, O_RDWR) failed: Permission denied (13) in /home/pweb/development/prjs/websites/puglieseweb.com/beta/includes/master-head.inc.php on line 6
[08-Nov-2011 20:34:57] PHP Stack trace:
[08-Nov-2011 20:34:57] PHP   1. {main}() /home/pweb/development/prjs/websites/puglieseweb.com/beta/pages/programming/framework/spring/mvc.php:0
[08-Nov-2011 20:34:57] PHP   2. include() /home/pweb/development/prjs/websites/puglieseweb.com/beta/pages/programming/framework/spring/mvc.php:1
[08-Nov-2011 20:34:57] PHP   3. session_start() /home/pweb/development/prjs/websites/puglieseweb.com/beta/includes/master-head.inc.php:6
[08-Nov-2011 20:35:30] PHP Warning:  session_start(): open(/var/lib/php/session/sess_0bumltmrnofp25serqpqh2cf37, O_RDWR) failed: Permission denied (13) in /home/pweb/development/prjs/websites/puglieseweb.com/beta/includes/master-head.inc.php on line 6
[08-Nov-2011 20:35:30] PHP Stack trace:
[08-Nov-2011 20:35:30] PHP   1. {main}() /home/pweb/development/prjs/websites/puglieseweb.com/beta/pages/programming/framework/spring/mvc.php:0
[08-Nov-2011 20:35:30] PHP   2. include() /home/pweb/development/prjs/websites/puglieseweb.com/beta/pages/programming/framework/spring/mvc.php:1
[08-Nov-2011 20:35:30] PHP   3. session_start() /home/pweb/development/prjs/websites/puglieseweb.com/beta/includes/master-head.inc.php:6
[08-Nov-2011 20:38:53] PHP Warning:  session_start(): open(/var/lib/php/session/sess_0bumltmrnofp25serqpqh2cf37, O_RDWR) failed: Permission denied (13) in /home/pweb/development/prjs/websites/puglieseweb.com/beta/includes/master-head.inc.php on line 6
[08-Nov-2011 20:38:53] PHP Stack trace:
[08-Nov-2011 20:38:53] PHP   1. {main}() /home/pweb/development/prjs/websites/puglieseweb.com/beta/pages/programming/framework/spring/mvc.php:0
[08-Nov-2011 20:38:53] PHP   2. include() /home/pweb/development/prjs/websites/puglieseweb.com/beta/pages/programming/framework/spring/mvc.php:1
[08-Nov-2011 20:38:53] PHP   3. session_start() /home/pweb/development/prjs/websites/puglieseweb.com/beta/includes/master-head.inc.php:6
[08-Nov-2011 20:39:22] PHP Warning:  session_start(): open(/var/lib/php/session/sess_0bumltmrnofp25serqpqh2cf37, O_RDWR) failed: Permission denied (13) in /home/pweb/development/prjs/websites/puglieseweb.com/beta/includes/master-head.inc.php on line 6
[08-Nov-2011 20:39:22] PHP Stack trace:
[08-Nov-2011 20:39:22] PHP   1. {main}() /home/pweb/development/prjs/websites/puglieseweb.com/beta/pages/programming/framework/spring/mvc.php:0
[08-Nov-2011 20:39:22] PHP   2. include() /home/pweb/development/prjs/websites/puglieseweb.com/beta/pages/programming/framework/spring/mvc.php:1
[08-Nov-2011 20:39:22] PHP   3. session_start() /home/pweb/development/prjs/websites/puglieseweb.com/beta/includes/master-head.inc.php:6
[08-Nov-2011 20:40:48] PHP Warning:  session_start(): open(/var/lib/php/session/sess_0bumltmrnofp25serqpqh2cf37, O_RDWR) failed: Permission denied (13) in /home/pweb/development/prjs/websites/puglieseweb.com/beta/includes/master-head.inc.php on line 6
[08-Nov-2011 20:40:48] PHP Stack trace:
[08-Nov-2011 20:40:48] PHP   1. {main}() /home/pweb/development/prjs/websites/puglieseweb.com/beta/pages/programming/framework/spring/mvc.php:0
[08-Nov-2011 20:40:48] PHP   2. include() /home/pweb/development/prjs/websites/puglieseweb.com/beta/pages/programming/framework/spring/mvc.php:1
[08-Nov-2011 20:40:48] PHP   3. session_start() /home/pweb/development/prjs/websites/puglieseweb.com/beta/includes/master-head.inc.php:6
[08-Nov-2011 20:43:10] PHP Warning:  session_start(): open(/var/lib/php/session/sess_0bumltmrnofp25serqpqh2cf37, O_RDWR) failed: Permission denied (13) in /home/pweb/development/prjs/websites/puglieseweb.com/beta/includes/master-head.inc.php on line 6
[08-Nov-2011 20:43:10] PHP Stack trace:
[08-Nov-2011 20:43:10] PHP   1. {main}() /home/pweb/development/prjs/websites/puglieseweb.com/beta/pages/programming/framework/spring/mvc.php:0
[08-Nov-2011 20:43:10] PHP   2. include() /home/pweb/development/prjs/websites/puglieseweb.com/beta/pages/programming/framework/spring/mvc.php:1
[08-Nov-2011 20:43:10] PHP   3. session_start() /home/pweb/development/prjs/websites/puglieseweb.com/beta/includes/master-head.inc.php:6
[08-Nov-2011 20:43:14] PHP Warning:  session_start(): open(/var/lib/php/session/sess_0bumltmrnofp25serqpqh2cf37, O_RDWR) failed: Permission denied (13) in /home/pweb/development/prjs/websites/puglieseweb.com/beta/includes/master-head.inc.php on line 6
[08-Nov-2011 20:43:14] PHP Stack trace:
[08-Nov-2011 20:43:14] PHP   1. {main}() /home/pweb/development/prjs/websites/puglieseweb.com/beta/pages/programming/framework/spring/mvc.php:0
[08-Nov-2011 20:43:14] PHP   2. include() /home/pweb/development/prjs/websites/puglieseweb.com/beta/pages/programming/framework/spring/mvc.php:1
[08-Nov-2011 20:43:14] PHP   3. session_start() /home/pweb/development/prjs/websites/puglieseweb.com/beta/includes/master-head.inc.php:6
[08-Nov-2011 20:47:05] PHP Warning:  session_start(): open(/var/lib/php/session/sess_0bumltmrnofp25serqpqh2cf37, O_RDWR) failed: Permission denied (13) in /home/pweb/development/prjs/websites/puglieseweb.com/beta/includes/master-head.inc.php on line 6
[08-Nov-2011 20:47:05] PHP Stack trace:
[08-Nov-2011 20:47:05] PHP   1. {main}() /home/pweb/development/prjs/websites/puglieseweb.com/beta/pages/programming/framework/spring/mvc.php:0
[08-Nov-2011 20:47:05] PHP   2. include() /home/pweb/development/prjs/websites/puglieseweb.com/beta/pages/programming/framework/spring/mvc.php:1
[08-Nov-2011 20:47:05] PHP   3. session_start() /home/pweb/development/prjs/websites/puglieseweb.com/beta/includes/master-head.inc.php:6
[08-Nov-2011 20:47:35] PHP Warning:  session_start(): open(/var/lib/php/session/sess_0bumltmrnofp25serqpqh2cf37, O_RDWR) failed: Permission denied (13) in /home/pweb/development/prjs/websites/puglieseweb.com/beta/includes/master-head.inc.php on line 6
[08-Nov-2011 20:47:35] PHP Stack trace:
[08-Nov-2011 20:47:35] PHP   1. {main}() /home/pweb/development/prjs/websites/puglieseweb.com/beta/pages/programming/framework/spring/mvc.php:0
[08-Nov-2011 20:47:35] PHP   2. include() /home/pweb/development/prjs/websites/puglieseweb.com/beta/pages/programming/framework/spring/mvc.php:1
[08-Nov-2011 20:47:35] PHP   3. session_start() /home/pweb/development/prjs/websites/puglieseweb.com/beta/includes/master-head.inc.php:6
[08-Nov-2011 20:47:42] PHP Warning:  session_start(): open(/var/lib/php/session/sess_0bumltmrnofp25serqpqh2cf37, O_RDWR) failed: Permission denied (13) in /home/pweb/development/prjs/websites/puglieseweb.com/beta/includes/master-head.inc.php on line 6
[08-Nov-2011 20:47:42] PHP Stack trace:
[08-Nov-2011 20:47:42] PHP   1. {main}() /home/pweb/development/prjs/websites/puglieseweb.com/beta/pages/programming/framework/spring/mvc.php:0
[08-Nov-2011 20:47:42] PHP   2. include() /home/pweb/development/prjs/websites/puglieseweb.com/beta/pages/programming/framework/spring/mvc.php:1
[08-Nov-2011 20:47:42] PHP   3. session_start() /home/pweb/development/prjs/websites/puglieseweb.com/beta/includes/master-head.inc.php:6
[08-Nov-2011 20:50:48] PHP Warning:  session_start(): open(/var/lib/php/session/sess_0bumltmrnofp25serqpqh2cf37, O_RDWR) failed: Permission denied (13) in /home/pweb/development/prjs/websites/puglieseweb.com/beta/includes/master-head.inc.php on line 6
[08-Nov-2011 20:50:48] PHP Stack trace:
[08-Nov-2011 20:50:48] PHP   1. {main}() /home/pweb/development/prjs/websites/puglieseweb.com/beta/pages/programming/framework/spring/mvc.php:0
[08-Nov-2011 20:50:48] PHP   2. include() /home/pweb/development/prjs/websites/puglieseweb.com/beta/pages/programming/framework/spring/mvc.php:1
[08-Nov-2011 20:50:48] PHP   3. session_start() /home/pweb/development/prjs/websites/puglieseweb.com/beta/includes/master-head.inc.php:6
[08-Nov-2011 20:52:09] PHP Warning:  session_start(): open(/var/lib/php/session/sess_0bumltmrnofp25serqpqh2cf37, O_RDWR) failed: Permission denied (13) in /home/pweb/development/prjs/websites/puglieseweb.com/beta/includes/master-head.inc.php on line 6
[08-Nov-2011 20:52:09] PHP Stack trace:
[08-Nov-2011 20:52:09] PHP   1. {main}() /home/pweb/development/prjs/websites/puglieseweb.com/beta/pages/programming/framework/spring/mvc.php:0
[08-Nov-2011 20:52:09] PHP   2. include() /home/pweb/development/prjs/websites/puglieseweb.com/beta/pages/programming/framework/spring/mvc.php:1
[08-Nov-2011 20:52:09] PHP   3. session_start() /home/pweb/development/prjs/websites/puglieseweb.com/beta/includes/master-head.inc.php:6
[08-Nov-2011 20:54:06] PHP Warning:  session_start(): open(/var/lib/php/session/sess_0bumltmrnofp25serqpqh2cf37, O_RDWR) failed: Permission denied (13) in /home/pweb/development/prjs/websites/puglieseweb.com/beta/includes/master-head.inc.php on line 6
[08-Nov-2011 20:54:06] PHP Stack trace:
[08-Nov-2011 20:54:06] PHP   1. {main}() /home/pweb/development/prjs/websites/puglieseweb.com/beta/pages/programming/framework/spring/mvc.php:0
[08-Nov-2011 20:54:06] PHP   2. include() /home/pweb/development/prjs/websites/puglieseweb.com/beta/pages/programming/framework/spring/mvc.php:1
[08-Nov-2011 20:54:06] PHP   3. session_start() /home/pweb/development/prjs/websites/puglieseweb.com/beta/includes/master-head.inc.php:6
[08-Nov-2011 20:55:02] PHP Warning:  session_start(): open(/var/lib/php/session/sess_0bumltmrnofp25serqpqh2cf37, O_RDWR) failed: Permission denied (13) in /home/pweb/development/prjs/websites/puglieseweb.com/beta/includes/master-head.inc.php on line 6
[08-Nov-2011 20:55:02] PHP Stack trace:
[08-Nov-2011 20:55:02] PHP   1. {main}() /home/pweb/development/prjs/websites/puglieseweb.com/beta/pages/programming/framework/spring/mvc.php:0
[08-Nov-2011 20:55:02] PHP   2. include() /home/pweb/development/prjs/websites/puglieseweb.com/beta/pages/programming/framework/spring/mvc.php:1
[08-Nov-2011 20:55:02] PHP   3. session_start() /home/pweb/development/prjs/websites/puglieseweb.com/beta/includes/master-head.inc.php:6
[08-Nov-2011 20:55:38] PHP Warning:  session_start(): open(/var/lib/php/session/sess_0bumltmrnofp25serqpqh2cf37, O_RDWR) failed: Permission denied (13) in /home/pweb/development/prjs/websites/puglieseweb.com/beta/includes/master-head.inc.php on line 6
[08-Nov-2011 20:55:38] PHP Stack trace:
[08-Nov-2011 20:55:38] PHP   1. {main}() /home/pweb/development/prjs/websites/puglieseweb.com/beta/pages/programming/framework/spring/mvc.php:0
[08-Nov-2011 20:55:38] PHP   2. include() /home/pweb/development/prjs/websites/puglieseweb.com/beta/pages/programming/framework/spring/mvc.php:1
[08-Nov-2011 20:55:38] PHP   3. session_start() /home/pweb/development/prjs/websites/puglieseweb.com/beta/includes/master-head.inc.php:6
[08-Nov-2011 20:55:56] PHP Warning:  session_start(): open(/var/lib/php/session/sess_0bumltmrnofp25serqpqh2cf37, O_RDWR) failed: Permission denied (13) in /home/pweb/development/prjs/websites/puglieseweb.com/beta/includes/master-head.inc.php on line 6
[08-Nov-2011 20:55:56] PHP Stack trace:
[08-Nov-2011 20:55:56] PHP   1. {main}() /home/pweb/development/prjs/websites/puglieseweb.com/beta/pages/programming/framework/spring/mvc.php:0
[08-Nov-2011 20:55:56] PHP   2. include() /home/pweb/development/prjs/websites/puglieseweb.com/beta/pages/programming/framework/spring/mvc.php:1
[08-Nov-2011 20:55:56] PHP   3. session_start() /home/pweb/development/prjs/websites/puglieseweb.com/beta/includes/master-head.inc.php:6
[08-Nov-2011 20:56:36] PHP Warning:  session_start(): open(/var/lib/php/session/sess_0bumltmrnofp25serqpqh2cf37, O_RDWR) failed: Permission denied (13) in /home/pweb/development/prjs/websites/puglieseweb.com/beta/includes/master-head.inc.php on line 6
[08-Nov-2011 20:56:36] PHP Stack trace:
[08-Nov-2011 20:56:36] PHP   1. {main}() /home/pweb/development/prjs/websites/puglieseweb.com/beta/pages/programming/framework/spring/mvc.php:0
[08-Nov-2011 20:56:36] PHP   2. include() /home/pweb/development/prjs/websites/puglieseweb.com/beta/pages/programming/framework/spring/mvc.php:1
[08-Nov-2011 20:56:36] PHP   3. session_start() /home/pweb/development/prjs/websites/puglieseweb.com/beta/includes/master-head.inc.php:6
[08-Nov-2011 20:58:06] PHP Warning:  session_start(): open(/var/lib/php/session/sess_0bumltmrnofp25serqpqh2cf37, O_RDWR) failed: Permission denied (13) in /home/pweb/development/prjs/websites/puglieseweb.com/beta/includes/master-head.inc.php on line 6
[08-Nov-2011 20:58:06] PHP Stack trace:
[08-Nov-2011 20:58:06] PHP   1. {main}() /home/pweb/development/prjs/websites/puglieseweb.com/beta/pages/programming/framework/spring/mvc.php:0
[08-Nov-2011 20:58:06] PHP   2. include() /home/pweb/development/prjs/websites/puglieseweb.com/beta/pages/programming/framework/spring/mvc.php:1
[08-Nov-2011 20:58:06] PHP   3. session_start() /home/pweb/development/prjs/websites/puglieseweb.com/beta/includes/master-head.inc.php:6
[08-Nov-2011 20:58:26] PHP Warning:  session_start(): open(/var/lib/php/session/sess_0bumltmrnofp25serqpqh2cf37, O_RDWR) failed: Permission denied (13) in /home/pweb/development/prjs/websites/puglieseweb.com/beta/includes/master-head.inc.php on line 6
[08-Nov-2011 20:58:26] PHP Stack trace:
[08-Nov-2011 20:58:26] PHP   1. {main}() /home/pweb/development/prjs/websites/puglieseweb.com/beta/pages/programming/framework/spring/mvc.php:0
[08-Nov-2011 20:58:26] PHP   2. include() /home/pweb/development/prjs/websites/puglieseweb.com/beta/pages/programming/framework/spring/mvc.php:1
[08-Nov-2011 20:58:26] PHP   3. session_start() /home/pweb/development/prjs/websites/puglieseweb.com/beta/includes/master-head.inc.php:6
[08-Nov-2011 20:59:32] PHP Warning:  session_start(): open(/var/lib/php/session/sess_0bumltmrnofp25serqpqh2cf37, O_RDWR) failed: Permission denied (13) in /home/pweb/development/prjs/websites/puglieseweb.com/beta/includes/master-head.inc.php on line 6
[08-Nov-2011 20:59:32] PHP Stack trace:
[08-Nov-2011 20:59:32] PHP   1. {main}() /home/pweb/development/prjs/websites/puglieseweb.com/beta/pages/programming/framework/spring/mvc.php:0
[08-Nov-2011 20:59:32] PHP   2. include() /home/pweb/development/prjs/websites/puglieseweb.com/beta/pages/programming/framework/spring/mvc.php:1
[08-Nov-2011 20:59:32] PHP   3. session_start() /home/pweb/development/prjs/websites/puglieseweb.com/beta/includes/master-head.inc.php:6
[08-Nov-2011 21:36:57] PHP Warning:  session_start(): open(/var/lib/php/session/sess_jp34p7s2iivnhs0aeq4ba7n4p5, O_RDWR) failed: Permission denied (13) in /home/pweb/development/prjs/websites/puglieseweb.com/beta/includes/master-head.inc.php on line 6
[08-Nov-2011 21:36:57] PHP Stack trace:
[08-Nov-2011 21:36:57] PHP   1. {main}() /home/pweb/development/prjs/websites/puglieseweb.com/beta/pages/programming/framework/spring/mvc.php:0
[08-Nov-2011 21:36:57] PHP   2. include() /home/pweb/development/prjs/websites/puglieseweb.com/beta/pages/programming/framework/spring/mvc.php:1
[08-Nov-2011 21:36:57] PHP   3. session_start() /home/pweb/development/prjs/websites/puglieseweb.com/beta/includes/master-head.inc.php:6
[08-Nov-2011 22:16:08] PHP Warning:  session_start(): open(/var/lib/php/session/sess_jp34p7s2iivnhs0aeq4ba7n4p5, O_RDWR) failed: Permission denied (13) in /home/pweb/development/prjs/websites/puglieseweb.com/beta/includes/master-head.inc.php on line 6
[08-Nov-2011 22:16:08] PHP Stack trace:
[08-Nov-2011 22:16:08] PHP   1. {main}() /home/pweb/development/prjs/websites/puglieseweb.com/beta/pages/programming/framework/spring/mvc.php:0
[08-Nov-2011 22:16:08] PHP   2. include() /home/pweb/development/prjs/websites/puglieseweb.com/beta/pages/programming/framework/spring/mvc.php:1
[08-Nov-2011 22:16:08] PHP   3. session_start() /home/pweb/development/prjs/websites/puglieseweb.com/beta/includes/master-head.inc.php:6
[08-Nov-2011 22:23:17] PHP Warning:  session_start(): open(/var/lib/php/session/sess_jp34p7s2iivnhs0aeq4ba7n4p5, O_RDWR) failed: Permission denied (13) in /home/pweb/development/prjs/websites/puglieseweb.com/beta/includes/master-head.inc.php on line 6
[08-Nov-2011 22:23:17] PHP Stack trace:
[08-Nov-2011 22:23:17] PHP   1. {main}() /home/pweb/development/prjs/websites/puglieseweb.com/beta/pages/programming/framework/spring/mvc.php:0
[08-Nov-2011 22:23:17] PHP   2. include() /home/pweb/development/prjs/websites/puglieseweb.com/beta/pages/programming/framework/spring/mvc.php:1
[08-Nov-2011 22:23:17] PHP   3. session_start() /home/pweb/development/prjs/websites/puglieseweb.com/beta/includes/master-head.inc.php:6
[08-Nov-2011 22:25:01] PHP Warning:  session_start(): open(/var/lib/php/session/sess_jp34p7s2iivnhs0aeq4ba7n4p5, O_RDWR) failed: Permission denied (13) in /home/pweb/development/prjs/websites/puglieseweb.com/beta/includes/master-head.inc.php on line 6
[08-Nov-2011 22:25:01] PHP Stack trace:
[08-Nov-2011 22:25:01] PHP   1. {main}() /home/pweb/development/prjs/websites/puglieseweb.com/beta/pages/programming/framework/spring/mvc.php:0
[08-Nov-2011 22:25:01] PHP   2. include() /home/pweb/development/prjs/websites/puglieseweb.com/beta/pages/programming/framework/spring/mvc.php:1
[08-Nov-2011 22:25:01] PHP   3. session_start() /home/pweb/development/prjs/websites/puglieseweb.com/beta/includes/master-head.inc.php:6
[08-Nov-2011 22:26:15] PHP Warning:  session_start(): open(/var/lib/php/session/sess_jp34p7s2iivnhs0aeq4ba7n4p5, O_RDWR) failed: Permission denied (13) in /home/pweb/development/prjs/websites/puglieseweb.com/beta/includes/master-head.inc.php on line 6
[08-Nov-2011 22:26:15] PHP Stack trace:
[08-Nov-2011 22:26:15] PHP   1. {main}() /home/pweb/development/prjs/websites/puglieseweb.com/beta/pages/programming/framework/spring/mvc.php:0
[08-Nov-2011 22:26:15] PHP   2. include() /home/pweb/development/prjs/websites/puglieseweb.com/beta/pages/programming/framework/spring/mvc.php:1
[08-Nov-2011 22:26:15] PHP   3. session_start() /home/pweb/development/prjs/websites/puglieseweb.com/beta/includes/master-head.inc.php:6
[08-Nov-2011 22:28:07] PHP Warning:  session_start(): open(/var/lib/php/session/sess_jp34p7s2iivnhs0aeq4ba7n4p5, O_RDWR) failed: Permission denied (13) in /home/pweb/development/prjs/websites/puglieseweb.com/beta/includes/master-head.inc.php on line 6
[08-Nov-2011 22:28:07] PHP Stack trace:
[08-Nov-2011 22:28:07] PHP   1. {main}() /home/pweb/development/prjs/websites/puglieseweb.com/beta/pages/programming/framework/spring/mvc.php:0
[08-Nov-2011 22:28:07] PHP   2. include() /home/pweb/development/prjs/websites/puglieseweb.com/beta/pages/programming/framework/spring/mvc.php:1
[08-Nov-2011 22:28:07] PHP   3. session_start() /home/pweb/development/prjs/websites/puglieseweb.com/beta/includes/master-head.inc.php:6
[08-Nov-2011 22:28:37] PHP Warning:  session_start(): open(/var/lib/php/session/sess_jp34p7s2iivnhs0aeq4ba7n4p5, O_RDWR) failed: Permission denied (13) in /home/pweb/development/prjs/websites/puglieseweb.com/beta/includes/master-head.inc.php on line 6
[08-Nov-2011 22:28:37] PHP Stack trace:
[08-Nov-2011 22:28:37] PHP   1. {main}() /home/pweb/development/prjs/websites/puglieseweb.com/beta/pages/programming/framework/spring/mvc.php:0
[08-Nov-2011 22:28:37] PHP   2. include() /home/pweb/development/prjs/websites/puglieseweb.com/beta/pages/programming/framework/spring/mvc.php:1
[08-Nov-2011 22:28:37] PHP   3. session_start() /home/pweb/development/prjs/websites/puglieseweb.com/beta/includes/master-head.inc.php:6
[08-Nov-2011 22:28:49] PHP Warning:  session_start(): open(/var/lib/php/session/sess_jp34p7s2iivnhs0aeq4ba7n4p5, O_RDWR) failed: Permission denied (13) in /home/pweb/development/prjs/websites/puglieseweb.com/beta/includes/master-head.inc.php on line 6
[08-Nov-2011 22:28:49] PHP Stack trace:
[08-Nov-2011 22:28:49] PHP   1. {main}() /home/pweb/development/prjs/websites/puglieseweb.com/beta/pages/programming/framework/spring/mvc.php:0
[08-Nov-2011 22:28:49] PHP   2. include() /home/pweb/development/prjs/websites/puglieseweb.com/beta/pages/programming/framework/spring/mvc.php:1
[08-Nov-2011 22:28:49] PHP   3. session_start() /home/pweb/development/prjs/websites/puglieseweb.com/beta/includes/master-head.inc.php:6
[08-Nov-2011 22:29:04] PHP Warning:  session_start(): open(/var/lib/php/session/sess_jp34p7s2iivnhs0aeq4ba7n4p5, O_RDWR) failed: Permission denied (13) in /home/pweb/development/prjs/websites/puglieseweb.com/beta/includes/master-head.inc.php on line 6
[08-Nov-2011 22:29:04] PHP Stack trace:
[08-Nov-2011 22:29:04] PHP   1. {main}() /home/pweb/development/prjs/websites/puglieseweb.com/beta/pages/programming/framework/spring/mvc.php:0
[08-Nov-2011 22:29:04] PHP   2. include() /home/pweb/development/prjs/websites/puglieseweb.com/beta/pages/programming/framework/spring/mvc.php:1
[08-Nov-2011 22:29:04] PHP   3. session_start() /home/pweb/development/prjs/websites/puglieseweb.com/beta/includes/master-head.inc.php:6
[08-Nov-2011 22:29:28] PHP Warning:  session_start(): open(/var/lib/php/session/sess_jp34p7s2iivnhs0aeq4ba7n4p5, O_RDWR) failed: Permission denied (13) in /home/pweb/development/prjs/websites/puglieseweb.com/beta/includes/master-head.inc.php on line 6
[08-Nov-2011 22:29:28] PHP Stack trace:
[08-Nov-2011 22:29:28] PHP   1. {main}() /home/pweb/development/prjs/websites/puglieseweb.com/beta/pages/programming/framework/spring/mvc.php:0
[08-Nov-2011 22:29:28] PHP   2. include() /home/pweb/development/prjs/websites/puglieseweb.com/beta/pages/programming/framework/spring/mvc.php:1
[08-Nov-2011 22:29:28] PHP   3. session_start() /home/pweb/development/prjs/websites/puglieseweb.com/beta/includes/master-head.inc.php:6
[08-Nov-2011 22:31:57] PHP Warning:  session_start(): open(/var/lib/php/session/sess_jp34p7s2iivnhs0aeq4ba7n4p5, O_RDWR) failed: Permission denied (13) in /home/pweb/development/prjs/websites/puglieseweb.com/beta/includes/master-head.inc.php on line 6
[08-Nov-2011 22:31:57] PHP Stack trace:
[08-Nov-2011 22:31:57] PHP   1. {main}() /home/pweb/development/prjs/websites/puglieseweb.com/beta/pages/programming/framework/spring/mvc.php:0
[08-Nov-2011 22:31:57] PHP   2. include() /home/pweb/development/prjs/websites/puglieseweb.com/beta/pages/programming/framework/spring/mvc.php:1
[08-Nov-2011 22:31:57] PHP   3. session_start() /home/pweb/development/prjs/websites/puglieseweb.com/beta/includes/master-head.inc.php:6
[08-Nov-2011 22:33:48] PHP Warning:  session_start(): open(/var/lib/php/session/sess_jp34p7s2iivnhs0aeq4ba7n4p5, O_RDWR) failed: Permission denied (13) in /home/pweb/development/prjs/websites/puglieseweb.com/beta/includes/master-head.inc.php on line 6
[08-Nov-2011 22:33:48] PHP Stack trace:
[08-Nov-2011 22:33:48] PHP   1. {main}() /home/pweb/development/prjs/websites/puglieseweb.com/beta/pages/programming/framework/spring/mvc.php:0
[08-Nov-2011 22:33:48] PHP   2. include() /home/pweb/development/prjs/websites/puglieseweb.com/beta/pages/programming/framework/spring/mvc.php:1
[08-Nov-2011 22:33:48] PHP   3. session_start() /home/pweb/development/prjs/websites/puglieseweb.com/beta/includes/master-head.inc.php:6
[09-Nov-2011 20:47:39] PHP Warning:  session_start(): open(/var/lib/php/session/sess_jp34p7s2iivnhs0aeq4ba7n4p5, O_RDWR) failed: Permission denied (13) in /home/pweb/development/prjs/websites/puglieseweb.com/beta/includes/master-head.inc.php on line 6
[09-Nov-2011 20:47:40] PHP Stack trace:
[09-Nov-2011 20:47:40] PHP   1. {main}() /home/pweb/development/prjs/websites/puglieseweb.com/beta/pages/programming/framework/spring/mvc.php:0
[09-Nov-2011 20:47:40] PHP   2. include() /home/pweb/development/prjs/websites/puglieseweb.com/beta/pages/programming/framework/spring/mvc.php:1
[09-Nov-2011 20:47:40] PHP   3. session_start() /home/pweb/development/prjs/websites/puglieseweb.com/beta/includes/master-head.inc.php:6
