[16-Aug-2011 19:44:26] PHP Warning:  session_start(): open(/var/lib/php/session/sess_u3cto1dphs841a12cbol6hqcm5, O_RDWR) failed: Permission denied (13) in /home/pweb/development/prjs/websites/puglieseweb.com/beta/includes/master-head.inc.php on line 9
[16-Aug-2011 20:59:11] PHP Warning:  session_start(): open(/var/lib/php/session/sess_u3cto1dphs841a12cbol6hqcm5, O_RDWR) failed: Permission denied (13) in /home/pweb/development/prjs/websites/puglieseweb.com/beta/includes/master-head.inc.php on line 9
[16-Aug-2011 20:59:14] PHP Warning:  session_start(): open(/var/lib/php/session/sess_u3cto1dphs841a12cbol6hqcm5, O_RDWR) failed: Permission denied (13) in /home/pweb/development/prjs/websites/puglieseweb.com/beta/includes/master-head.inc.php on line 9
[16-Aug-2011 22:55:15] PHP Warning:  include(../../../includes/master-head.inc.php): failed to open stream: No such file or directory in /home/pweb/development/prjs/websites/puglieseweb.com/beta/dbms/sql/sql.php on line 1
[16-Aug-2011 22:55:15] PHP Warning:  include(): Failed opening '../../../includes/master-head.inc.php' for inclusion (include_path='.:/usr/share/pear:/usr/share/php') in /home/pweb/development/prjs/websites/puglieseweb.com/beta/dbms/sql/sql.php on line 1
[16-Aug-2011 22:55:15] PHP Warning:  include(../../../includes/master-foot.inc.php): failed to open stream: No such file or directory in /home/pweb/development/prjs/websites/puglieseweb.com/beta/dbms/sql/sql.php on line 182
[16-Aug-2011 22:55:15] PHP Warning:  include(): Failed opening '../../../includes/master-foot.inc.php' for inclusion (include_path='.:/usr/share/pear:/usr/share/php') in /home/pweb/development/prjs/websites/puglieseweb.com/beta/dbms/sql/sql.php on line 182
[17-Aug-2011 19:51:00] PHP Warning:  include(../../../includes/master-head.inc.php): failed to open stream: No such file or directory in /home/pweb/development/prjs/websites/puglieseweb.com/beta/dbms/sql/sql.php on line 1
[17-Aug-2011 19:51:00] PHP Warning:  include(): Failed opening '../../../includes/master-head.inc.php' for inclusion (include_path='.:/usr/share/pear:/usr/share/php') in /home/pweb/development/prjs/websites/puglieseweb.com/beta/dbms/sql/sql.php on line 1
[17-Aug-2011 19:51:00] PHP Warning:  include(../../../includes/master-foot.inc.php): failed to open stream: No such file or directory in /home/pweb/development/prjs/websites/puglieseweb.com/beta/dbms/sql/sql.php on line 182
[17-Aug-2011 19:51:00] PHP Warning:  include(): Failed opening '../../../includes/master-foot.inc.php' for inclusion (include_path='.:/usr/share/pear:/usr/share/php') in /home/pweb/development/prjs/websites/puglieseweb.com/beta/dbms/sql/sql.php on line 182
[18-Aug-2011 06:55:19] PHP Warning:  include(../../../includes/master-head.inc.php): failed to open stream: No such file or directory in /home/pweb/development/prjs/websites/puglieseweb.com/beta/dbms/sql/sql.php on line 1
[18-Aug-2011 06:55:19] PHP Warning:  include(): Failed opening '../../../includes/master-head.inc.php' for inclusion (include_path='.:/usr/share/pear:/usr/share/php') in /home/pweb/development/prjs/websites/puglieseweb.com/beta/dbms/sql/sql.php on line 1
[18-Aug-2011 06:55:19] PHP Warning:  include(../../../includes/master-foot.inc.php): failed to open stream: No such file or directory in /home/pweb/development/prjs/websites/puglieseweb.com/beta/dbms/sql/sql.php on line 182
[18-Aug-2011 06:55:19] PHP Warning:  include(): Failed opening '../../../includes/master-foot.inc.php' for inclusion (include_path='.:/usr/share/pear:/usr/share/php') in /home/pweb/development/prjs/websites/puglieseweb.com/beta/dbms/sql/sql.php on line 182
[18-Aug-2011 07:00:11] PHP Warning:  include(../../../includes/master-head.inc.php): failed to open stream: No such file or directory in /home/pweb/development/prjs/websites/puglieseweb.com/beta/dbms/sql/sql1.php on line 1
[18-Aug-2011 07:00:11] PHP Warning:  include(): Failed opening '../../../includes/master-head.inc.php' for inclusion (include_path='.:/usr/share/pear:/usr/share/php') in /home/pweb/development/prjs/websites/puglieseweb.com/beta/dbms/sql/sql1.php on line 1
[18-Aug-2011 07:00:11] PHP Warning:  include(../../../includes/master-foot.inc.php): failed to open stream: No such file or directory in /home/pweb/development/prjs/websites/puglieseweb.com/beta/dbms/sql/sql1.php on line 85
[18-Aug-2011 07:00:11] PHP Warning:  include(): Failed opening '../../../includes/master-foot.inc.php' for inclusion (include_path='.:/usr/share/pear:/usr/share/php') in /home/pweb/development/prjs/websites/puglieseweb.com/beta/dbms/sql/sql1.php on line 85
[18-Aug-2011 07:00:50] PHP Warning:  session_start(): open(/var/lib/php/session/sess_rsrr6br2cgatcd0780aia1jo23, O_RDWR) failed: Permission denied (13) in /home/pweb/development/prjs/websites/puglieseweb.com/beta/includes/master-head.inc.php on line 6
[18-Aug-2011 07:00:54] PHP Warning:  include(../../../includes/master-head.inc.php): failed to open stream: No such file or directory in /home/pweb/development/prjs/websites/puglieseweb.com/beta/dbms/sql/sql.php on line 1
[18-Aug-2011 07:00:54] PHP Warning:  include(): Failed opening '../../../includes/master-head.inc.php' for inclusion (include_path='.:/usr/share/pear:/usr/share/php') in /home/pweb/development/prjs/websites/puglieseweb.com/beta/dbms/sql/sql.php on line 1
[18-Aug-2011 07:00:54] PHP Warning:  include(../../../includes/master-foot.inc.php): failed to open stream: No such file or directory in /home/pweb/development/prjs/websites/puglieseweb.com/beta/dbms/sql/sql.php on line 182
[18-Aug-2011 07:00:54] PHP Warning:  include(): Failed opening '../../../includes/master-foot.inc.php' for inclusion (include_path='.:/usr/share/pear:/usr/share/php') in /home/pweb/development/prjs/websites/puglieseweb.com/beta/dbms/sql/sql.php on line 182
[18-Aug-2011 07:01:25] PHP Warning:  session_start(): open(/var/lib/php/session/sess_rsrr6br2cgatcd0780aia1jo23, O_RDWR) failed: Permission denied (13) in /home/pweb/development/prjs/websites/puglieseweb.com/beta/includes/master-head.inc.php on line 6
[20-Aug-2011 18:04:30] PHP Warning:  session_start(): open(/var/lib/php/session/sess_anohffh515aaf158pams06if45, O_RDWR) failed: Permission denied (13) in /home/pweb/development/prjs/websites/puglieseweb.com/beta/includes/master-head.inc.php on line 6
[20-Aug-2011 18:04:33] PHP Warning:  session_start(): open(/var/lib/php/session/sess_anohffh515aaf158pams06if45, O_RDWR) failed: Permission denied (13) in /home/pweb/development/prjs/websites/puglieseweb.com/beta/includes/master-head.inc.php on line 6
[21-Aug-2011 08:56:51] PHP Warning:  session_start(): open(/var/lib/php/session/sess_1sbq4ahc10pq5lpkhsmkccv114, O_RDWR) failed: Permission denied (13) in /home/pweb/development/prjs/websites/puglieseweb.com/beta/includes/master-head.inc.php on line 6
[21-Aug-2011 08:56:52] PHP Warning:  session_start(): open(/var/lib/php/session/sess_1sbq4ahc10pq5lpkhsmkccv114, O_RDWR) failed: Permission denied (13) in /home/pweb/development/prjs/websites/puglieseweb.com/beta/includes/master-head.inc.php on line 6
[28-Aug-2011 10:01:28] PHP Warning:  session_start(): open(/var/lib/php/session/sess_irirlujt8v5v6v68ecr2be2t12, O_RDWR) failed: Permission denied (13) in /home/pweb/development/prjs/websites/puglieseweb.com/beta/includes/master-head.inc.php on line 6
[28-Aug-2011 15:55:26] PHP Warning:  session_start(): open(/var/lib/php/session/sess_n985976fh9vjr6v61le1m4iak2, O_RDWR) failed: Permission denied (13) in /home/pweb/development/prjs/websites/puglieseweb.com/beta/includes/master-head.inc.php on line 6
[28-Aug-2011 15:55:27] PHP Warning:  session_start(): open(/var/lib/php/session/sess_n985976fh9vjr6v61le1m4iak2, O_RDWR) failed: Permission denied (13) in /home/pweb/development/prjs/websites/puglieseweb.com/beta/includes/master-head.inc.php on line 6
[28-Aug-2011 15:57:39] PHP Warning:  session_start(): open(/var/lib/php/session/sess_n985976fh9vjr6v61le1m4iak2, O_RDWR) failed: Permission denied (13) in /home/pweb/development/prjs/websites/puglieseweb.com/beta/includes/master-head.inc.php on line 6
[28-Aug-2011 15:57:40] PHP Warning:  session_start(): open(/var/lib/php/session/sess_n985976fh9vjr6v61le1m4iak2, O_RDWR) failed: Permission denied (13) in /home/pweb/development/prjs/websites/puglieseweb.com/beta/includes/master-head.inc.php on line 6
[28-Aug-2011 15:57:56] PHP Warning:  session_start(): open(/var/lib/php/session/sess_n985976fh9vjr6v61le1m4iak2, O_RDWR) failed: Permission denied (13) in /home/pweb/development/prjs/websites/puglieseweb.com/beta/includes/master-head.inc.php on line 6
[28-Aug-2011 15:57:57] PHP Warning:  session_start(): open(/var/lib/php/session/sess_n985976fh9vjr6v61le1m4iak2, O_RDWR) failed: Permission denied (13) in /home/pweb/development/prjs/websites/puglieseweb.com/beta/includes/master-head.inc.php on line 6
[28-Oct-2011 11:32:08] PHP Warning:  session_start(): open(/var/lib/php/session/sess_utmfb4mk0oitd16v7akl002ig5, O_RDWR) failed: Permission denied (13) in /home/pweb/development/prjs/websites/puglieseweb.com/beta/includes/master-head.inc.php on line 6
[28-Oct-2011 11:49:02] PHP Warning:  session_start(): open(/var/lib/php/session/sess_utmfb4mk0oitd16v7akl002ig5, O_RDWR) failed: Permission denied (13) in /home/pweb/development/prjs/websites/puglieseweb.com/beta/includes/master-head.inc.php on line 6
[28-Oct-2011 12:13:32] PHP Warning:  session_start(): open(/var/lib/php/session/sess_utmfb4mk0oitd16v7akl002ig5, O_RDWR) failed: Permission denied (13) in /home/pweb/development/prjs/websites/puglieseweb.com/beta/includes/master-head.inc.php on line 6
[28-Oct-2011 13:01:32] PHP Warning:  session_start(): open(/var/lib/php/session/sess_utmfb4mk0oitd16v7akl002ig5, O_RDWR) failed: Permission denied (13) in /home/pweb/development/prjs/websites/puglieseweb.com/beta/includes/master-head.inc.php on line 6
[06-Nov-2011 19:05:21] PHP Warning:  session_start(): open(/var/lib/php/session/sess_3d25ic7li88c7at6ta1b46l751, O_RDWR) failed: Permission denied (13) in /home/pweb/development/prjs/websites/puglieseweb.com/beta/includes/master-head.inc.php on line 6
[06-Nov-2011 19:05:21] PHP Stack trace:
[06-Nov-2011 19:05:21] PHP   1. {main}() /home/pweb/development/prjs/websites/puglieseweb.com/beta/pages/dbms/sql/sql1.php:0
[06-Nov-2011 19:05:21] PHP   2. include() /home/pweb/development/prjs/websites/puglieseweb.com/beta/pages/dbms/sql/sql1.php:1
[06-Nov-2011 19:05:21] PHP   3. session_start() /home/pweb/development/prjs/websites/puglieseweb.com/beta/includes/master-head.inc.php:6
[06-Nov-2011 20:45:39] PHP Warning:  session_start(): open(/var/lib/php/session/sess_3d25ic7li88c7at6ta1b46l751, O_RDWR) failed: Permission denied (13) in /home/pweb/development/prjs/websites/puglieseweb.com/beta/includes/master-head.inc.php on line 6
[06-Nov-2011 20:45:39] PHP Stack trace:
[06-Nov-2011 20:45:39] PHP   1. {main}() /home/pweb/development/prjs/websites/puglieseweb.com/beta/pages/dbms/sql/sql1.php:0
[06-Nov-2011 20:45:39] PHP   2. include() /home/pweb/development/prjs/websites/puglieseweb.com/beta/pages/dbms/sql/sql1.php:1
[06-Nov-2011 20:45:39] PHP   3. session_start() /home/pweb/development/prjs/websites/puglieseweb.com/beta/includes/master-head.inc.php:6
[06-Nov-2011 20:45:43] PHP Warning:  session_start(): open(/var/lib/php/session/sess_3d25ic7li88c7at6ta1b46l751, O_RDWR) failed: Permission denied (13) in /home/pweb/development/prjs/websites/puglieseweb.com/beta/includes/master-head.inc.php on line 6
[06-Nov-2011 20:45:43] PHP Stack trace:
[06-Nov-2011 20:45:43] PHP   1. {main}() /home/pweb/development/prjs/websites/puglieseweb.com/beta/pages/dbms/sql/sql.php:0
[06-Nov-2011 20:45:43] PHP   2. include() /home/pweb/development/prjs/websites/puglieseweb.com/beta/pages/dbms/sql/sql.php:1
[06-Nov-2011 20:45:43] PHP   3. session_start() /home/pweb/development/prjs/websites/puglieseweb.com/beta/includes/master-head.inc.php:6
[06-Nov-2011 20:56:16] PHP Warning:  session_start(): open(/var/lib/php/session/sess_459g40i8s1h1samqovrrmeo325, O_RDWR) failed: Permission denied (13) in /home/pweb/development/prjs/websites/puglieseweb.com/beta/includes/master-head.inc.php on line 6
[06-Nov-2011 20:56:16] PHP Stack trace:
[06-Nov-2011 20:56:16] PHP   1. {main}() /home/pweb/development/prjs/websites/puglieseweb.com/beta/pages/dbms/sql/sql1.php:0
[06-Nov-2011 20:56:16] PHP   2. include() /home/pweb/development/prjs/websites/puglieseweb.com/beta/pages/dbms/sql/sql1.php:1
[06-Nov-2011 20:56:16] PHP   3. session_start() /home/pweb/development/prjs/websites/puglieseweb.com/beta/includes/master-head.inc.php:6
[06-Nov-2011 20:56:21] PHP Warning:  session_start(): open(/var/lib/php/session/sess_459g40i8s1h1samqovrrmeo325, O_RDWR) failed: Permission denied (13) in /home/pweb/development/prjs/websites/puglieseweb.com/beta/includes/master-head.inc.php on line 6
[06-Nov-2011 20:56:21] PHP Stack trace:
[06-Nov-2011 20:56:21] PHP   1. {main}() /home/pweb/development/prjs/websites/puglieseweb.com/beta/pages/dbms/sql/sql1.php:0
[06-Nov-2011 20:56:21] PHP   2. include() /home/pweb/development/prjs/websites/puglieseweb.com/beta/pages/dbms/sql/sql1.php:1
[06-Nov-2011 20:56:21] PHP   3. session_start() /home/pweb/development/prjs/websites/puglieseweb.com/beta/includes/master-head.inc.php:6
[07-Nov-2011 01:27:38] PHP Warning:  session_start(): open(/var/lib/php/session/sess_edm57uig1jrdkkf5n88o3f0q00, O_RDWR) failed: Permission denied (13) in /home/pweb/development/prjs/websites/puglieseweb.com/beta/includes/master-head.inc.php on line 6
[07-Nov-2011 01:27:38] PHP Stack trace:
[07-Nov-2011 01:27:38] PHP   1. {main}() /home/pweb/development/prjs/websites/puglieseweb.com/beta/pages/dbms/sql/sql1.php:0
[07-Nov-2011 01:27:38] PHP   2. include() /home/pweb/development/prjs/websites/puglieseweb.com/beta/pages/dbms/sql/sql1.php:1
[07-Nov-2011 01:27:38] PHP   3. session_start() /home/pweb/development/prjs/websites/puglieseweb.com/beta/includes/master-head.inc.php:6
[07-Nov-2011 01:40:32] PHP Warning:  session_start(): open(/var/lib/php/session/sess_edm57uig1jrdkkf5n88o3f0q00, O_RDWR) failed: Permission denied (13) in /home/pweb/development/prjs/websites/puglieseweb.com/beta/includes/master-head.inc.php on line 6
[07-Nov-2011 01:40:32] PHP Stack trace:
[07-Nov-2011 01:40:32] PHP   1. {main}() /home/pweb/development/prjs/websites/puglieseweb.com/beta/pages/dbms/sql/sql.php:0
[07-Nov-2011 01:40:32] PHP   2. include() /home/pweb/development/prjs/websites/puglieseweb.com/beta/pages/dbms/sql/sql.php:1
[07-Nov-2011 01:40:32] PHP   3. session_start() /home/pweb/development/prjs/websites/puglieseweb.com/beta/includes/master-head.inc.php:6
[07-Nov-2011 01:40:33] PHP Warning:  session_start(): open(/var/lib/php/session/sess_edm57uig1jrdkkf5n88o3f0q00, O_RDWR) failed: Permission denied (13) in /home/pweb/development/prjs/websites/puglieseweb.com/beta/includes/master-head.inc.php on line 6
[07-Nov-2011 01:40:33] PHP Stack trace:
[07-Nov-2011 01:40:33] PHP   1. {main}() /home/pweb/development/prjs/websites/puglieseweb.com/beta/pages/dbms/sql/sql1.php:0
[07-Nov-2011 01:40:33] PHP   2. include() /home/pweb/development/prjs/websites/puglieseweb.com/beta/pages/dbms/sql/sql1.php:1
[07-Nov-2011 01:40:33] PHP   3. session_start() /home/pweb/development/prjs/websites/puglieseweb.com/beta/includes/master-head.inc.php:6
[07-Nov-2011 02:25:08] PHP Warning:  session_start(): open(/var/lib/php/session/sess_3d25ic7li88c7at6ta1b46l751, O_RDWR) failed: Permission denied (13) in /home/pweb/development/prjs/websites/puglieseweb.com/beta/includes/master-head.inc.php on line 6
[07-Nov-2011 02:25:08] PHP Stack trace:
[07-Nov-2011 02:25:08] PHP   1. {main}() /home/pweb/development/prjs/websites/puglieseweb.com/beta/pages/dbms/sql/sql1.php:0
[07-Nov-2011 02:25:08] PHP   2. include() /home/pweb/development/prjs/websites/puglieseweb.com/beta/pages/dbms/sql/sql1.php:1
[07-Nov-2011 02:25:08] PHP   3. session_start() /home/pweb/development/prjs/websites/puglieseweb.com/beta/includes/master-head.inc.php:6
[07-Nov-2011 02:26:45] PHP Warning:  session_start(): open(/var/lib/php/session/sess_3d25ic7li88c7at6ta1b46l751, O_RDWR) failed: Permission denied (13) in /home/pweb/development/prjs/websites/puglieseweb.com/beta/includes/master-head.inc.php on line 6
[07-Nov-2011 02:26:45] PHP Stack trace:
[07-Nov-2011 02:26:45] PHP   1. {main}() /home/pweb/development/prjs/websites/puglieseweb.com/beta/pages/dbms/sql/sql.php:0
[07-Nov-2011 02:26:45] PHP   2. include() /home/pweb/development/prjs/websites/puglieseweb.com/beta/pages/dbms/sql/sql.php:1
[07-Nov-2011 02:26:45] PHP   3. session_start() /home/pweb/development/prjs/websites/puglieseweb.com/beta/includes/master-head.inc.php:6
[07-Nov-2011 02:27:11] PHP Warning:  session_start(): open(/var/lib/php/session/sess_3d25ic7li88c7at6ta1b46l751, O_RDWR) failed: Permission denied (13) in /home/pweb/development/prjs/websites/puglieseweb.com/beta/includes/master-head.inc.php on line 6
[07-Nov-2011 02:27:11] PHP Stack trace:
[07-Nov-2011 02:27:11] PHP   1. {main}() /home/pweb/development/prjs/websites/puglieseweb.com/beta/pages/dbms/sql/sql.php:0
[07-Nov-2011 02:27:11] PHP   2. include() /home/pweb/development/prjs/websites/puglieseweb.com/beta/pages/dbms/sql/sql.php:1
[07-Nov-2011 02:27:11] PHP   3. session_start() /home/pweb/development/prjs/websites/puglieseweb.com/beta/includes/master-head.inc.php:6
[07-Nov-2011 02:27:13] PHP Warning:  session_start(): open(/var/lib/php/session/sess_3d25ic7li88c7at6ta1b46l751, O_RDWR) failed: Permission denied (13) in /home/pweb/development/prjs/websites/puglieseweb.com/beta/includes/master-head.inc.php on line 6
[07-Nov-2011 02:27:13] PHP Stack trace:
[07-Nov-2011 02:27:13] PHP   1. {main}() /home/pweb/development/prjs/websites/puglieseweb.com/beta/pages/dbms/sql/sql.php:0
[07-Nov-2011 02:27:13] PHP   2. include() /home/pweb/development/prjs/websites/puglieseweb.com/beta/pages/dbms/sql/sql.php:1
[07-Nov-2011 02:27:13] PHP   3. session_start() /home/pweb/development/prjs/websites/puglieseweb.com/beta/includes/master-head.inc.php:6
[07-Nov-2011 02:49:36] PHP Warning:  session_start(): open(/var/lib/php/session/sess_3d25ic7li88c7at6ta1b46l751, O_RDWR) failed: Permission denied (13) in /home/pweb/development/prjs/websites/puglieseweb.com/beta/includes/master-head.inc.php on line 6
[07-Nov-2011 02:49:36] PHP Stack trace:
[07-Nov-2011 02:49:36] PHP   1. {main}() /home/pweb/development/prjs/websites/puglieseweb.com/beta/pages/dbms/sql/sql1.php:0
[07-Nov-2011 02:49:36] PHP   2. include() /home/pweb/development/prjs/websites/puglieseweb.com/beta/pages/dbms/sql/sql1.php:1
[07-Nov-2011 02:49:36] PHP   3. session_start() /home/pweb/development/prjs/websites/puglieseweb.com/beta/includes/master-head.inc.php:6
[07-Nov-2011 11:00:54] PHP Warning:  session_start(): open(/var/lib/php/session/sess_3mp936ljcv4us4b7am8dbtlp90, O_RDWR) failed: Permission denied (13) in /home/pweb/development/prjs/websites/puglieseweb.com/beta/includes/master-head.inc.php on line 6
[07-Nov-2011 11:00:54] PHP Stack trace:
[07-Nov-2011 11:00:54] PHP   1. {main}() /home/pweb/development/prjs/websites/puglieseweb.com/beta/pages/dbms/sql/sql.php:0
[07-Nov-2011 11:00:54] PHP   2. include() /home/pweb/development/prjs/websites/puglieseweb.com/beta/pages/dbms/sql/sql.php:1
[07-Nov-2011 11:00:54] PHP   3. session_start() /home/pweb/development/prjs/websites/puglieseweb.com/beta/includes/master-head.inc.php:6
[07-Nov-2011 11:00:54] PHP Notice:  session_start(): ps_files_cleanup_dir: opendir(/var/lib/php/session) failed: Permission denied (13) in /home/pweb/development/prjs/websites/puglieseweb.com/beta/includes/master-head.inc.php on line 6
[07-Nov-2011 11:00:54] PHP Stack trace:
[07-Nov-2011 11:00:54] PHP   1. {main}() /home/pweb/development/prjs/websites/puglieseweb.com/beta/pages/dbms/sql/sql.php:0
[07-Nov-2011 11:00:54] PHP   2. include() /home/pweb/development/prjs/websites/puglieseweb.com/beta/pages/dbms/sql/sql.php:1
[07-Nov-2011 11:00:54] PHP   3. session_start() /home/pweb/development/prjs/websites/puglieseweb.com/beta/includes/master-head.inc.php:6
[07-Nov-2011 14:53:03] PHP Warning:  session_start(): open(/var/lib/php/session/sess_4oa0v4bu8er56l2i9gdlf8rk90, O_RDWR) failed: Permission denied (13) in /home/pweb/development/prjs/websites/puglieseweb.com/beta/includes/master-head.inc.php on line 6
[07-Nov-2011 14:53:03] PHP Stack trace:
[07-Nov-2011 14:53:03] PHP   1. {main}() /home/pweb/development/prjs/websites/puglieseweb.com/beta/pages/dbms/sql/sql1.php:0
[07-Nov-2011 14:53:03] PHP   2. include() /home/pweb/development/prjs/websites/puglieseweb.com/beta/pages/dbms/sql/sql1.php:1
[07-Nov-2011 14:53:03] PHP   3. session_start() /home/pweb/development/prjs/websites/puglieseweb.com/beta/includes/master-head.inc.php:6
[07-Nov-2011 14:53:06] PHP Warning:  session_start(): open(/var/lib/php/session/sess_4oa0v4bu8er56l2i9gdlf8rk90, O_RDWR) failed: Permission denied (13) in /home/pweb/development/prjs/websites/puglieseweb.com/beta/includes/master-head.inc.php on line 6
[07-Nov-2011 14:53:06] PHP Stack trace:
[07-Nov-2011 14:53:06] PHP   1. {main}() /home/pweb/development/prjs/websites/puglieseweb.com/beta/pages/dbms/sql/sql.php:0
[07-Nov-2011 14:53:06] PHP   2. include() /home/pweb/development/prjs/websites/puglieseweb.com/beta/pages/dbms/sql/sql.php:1
[07-Nov-2011 14:53:06] PHP   3. session_start() /home/pweb/development/prjs/websites/puglieseweb.com/beta/includes/master-head.inc.php:6
[10-Nov-2011 00:28:45] PHP Warning:  session_start(): open(/var/lib/php/session/sess_b4kaabfhdbdq628n70luhlnou0, O_RDWR) failed: Permission denied (13) in /home/pweb/development/prjs/websites/puglieseweb.com/beta/includes/master-head.inc.php on line 6
[10-Nov-2011 00:28:45] PHP Stack trace:
[10-Nov-2011 00:28:45] PHP   1. {main}() /home/pweb/development/prjs/websites/puglieseweb.com/beta/pages/dbms/sql/sql1.php:0
[10-Nov-2011 00:28:45] PHP   2. include() /home/pweb/development/prjs/websites/puglieseweb.com/beta/pages/dbms/sql/sql1.php:1
[10-Nov-2011 00:28:45] PHP   3. session_start() /home/pweb/development/prjs/websites/puglieseweb.com/beta/includes/master-head.inc.php:6
[10-Nov-2011 00:28:45] PHP Warning:  include(../backlinks.php): failed to open stream: No such file or directory in /home/pweb/development/prjs/websites/puglieseweb.com/beta/includes/master-head.inc.php on line 96
[10-Nov-2011 00:28:45] PHP Stack trace:
[10-Nov-2011 00:28:45] PHP   1. {main}() /home/pweb/development/prjs/websites/puglieseweb.com/beta/pages/dbms/sql/sql1.php:0
[10-Nov-2011 00:28:45] PHP   2. include() /home/pweb/development/prjs/websites/puglieseweb.com/beta/pages/dbms/sql/sql1.php:1
[10-Nov-2011 00:28:45] PHP Warning:  include(): Failed opening '../backlinks.php' for inclusion (include_path='.:/usr/share/pear:/usr/share/php') in /home/pweb/development/prjs/websites/puglieseweb.com/beta/includes/master-head.inc.php on line 96
[10-Nov-2011 00:28:45] PHP Stack trace:
[10-Nov-2011 00:28:45] PHP   1. {main}() /home/pweb/development/prjs/websites/puglieseweb.com/beta/pages/dbms/sql/sql1.php:0
[10-Nov-2011 00:28:45] PHP   2. include() /home/pweb/development/prjs/websites/puglieseweb.com/beta/pages/dbms/sql/sql1.php:1
