[06-Nov-2011 23:52:35] PHP Warning:  session_start(): open(/var/lib/php/session/sess_3d25ic7li88c7at6ta1b46l751, O_RDWR) failed: Permission denied (13) in /home/pweb/development/prjs/websites/puglieseweb.com/beta/includes/master-head.inc.php on line 6
[06-Nov-2011 23:52:35] PHP Stack trace:
[06-Nov-2011 23:52:35] PHP   1. {main}() /home/pweb/development/prjs/websites/puglieseweb.com/beta/pages/webdev/stylesheets.php:0
[06-Nov-2011 23:52:35] PHP   2. include() /home/pweb/development/prjs/websites/puglieseweb.com/beta/pages/webdev/stylesheets.php:1
[06-Nov-2011 23:52:35] PHP   3. session_start() /home/pweb/development/prjs/websites/puglieseweb.com/beta/includes/master-head.inc.php:6
[06-Nov-2011 23:52:43] PHP Warning:  session_start(): open(/var/lib/php/session/sess_3d25ic7li88c7at6ta1b46l751, O_RDWR) failed: Permission denied (13) in /home/pweb/development/prjs/websites/puglieseweb.com/beta/includes/master-head.inc.php on line 6
[06-Nov-2011 23:52:43] PHP Stack trace:
[06-Nov-2011 23:52:43] PHP   1. {main}() /home/pweb/development/prjs/websites/puglieseweb.com/beta/pages/webdev/accessibility.php:0
[06-Nov-2011 23:52:43] PHP   2. include() /home/pweb/development/prjs/websites/puglieseweb.com/beta/pages/webdev/accessibility.php:1
[06-Nov-2011 23:52:43] PHP   3. session_start() /home/pweb/development/prjs/websites/puglieseweb.com/beta/includes/master-head.inc.php:6
[07-Nov-2011 01:13:58] PHP Warning:  session_start(): open(/var/lib/php/session/sess_edm57uig1jrdkkf5n88o3f0q00, O_RDWR) failed: Permission denied (13) in /home/pweb/development/prjs/websites/puglieseweb.com/beta/includes/master-head.inc.php on line 6
[07-Nov-2011 01:13:58] PHP Stack trace:
[07-Nov-2011 01:13:58] PHP   1. {main}() /home/pweb/development/prjs/websites/puglieseweb.com/beta/pages/webdev/stylesheets.php:0
[07-Nov-2011 01:13:58] PHP   2. include() /home/pweb/development/prjs/websites/puglieseweb.com/beta/pages/webdev/stylesheets.php:1
[07-Nov-2011 01:13:58] PHP   3. session_start() /home/pweb/development/prjs/websites/puglieseweb.com/beta/includes/master-head.inc.php:6
[07-Nov-2011 01:40:48] PHP Warning:  session_start(): open(/var/lib/php/session/sess_edm57uig1jrdkkf5n88o3f0q00, O_RDWR) failed: Permission denied (13) in /home/pweb/development/prjs/websites/puglieseweb.com/beta/includes/master-head.inc.php on line 6
[07-Nov-2011 01:40:48] PHP Stack trace:
[07-Nov-2011 01:40:48] PHP   1. {main}() /home/pweb/development/prjs/websites/puglieseweb.com/beta/pages/webdev/stylesheets.php:0
[07-Nov-2011 01:40:48] PHP   2. include() /home/pweb/development/prjs/websites/puglieseweb.com/beta/pages/webdev/stylesheets.php:1
[07-Nov-2011 01:40:48] PHP   3. session_start() /home/pweb/development/prjs/websites/puglieseweb.com/beta/includes/master-head.inc.php:6
[07-Nov-2011 01:40:49] PHP Warning:  session_start(): open(/var/lib/php/session/sess_edm57uig1jrdkkf5n88o3f0q00, O_RDWR) failed: Permission denied (13) in /home/pweb/development/prjs/websites/puglieseweb.com/beta/includes/master-head.inc.php on line 6
[07-Nov-2011 01:40:49] PHP Stack trace:
[07-Nov-2011 01:40:49] PHP   1. {main}() /home/pweb/development/prjs/websites/puglieseweb.com/beta/pages/webdev/accessibility.php:0
[07-Nov-2011 01:40:49] PHP   2. include() /home/pweb/development/prjs/websites/puglieseweb.com/beta/pages/webdev/accessibility.php:1
[07-Nov-2011 01:40:49] PHP   3. session_start() /home/pweb/development/prjs/websites/puglieseweb.com/beta/includes/master-head.inc.php:6
[07-Nov-2011 01:46:41] PHP Warning:  session_start(): open(/var/lib/php/session/sess_3d25ic7li88c7at6ta1b46l751, O_RDWR) failed: Permission denied (13) in /home/pweb/development/prjs/websites/puglieseweb.com/beta/includes/master-head.inc.php on line 6
[07-Nov-2011 01:46:41] PHP Stack trace:
[07-Nov-2011 01:46:41] PHP   1. {main}() /home/pweb/development/prjs/websites/puglieseweb.com/beta/pages/webdev/stylesheets.php:0
[07-Nov-2011 01:46:41] PHP   2. include() /home/pweb/development/prjs/websites/puglieseweb.com/beta/pages/webdev/stylesheets.php:1
[07-Nov-2011 01:46:41] PHP   3. session_start() /home/pweb/development/prjs/websites/puglieseweb.com/beta/includes/master-head.inc.php:6
[07-Nov-2011 01:56:07] PHP Warning:  session_start(): open(/var/lib/php/session/sess_3d25ic7li88c7at6ta1b46l751, O_RDWR) failed: Permission denied (13) in /home/pweb/development/prjs/websites/puglieseweb.com/beta/includes/master-head.inc.php on line 6
[07-Nov-2011 01:56:07] PHP Stack trace:
[07-Nov-2011 01:56:07] PHP   1. {main}() /home/pweb/development/prjs/websites/puglieseweb.com/beta/pages/webdev/accessibility.php:0
[07-Nov-2011 01:56:07] PHP   2. include() /home/pweb/development/prjs/websites/puglieseweb.com/beta/pages/webdev/accessibility.php:1
[07-Nov-2011 01:56:07] PHP   3. session_start() /home/pweb/development/prjs/websites/puglieseweb.com/beta/includes/master-head.inc.php:6
[07-Nov-2011 01:58:29] PHP Warning:  session_start(): open(/var/lib/php/session/sess_3d25ic7li88c7at6ta1b46l751, O_RDWR) failed: Permission denied (13) in /home/pweb/development/prjs/websites/puglieseweb.com/beta/includes/master-head.inc.php on line 6
[07-Nov-2011 01:58:29] PHP Stack trace:
[07-Nov-2011 01:58:29] PHP   1. {main}() /home/pweb/development/prjs/websites/puglieseweb.com/beta/pages/webdev/stylesheets.php:0
[07-Nov-2011 01:58:29] PHP   2. include() /home/pweb/development/prjs/websites/puglieseweb.com/beta/pages/webdev/stylesheets.php:1
[07-Nov-2011 01:58:29] PHP   3. session_start() /home/pweb/development/prjs/websites/puglieseweb.com/beta/includes/master-head.inc.php:6
[07-Nov-2011 02:25:01] PHP Warning:  session_start(): open(/var/lib/php/session/sess_3d25ic7li88c7at6ta1b46l751, O_RDWR) failed: Permission denied (13) in /home/pweb/development/prjs/websites/puglieseweb.com/beta/includes/master-head.inc.php on line 6
[07-Nov-2011 02:25:01] PHP Stack trace:
[07-Nov-2011 02:25:01] PHP   1. {main}() /home/pweb/development/prjs/websites/puglieseweb.com/beta/pages/webdev/stylesheets.php:0
[07-Nov-2011 02:25:01] PHP   2. include() /home/pweb/development/prjs/websites/puglieseweb.com/beta/pages/webdev/stylesheets.php:1
[07-Nov-2011 02:25:01] PHP   3. session_start() /home/pweb/development/prjs/websites/puglieseweb.com/beta/includes/master-head.inc.php:6
[07-Nov-2011 02:25:51] PHP Warning:  session_start(): open(/var/lib/php/session/sess_3d25ic7li88c7at6ta1b46l751, O_RDWR) failed: Permission denied (13) in /home/pweb/development/prjs/websites/puglieseweb.com/beta/includes/master-head.inc.php on line 6
[07-Nov-2011 02:25:51] PHP Stack trace:
[07-Nov-2011 02:25:51] PHP   1. {main}() /home/pweb/development/prjs/websites/puglieseweb.com/beta/pages/webdev/stylesheets.php:0
[07-Nov-2011 02:25:51] PHP   2. include() /home/pweb/development/prjs/websites/puglieseweb.com/beta/pages/webdev/stylesheets.php:1
[07-Nov-2011 02:25:51] PHP   3. session_start() /home/pweb/development/prjs/websites/puglieseweb.com/beta/includes/master-head.inc.php:6
[07-Nov-2011 02:26:42] PHP Warning:  session_start(): open(/var/lib/php/session/sess_3d25ic7li88c7at6ta1b46l751, O_RDWR) failed: Permission denied (13) in /home/pweb/development/prjs/websites/puglieseweb.com/beta/includes/master-head.inc.php on line 6
[07-Nov-2011 02:26:42] PHP Stack trace:
[07-Nov-2011 02:26:42] PHP   1. {main}() /home/pweb/development/prjs/websites/puglieseweb.com/beta/pages/webdev/stylesheets.php:0
[07-Nov-2011 02:26:42] PHP   2. include() /home/pweb/development/prjs/websites/puglieseweb.com/beta/pages/webdev/stylesheets.php:1
[07-Nov-2011 02:26:42] PHP   3. session_start() /home/pweb/development/prjs/websites/puglieseweb.com/beta/includes/master-head.inc.php:6
[07-Nov-2011 02:31:17] PHP Warning:  session_start(): open(/var/lib/php/session/sess_3d25ic7li88c7at6ta1b46l751, O_RDWR) failed: Permission denied (13) in /home/pweb/development/prjs/websites/puglieseweb.com/beta/includes/master-head.inc.php on line 6
[07-Nov-2011 02:31:17] PHP Stack trace:
[07-Nov-2011 02:31:17] PHP   1. {main}() /home/pweb/development/prjs/websites/puglieseweb.com/beta/pages/webdev/stylesheets.php:0
[07-Nov-2011 02:31:17] PHP   2. include() /home/pweb/development/prjs/websites/puglieseweb.com/beta/pages/webdev/stylesheets.php:1
[07-Nov-2011 02:31:17] PHP   3. session_start() /home/pweb/development/prjs/websites/puglieseweb.com/beta/includes/master-head.inc.php:6
[07-Nov-2011 02:31:31] PHP Warning:  session_start(): open(/var/lib/php/session/sess_3d25ic7li88c7at6ta1b46l751, O_RDWR) failed: Permission denied (13) in /home/pweb/development/prjs/websites/puglieseweb.com/beta/includes/master-head.inc.php on line 6
[07-Nov-2011 02:31:31] PHP Stack trace:
[07-Nov-2011 02:31:31] PHP   1. {main}() /home/pweb/development/prjs/websites/puglieseweb.com/beta/pages/webdev/stylesheets.php:0
[07-Nov-2011 02:31:31] PHP   2. include() /home/pweb/development/prjs/websites/puglieseweb.com/beta/pages/webdev/stylesheets.php:1
[07-Nov-2011 02:31:31] PHP   3. session_start() /home/pweb/development/prjs/websites/puglieseweb.com/beta/includes/master-head.inc.php:6
[07-Nov-2011 02:31:38] PHP Warning:  session_start(): open(/var/lib/php/session/sess_3d25ic7li88c7at6ta1b46l751, O_RDWR) failed: Permission denied (13) in /home/pweb/development/prjs/websites/puglieseweb.com/beta/includes/master-head.inc.php on line 6
[07-Nov-2011 02:31:38] PHP Stack trace:
[07-Nov-2011 02:31:38] PHP   1. {main}() /home/pweb/development/prjs/websites/puglieseweb.com/beta/pages/webdev/stylesheets.php:0
[07-Nov-2011 02:31:38] PHP   2. include() /home/pweb/development/prjs/websites/puglieseweb.com/beta/pages/webdev/stylesheets.php:1
[07-Nov-2011 02:31:38] PHP   3. session_start() /home/pweb/development/prjs/websites/puglieseweb.com/beta/includes/master-head.inc.php:6
[07-Nov-2011 02:50:44] PHP Warning:  session_start(): open(/var/lib/php/session/sess_3d25ic7li88c7at6ta1b46l751, O_RDWR) failed: Permission denied (13) in /home/pweb/development/prjs/websites/puglieseweb.com/beta/includes/master-head.inc.php on line 6
[07-Nov-2011 02:50:44] PHP Stack trace:
[07-Nov-2011 02:50:44] PHP   1. {main}() /home/pweb/development/prjs/websites/puglieseweb.com/beta/pages/webdev/accessibility.php:0
[07-Nov-2011 02:50:44] PHP   2. include() /home/pweb/development/prjs/websites/puglieseweb.com/beta/pages/webdev/accessibility.php:1
[07-Nov-2011 02:50:44] PHP   3. session_start() /home/pweb/development/prjs/websites/puglieseweb.com/beta/includes/master-head.inc.php:6
[07-Nov-2011 02:58:10] PHP Warning:  session_start(): open(/var/lib/php/session/sess_jal0ig1noh7p14k959qcepdof7, O_RDWR) failed: Permission denied (13) in /home/pweb/development/prjs/websites/puglieseweb.com/beta/includes/master-head.inc.php on line 6
[07-Nov-2011 02:58:10] PHP Stack trace:
[07-Nov-2011 02:58:10] PHP   1. {main}() /home/pweb/development/prjs/websites/puglieseweb.com/beta/pages/webdev/stylesheets.php:0
[07-Nov-2011 02:58:10] PHP   2. include() /home/pweb/development/prjs/websites/puglieseweb.com/beta/pages/webdev/stylesheets.php:1
[07-Nov-2011 02:58:10] PHP   3. session_start() /home/pweb/development/prjs/websites/puglieseweb.com/beta/includes/master-head.inc.php:6
[07-Nov-2011 03:56:51] PHP Warning:  session_start(): open(/var/lib/php/session/sess_3mp936ljcv4us4b7am8dbtlp90, O_RDWR) failed: Permission denied (13) in /home/pweb/development/prjs/websites/puglieseweb.com/beta/includes/master-head.inc.php on line 6
[07-Nov-2011 03:56:51] PHP Stack trace:
[07-Nov-2011 03:56:51] PHP   1. {main}() /home/pweb/development/prjs/websites/puglieseweb.com/beta/pages/webdev/accessibility.php:0
[07-Nov-2011 03:56:51] PHP   2. include() /home/pweb/development/prjs/websites/puglieseweb.com/beta/pages/webdev/accessibility.php:1
[07-Nov-2011 03:56:51] PHP   3. session_start() /home/pweb/development/prjs/websites/puglieseweb.com/beta/includes/master-head.inc.php:6
[07-Nov-2011 12:22:47] PHP Warning:  session_start(): open(/var/lib/php/session/sess_3mp936ljcv4us4b7am8dbtlp90, O_RDWR) failed: Permission denied (13) in /home/pweb/development/prjs/websites/puglieseweb.com/beta/includes/master-head.inc.php on line 6
[07-Nov-2011 12:22:47] PHP Stack trace:
[07-Nov-2011 12:22:47] PHP   1. {main}() /home/pweb/development/prjs/websites/puglieseweb.com/beta/pages/webdev/stylesheets.php:0
[07-Nov-2011 12:22:47] PHP   2. include() /home/pweb/development/prjs/websites/puglieseweb.com/beta/pages/webdev/stylesheets.php:1
[07-Nov-2011 12:22:47] PHP   3. session_start() /home/pweb/development/prjs/websites/puglieseweb.com/beta/includes/master-head.inc.php:6
[07-Nov-2011 12:24:34] PHP Warning:  session_start(): open(/var/lib/php/session/sess_orcpqmj6p4rsho8865idtv09a1, O_RDWR) failed: Permission denied (13) in /home/pweb/development/prjs/websites/puglieseweb.com/beta/includes/master-head.inc.php on line 6
[07-Nov-2011 12:24:34] PHP Stack trace:
[07-Nov-2011 12:24:34] PHP   1. {main}() /home/pweb/development/prjs/websites/puglieseweb.com/beta/pages/webdev/accessibility.php:0
[07-Nov-2011 12:24:34] PHP   2. include() /home/pweb/development/prjs/websites/puglieseweb.com/beta/pages/webdev/accessibility.php:1
[07-Nov-2011 12:24:34] PHP   3. session_start() /home/pweb/development/prjs/websites/puglieseweb.com/beta/includes/master-head.inc.php:6
[07-Nov-2011 14:19:42] PHP Warning:  session_start(): open(/var/lib/php/session/sess_421v4lsra64v7bqbdsdmneik92, O_RDWR) failed: Permission denied (13) in /home/pweb/development/prjs/websites/puglieseweb.com/beta/includes/master-head.inc.php on line 6
[07-Nov-2011 14:19:42] PHP Stack trace:
[07-Nov-2011 14:19:42] PHP   1. {main}() /home/pweb/development/prjs/websites/puglieseweb.com/beta/pages/webdev/stylesheets.php:0
[07-Nov-2011 14:19:42] PHP   2. include() /home/pweb/development/prjs/websites/puglieseweb.com/beta/pages/webdev/stylesheets.php:1
[07-Nov-2011 14:19:42] PHP   3. session_start() /home/pweb/development/prjs/websites/puglieseweb.com/beta/includes/master-head.inc.php:6
[07-Nov-2011 14:19:50] PHP Warning:  session_start(): open(/var/lib/php/session/sess_421v4lsra64v7bqbdsdmneik92, O_RDWR) failed: Permission denied (13) in /home/pweb/development/prjs/websites/puglieseweb.com/beta/includes/master-head.inc.php on line 6
[07-Nov-2011 14:19:50] PHP Stack trace:
[07-Nov-2011 14:19:50] PHP   1. {main}() /home/pweb/development/prjs/websites/puglieseweb.com/beta/pages/webdev/stylesheets.php:0
[07-Nov-2011 14:19:50] PHP   2. include() /home/pweb/development/prjs/websites/puglieseweb.com/beta/pages/webdev/stylesheets.php:1
[07-Nov-2011 14:19:50] PHP   3. session_start() /home/pweb/development/prjs/websites/puglieseweb.com/beta/includes/master-head.inc.php:6
[07-Nov-2011 14:19:55] PHP Warning:  session_start(): open(/var/lib/php/session/sess_421v4lsra64v7bqbdsdmneik92, O_RDWR) failed: Permission denied (13) in /home/pweb/development/prjs/websites/puglieseweb.com/beta/includes/master-head.inc.php on line 6
[07-Nov-2011 14:19:55] PHP Stack trace:
[07-Nov-2011 14:19:55] PHP   1. {main}() /home/pweb/development/prjs/websites/puglieseweb.com/beta/pages/webdev/stylesheets.php:0
[07-Nov-2011 14:19:55] PHP   2. include() /home/pweb/development/prjs/websites/puglieseweb.com/beta/pages/webdev/stylesheets.php:1
[07-Nov-2011 14:19:55] PHP   3. session_start() /home/pweb/development/prjs/websites/puglieseweb.com/beta/includes/master-head.inc.php:6
[07-Nov-2011 14:20:06] PHP Warning:  session_start(): open(/var/lib/php/session/sess_421v4lsra64v7bqbdsdmneik92, O_RDWR) failed: Permission denied (13) in /home/pweb/development/prjs/websites/puglieseweb.com/beta/includes/master-head.inc.php on line 6
[07-Nov-2011 14:20:06] PHP Stack trace:
[07-Nov-2011 14:20:06] PHP   1. {main}() /home/pweb/development/prjs/websites/puglieseweb.com/beta/pages/webdev/stylesheets.php:0
[07-Nov-2011 14:20:06] PHP   2. include() /home/pweb/development/prjs/websites/puglieseweb.com/beta/pages/webdev/stylesheets.php:1
[07-Nov-2011 14:20:06] PHP   3. session_start() /home/pweb/development/prjs/websites/puglieseweb.com/beta/includes/master-head.inc.php:6
[07-Nov-2011 15:41:52] PHP Warning:  session_start(): open(/var/lib/php/session/sess_5jiiva0bacgl4lj4gplcu2kl44, O_RDWR) failed: Permission denied (13) in /home/pweb/development/prjs/websites/puglieseweb.com/beta/includes/master-head.inc.php on line 6
[07-Nov-2011 15:41:52] PHP Stack trace:
[07-Nov-2011 15:41:52] PHP   1. {main}() /home/pweb/development/prjs/websites/puglieseweb.com/beta/pages/webdev/accessibility.php:0
[07-Nov-2011 15:41:52] PHP   2. include() /home/pweb/development/prjs/websites/puglieseweb.com/beta/pages/webdev/accessibility.php:1
[07-Nov-2011 15:41:52] PHP   3. session_start() /home/pweb/development/prjs/websites/puglieseweb.com/beta/includes/master-head.inc.php:6
[07-Nov-2011 16:24:26] PHP Warning:  session_start(): open(/var/lib/php/session/sess_ro1q4d2bg2nfiupq1bgufvdl81, O_RDWR) failed: Permission denied (13) in /home/pweb/development/prjs/websites/puglieseweb.com/beta/includes/master-head.inc.php on line 6
[07-Nov-2011 16:24:26] PHP Stack trace:
[07-Nov-2011 16:24:26] PHP   1. {main}() /home/pweb/development/prjs/websites/puglieseweb.com/beta/pages/webdev/stylesheets.php:0
[07-Nov-2011 16:24:26] PHP   2. include() /home/pweb/development/prjs/websites/puglieseweb.com/beta/pages/webdev/stylesheets.php:1
[07-Nov-2011 16:24:26] PHP   3. session_start() /home/pweb/development/prjs/websites/puglieseweb.com/beta/includes/master-head.inc.php:6
[07-Nov-2011 16:24:29] PHP Warning:  session_start(): open(/var/lib/php/session/sess_ro1q4d2bg2nfiupq1bgufvdl81, O_RDWR) failed: Permission denied (13) in /home/pweb/development/prjs/websites/puglieseweb.com/beta/includes/master-head.inc.php on line 6
[07-Nov-2011 16:24:29] PHP Stack trace:
[07-Nov-2011 16:24:29] PHP   1. {main}() /home/pweb/development/prjs/websites/puglieseweb.com/beta/pages/webdev/stylesheets.php:0
[07-Nov-2011 16:24:29] PHP   2. include() /home/pweb/development/prjs/websites/puglieseweb.com/beta/pages/webdev/stylesheets.php:1
[07-Nov-2011 16:24:29] PHP   3. session_start() /home/pweb/development/prjs/websites/puglieseweb.com/beta/includes/master-head.inc.php:6
[08-Nov-2011 20:47:24] PHP Warning:  session_start(): open(/var/lib/php/session/sess_0bumltmrnofp25serqpqh2cf37, O_RDWR) failed: Permission denied (13) in /home/pweb/development/prjs/websites/puglieseweb.com/beta/includes/master-head.inc.php on line 6
[08-Nov-2011 20:47:24] PHP Stack trace:
[08-Nov-2011 20:47:24] PHP   1. {main}() /home/pweb/development/prjs/websites/puglieseweb.com/beta/pages/webdev/stylesheets.php:0
[08-Nov-2011 20:47:24] PHP   2. include() /home/pweb/development/prjs/websites/puglieseweb.com/beta/pages/webdev/stylesheets.php:1
[08-Nov-2011 20:47:24] PHP   3. session_start() /home/pweb/development/prjs/websites/puglieseweb.com/beta/includes/master-head.inc.php:6
[09-Nov-2011 20:47:14] PHP Warning:  session_start(): open(/var/lib/php/session/sess_jp34p7s2iivnhs0aeq4ba7n4p5, O_RDWR) failed: Permission denied (13) in /home/pweb/development/prjs/websites/puglieseweb.com/beta/includes/master-head.inc.php on line 6
[09-Nov-2011 20:47:15] PHP Stack trace:
[09-Nov-2011 20:47:15] PHP   1. {main}() /home/pweb/development/prjs/websites/puglieseweb.com/beta/pages/webdev/stylesheets.php:0
[09-Nov-2011 20:47:15] PHP   2. include() /home/pweb/development/prjs/websites/puglieseweb.com/beta/pages/webdev/stylesheets.php:1
[09-Nov-2011 20:47:15] PHP   3. session_start() /home/pweb/development/prjs/websites/puglieseweb.com/beta/includes/master-head.inc.php:6
[10-Nov-2011 00:23:06] PHP Warning:  session_start(): open(/var/lib/php/session/sess_b4kaabfhdbdq628n70luhlnou0, O_RDWR) failed: Permission denied (13) in /home/pweb/development/prjs/websites/puglieseweb.com/beta/includes/master-head.inc.php on line 6
[10-Nov-2011 00:23:06] PHP Stack trace:
[10-Nov-2011 00:23:06] PHP   1. {main}() /home/pweb/development/prjs/websites/puglieseweb.com/beta/pages/webdev/stylesheets.php:0
[10-Nov-2011 00:23:06] PHP   2. include() /home/pweb/development/prjs/websites/puglieseweb.com/beta/pages/webdev/stylesheets.php:1
[10-Nov-2011 00:23:06] PHP   3. session_start() /home/pweb/development/prjs/websites/puglieseweb.com/beta/includes/master-head.inc.php:6
[10-Nov-2011 00:23:06] PHP Warning:  include(../pages/backlinks.php): failed to open stream: No such file or directory in /home/pweb/development/prjs/websites/puglieseweb.com/beta/includes/master-head.inc.php on line 96
[10-Nov-2011 00:23:06] PHP Stack trace:
[10-Nov-2011 00:23:06] PHP   1. {main}() /home/pweb/development/prjs/websites/puglieseweb.com/beta/pages/webdev/stylesheets.php:0
[10-Nov-2011 00:23:06] PHP   2. include() /home/pweb/development/prjs/websites/puglieseweb.com/beta/pages/webdev/stylesheets.php:1
[10-Nov-2011 00:23:06] PHP Warning:  include(): Failed opening '../pages/backlinks.php' for inclusion (include_path='.:/usr/share/pear:/usr/share/php') in /home/pweb/development/prjs/websites/puglieseweb.com/beta/includes/master-head.inc.php on line 96
[10-Nov-2011 00:23:06] PHP Stack trace:
[10-Nov-2011 00:23:06] PHP   1. {main}() /home/pweb/development/prjs/websites/puglieseweb.com/beta/pages/webdev/stylesheets.php:0
[10-Nov-2011 00:23:06] PHP   2. include() /home/pweb/development/prjs/websites/puglieseweb.com/beta/pages/webdev/stylesheets.php:1
[10-Nov-2011 00:23:15] PHP Warning:  session_start(): open(/var/lib/php/session/sess_b4kaabfhdbdq628n70luhlnou0, O_RDWR) failed: Permission denied (13) in /home/pweb/development/prjs/websites/puglieseweb.com/beta/includes/master-head.inc.php on line 6
[10-Nov-2011 00:23:15] PHP Stack trace:
[10-Nov-2011 00:23:15] PHP   1. {main}() /home/pweb/development/prjs/websites/puglieseweb.com/beta/pages/webdev/stylesheets.php:0
[10-Nov-2011 00:23:15] PHP   2. include() /home/pweb/development/prjs/websites/puglieseweb.com/beta/pages/webdev/stylesheets.php:1
[10-Nov-2011 00:23:15] PHP   3. session_start() /home/pweb/development/prjs/websites/puglieseweb.com/beta/includes/master-head.inc.php:6
[10-Nov-2011 00:23:15] PHP Warning:  include(../pages/backlinks.php): failed to open stream: No such file or directory in /home/pweb/development/prjs/websites/puglieseweb.com/beta/includes/master-head.inc.php on line 96
[10-Nov-2011 00:23:15] PHP Stack trace:
[10-Nov-2011 00:23:15] PHP   1. {main}() /home/pweb/development/prjs/websites/puglieseweb.com/beta/pages/webdev/stylesheets.php:0
[10-Nov-2011 00:23:15] PHP   2. include() /home/pweb/development/prjs/websites/puglieseweb.com/beta/pages/webdev/stylesheets.php:1
[10-Nov-2011 00:23:15] PHP Warning:  include(): Failed opening '../pages/backlinks.php' for inclusion (include_path='.:/usr/share/pear:/usr/share/php') in /home/pweb/development/prjs/websites/puglieseweb.com/beta/includes/master-head.inc.php on line 96
[10-Nov-2011 00:23:15] PHP Stack trace:
[10-Nov-2011 00:23:15] PHP   1. {main}() /home/pweb/development/prjs/websites/puglieseweb.com/beta/pages/webdev/stylesheets.php:0
[10-Nov-2011 00:23:15] PHP   2. include() /home/pweb/development/prjs/websites/puglieseweb.com/beta/pages/webdev/stylesheets.php:1
[10-Nov-2011 00:24:57] PHP Warning:  session_start(): open(/var/lib/php/session/sess_b4kaabfhdbdq628n70luhlnou0, O_RDWR) failed: Permission denied (13) in /home/pweb/development/prjs/websites/puglieseweb.com/beta/includes/master-head.inc.php on line 6
[10-Nov-2011 00:24:57] PHP Stack trace:
[10-Nov-2011 00:24:57] PHP   1. {main}() /home/pweb/development/prjs/websites/puglieseweb.com/beta/pages/webdev/stylesheets.php:0
[10-Nov-2011 00:24:57] PHP   2. include() /home/pweb/development/prjs/websites/puglieseweb.com/beta/pages/webdev/stylesheets.php:1
[10-Nov-2011 00:24:57] PHP   3. session_start() /home/pweb/development/prjs/websites/puglieseweb.com/beta/includes/master-head.inc.php:6
[10-Nov-2011 00:24:57] PHP Warning:  include(../backlinks.php): failed to open stream: No such file or directory in /home/pweb/development/prjs/websites/puglieseweb.com/beta/includes/master-head.inc.php on line 96
[10-Nov-2011 00:24:57] PHP Stack trace:
[10-Nov-2011 00:24:57] PHP   1. {main}() /home/pweb/development/prjs/websites/puglieseweb.com/beta/pages/webdev/stylesheets.php:0
[10-Nov-2011 00:24:57] PHP   2. include() /home/pweb/development/prjs/websites/puglieseweb.com/beta/pages/webdev/stylesheets.php:1
[10-Nov-2011 00:24:57] PHP Warning:  include(): Failed opening '../backlinks.php' for inclusion (include_path='.:/usr/share/pear:/usr/share/php') in /home/pweb/development/prjs/websites/puglieseweb.com/beta/includes/master-head.inc.php on line 96
[10-Nov-2011 00:24:57] PHP Stack trace:
[10-Nov-2011 00:24:57] PHP   1. {main}() /home/pweb/development/prjs/websites/puglieseweb.com/beta/pages/webdev/stylesheets.php:0
[10-Nov-2011 00:24:57] PHP   2. include() /home/pweb/development/prjs/websites/puglieseweb.com/beta/pages/webdev/stylesheets.php:1
[10-Nov-2011 00:28:41] PHP Warning:  session_start(): open(/var/lib/php/session/sess_b4kaabfhdbdq628n70luhlnou0, O_RDWR) failed: Permission denied (13) in /home/pweb/development/prjs/websites/puglieseweb.com/beta/includes/master-head.inc.php on line 6
[10-Nov-2011 00:28:41] PHP Stack trace:
[10-Nov-2011 00:28:41] PHP   1. {main}() /home/pweb/development/prjs/websites/puglieseweb.com/beta/pages/webdev/stylesheets.php:0
[10-Nov-2011 00:28:41] PHP   2. include() /home/pweb/development/prjs/websites/puglieseweb.com/beta/pages/webdev/stylesheets.php:1
[10-Nov-2011 00:28:41] PHP   3. session_start() /home/pweb/development/prjs/websites/puglieseweb.com/beta/includes/master-head.inc.php:6
[10-Nov-2011 00:28:41] PHP Warning:  include(../backlinks.php): failed to open stream: No such file or directory in /home/pweb/development/prjs/websites/puglieseweb.com/beta/includes/master-head.inc.php on line 96
[10-Nov-2011 00:28:41] PHP Stack trace:
[10-Nov-2011 00:28:41] PHP   1. {main}() /home/pweb/development/prjs/websites/puglieseweb.com/beta/pages/webdev/stylesheets.php:0
[10-Nov-2011 00:28:41] PHP   2. include() /home/pweb/development/prjs/websites/puglieseweb.com/beta/pages/webdev/stylesheets.php:1
[10-Nov-2011 00:28:41] PHP Warning:  include(): Failed opening '../backlinks.php' for inclusion (include_path='.:/usr/share/pear:/usr/share/php') in /home/pweb/development/prjs/websites/puglieseweb.com/beta/includes/master-head.inc.php on line 96
[10-Nov-2011 00:28:41] PHP Stack trace:
[10-Nov-2011 00:28:41] PHP   1. {main}() /home/pweb/development/prjs/websites/puglieseweb.com/beta/pages/webdev/stylesheets.php:0
[10-Nov-2011 00:28:41] PHP   2. include() /home/pweb/development/prjs/websites/puglieseweb.com/beta/pages/webdev/stylesheets.php:1
[10-Nov-2011 00:33:34] PHP Warning:  session_start(): open(/var/lib/php/session/sess_b4kaabfhdbdq628n70luhlnou0, O_RDWR) failed: Permission denied (13) in /home/pweb/development/prjs/websites/puglieseweb.com/beta/includes/master-head.inc.php on line 6
[10-Nov-2011 00:33:34] PHP Stack trace:
[10-Nov-2011 00:33:34] PHP   1. {main}() /home/pweb/development/prjs/websites/puglieseweb.com/beta/pages/webdev/stylesheets.php:0
[10-Nov-2011 00:33:34] PHP   2. include() /home/pweb/development/prjs/websites/puglieseweb.com/beta/pages/webdev/stylesheets.php:1
[10-Nov-2011 00:33:34] PHP   3. session_start() /home/pweb/development/prjs/websites/puglieseweb.com/beta/includes/master-head.inc.php:6
[10-Nov-2011 00:34:27] PHP Warning:  session_start(): open(/var/lib/php/session/sess_b4kaabfhdbdq628n70luhlnou0, O_RDWR) failed: Permission denied (13) in /home/pweb/development/prjs/websites/puglieseweb.com/beta/includes/master-head.inc.php on line 6
[10-Nov-2011 00:34:27] PHP Stack trace:
[10-Nov-2011 00:34:27] PHP   1. {main}() /home/pweb/development/prjs/websites/puglieseweb.com/beta/pages/webdev/stylesheets.php:0
[10-Nov-2011 00:34:27] PHP   2. include() /home/pweb/development/prjs/websites/puglieseweb.com/beta/pages/webdev/stylesheets.php:1
[10-Nov-2011 00:34:27] PHP   3. session_start() /home/pweb/development/prjs/websites/puglieseweb.com/beta/includes/master-head.inc.php:6
[10-Nov-2011 00:34:36] PHP Warning:  session_start(): open(/var/lib/php/session/sess_b4kaabfhdbdq628n70luhlnou0, O_RDWR) failed: Permission denied (13) in /home/pweb/development/prjs/websites/puglieseweb.com/beta/includes/master-head.inc.php on line 6
[10-Nov-2011 00:34:36] PHP Stack trace:
[10-Nov-2011 00:34:36] PHP   1. {main}() /home/pweb/development/prjs/websites/puglieseweb.com/beta/pages/webdev/stylesheets.php:0
[10-Nov-2011 00:34:36] PHP   2. include() /home/pweb/development/prjs/websites/puglieseweb.com/beta/pages/webdev/stylesheets.php:1
[10-Nov-2011 00:34:36] PHP   3. session_start() /home/pweb/development/prjs/websites/puglieseweb.com/beta/includes/master-head.inc.php:6
[10-Nov-2011 00:41:44] PHP Warning:  session_start(): open(/var/lib/php/session/sess_b4kaabfhdbdq628n70luhlnou0, O_RDWR) failed: Permission denied (13) in /home/pweb/development/prjs/websites/puglieseweb.com/beta/includes/master-head.inc.php on line 6
[10-Nov-2011 00:41:44] PHP Stack trace:
[10-Nov-2011 00:41:44] PHP   1. {main}() /home/pweb/development/prjs/websites/puglieseweb.com/beta/pages/webdev/stylesheets.php:0
[10-Nov-2011 00:41:44] PHP   2. include() /home/pweb/development/prjs/websites/puglieseweb.com/beta/pages/webdev/stylesheets.php:1
[10-Nov-2011 00:41:44] PHP   3. session_start() /home/pweb/development/prjs/websites/puglieseweb.com/beta/includes/master-head.inc.php:6
[10-Nov-2011 00:41:49] PHP Warning:  session_start(): open(/var/lib/php/session/sess_b4kaabfhdbdq628n70luhlnou0, O_RDWR) failed: Permission denied (13) in /home/pweb/development/prjs/websites/puglieseweb.com/beta/includes/master-head.inc.php on line 6
[10-Nov-2011 00:41:49] PHP Stack trace:
[10-Nov-2011 00:41:49] PHP   1. {main}() /home/pweb/development/prjs/websites/puglieseweb.com/beta/pages/webdev/stylesheets.php:0
[10-Nov-2011 00:41:49] PHP   2. include() /home/pweb/development/prjs/websites/puglieseweb.com/beta/pages/webdev/stylesheets.php:1
[10-Nov-2011 00:41:49] PHP   3. session_start() /home/pweb/development/prjs/websites/puglieseweb.com/beta/includes/master-head.inc.php:6
[10-Nov-2011 00:41:53] PHP Warning:  session_start(): open(/var/lib/php/session/sess_b4kaabfhdbdq628n70luhlnou0, O_RDWR) failed: Permission denied (13) in /home/pweb/development/prjs/websites/puglieseweb.com/beta/includes/master-head.inc.php on line 6
[10-Nov-2011 00:41:53] PHP Stack trace:
[10-Nov-2011 00:41:53] PHP   1. {main}() /home/pweb/development/prjs/websites/puglieseweb.com/beta/pages/webdev/stylesheets.php:0
[10-Nov-2011 00:41:53] PHP   2. include() /home/pweb/development/prjs/websites/puglieseweb.com/beta/pages/webdev/stylesheets.php:1
[10-Nov-2011 00:41:53] PHP   3. session_start() /home/pweb/development/prjs/websites/puglieseweb.com/beta/includes/master-head.inc.php:6
[10-Nov-2011 00:53:38] PHP Warning:  session_start(): open(/var/lib/php/session/sess_ivlk6vshlhdt2smfv2s0bv2br1, O_RDWR) failed: Permission denied (13) in /home/pweb/development/prjs/websites/puglieseweb.com/beta/includes/master-head.inc.php on line 6
[10-Nov-2011 00:53:38] PHP Stack trace:
[10-Nov-2011 00:53:38] PHP   1. {main}() /home/pweb/development/prjs/websites/puglieseweb.com/beta/pages/webdev/accessibility.php:0
[10-Nov-2011 00:53:38] PHP   2. include() /home/pweb/development/prjs/websites/puglieseweb.com/beta/pages/webdev/accessibility.php:1
[10-Nov-2011 00:53:38] PHP   3. session_start() /home/pweb/development/prjs/websites/puglieseweb.com/beta/includes/master-head.inc.php:6
[10-Nov-2011 00:53:43] PHP Warning:  session_start(): open(/var/lib/php/session/sess_ivlk6vshlhdt2smfv2s0bv2br1, O_RDWR) failed: Permission denied (13) in /home/pweb/development/prjs/websites/puglieseweb.com/beta/includes/master-head.inc.php on line 6
[10-Nov-2011 00:53:43] PHP Stack trace:
[10-Nov-2011 00:53:43] PHP   1. {main}() /home/pweb/development/prjs/websites/puglieseweb.com/beta/pages/webdev/accessibility.php:0
[10-Nov-2011 00:53:43] PHP   2. include() /home/pweb/development/prjs/websites/puglieseweb.com/beta/pages/webdev/accessibility.php:1
[10-Nov-2011 00:53:43] PHP   3. session_start() /home/pweb/development/prjs/websites/puglieseweb.com/beta/includes/master-head.inc.php:6
[11-Nov-2011 03:11:03] PHP Warning:  session_start(): open(/var/lib/php/session/sess_b4kaabfhdbdq628n70luhlnou0, O_RDWR) failed: Permission denied (13) in /home/pweb/development/prjs/websites/puglieseweb.com/beta/includes/master-head.inc.php on line 6
[11-Nov-2011 03:11:03] PHP Stack trace:
[11-Nov-2011 03:11:03] PHP   1. {main}() /home/pweb/development/prjs/websites/puglieseweb.com/beta/pages/webdev/stylesheets.php:0
[11-Nov-2011 03:11:03] PHP   2. include() /home/pweb/development/prjs/websites/puglieseweb.com/beta/pages/webdev/stylesheets.php:1
[11-Nov-2011 03:11:03] PHP   3. session_start() /home/pweb/development/prjs/websites/puglieseweb.com/beta/includes/master-head.inc.php:6
[11-Nov-2011 03:11:27] PHP Parse error:  syntax error, unexpected T_CONSTANT_ENCAPSED_STRING, expecting ',' or ';' in /home/pweb/development/prjs/websites/puglieseweb.com/beta/includes/master-head.inc.php on line 27
[11-Nov-2011 03:11:27] PHP Stack trace:
[11-Nov-2011 03:11:27] PHP   1. {main}() /home/pweb/development/prjs/websites/puglieseweb.com/beta/pages/webdev/stylesheets.php:0
[11-Nov-2011 03:11:29] PHP Parse error:  syntax error, unexpected T_CONSTANT_ENCAPSED_STRING, expecting ',' or ';' in /home/pweb/development/prjs/websites/puglieseweb.com/beta/includes/master-head.inc.php on line 27
[11-Nov-2011 03:11:29] PHP Stack trace:
[11-Nov-2011 03:11:29] PHP   1. {main}() /home/pweb/development/prjs/websites/puglieseweb.com/beta/pages/webdev/stylesheets.php:0
[11-Nov-2011 03:11:30] PHP Parse error:  syntax error, unexpected T_CONSTANT_ENCAPSED_STRING, expecting ',' or ';' in /home/pweb/development/prjs/websites/puglieseweb.com/beta/includes/master-head.inc.php on line 27
[11-Nov-2011 03:11:30] PHP Stack trace:
[11-Nov-2011 03:11:30] PHP   1. {main}() /home/pweb/development/prjs/websites/puglieseweb.com/beta/pages/webdev/stylesheets.php:0
[11-Nov-2011 03:12:30] PHP Warning:  session_start(): open(/var/lib/php/session/sess_b4kaabfhdbdq628n70luhlnou0, O_RDWR) failed: Permission denied (13) in /home/pweb/development/prjs/websites/puglieseweb.com/beta/includes/master-head.inc.php on line 6
[11-Nov-2011 03:12:30] PHP Stack trace:
[11-Nov-2011 03:12:30] PHP   1. {main}() /home/pweb/development/prjs/websites/puglieseweb.com/beta/pages/webdev/stylesheets.php:0
[11-Nov-2011 03:12:30] PHP   2. include() /home/pweb/development/prjs/websites/puglieseweb.com/beta/pages/webdev/stylesheets.php:1
[11-Nov-2011 03:12:30] PHP   3. session_start() /home/pweb/development/prjs/websites/puglieseweb.com/beta/includes/master-head.inc.php:6
[11-Nov-2011 03:12:43] PHP Parse error:  syntax error, unexpected T_CONSTANT_ENCAPSED_STRING, expecting ',' or ';' in /home/pweb/development/prjs/websites/puglieseweb.com/beta/includes/master-head.inc.php on line 27
[11-Nov-2011 03:12:43] PHP Stack trace:
[11-Nov-2011 03:12:43] PHP   1. {main}() /home/pweb/development/prjs/websites/puglieseweb.com/beta/pages/webdev/stylesheets.php:0
[11-Nov-2011 03:13:02] PHP Parse error:  syntax error, unexpected T_CONSTANT_ENCAPSED_STRING, expecting ',' or ';' in /home/pweb/development/prjs/websites/puglieseweb.com/beta/includes/master-head.inc.php on line 28
[11-Nov-2011 03:13:02] PHP Stack trace:
[11-Nov-2011 03:13:02] PHP   1. {main}() /home/pweb/development/prjs/websites/puglieseweb.com/beta/pages/webdev/stylesheets.php:0
[11-Nov-2011 03:13:03] PHP Parse error:  syntax error, unexpected T_CONSTANT_ENCAPSED_STRING, expecting ',' or ';' in /home/pweb/development/prjs/websites/puglieseweb.com/beta/includes/master-head.inc.php on line 28
[11-Nov-2011 03:13:03] PHP Stack trace:
[11-Nov-2011 03:13:03] PHP   1. {main}() /home/pweb/development/prjs/websites/puglieseweb.com/beta/pages/webdev/stylesheets.php:0
[11-Nov-2011 03:15:31] PHP Parse error:  syntax error, unexpected T_CONSTANT_ENCAPSED_STRING, expecting ',' or ';' in /home/pweb/development/prjs/websites/puglieseweb.com/beta/includes/master-head.inc.php on line 28
[11-Nov-2011 03:15:31] PHP Stack trace:
[11-Nov-2011 03:15:31] PHP   1. {main}() /home/pweb/development/prjs/websites/puglieseweb.com/beta/pages/webdev/stylesheets.php:0
[11-Nov-2011 03:15:32] PHP Parse error:  syntax error, unexpected T_CONSTANT_ENCAPSED_STRING, expecting ',' or ';' in /home/pweb/development/prjs/websites/puglieseweb.com/beta/includes/master-head.inc.php on line 28
[11-Nov-2011 03:15:32] PHP Stack trace:
[11-Nov-2011 03:15:32] PHP   1. {main}() /home/pweb/development/prjs/websites/puglieseweb.com/beta/pages/webdev/stylesheets.php:0
[11-Nov-2011 03:19:34] PHP Parse error:  syntax error, unexpected T_CONSTANT_ENCAPSED_STRING, expecting ',' or ';' in /home/pweb/development/prjs/websites/puglieseweb.com/beta/includes/master-head.inc.php on line 28
[11-Nov-2011 03:19:34] PHP Stack trace:
[11-Nov-2011 03:19:34] PHP   1. {main}() /home/pweb/development/prjs/websites/puglieseweb.com/beta/pages/webdev/stylesheets.php:0
[11-Nov-2011 03:19:35] PHP Parse error:  syntax error, unexpected T_CONSTANT_ENCAPSED_STRING, expecting ',' or ';' in /home/pweb/development/prjs/websites/puglieseweb.com/beta/includes/master-head.inc.php on line 28
[11-Nov-2011 03:19:35] PHP Stack trace:
[11-Nov-2011 03:19:35] PHP   1. {main}() /home/pweb/development/prjs/websites/puglieseweb.com/beta/pages/webdev/stylesheets.php:0
[11-Nov-2011 03:20:43] PHP Parse error:  syntax error, unexpected '}', expecting ',' or ';' in /home/pweb/development/prjs/websites/puglieseweb.com/beta/includes/master-head.inc.php on line 29
[11-Nov-2011 03:20:43] PHP Stack trace:
[11-Nov-2011 03:20:43] PHP   1. {main}() /home/pweb/development/prjs/websites/puglieseweb.com/beta/pages/webdev/stylesheets.php:0
[11-Nov-2011 03:20:44] PHP Parse error:  syntax error, unexpected '}', expecting ',' or ';' in /home/pweb/development/prjs/websites/puglieseweb.com/beta/includes/master-head.inc.php on line 29
[11-Nov-2011 03:20:44] PHP Stack trace:
[11-Nov-2011 03:20:44] PHP   1. {main}() /home/pweb/development/prjs/websites/puglieseweb.com/beta/pages/webdev/stylesheets.php:0
[11-Nov-2011 03:20:45] PHP Parse error:  syntax error, unexpected '}', expecting ',' or ';' in /home/pweb/development/prjs/websites/puglieseweb.com/beta/includes/master-head.inc.php on line 29
[11-Nov-2011 03:20:45] PHP Stack trace:
[11-Nov-2011 03:20:45] PHP   1. {main}() /home/pweb/development/prjs/websites/puglieseweb.com/beta/pages/webdev/stylesheets.php:0
[11-Nov-2011 03:20:46] PHP Parse error:  syntax error, unexpected '}', expecting ',' or ';' in /home/pweb/development/prjs/websites/puglieseweb.com/beta/includes/master-head.inc.php on line 29
[11-Nov-2011 03:20:46] PHP Stack trace:
[11-Nov-2011 03:20:46] PHP   1. {main}() /home/pweb/development/prjs/websites/puglieseweb.com/beta/pages/webdev/stylesheets.php:0
[11-Nov-2011 03:21:00] PHP Parse error:  syntax error, unexpected '}', expecting ',' or ';' in /home/pweb/development/prjs/websites/puglieseweb.com/beta/includes/master-head.inc.php on line 29
[11-Nov-2011 03:21:00] PHP Stack trace:
[11-Nov-2011 03:21:00] PHP   1. {main}() /home/pweb/development/prjs/websites/puglieseweb.com/beta/pages/webdev/stylesheets.php:0
[11-Nov-2011 03:21:01] PHP Parse error:  syntax error, unexpected '}', expecting ',' or ';' in /home/pweb/development/prjs/websites/puglieseweb.com/beta/includes/master-head.inc.php on line 29
[11-Nov-2011 03:21:01] PHP Stack trace:
[11-Nov-2011 03:21:01] PHP   1. {main}() /home/pweb/development/prjs/websites/puglieseweb.com/beta/pages/webdev/stylesheets.php:0
[11-Nov-2011 03:21:01] PHP Parse error:  syntax error, unexpected '}', expecting ',' or ';' in /home/pweb/development/prjs/websites/puglieseweb.com/beta/includes/master-head.inc.php on line 29
[11-Nov-2011 03:21:01] PHP Stack trace:
[11-Nov-2011 03:21:01] PHP   1. {main}() /home/pweb/development/prjs/websites/puglieseweb.com/beta/pages/webdev/stylesheets.php:0
[11-Nov-2011 03:21:18] PHP Parse error:  syntax error, unexpected '}', expecting ',' or ';' in /home/pweb/development/prjs/websites/puglieseweb.com/beta/includes/master-head.inc.php on line 29
[11-Nov-2011 03:21:18] PHP Stack trace:
[11-Nov-2011 03:21:18] PHP   1. {main}() /home/pweb/development/prjs/websites/puglieseweb.com/beta/pages/webdev/stylesheets.php:0
[11-Nov-2011 03:21:19] PHP Parse error:  syntax error, unexpected '}', expecting ',' or ';' in /home/pweb/development/prjs/websites/puglieseweb.com/beta/includes/master-head.inc.php on line 29
[11-Nov-2011 03:21:19] PHP Stack trace:
[11-Nov-2011 03:21:19] PHP   1. {main}() /home/pweb/development/prjs/websites/puglieseweb.com/beta/pages/webdev/stylesheets.php:0
[11-Nov-2011 03:21:20] PHP Parse error:  syntax error, unexpected '}', expecting ',' or ';' in /home/pweb/development/prjs/websites/puglieseweb.com/beta/includes/master-head.inc.php on line 29
[11-Nov-2011 03:21:20] PHP Stack trace:
[11-Nov-2011 03:21:20] PHP   1. {main}() /home/pweb/development/prjs/websites/puglieseweb.com/beta/pages/webdev/stylesheets.php:0
[11-Nov-2011 03:21:27] PHP Warning:  session_start(): open(/var/lib/php/session/sess_b4kaabfhdbdq628n70luhlnou0, O_RDWR) failed: Permission denied (13) in /home/pweb/development/prjs/websites/puglieseweb.com/beta/includes/master-head.inc.php on line 6
[11-Nov-2011 03:21:27] PHP Stack trace:
[11-Nov-2011 03:21:27] PHP   1. {main}() /home/pweb/development/prjs/websites/puglieseweb.com/beta/pages/webdev/stylesheets.php:0
[11-Nov-2011 03:21:27] PHP   2. include() /home/pweb/development/prjs/websites/puglieseweb.com/beta/pages/webdev/stylesheets.php:1
[11-Nov-2011 03:21:27] PHP   3. session_start() /home/pweb/development/prjs/websites/puglieseweb.com/beta/includes/master-head.inc.php:6
[11-Nov-2011 03:21:38] PHP Warning:  session_start(): open(/var/lib/php/session/sess_b4kaabfhdbdq628n70luhlnou0, O_RDWR) failed: Permission denied (13) in /home/pweb/development/prjs/websites/puglieseweb.com/beta/includes/master-head.inc.php on line 6
[11-Nov-2011 03:21:38] PHP Stack trace:
[11-Nov-2011 03:21:38] PHP   1. {main}() /home/pweb/development/prjs/websites/puglieseweb.com/beta/pages/webdev/stylesheets.php:0
[11-Nov-2011 03:21:38] PHP   2. include() /home/pweb/development/prjs/websites/puglieseweb.com/beta/pages/webdev/stylesheets.php:1
[11-Nov-2011 03:21:38] PHP   3. session_start() /home/pweb/development/prjs/websites/puglieseweb.com/beta/includes/master-head.inc.php:6
[11-Nov-2011 03:21:46] PHP Parse error:  syntax error, unexpected '}', expecting ',' or ';' in /home/pweb/development/prjs/websites/puglieseweb.com/beta/includes/master-head.inc.php on line 29
[11-Nov-2011 03:21:46] PHP Stack trace:
[11-Nov-2011 03:21:46] PHP   1. {main}() /home/pweb/development/prjs/websites/puglieseweb.com/beta/pages/webdev/stylesheets.php:0
[11-Nov-2011 03:22:52] PHP Warning:  session_start(): open(/var/lib/php/session/sess_b4kaabfhdbdq628n70luhlnou0, O_RDWR) failed: Permission denied (13) in /home/pweb/development/prjs/websites/puglieseweb.com/beta/includes/master-head.inc.php on line 6
[11-Nov-2011 03:22:52] PHP Stack trace:
[11-Nov-2011 03:22:52] PHP   1. {main}() /home/pweb/development/prjs/websites/puglieseweb.com/beta/pages/webdev/stylesheets.php:0
[11-Nov-2011 03:22:52] PHP   2. include() /home/pweb/development/prjs/websites/puglieseweb.com/beta/pages/webdev/stylesheets.php:1
[11-Nov-2011 03:22:52] PHP   3. session_start() /home/pweb/development/prjs/websites/puglieseweb.com/beta/includes/master-head.inc.php:6
[11-Nov-2011 03:22:54] PHP Warning:  session_start(): open(/var/lib/php/session/sess_b4kaabfhdbdq628n70luhlnou0, O_RDWR) failed: Permission denied (13) in /home/pweb/development/prjs/websites/puglieseweb.com/beta/includes/master-head.inc.php on line 6
[11-Nov-2011 03:22:54] PHP Stack trace:
[11-Nov-2011 03:22:54] PHP   1. {main}() /home/pweb/development/prjs/websites/puglieseweb.com/beta/pages/webdev/stylesheets.php:0
[11-Nov-2011 03:22:54] PHP   2. include() /home/pweb/development/prjs/websites/puglieseweb.com/beta/pages/webdev/stylesheets.php:1
[11-Nov-2011 03:22:54] PHP   3. session_start() /home/pweb/development/prjs/websites/puglieseweb.com/beta/includes/master-head.inc.php:6
[11-Nov-2011 03:22:55] PHP Warning:  session_start(): open(/var/lib/php/session/sess_b4kaabfhdbdq628n70luhlnou0, O_RDWR) failed: Permission denied (13) in /home/pweb/development/prjs/websites/puglieseweb.com/beta/includes/master-head.inc.php on line 6
[11-Nov-2011 03:22:55] PHP Stack trace:
[11-Nov-2011 03:22:55] PHP   1. {main}() /home/pweb/development/prjs/websites/puglieseweb.com/beta/pages/webdev/stylesheets.php:0
[11-Nov-2011 03:22:55] PHP   2. include() /home/pweb/development/prjs/websites/puglieseweb.com/beta/pages/webdev/stylesheets.php:1
[11-Nov-2011 03:22:55] PHP   3. session_start() /home/pweb/development/prjs/websites/puglieseweb.com/beta/includes/master-head.inc.php:6
[11-Nov-2011 03:23:47] PHP Parse error:  syntax error, unexpected T_CONSTANT_ENCAPSED_STRING, expecting ',' or ';' in /home/pweb/development/prjs/websites/puglieseweb.com/beta/includes/master-head.inc.php on line 28
[11-Nov-2011 03:23:47] PHP Stack trace:
[11-Nov-2011 03:23:47] PHP   1. {main}() /home/pweb/development/prjs/websites/puglieseweb.com/beta/pages/webdev/stylesheets.php:0
[11-Nov-2011 03:23:49] PHP Parse error:  syntax error, unexpected T_CONSTANT_ENCAPSED_STRING, expecting ',' or ';' in /home/pweb/development/prjs/websites/puglieseweb.com/beta/includes/master-head.inc.php on line 28
[11-Nov-2011 03:23:49] PHP Stack trace:
[11-Nov-2011 03:23:49] PHP   1. {main}() /home/pweb/development/prjs/websites/puglieseweb.com/beta/pages/webdev/stylesheets.php:0
[11-Nov-2011 03:24:10] PHP Parse error:  syntax error, unexpected T_CONSTANT_ENCAPSED_STRING, expecting ',' or ';' in /home/pweb/development/prjs/websites/puglieseweb.com/beta/includes/master-head.inc.php on line 29
[11-Nov-2011 03:24:10] PHP Stack trace:
[11-Nov-2011 03:24:10] PHP   1. {main}() /home/pweb/development/prjs/websites/puglieseweb.com/beta/pages/webdev/stylesheets.php:0
[11-Nov-2011 03:24:14] PHP Parse error:  syntax error, unexpected T_CONSTANT_ENCAPSED_STRING, expecting ',' or ';' in /home/pweb/development/prjs/websites/puglieseweb.com/beta/includes/master-head.inc.php on line 29
[11-Nov-2011 03:24:14] PHP Stack trace:
[11-Nov-2011 03:24:14] PHP   1. {main}() /home/pweb/development/prjs/websites/puglieseweb.com/beta/pages/webdev/stylesheets.php:0
[11-Nov-2011 03:24:15] PHP Parse error:  syntax error, unexpected T_CONSTANT_ENCAPSED_STRING, expecting ',' or ';' in /home/pweb/development/prjs/websites/puglieseweb.com/beta/includes/master-head.inc.php on line 29
[11-Nov-2011 03:24:15] PHP Stack trace:
[11-Nov-2011 03:24:15] PHP   1. {main}() /home/pweb/development/prjs/websites/puglieseweb.com/beta/pages/webdev/stylesheets.php:0
[11-Nov-2011 03:24:15] PHP Parse error:  syntax error, unexpected T_CONSTANT_ENCAPSED_STRING, expecting ',' or ';' in /home/pweb/development/prjs/websites/puglieseweb.com/beta/includes/master-head.inc.php on line 29
[11-Nov-2011 03:24:15] PHP Stack trace:
[11-Nov-2011 03:24:15] PHP   1. {main}() /home/pweb/development/prjs/websites/puglieseweb.com/beta/pages/webdev/stylesheets.php:0
[11-Nov-2011 03:24:16] PHP Parse error:  syntax error, unexpected T_CONSTANT_ENCAPSED_STRING, expecting ',' or ';' in /home/pweb/development/prjs/websites/puglieseweb.com/beta/includes/master-head.inc.php on line 29
[11-Nov-2011 03:24:16] PHP Stack trace:
[11-Nov-2011 03:24:16] PHP   1. {main}() /home/pweb/development/prjs/websites/puglieseweb.com/beta/pages/webdev/stylesheets.php:0
[11-Nov-2011 03:24:16] PHP Parse error:  syntax error, unexpected T_CONSTANT_ENCAPSED_STRING, expecting ',' or ';' in /home/pweb/development/prjs/websites/puglieseweb.com/beta/includes/master-head.inc.php on line 29
[11-Nov-2011 03:24:16] PHP Stack trace:
[11-Nov-2011 03:24:16] PHP   1. {main}() /home/pweb/development/prjs/websites/puglieseweb.com/beta/pages/webdev/stylesheets.php:0
[11-Nov-2011 03:24:16] PHP Parse error:  syntax error, unexpected T_CONSTANT_ENCAPSED_STRING, expecting ',' or ';' in /home/pweb/development/prjs/websites/puglieseweb.com/beta/includes/master-head.inc.php on line 29
[11-Nov-2011 03:24:16] PHP Stack trace:
[11-Nov-2011 03:24:16] PHP   1. {main}() /home/pweb/development/prjs/websites/puglieseweb.com/beta/pages/webdev/stylesheets.php:0
[11-Nov-2011 03:24:16] PHP Parse error:  syntax error, unexpected T_CONSTANT_ENCAPSED_STRING, expecting ',' or ';' in /home/pweb/development/prjs/websites/puglieseweb.com/beta/includes/master-head.inc.php on line 29
[11-Nov-2011 03:24:16] PHP Stack trace:
[11-Nov-2011 03:24:16] PHP   1. {main}() /home/pweb/development/prjs/websites/puglieseweb.com/beta/pages/webdev/stylesheets.php:0
[11-Nov-2011 03:24:28] PHP Parse error:  syntax error, unexpected T_CONSTANT_ENCAPSED_STRING, expecting ',' or ';' in /home/pweb/development/prjs/websites/puglieseweb.com/beta/includes/master-head.inc.php on line 28
[11-Nov-2011 03:24:28] PHP Stack trace:
[11-Nov-2011 03:24:28] PHP   1. {main}() /home/pweb/development/prjs/websites/puglieseweb.com/beta/pages/webdev/stylesheets.php:0
[11-Nov-2011 03:24:29] PHP Parse error:  syntax error, unexpected T_CONSTANT_ENCAPSED_STRING, expecting ',' or ';' in /home/pweb/development/prjs/websites/puglieseweb.com/beta/includes/master-head.inc.php on line 28
[11-Nov-2011 03:24:29] PHP Stack trace:
[11-Nov-2011 03:24:29] PHP   1. {main}() /home/pweb/development/prjs/websites/puglieseweb.com/beta/pages/webdev/stylesheets.php:0
[11-Nov-2011 03:24:29] PHP Parse error:  syntax error, unexpected T_CONSTANT_ENCAPSED_STRING, expecting ',' or ';' in /home/pweb/development/prjs/websites/puglieseweb.com/beta/includes/master-head.inc.php on line 28
[11-Nov-2011 03:24:29] PHP Stack trace:
[11-Nov-2011 03:24:29] PHP   1. {main}() /home/pweb/development/prjs/websites/puglieseweb.com/beta/pages/webdev/stylesheets.php:0
[11-Nov-2011 03:24:29] PHP Parse error:  syntax error, unexpected T_CONSTANT_ENCAPSED_STRING, expecting ',' or ';' in /home/pweb/development/prjs/websites/puglieseweb.com/beta/includes/master-head.inc.php on line 28
[11-Nov-2011 03:24:29] PHP Stack trace:
[11-Nov-2011 03:24:29] PHP   1. {main}() /home/pweb/development/prjs/websites/puglieseweb.com/beta/pages/webdev/stylesheets.php:0
[11-Nov-2011 03:24:30] PHP Parse error:  syntax error, unexpected T_CONSTANT_ENCAPSED_STRING, expecting ',' or ';' in /home/pweb/development/prjs/websites/puglieseweb.com/beta/includes/master-head.inc.php on line 28
[11-Nov-2011 03:24:30] PHP Stack trace:
[11-Nov-2011 03:24:30] PHP   1. {main}() /home/pweb/development/prjs/websites/puglieseweb.com/beta/pages/webdev/stylesheets.php:0
[11-Nov-2011 03:24:48] PHP Warning:  session_start(): open(/var/lib/php/session/sess_b4kaabfhdbdq628n70luhlnou0, O_RDWR) failed: Permission denied (13) in /home/pweb/development/prjs/websites/puglieseweb.com/beta/includes/master-head.inc.php on line 6
[11-Nov-2011 03:24:48] PHP Stack trace:
[11-Nov-2011 03:24:48] PHP   1. {main}() /home/pweb/development/prjs/websites/puglieseweb.com/beta/pages/webdev/stylesheets.php:0
[11-Nov-2011 03:24:48] PHP   2. include() /home/pweb/development/prjs/websites/puglieseweb.com/beta/pages/webdev/stylesheets.php:1
[11-Nov-2011 03:24:48] PHP   3. session_start() /home/pweb/development/prjs/websites/puglieseweb.com/beta/includes/master-head.inc.php:6
[11-Nov-2011 03:26:42] PHP Parse error:  syntax error, unexpected T_CONSTANT_ENCAPSED_STRING, expecting ',' or ';' in /home/pweb/development/prjs/websites/puglieseweb.com/beta/includes/master-head.inc.php on line 27
[11-Nov-2011 03:26:42] PHP Stack trace:
[11-Nov-2011 03:26:42] PHP   1. {main}() /home/pweb/development/prjs/websites/puglieseweb.com/beta/pages/webdev/stylesheets.php:0
[11-Nov-2011 03:26:43] PHP Parse error:  syntax error, unexpected T_CONSTANT_ENCAPSED_STRING, expecting ',' or ';' in /home/pweb/development/prjs/websites/puglieseweb.com/beta/includes/master-head.inc.php on line 27
[11-Nov-2011 03:26:43] PHP Stack trace:
[11-Nov-2011 03:26:43] PHP   1. {main}() /home/pweb/development/prjs/websites/puglieseweb.com/beta/pages/webdev/stylesheets.php:0
[11-Nov-2011 03:26:43] PHP Parse error:  syntax error, unexpected T_CONSTANT_ENCAPSED_STRING, expecting ',' or ';' in /home/pweb/development/prjs/websites/puglieseweb.com/beta/includes/master-head.inc.php on line 27
[11-Nov-2011 03:26:43] PHP Stack trace:
[11-Nov-2011 03:26:43] PHP   1. {main}() /home/pweb/development/prjs/websites/puglieseweb.com/beta/pages/webdev/stylesheets.php:0
[11-Nov-2011 03:26:44] PHP Parse error:  syntax error, unexpected T_CONSTANT_ENCAPSED_STRING, expecting ',' or ';' in /home/pweb/development/prjs/websites/puglieseweb.com/beta/includes/master-head.inc.php on line 27
[11-Nov-2011 03:26:44] PHP Stack trace:
[11-Nov-2011 03:26:44] PHP   1. {main}() /home/pweb/development/prjs/websites/puglieseweb.com/beta/pages/webdev/stylesheets.php:0
[11-Nov-2011 03:26:44] PHP Parse error:  syntax error, unexpected T_CONSTANT_ENCAPSED_STRING, expecting ',' or ';' in /home/pweb/development/prjs/websites/puglieseweb.com/beta/includes/master-head.inc.php on line 27
[11-Nov-2011 03:26:44] PHP Stack trace:
[11-Nov-2011 03:26:44] PHP   1. {main}() /home/pweb/development/prjs/websites/puglieseweb.com/beta/pages/webdev/stylesheets.php:0
[11-Nov-2011 03:26:44] PHP Parse error:  syntax error, unexpected T_CONSTANT_ENCAPSED_STRING, expecting ',' or ';' in /home/pweb/development/prjs/websites/puglieseweb.com/beta/includes/master-head.inc.php on line 27
[11-Nov-2011 03:26:44] PHP Stack trace:
[11-Nov-2011 03:26:44] PHP   1. {main}() /home/pweb/development/prjs/websites/puglieseweb.com/beta/pages/webdev/stylesheets.php:0
[11-Nov-2011 03:27:15] PHP Parse error:  syntax error, unexpected T_CONSTANT_ENCAPSED_STRING, expecting ',' or ';' in /home/pweb/development/prjs/websites/puglieseweb.com/beta/includes/master-head.inc.php on line 27
[11-Nov-2011 03:27:15] PHP Stack trace:
[11-Nov-2011 03:27:15] PHP   1. {main}() /home/pweb/development/prjs/websites/puglieseweb.com/beta/pages/webdev/stylesheets.php:0
[11-Nov-2011 03:27:16] PHP Parse error:  syntax error, unexpected T_CONSTANT_ENCAPSED_STRING, expecting ',' or ';' in /home/pweb/development/prjs/websites/puglieseweb.com/beta/includes/master-head.inc.php on line 27
[11-Nov-2011 03:27:16] PHP Stack trace:
[11-Nov-2011 03:27:16] PHP   1. {main}() /home/pweb/development/prjs/websites/puglieseweb.com/beta/pages/webdev/stylesheets.php:0
[11-Nov-2011 03:27:17] PHP Parse error:  syntax error, unexpected T_CONSTANT_ENCAPSED_STRING, expecting ',' or ';' in /home/pweb/development/prjs/websites/puglieseweb.com/beta/includes/master-head.inc.php on line 27
[11-Nov-2011 03:27:17] PHP Stack trace:
[11-Nov-2011 03:27:17] PHP   1. {main}() /home/pweb/development/prjs/websites/puglieseweb.com/beta/pages/webdev/stylesheets.php:0
[11-Nov-2011 03:27:17] PHP Parse error:  syntax error, unexpected T_CONSTANT_ENCAPSED_STRING, expecting ',' or ';' in /home/pweb/development/prjs/websites/puglieseweb.com/beta/includes/master-head.inc.php on line 27
[11-Nov-2011 03:27:17] PHP Stack trace:
[11-Nov-2011 03:27:17] PHP   1. {main}() /home/pweb/development/prjs/websites/puglieseweb.com/beta/pages/webdev/stylesheets.php:0
[11-Nov-2011 03:27:18] PHP Parse error:  syntax error, unexpected T_CONSTANT_ENCAPSED_STRING, expecting ',' or ';' in /home/pweb/development/prjs/websites/puglieseweb.com/beta/includes/master-head.inc.php on line 27
[11-Nov-2011 03:27:18] PHP Stack trace:
[11-Nov-2011 03:27:18] PHP   1. {main}() /home/pweb/development/prjs/websites/puglieseweb.com/beta/pages/webdev/stylesheets.php:0
[11-Nov-2011 03:27:18] PHP Parse error:  syntax error, unexpected T_CONSTANT_ENCAPSED_STRING, expecting ',' or ';' in /home/pweb/development/prjs/websites/puglieseweb.com/beta/includes/master-head.inc.php on line 27
[11-Nov-2011 03:27:18] PHP Stack trace:
[11-Nov-2011 03:27:18] PHP   1. {main}() /home/pweb/development/prjs/websites/puglieseweb.com/beta/pages/webdev/stylesheets.php:0
[11-Nov-2011 03:27:19] PHP Parse error:  syntax error, unexpected T_CONSTANT_ENCAPSED_STRING, expecting ',' or ';' in /home/pweb/development/prjs/websites/puglieseweb.com/beta/includes/master-head.inc.php on line 27
[11-Nov-2011 03:27:19] PHP Stack trace:
[11-Nov-2011 03:27:19] PHP   1. {main}() /home/pweb/development/prjs/websites/puglieseweb.com/beta/pages/webdev/stylesheets.php:0
[11-Nov-2011 03:27:19] PHP Parse error:  syntax error, unexpected T_CONSTANT_ENCAPSED_STRING, expecting ',' or ';' in /home/pweb/development/prjs/websites/puglieseweb.com/beta/includes/master-head.inc.php on line 27
[11-Nov-2011 03:27:19] PHP Stack trace:
[11-Nov-2011 03:27:19] PHP   1. {main}() /home/pweb/development/prjs/websites/puglieseweb.com/beta/pages/webdev/stylesheets.php:0
[11-Nov-2011 03:27:19] PHP Parse error:  syntax error, unexpected T_CONSTANT_ENCAPSED_STRING, expecting ',' or ';' in /home/pweb/development/prjs/websites/puglieseweb.com/beta/includes/master-head.inc.php on line 27
[11-Nov-2011 03:27:19] PHP Stack trace:
[11-Nov-2011 03:27:19] PHP   1. {main}() /home/pweb/development/prjs/websites/puglieseweb.com/beta/pages/webdev/stylesheets.php:0
[11-Nov-2011 03:27:19] PHP Parse error:  syntax error, unexpected T_CONSTANT_ENCAPSED_STRING, expecting ',' or ';' in /home/pweb/development/prjs/websites/puglieseweb.com/beta/includes/master-head.inc.php on line 27
[11-Nov-2011 03:27:19] PHP Stack trace:
[11-Nov-2011 03:27:19] PHP   1. {main}() /home/pweb/development/prjs/websites/puglieseweb.com/beta/pages/webdev/stylesheets.php:0
[11-Nov-2011 03:27:20] PHP Parse error:  syntax error, unexpected T_CONSTANT_ENCAPSED_STRING, expecting ',' or ';' in /home/pweb/development/prjs/websites/puglieseweb.com/beta/includes/master-head.inc.php on line 27
[11-Nov-2011 03:27:20] PHP Stack trace:
[11-Nov-2011 03:27:20] PHP   1. {main}() /home/pweb/development/prjs/websites/puglieseweb.com/beta/pages/webdev/stylesheets.php:0
[11-Nov-2011 03:27:20] PHP Parse error:  syntax error, unexpected T_CONSTANT_ENCAPSED_STRING, expecting ',' or ';' in /home/pweb/development/prjs/websites/puglieseweb.com/beta/includes/master-head.inc.php on line 27
[11-Nov-2011 03:27:20] PHP Stack trace:
[11-Nov-2011 03:27:20] PHP   1. {main}() /home/pweb/development/prjs/websites/puglieseweb.com/beta/pages/webdev/stylesheets.php:0
[11-Nov-2011 03:27:20] PHP Parse error:  syntax error, unexpected T_CONSTANT_ENCAPSED_STRING, expecting ',' or ';' in /home/pweb/development/prjs/websites/puglieseweb.com/beta/includes/master-head.inc.php on line 27
[11-Nov-2011 03:27:20] PHP Stack trace:
[11-Nov-2011 03:27:20] PHP   1. {main}() /home/pweb/development/prjs/websites/puglieseweb.com/beta/pages/webdev/stylesheets.php:0
[11-Nov-2011 03:27:20] PHP Parse error:  syntax error, unexpected T_CONSTANT_ENCAPSED_STRING, expecting ',' or ';' in /home/pweb/development/prjs/websites/puglieseweb.com/beta/includes/master-head.inc.php on line 27
[11-Nov-2011 03:27:20] PHP Stack trace:
[11-Nov-2011 03:27:20] PHP   1. {main}() /home/pweb/development/prjs/websites/puglieseweb.com/beta/pages/webdev/stylesheets.php:0
[11-Nov-2011 03:27:21] PHP Parse error:  syntax error, unexpected T_CONSTANT_ENCAPSED_STRING, expecting ',' or ';' in /home/pweb/development/prjs/websites/puglieseweb.com/beta/includes/master-head.inc.php on line 27
[11-Nov-2011 03:27:21] PHP Stack trace:
[11-Nov-2011 03:27:21] PHP   1. {main}() /home/pweb/development/prjs/websites/puglieseweb.com/beta/pages/webdev/stylesheets.php:0
[11-Nov-2011 03:27:21] PHP Parse error:  syntax error, unexpected T_CONSTANT_ENCAPSED_STRING, expecting ',' or ';' in /home/pweb/development/prjs/websites/puglieseweb.com/beta/includes/master-head.inc.php on line 27
[11-Nov-2011 03:27:21] PHP Stack trace:
[11-Nov-2011 03:27:21] PHP   1. {main}() /home/pweb/development/prjs/websites/puglieseweb.com/beta/pages/webdev/stylesheets.php:0
[11-Nov-2011 03:27:21] PHP Parse error:  syntax error, unexpected T_CONSTANT_ENCAPSED_STRING, expecting ',' or ';' in /home/pweb/development/prjs/websites/puglieseweb.com/beta/includes/master-head.inc.php on line 27
[11-Nov-2011 03:27:21] PHP Stack trace:
[11-Nov-2011 03:27:21] PHP   1. {main}() /home/pweb/development/prjs/websites/puglieseweb.com/beta/pages/webdev/stylesheets.php:0
[11-Nov-2011 03:28:05] PHP Parse error:  syntax error, unexpected T_CONSTANT_ENCAPSED_STRING, expecting ',' or ';' in /home/pweb/development/prjs/websites/puglieseweb.com/beta/includes/master-head.inc.php on line 27
[11-Nov-2011 03:28:05] PHP Stack trace:
[11-Nov-2011 03:28:05] PHP   1. {main}() /home/pweb/development/prjs/websites/puglieseweb.com/beta/pages/webdev/stylesheets.php:0
[11-Nov-2011 03:28:06] PHP Parse error:  syntax error, unexpected T_CONSTANT_ENCAPSED_STRING, expecting ',' or ';' in /home/pweb/development/prjs/websites/puglieseweb.com/beta/includes/master-head.inc.php on line 27
[11-Nov-2011 03:28:06] PHP Stack trace:
[11-Nov-2011 03:28:06] PHP   1. {main}() /home/pweb/development/prjs/websites/puglieseweb.com/beta/pages/webdev/stylesheets.php:0
[11-Nov-2011 03:28:07] PHP Parse error:  syntax error, unexpected T_CONSTANT_ENCAPSED_STRING, expecting ',' or ';' in /home/pweb/development/prjs/websites/puglieseweb.com/beta/includes/master-head.inc.php on line 27
[11-Nov-2011 03:28:07] PHP Stack trace:
[11-Nov-2011 03:28:07] PHP   1. {main}() /home/pweb/development/prjs/websites/puglieseweb.com/beta/pages/webdev/stylesheets.php:0
[11-Nov-2011 03:28:23] PHP Parse error:  syntax error, unexpected T_CONSTANT_ENCAPSED_STRING, expecting ',' or ';' in /home/pweb/development/prjs/websites/puglieseweb.com/beta/includes/master-head.inc.php on line 27
[11-Nov-2011 03:28:23] PHP Stack trace:
[11-Nov-2011 03:28:23] PHP   1. {main}() /home/pweb/development/prjs/websites/puglieseweb.com/beta/pages/webdev/stylesheets.php:0
[11-Nov-2011 03:28:24] PHP Parse error:  syntax error, unexpected T_CONSTANT_ENCAPSED_STRING, expecting ',' or ';' in /home/pweb/development/prjs/websites/puglieseweb.com/beta/includes/master-head.inc.php on line 27
[11-Nov-2011 03:28:24] PHP Stack trace:
[11-Nov-2011 03:28:24] PHP   1. {main}() /home/pweb/development/prjs/websites/puglieseweb.com/beta/pages/webdev/stylesheets.php:0
[11-Nov-2011 03:28:24] PHP Parse error:  syntax error, unexpected T_CONSTANT_ENCAPSED_STRING, expecting ',' or ';' in /home/pweb/development/prjs/websites/puglieseweb.com/beta/includes/master-head.inc.php on line 27
[11-Nov-2011 03:28:24] PHP Stack trace:
[11-Nov-2011 03:28:24] PHP   1. {main}() /home/pweb/development/prjs/websites/puglieseweb.com/beta/pages/webdev/stylesheets.php:0
[11-Nov-2011 03:28:24] PHP Parse error:  syntax error, unexpected T_CONSTANT_ENCAPSED_STRING, expecting ',' or ';' in /home/pweb/development/prjs/websites/puglieseweb.com/beta/includes/master-head.inc.php on line 27
[11-Nov-2011 03:28:24] PHP Stack trace:
[11-Nov-2011 03:28:24] PHP   1. {main}() /home/pweb/development/prjs/websites/puglieseweb.com/beta/pages/webdev/stylesheets.php:0
[11-Nov-2011 03:28:25] PHP Parse error:  syntax error, unexpected T_CONSTANT_ENCAPSED_STRING, expecting ',' or ';' in /home/pweb/development/prjs/websites/puglieseweb.com/beta/includes/master-head.inc.php on line 27
[11-Nov-2011 03:28:25] PHP Stack trace:
[11-Nov-2011 03:28:25] PHP   1. {main}() /home/pweb/development/prjs/websites/puglieseweb.com/beta/pages/webdev/stylesheets.php:0
[11-Nov-2011 03:28:36] PHP Parse error:  syntax error, unexpected T_CONSTANT_ENCAPSED_STRING, expecting ',' or ';' in /home/pweb/development/prjs/websites/puglieseweb.com/beta/includes/master-head.inc.php on line 27
[11-Nov-2011 03:28:36] PHP Stack trace:
[11-Nov-2011 03:28:36] PHP   1. {main}() /home/pweb/development/prjs/websites/puglieseweb.com/beta/pages/webdev/stylesheets.php:0
[11-Nov-2011 03:28:36] PHP Parse error:  syntax error, unexpected T_CONSTANT_ENCAPSED_STRING, expecting ',' or ';' in /home/pweb/development/prjs/websites/puglieseweb.com/beta/includes/master-head.inc.php on line 27
[11-Nov-2011 03:28:36] PHP Stack trace:
[11-Nov-2011 03:28:36] PHP   1. {main}() /home/pweb/development/prjs/websites/puglieseweb.com/beta/pages/webdev/stylesheets.php:0
[11-Nov-2011 03:28:36] PHP Parse error:  syntax error, unexpected T_CONSTANT_ENCAPSED_STRING, expecting ',' or ';' in /home/pweb/development/prjs/websites/puglieseweb.com/beta/includes/master-head.inc.php on line 27
[11-Nov-2011 03:28:36] PHP Stack trace:
[11-Nov-2011 03:28:36] PHP   1. {main}() /home/pweb/development/prjs/websites/puglieseweb.com/beta/pages/webdev/stylesheets.php:0
[11-Nov-2011 03:28:36] PHP Parse error:  syntax error, unexpected T_CONSTANT_ENCAPSED_STRING, expecting ',' or ';' in /home/pweb/development/prjs/websites/puglieseweb.com/beta/includes/master-head.inc.php on line 27
[11-Nov-2011 03:28:36] PHP Stack trace:
[11-Nov-2011 03:28:36] PHP   1. {main}() /home/pweb/development/prjs/websites/puglieseweb.com/beta/pages/webdev/stylesheets.php:0
[11-Nov-2011 03:28:37] PHP Parse error:  syntax error, unexpected T_CONSTANT_ENCAPSED_STRING, expecting ',' or ';' in /home/pweb/development/prjs/websites/puglieseweb.com/beta/includes/master-head.inc.php on line 27
[11-Nov-2011 03:28:37] PHP Stack trace:
[11-Nov-2011 03:28:37] PHP   1. {main}() /home/pweb/development/prjs/websites/puglieseweb.com/beta/pages/webdev/stylesheets.php:0
[11-Nov-2011 03:28:37] PHP Parse error:  syntax error, unexpected T_CONSTANT_ENCAPSED_STRING, expecting ',' or ';' in /home/pweb/development/prjs/websites/puglieseweb.com/beta/includes/master-head.inc.php on line 27
[11-Nov-2011 03:28:37] PHP Stack trace:
[11-Nov-2011 03:28:37] PHP   1. {main}() /home/pweb/development/prjs/websites/puglieseweb.com/beta/pages/webdev/stylesheets.php:0
[11-Nov-2011 03:28:37] PHP Parse error:  syntax error, unexpected T_CONSTANT_ENCAPSED_STRING, expecting ',' or ';' in /home/pweb/development/prjs/websites/puglieseweb.com/beta/includes/master-head.inc.php on line 27
[11-Nov-2011 03:28:37] PHP Stack trace:
[11-Nov-2011 03:28:37] PHP   1. {main}() /home/pweb/development/prjs/websites/puglieseweb.com/beta/pages/webdev/stylesheets.php:0
[11-Nov-2011 03:28:38] PHP Parse error:  syntax error, unexpected T_CONSTANT_ENCAPSED_STRING, expecting ',' or ';' in /home/pweb/development/prjs/websites/puglieseweb.com/beta/includes/master-head.inc.php on line 27
[11-Nov-2011 03:28:38] PHP Stack trace:
[11-Nov-2011 03:28:38] PHP   1. {main}() /home/pweb/development/prjs/websites/puglieseweb.com/beta/pages/webdev/stylesheets.php:0
[11-Nov-2011 03:29:57] PHP Parse error:  syntax error, unexpected '=' in /home/pweb/development/prjs/websites/puglieseweb.com/beta/includes/master-head.inc.php on line 27
[11-Nov-2011 03:29:57] PHP Stack trace:
[11-Nov-2011 03:29:57] PHP   1. {main}() /home/pweb/development/prjs/websites/puglieseweb.com/beta/pages/webdev/stylesheets.php:0
[11-Nov-2011 03:29:57] PHP Parse error:  syntax error, unexpected '=' in /home/pweb/development/prjs/websites/puglieseweb.com/beta/includes/master-head.inc.php on line 27
[11-Nov-2011 03:29:57] PHP Stack trace:
[11-Nov-2011 03:29:57] PHP   1. {main}() /home/pweb/development/prjs/websites/puglieseweb.com/beta/pages/webdev/stylesheets.php:0
[11-Nov-2011 03:29:58] PHP Parse error:  syntax error, unexpected '=' in /home/pweb/development/prjs/websites/puglieseweb.com/beta/includes/master-head.inc.php on line 27
[11-Nov-2011 03:29:58] PHP Stack trace:
[11-Nov-2011 03:29:58] PHP   1. {main}() /home/pweb/development/prjs/websites/puglieseweb.com/beta/pages/webdev/stylesheets.php:0
[11-Nov-2011 03:29:58] PHP Parse error:  syntax error, unexpected '=' in /home/pweb/development/prjs/websites/puglieseweb.com/beta/includes/master-head.inc.php on line 27
[11-Nov-2011 03:29:58] PHP Stack trace:
[11-Nov-2011 03:29:58] PHP   1. {main}() /home/pweb/development/prjs/websites/puglieseweb.com/beta/pages/webdev/stylesheets.php:0
[11-Nov-2011 03:29:58] PHP Parse error:  syntax error, unexpected '=' in /home/pweb/development/prjs/websites/puglieseweb.com/beta/includes/master-head.inc.php on line 27
[11-Nov-2011 03:29:58] PHP Stack trace:
[11-Nov-2011 03:29:58] PHP   1. {main}() /home/pweb/development/prjs/websites/puglieseweb.com/beta/pages/webdev/stylesheets.php:0
[11-Nov-2011 03:29:59] PHP Parse error:  syntax error, unexpected '=' in /home/pweb/development/prjs/websites/puglieseweb.com/beta/includes/master-head.inc.php on line 27
[11-Nov-2011 03:29:59] PHP Stack trace:
[11-Nov-2011 03:29:59] PHP   1. {main}() /home/pweb/development/prjs/websites/puglieseweb.com/beta/pages/webdev/stylesheets.php:0
[11-Nov-2011 03:29:59] PHP Parse error:  syntax error, unexpected '=' in /home/pweb/development/prjs/websites/puglieseweb.com/beta/includes/master-head.inc.php on line 27
[11-Nov-2011 03:29:59] PHP Stack trace:
[11-Nov-2011 03:29:59] PHP   1. {main}() /home/pweb/development/prjs/websites/puglieseweb.com/beta/pages/webdev/stylesheets.php:0
[11-Nov-2011 03:29:59] PHP Parse error:  syntax error, unexpected '=' in /home/pweb/development/prjs/websites/puglieseweb.com/beta/includes/master-head.inc.php on line 27
[11-Nov-2011 03:29:59] PHP Stack trace:
[11-Nov-2011 03:29:59] PHP   1. {main}() /home/pweb/development/prjs/websites/puglieseweb.com/beta/pages/webdev/stylesheets.php:0
[11-Nov-2011 03:29:59] PHP Parse error:  syntax error, unexpected '=' in /home/pweb/development/prjs/websites/puglieseweb.com/beta/includes/master-head.inc.php on line 27
[11-Nov-2011 03:29:59] PHP Stack trace:
[11-Nov-2011 03:29:59] PHP   1. {main}() /home/pweb/development/prjs/websites/puglieseweb.com/beta/pages/webdev/stylesheets.php:0
[11-Nov-2011 03:29:59] PHP Parse error:  syntax error, unexpected '=' in /home/pweb/development/prjs/websites/puglieseweb.com/beta/includes/master-head.inc.php on line 27
[11-Nov-2011 03:29:59] PHP Stack trace:
[11-Nov-2011 03:29:59] PHP   1. {main}() /home/pweb/development/prjs/websites/puglieseweb.com/beta/pages/webdev/stylesheets.php:0
[11-Nov-2011 03:30:00] PHP Parse error:  syntax error, unexpected '=' in /home/pweb/development/prjs/websites/puglieseweb.com/beta/includes/master-head.inc.php on line 27
[11-Nov-2011 03:30:00] PHP Stack trace:
[11-Nov-2011 03:30:00] PHP   1. {main}() /home/pweb/development/prjs/websites/puglieseweb.com/beta/pages/webdev/stylesheets.php:0
[11-Nov-2011 03:30:10] PHP Parse error:  syntax error, unexpected '=' in /home/pweb/development/prjs/websites/puglieseweb.com/beta/includes/master-head.inc.php on line 27
[11-Nov-2011 03:30:10] PHP Stack trace:
[11-Nov-2011 03:30:10] PHP   1. {main}() /home/pweb/development/prjs/websites/puglieseweb.com/beta/pages/webdev/stylesheets.php:0
[11-Nov-2011 03:30:10] PHP Parse error:  syntax error, unexpected '=' in /home/pweb/development/prjs/websites/puglieseweb.com/beta/includes/master-head.inc.php on line 27
[11-Nov-2011 03:30:10] PHP Stack trace:
[11-Nov-2011 03:30:10] PHP   1. {main}() /home/pweb/development/prjs/websites/puglieseweb.com/beta/pages/webdev/stylesheets.php:0
[11-Nov-2011 03:30:11] PHP Parse error:  syntax error, unexpected '=' in /home/pweb/development/prjs/websites/puglieseweb.com/beta/includes/master-head.inc.php on line 27
[11-Nov-2011 03:30:11] PHP Stack trace:
[11-Nov-2011 03:30:11] PHP   1. {main}() /home/pweb/development/prjs/websites/puglieseweb.com/beta/pages/webdev/stylesheets.php:0
[11-Nov-2011 03:30:11] PHP Parse error:  syntax error, unexpected '=' in /home/pweb/development/prjs/websites/puglieseweb.com/beta/includes/master-head.inc.php on line 27
[11-Nov-2011 03:30:11] PHP Stack trace:
[11-Nov-2011 03:30:11] PHP   1. {main}() /home/pweb/development/prjs/websites/puglieseweb.com/beta/pages/webdev/stylesheets.php:0
[11-Nov-2011 03:30:11] PHP Parse error:  syntax error, unexpected '=' in /home/pweb/development/prjs/websites/puglieseweb.com/beta/includes/master-head.inc.php on line 27
[11-Nov-2011 03:30:11] PHP Stack trace:
[11-Nov-2011 03:30:11] PHP   1. {main}() /home/pweb/development/prjs/websites/puglieseweb.com/beta/pages/webdev/stylesheets.php:0
[11-Nov-2011 03:30:11] PHP Parse error:  syntax error, unexpected '=' in /home/pweb/development/prjs/websites/puglieseweb.com/beta/includes/master-head.inc.php on line 27
[11-Nov-2011 03:30:11] PHP Stack trace:
[11-Nov-2011 03:30:11] PHP   1. {main}() /home/pweb/development/prjs/websites/puglieseweb.com/beta/pages/webdev/stylesheets.php:0
[11-Nov-2011 03:30:12] PHP Parse error:  syntax error, unexpected '=' in /home/pweb/development/prjs/websites/puglieseweb.com/beta/includes/master-head.inc.php on line 27
[11-Nov-2011 03:30:12] PHP Stack trace:
[11-Nov-2011 03:30:12] PHP   1. {main}() /home/pweb/development/prjs/websites/puglieseweb.com/beta/pages/webdev/stylesheets.php:0
[11-Nov-2011 03:30:12] PHP Parse error:  syntax error, unexpected '=' in /home/pweb/development/prjs/websites/puglieseweb.com/beta/includes/master-head.inc.php on line 27
[11-Nov-2011 03:30:12] PHP Stack trace:
[11-Nov-2011 03:30:12] PHP   1. {main}() /home/pweb/development/prjs/websites/puglieseweb.com/beta/pages/webdev/stylesheets.php:0
[11-Nov-2011 03:30:12] PHP Parse error:  syntax error, unexpected '=' in /home/pweb/development/prjs/websites/puglieseweb.com/beta/includes/master-head.inc.php on line 27
[11-Nov-2011 03:30:12] PHP Stack trace:
[11-Nov-2011 03:30:12] PHP   1. {main}() /home/pweb/development/prjs/websites/puglieseweb.com/beta/pages/webdev/stylesheets.php:0
[11-Nov-2011 03:30:12] PHP Parse error:  syntax error, unexpected '=' in /home/pweb/development/prjs/websites/puglieseweb.com/beta/includes/master-head.inc.php on line 27
[11-Nov-2011 03:30:12] PHP Stack trace:
[11-Nov-2011 03:30:12] PHP   1. {main}() /home/pweb/development/prjs/websites/puglieseweb.com/beta/pages/webdev/stylesheets.php:0
[11-Nov-2011 03:30:13] PHP Parse error:  syntax error, unexpected '=' in /home/pweb/development/prjs/websites/puglieseweb.com/beta/includes/master-head.inc.php on line 27
[11-Nov-2011 03:30:13] PHP Stack trace:
[11-Nov-2011 03:30:13] PHP   1. {main}() /home/pweb/development/prjs/websites/puglieseweb.com/beta/pages/webdev/stylesheets.php:0
[11-Nov-2011 03:30:38] PHP Warning:  session_start(): open(/var/lib/php/session/sess_b4kaabfhdbdq628n70luhlnou0, O_RDWR) failed: Permission denied (13) in /home/pweb/development/prjs/websites/puglieseweb.com/beta/includes/master-head.inc.php on line 6
[11-Nov-2011 03:30:38] PHP Stack trace:
[11-Nov-2011 03:30:38] PHP   1. {main}() /home/pweb/development/prjs/websites/puglieseweb.com/beta/pages/webdev/stylesheets.php:0
[11-Nov-2011 03:30:38] PHP   2. include() /home/pweb/development/prjs/websites/puglieseweb.com/beta/pages/webdev/stylesheets.php:1
[11-Nov-2011 03:30:38] PHP   3. session_start() /home/pweb/development/prjs/websites/puglieseweb.com/beta/includes/master-head.inc.php:6
[11-Nov-2011 03:30:46] PHP Warning:  session_start(): open(/var/lib/php/session/sess_b4kaabfhdbdq628n70luhlnou0, O_RDWR) failed: Permission denied (13) in /home/pweb/development/prjs/websites/puglieseweb.com/beta/includes/master-head.inc.php on line 6
[11-Nov-2011 03:30:46] PHP Stack trace:
[11-Nov-2011 03:30:46] PHP   1. {main}() /home/pweb/development/prjs/websites/puglieseweb.com/beta/pages/webdev/stylesheets.php:0
[11-Nov-2011 03:30:46] PHP   2. include() /home/pweb/development/prjs/websites/puglieseweb.com/beta/pages/webdev/stylesheets.php:1
[11-Nov-2011 03:30:46] PHP   3. session_start() /home/pweb/development/prjs/websites/puglieseweb.com/beta/includes/master-head.inc.php:6
[11-Nov-2011 03:30:48] PHP Warning:  session_start(): open(/var/lib/php/session/sess_b4kaabfhdbdq628n70luhlnou0, O_RDWR) failed: Permission denied (13) in /home/pweb/development/prjs/websites/puglieseweb.com/beta/includes/master-head.inc.php on line 6
[11-Nov-2011 03:30:48] PHP Stack trace:
[11-Nov-2011 03:30:48] PHP   1. {main}() /home/pweb/development/prjs/websites/puglieseweb.com/beta/pages/webdev/stylesheets.php:0
[11-Nov-2011 03:30:48] PHP   2. include() /home/pweb/development/prjs/websites/puglieseweb.com/beta/pages/webdev/stylesheets.php:1
[11-Nov-2011 03:30:48] PHP   3. session_start() /home/pweb/development/prjs/websites/puglieseweb.com/beta/includes/master-head.inc.php:6
[11-Nov-2011 03:35:38] PHP Warning:  session_start(): open(/var/lib/php/session/sess_ivlk6vshlhdt2smfv2s0bv2br1, O_RDWR) failed: Permission denied (13) in /home/pweb/development/prjs/websites/puglieseweb.com/beta/includes/master-head.inc.php on line 6
[11-Nov-2011 03:35:38] PHP Stack trace:
[11-Nov-2011 03:35:38] PHP   1. {main}() /home/pweb/development/prjs/websites/puglieseweb.com/beta/pages/webdev/stylesheets.php:0
[11-Nov-2011 03:35:38] PHP   2. include() /home/pweb/development/prjs/websites/puglieseweb.com/beta/pages/webdev/stylesheets.php:1
[11-Nov-2011 03:35:38] PHP   3. session_start() /home/pweb/development/prjs/websites/puglieseweb.com/beta/includes/master-head.inc.php:6
[11-Nov-2011 03:56:54] PHP Warning:  session_start(): open(/var/lib/php/session/sess_ivlk6vshlhdt2smfv2s0bv2br1, O_RDWR) failed: Permission denied (13) in /home/pweb/development/prjs/websites/puglieseweb.com/beta/includes/master-head.inc.php on line 6
[11-Nov-2011 03:56:54] PHP Stack trace:
[11-Nov-2011 03:56:54] PHP   1. {main}() /home/pweb/development/prjs/websites/puglieseweb.com/beta/pages/webdev/stylesheets.php:0
[11-Nov-2011 03:56:54] PHP   2. include() /home/pweb/development/prjs/websites/puglieseweb.com/beta/pages/webdev/stylesheets.php:1
[11-Nov-2011 03:56:54] PHP   3. session_start() /home/pweb/development/prjs/websites/puglieseweb.com/beta/includes/master-head.inc.php:6
[11-Nov-2011 05:06:16] PHP Parse error:  syntax error, unexpected '.' in /home/pweb/development/prjs/websites/puglieseweb.com/beta/pages/webdev/stylesheets.php on line 16
