[01-Nov-2011 04:16:58] PHP Warning:  session_start(): open(/var/lib/php/session/sess_vi51elhi652b6f60ciuodc4iu4, O_RDWR) failed: Permission denied (13) in /home/pweb/development/prjs/websites/puglieseweb.com/beta/includes/master-head.inc.php on line 6
[01-Nov-2011 04:16:58] PHP Stack trace:
[01-Nov-2011 04:16:58] PHP   1. {main}() /home/pweb/development/prjs/websites/puglieseweb.com/beta/interview/java/java_just_questions.php:0
[01-Nov-2011 04:16:58] PHP   2. include() /home/pweb/development/prjs/websites/puglieseweb.com/beta/interview/java/java_just_questions.php:1
[01-Nov-2011 04:16:58] PHP   3. session_start() /home/pweb/development/prjs/websites/puglieseweb.com/beta/includes/master-head.inc.php:6
[01-Nov-2011 04:16:59] PHP Warning:  session_start(): open(/var/lib/php/session/sess_vi51elhi652b6f60ciuodc4iu4, O_RDWR) failed: Permission denied (13) in /home/pweb/development/prjs/websites/puglieseweb.com/beta/includes/master-head.inc.php on line 6
[01-Nov-2011 04:16:59] PHP Stack trace:
[01-Nov-2011 04:16:59] PHP   1. {main}() /home/pweb/development/prjs/websites/puglieseweb.com/beta/interview/java/java_definitions.php:0
[01-Nov-2011 04:16:59] PHP   2. include() /home/pweb/development/prjs/websites/puglieseweb.com/beta/interview/java/java_definitions.php:1
[01-Nov-2011 04:16:59] PHP   3. session_start() /home/pweb/development/prjs/websites/puglieseweb.com/beta/includes/master-head.inc.php:6
[07-Nov-2011 01:31:57] PHP Warning:  session_start(): open(/var/lib/php/session/sess_edm57uig1jrdkkf5n88o3f0q00, O_RDWR) failed: Permission denied (13) in /home/pweb/development/prjs/websites/puglieseweb.com/beta/includes/master-head.inc.php on line 6
[07-Nov-2011 01:31:57] PHP Stack trace:
[07-Nov-2011 01:31:57] PHP   1. {main}() /home/pweb/development/prjs/websites/puglieseweb.com/beta/pages/interview/java/java_just_questions.php:0
[07-Nov-2011 01:31:57] PHP   2. include() /home/pweb/development/prjs/websites/puglieseweb.com/beta/pages/interview/java/java_just_questions.php:1
[07-Nov-2011 01:31:57] PHP   3. session_start() /home/pweb/development/prjs/websites/puglieseweb.com/beta/includes/master-head.inc.php:6
[07-Nov-2011 01:31:58] PHP Warning:  session_start(): open(/var/lib/php/session/sess_edm57uig1jrdkkf5n88o3f0q00, O_RDWR) failed: Permission denied (13) in /home/pweb/development/prjs/websites/puglieseweb.com/beta/includes/master-head.inc.php on line 6
[07-Nov-2011 01:31:58] PHP Stack trace:
[07-Nov-2011 01:31:58] PHP   1. {main}() /home/pweb/development/prjs/websites/puglieseweb.com/beta/pages/interview/java/java_definitions.php:0
[07-Nov-2011 01:31:58] PHP   2. include() /home/pweb/development/prjs/websites/puglieseweb.com/beta/pages/interview/java/java_definitions.php:1
[07-Nov-2011 01:31:58] PHP   3. session_start() /home/pweb/development/prjs/websites/puglieseweb.com/beta/includes/master-head.inc.php:6
[09-Nov-2011 12:18:48] PHP Warning:  session_start(): open(/var/lib/php/session/sess_jp34p7s2iivnhs0aeq4ba7n4p5, O_RDWR) failed: Permission denied (13) in /home/pweb/development/prjs/websites/puglieseweb.com/beta/includes/master-head.inc.php on line 6
[09-Nov-2011 12:18:49] PHP Stack trace:
[09-Nov-2011 12:18:49] PHP   1. {main}() /home/pweb/development/prjs/websites/puglieseweb.com/beta/pages/interview/java/java_just_questions.php:0
[09-Nov-2011 12:18:49] PHP   2. include() /home/pweb/development/prjs/websites/puglieseweb.com/beta/pages/interview/java/java_just_questions.php:1
[09-Nov-2011 12:18:49] PHP   3. session_start() /home/pweb/development/prjs/websites/puglieseweb.com/beta/includes/master-head.inc.php:6
