[25-Oct-2011 12:09:40] PHP Warning:  session_start(): open(/var/lib/php/session/sess_ltq793defg8jfi1n4uup8okkq2, O_RDWR) failed: Permission denied (13) in /home/pweb/development/prjs/websites/puglieseweb.com/beta/includes/master-head.inc.php on line 6
[25-Oct-2011 12:10:25] PHP Warning:  session_start(): open(/var/lib/php/session/sess_ltq793defg8jfi1n4uup8okkq2, O_RDWR) failed: Permission denied (13) in /home/pweb/development/prjs/websites/puglieseweb.com/beta/includes/master-head.inc.php on line 6
[25-Oct-2011 12:11:52] PHP Warning:  session_start(): open(/var/lib/php/session/sess_ltq793defg8jfi1n4uup8okkq2, O_RDWR) failed: Permission denied (13) in /home/pweb/development/prjs/websites/puglieseweb.com/beta/includes/master-head.inc.php on line 6
[25-Oct-2011 12:12:42] PHP Warning:  session_start(): open(/var/lib/php/session/sess_ltq793defg8jfi1n4uup8okkq2, O_RDWR) failed: Permission denied (13) in /home/pweb/development/prjs/websites/puglieseweb.com/beta/includes/master-head.inc.php on line 6
[25-Oct-2011 12:12:44] PHP Warning:  session_start(): open(/var/lib/php/session/sess_ltq793defg8jfi1n4uup8okkq2, O_RDWR) failed: Permission denied (13) in /home/pweb/development/prjs/websites/puglieseweb.com/beta/includes/master-head.inc.php on line 6
[25-Oct-2011 12:13:41] PHP Warning:  session_start(): open(/var/lib/php/session/sess_ltq793defg8jfi1n4uup8okkq2, O_RDWR) failed: Permission denied (13) in /home/pweb/development/prjs/websites/puglieseweb.com/beta/includes/master-head.inc.php on line 6
[25-Oct-2011 12:16:57] PHP Warning:  session_start(): open(/var/lib/php/session/sess_ltq793defg8jfi1n4uup8okkq2, O_RDWR) failed: Permission denied (13) in /home/pweb/development/prjs/websites/puglieseweb.com/beta/includes/master-head.inc.php on line 6
[25-Oct-2011 12:17:15] PHP Warning:  session_start(): open(/var/lib/php/session/sess_ltq793defg8jfi1n4uup8okkq2, O_RDWR) failed: Permission denied (13) in /home/pweb/development/prjs/websites/puglieseweb.com/beta/includes/master-head.inc.php on line 6
[25-Oct-2011 12:17:35] PHP Warning:  session_start(): open(/var/lib/php/session/sess_ltq793defg8jfi1n4uup8okkq2, O_RDWR) failed: Permission denied (13) in /home/pweb/development/prjs/websites/puglieseweb.com/beta/includes/master-head.inc.php on line 6
[25-Oct-2011 12:17:55] PHP Warning:  session_start(): open(/var/lib/php/session/sess_ltq793defg8jfi1n4uup8okkq2, O_RDWR) failed: Permission denied (13) in /home/pweb/development/prjs/websites/puglieseweb.com/beta/includes/master-head.inc.php on line 6
[25-Oct-2011 12:18:51] PHP Warning:  session_start(): open(/var/lib/php/session/sess_ltq793defg8jfi1n4uup8okkq2, O_RDWR) failed: Permission denied (13) in /home/pweb/development/prjs/websites/puglieseweb.com/beta/includes/master-head.inc.php on line 6
[25-Oct-2011 12:18:56] PHP Warning:  session_start(): open(/var/lib/php/session/sess_ltq793defg8jfi1n4uup8okkq2, O_RDWR) failed: Permission denied (13) in /home/pweb/development/prjs/websites/puglieseweb.com/beta/includes/master-head.inc.php on line 6
[25-Oct-2011 12:19:49] PHP Warning:  session_start(): open(/var/lib/php/session/sess_ltq793defg8jfi1n4uup8okkq2, O_RDWR) failed: Permission denied (13) in /home/pweb/development/prjs/websites/puglieseweb.com/beta/includes/master-head.inc.php on line 6
[25-Oct-2011 12:21:09] PHP Warning:  session_start(): open(/var/lib/php/session/sess_ltq793defg8jfi1n4uup8okkq2, O_RDWR) failed: Permission denied (13) in /home/pweb/development/prjs/websites/puglieseweb.com/beta/includes/master-head.inc.php on line 6
[25-Oct-2011 12:21:39] PHP Warning:  session_start(): open(/var/lib/php/session/sess_ltq793defg8jfi1n4uup8okkq2, O_RDWR) failed: Permission denied (13) in /home/pweb/development/prjs/websites/puglieseweb.com/beta/includes/master-head.inc.php on line 6
[25-Oct-2011 12:22:34] PHP Warning:  session_start(): open(/var/lib/php/session/sess_ltq793defg8jfi1n4uup8okkq2, O_RDWR) failed: Permission denied (13) in /home/pweb/development/prjs/websites/puglieseweb.com/beta/includes/master-head.inc.php on line 6
[25-Oct-2011 12:22:36] PHP Warning:  session_start(): open(/var/lib/php/session/sess_ltq793defg8jfi1n4uup8okkq2, O_RDWR) failed: Permission denied (13) in /home/pweb/development/prjs/websites/puglieseweb.com/beta/includes/master-head.inc.php on line 6
[25-Oct-2011 12:22:50] PHP Warning:  session_start(): open(/var/lib/php/session/sess_ltq793defg8jfi1n4uup8okkq2, O_RDWR) failed: Permission denied (13) in /home/pweb/development/prjs/websites/puglieseweb.com/beta/includes/master-head.inc.php on line 6
[25-Oct-2011 12:23:26] PHP Warning:  session_start(): open(/var/lib/php/session/sess_ltq793defg8jfi1n4uup8okkq2, O_RDWR) failed: Permission denied (13) in /home/pweb/development/prjs/websites/puglieseweb.com/beta/includes/master-head.inc.php on line 6
[25-Oct-2011 12:23:27] PHP Warning:  session_start(): open(/var/lib/php/session/sess_ltq793defg8jfi1n4uup8okkq2, O_RDWR) failed: Permission denied (13) in /home/pweb/development/prjs/websites/puglieseweb.com/beta/includes/master-head.inc.php on line 6
[25-Oct-2011 12:25:34] PHP Warning:  session_start(): open(/var/lib/php/session/sess_ltq793defg8jfi1n4uup8okkq2, O_RDWR) failed: Permission denied (13) in /home/pweb/development/prjs/websites/puglieseweb.com/beta/includes/master-head.inc.php on line 6
[25-Oct-2011 12:26:03] PHP Warning:  session_start(): open(/var/lib/php/session/sess_ltq793defg8jfi1n4uup8okkq2, O_RDWR) failed: Permission denied (13) in /home/pweb/development/prjs/websites/puglieseweb.com/beta/includes/master-head.inc.php on line 6
[25-Oct-2011 12:26:08] PHP Warning:  session_start(): open(/var/lib/php/session/sess_ltq793defg8jfi1n4uup8okkq2, O_RDWR) failed: Permission denied (13) in /home/pweb/development/prjs/websites/puglieseweb.com/beta/includes/master-head.inc.php on line 6
[25-Oct-2011 12:27:10] PHP Warning:  session_start(): open(/var/lib/php/session/sess_ltq793defg8jfi1n4uup8okkq2, O_RDWR) failed: Permission denied (13) in /home/pweb/development/prjs/websites/puglieseweb.com/beta/includes/master-head.inc.php on line 6
[25-Oct-2011 12:27:34] PHP Warning:  session_start(): open(/var/lib/php/session/sess_ltq793defg8jfi1n4uup8okkq2, O_RDWR) failed: Permission denied (13) in /home/pweb/development/prjs/websites/puglieseweb.com/beta/includes/master-head.inc.php on line 6
[25-Oct-2011 12:29:52] PHP Warning:  session_start(): open(/var/lib/php/session/sess_ltq793defg8jfi1n4uup8okkq2, O_RDWR) failed: Permission denied (13) in /home/pweb/development/prjs/websites/puglieseweb.com/beta/includes/master-head.inc.php on line 6
[25-Oct-2011 12:32:39] PHP Warning:  session_start(): open(/var/lib/php/session/sess_ltq793defg8jfi1n4uup8okkq2, O_RDWR) failed: Permission denied (13) in /home/pweb/development/prjs/websites/puglieseweb.com/beta/includes/master-head.inc.php on line 6
[25-Oct-2011 12:33:35] PHP Warning:  session_start(): open(/var/lib/php/session/sess_ltq793defg8jfi1n4uup8okkq2, O_RDWR) failed: Permission denied (13) in /home/pweb/development/prjs/websites/puglieseweb.com/beta/includes/master-head.inc.php on line 6
[25-Oct-2011 12:37:21] PHP Warning:  session_start(): open(/var/lib/php/session/sess_ltq793defg8jfi1n4uup8okkq2, O_RDWR) failed: Permission denied (13) in /home/pweb/development/prjs/websites/puglieseweb.com/beta/includes/master-head.inc.php on line 6
[25-Oct-2011 12:37:55] PHP Warning:  session_start(): open(/var/lib/php/session/sess_ltq793defg8jfi1n4uup8okkq2, O_RDWR) failed: Permission denied (13) in /home/pweb/development/prjs/websites/puglieseweb.com/beta/includes/master-head.inc.php on line 6
[25-Oct-2011 12:38:15] PHP Warning:  session_start(): open(/var/lib/php/session/sess_ltq793defg8jfi1n4uup8okkq2, O_RDWR) failed: Permission denied (13) in /home/pweb/development/prjs/websites/puglieseweb.com/beta/includes/master-head.inc.php on line 6
[25-Oct-2011 12:38:59] PHP Warning:  session_start(): open(/var/lib/php/session/sess_ltq793defg8jfi1n4uup8okkq2, O_RDWR) failed: Permission denied (13) in /home/pweb/development/prjs/websites/puglieseweb.com/beta/includes/master-head.inc.php on line 6
[25-Oct-2011 12:39:09] PHP Warning:  session_start(): open(/var/lib/php/session/sess_ltq793defg8jfi1n4uup8okkq2, O_RDWR) failed: Permission denied (13) in /home/pweb/development/prjs/websites/puglieseweb.com/beta/includes/master-head.inc.php on line 6
[25-Oct-2011 12:39:44] PHP Warning:  session_start(): open(/var/lib/php/session/sess_ltq793defg8jfi1n4uup8okkq2, O_RDWR) failed: Permission denied (13) in /home/pweb/development/prjs/websites/puglieseweb.com/beta/includes/master-head.inc.php on line 6
[25-Oct-2011 12:39:55] PHP Warning:  session_start(): open(/var/lib/php/session/sess_ltq793defg8jfi1n4uup8okkq2, O_RDWR) failed: Permission denied (13) in /home/pweb/development/prjs/websites/puglieseweb.com/beta/includes/master-head.inc.php on line 6
[25-Oct-2011 12:40:17] PHP Warning:  session_start(): open(/var/lib/php/session/sess_ltq793defg8jfi1n4uup8okkq2, O_RDWR) failed: Permission denied (13) in /home/pweb/development/prjs/websites/puglieseweb.com/beta/includes/master-head.inc.php on line 6
[25-Oct-2011 12:40:52] PHP Warning:  session_start(): open(/var/lib/php/session/sess_ltq793defg8jfi1n4uup8okkq2, O_RDWR) failed: Permission denied (13) in /home/pweb/development/prjs/websites/puglieseweb.com/beta/includes/master-head.inc.php on line 6
[25-Oct-2011 12:41:27] PHP Warning:  session_start(): open(/var/lib/php/session/sess_ltq793defg8jfi1n4uup8okkq2, O_RDWR) failed: Permission denied (13) in /home/pweb/development/prjs/websites/puglieseweb.com/beta/includes/master-head.inc.php on line 6
[25-Oct-2011 12:41:41] PHP Warning:  session_start(): open(/var/lib/php/session/sess_ltq793defg8jfi1n4uup8okkq2, O_RDWR) failed: Permission denied (13) in /home/pweb/development/prjs/websites/puglieseweb.com/beta/includes/master-head.inc.php on line 6
[25-Oct-2011 13:12:03] PHP Warning:  session_start(): open(/var/lib/php/session/sess_ltq793defg8jfi1n4uup8okkq2, O_RDWR) failed: Permission denied (13) in /home/pweb/development/prjs/websites/puglieseweb.com/beta/includes/master-head.inc.php on line 6
[25-Oct-2011 13:27:19] PHP Warning:  session_start(): open(/var/lib/php/session/sess_ltq793defg8jfi1n4uup8okkq2, O_RDWR) failed: Permission denied (13) in /home/pweb/development/prjs/websites/puglieseweb.com/beta/includes/master-head.inc.php on line 6
[25-Oct-2011 13:36:16] PHP Warning:  session_start(): open(/var/lib/php/session/sess_ltq793defg8jfi1n4uup8okkq2, O_RDWR) failed: Permission denied (13) in /home/pweb/development/prjs/websites/puglieseweb.com/beta/includes/master-head.inc.php on line 6
[25-Oct-2011 13:36:51] PHP Warning:  session_start(): open(/var/lib/php/session/sess_ltq793defg8jfi1n4uup8okkq2, O_RDWR) failed: Permission denied (13) in /home/pweb/development/prjs/websites/puglieseweb.com/beta/includes/master-head.inc.php on line 6
[25-Oct-2011 13:36:53] PHP Warning:  session_start(): open(/var/lib/php/session/sess_ltq793defg8jfi1n4uup8okkq2, O_RDWR) failed: Permission denied (13) in /home/pweb/development/prjs/websites/puglieseweb.com/beta/includes/master-head.inc.php on line 6
[25-Oct-2011 13:37:00] PHP Warning:  session_start(): open(/var/lib/php/session/sess_ltq793defg8jfi1n4uup8okkq2, O_RDWR) failed: Permission denied (13) in /home/pweb/development/prjs/websites/puglieseweb.com/beta/includes/master-head.inc.php on line 6
[25-Oct-2011 13:38:06] PHP Warning:  session_start(): open(/var/lib/php/session/sess_ltq793defg8jfi1n4uup8okkq2, O_RDWR) failed: Permission denied (13) in /home/pweb/development/prjs/websites/puglieseweb.com/beta/includes/master-head.inc.php on line 6
[25-Oct-2011 13:39:25] PHP Warning:  session_start(): open(/var/lib/php/session/sess_ltq793defg8jfi1n4uup8okkq2, O_RDWR) failed: Permission denied (13) in /home/pweb/development/prjs/websites/puglieseweb.com/beta/includes/master-head.inc.php on line 6
[25-Oct-2011 13:40:30] PHP Warning:  session_start(): open(/var/lib/php/session/sess_ltq793defg8jfi1n4uup8okkq2, O_RDWR) failed: Permission denied (13) in /home/pweb/development/prjs/websites/puglieseweb.com/beta/includes/master-head.inc.php on line 6
[25-Oct-2011 13:44:17] PHP Warning:  session_start(): open(/var/lib/php/session/sess_ltq793defg8jfi1n4uup8okkq2, O_RDWR) failed: Permission denied (13) in /home/pweb/development/prjs/websites/puglieseweb.com/beta/includes/master-head.inc.php on line 6
[25-Oct-2011 15:04:30] PHP Warning:  session_start(): open(/var/lib/php/session/sess_ltq793defg8jfi1n4uup8okkq2, O_RDWR) failed: Permission denied (13) in /home/pweb/development/prjs/websites/puglieseweb.com/beta/includes/master-head.inc.php on line 6
[25-Oct-2011 15:06:01] PHP Warning:  session_start(): open(/var/lib/php/session/sess_ltq793defg8jfi1n4uup8okkq2, O_RDWR) failed: Permission denied (13) in /home/pweb/development/prjs/websites/puglieseweb.com/beta/includes/master-head.inc.php on line 6
[25-Oct-2011 15:20:15] PHP Warning:  session_start(): open(/var/lib/php/session/sess_ltq793defg8jfi1n4uup8okkq2, O_RDWR) failed: Permission denied (13) in /home/pweb/development/prjs/websites/puglieseweb.com/beta/includes/master-head.inc.php on line 6
[25-Oct-2011 15:24:53] PHP Warning:  session_start(): open(/var/lib/php/session/sess_ltq793defg8jfi1n4uup8okkq2, O_RDWR) failed: Permission denied (13) in /home/pweb/development/prjs/websites/puglieseweb.com/beta/includes/master-head.inc.php on line 6
[25-Oct-2011 15:29:18] PHP Warning:  session_start(): open(/var/lib/php/session/sess_ltq793defg8jfi1n4uup8okkq2, O_RDWR) failed: Permission denied (13) in /home/pweb/development/prjs/websites/puglieseweb.com/beta/includes/master-head.inc.php on line 6
[25-Oct-2011 15:29:25] PHP Warning:  session_start(): open(/var/lib/php/session/sess_ltq793defg8jfi1n4uup8okkq2, O_RDWR) failed: Permission denied (13) in /home/pweb/development/prjs/websites/puglieseweb.com/beta/includes/master-head.inc.php on line 6
[25-Oct-2011 15:32:15] PHP Warning:  session_start(): open(/var/lib/php/session/sess_ltq793defg8jfi1n4uup8okkq2, O_RDWR) failed: Permission denied (13) in /home/pweb/development/prjs/websites/puglieseweb.com/beta/includes/master-head.inc.php on line 6
[25-Oct-2011 15:40:38] PHP Warning:  session_start(): open(/var/lib/php/session/sess_ltq793defg8jfi1n4uup8okkq2, O_RDWR) failed: Permission denied (13) in /home/pweb/development/prjs/websites/puglieseweb.com/beta/includes/master-head.inc.php on line 6
[25-Oct-2011 15:40:59] PHP Warning:  session_start(): open(/var/lib/php/session/sess_ltq793defg8jfi1n4uup8okkq2, O_RDWR) failed: Permission denied (13) in /home/pweb/development/prjs/websites/puglieseweb.com/beta/includes/master-head.inc.php on line 6
[25-Oct-2011 15:46:24] PHP Warning:  session_start(): open(/var/lib/php/session/sess_ltq793defg8jfi1n4uup8okkq2, O_RDWR) failed: Permission denied (13) in /home/pweb/development/prjs/websites/puglieseweb.com/beta/includes/master-head.inc.php on line 6
[25-Oct-2011 15:50:23] PHP Warning:  session_start(): open(/var/lib/php/session/sess_ltq793defg8jfi1n4uup8okkq2, O_RDWR) failed: Permission denied (13) in /home/pweb/development/prjs/websites/puglieseweb.com/beta/includes/master-head.inc.php on line 6
[25-Oct-2011 15:56:50] PHP Warning:  session_start(): open(/var/lib/php/session/sess_ltq793defg8jfi1n4uup8okkq2, O_RDWR) failed: Permission denied (13) in /home/pweb/development/prjs/websites/puglieseweb.com/beta/includes/master-head.inc.php on line 6
[25-Oct-2011 15:57:18] PHP Warning:  session_start(): open(/var/lib/php/session/sess_ltq793defg8jfi1n4uup8okkq2, O_RDWR) failed: Permission denied (13) in /home/pweb/development/prjs/websites/puglieseweb.com/beta/includes/master-head.inc.php on line 6
[25-Oct-2011 16:02:10] PHP Warning:  session_start(): open(/var/lib/php/session/sess_ltq793defg8jfi1n4uup8okkq2, O_RDWR) failed: Permission denied (13) in /home/pweb/development/prjs/websites/puglieseweb.com/beta/includes/master-head.inc.php on line 6
[25-Oct-2011 16:02:14] PHP Warning:  session_start(): open(/var/lib/php/session/sess_ltq793defg8jfi1n4uup8okkq2, O_RDWR) failed: Permission denied (13) in /home/pweb/development/prjs/websites/puglieseweb.com/beta/includes/master-head.inc.php on line 6
[25-Oct-2011 17:21:21] PHP Warning:  session_start(): open(/var/lib/php/session/sess_ltq793defg8jfi1n4uup8okkq2, O_RDWR) failed: Permission denied (13) in /home/pweb/development/prjs/websites/puglieseweb.com/beta/includes/master-head.inc.php on line 6
[25-Oct-2011 17:21:46] PHP Warning:  session_start(): open(/var/lib/php/session/sess_ltq793defg8jfi1n4uup8okkq2, O_RDWR) failed: Permission denied (13) in /home/pweb/development/prjs/websites/puglieseweb.com/beta/includes/master-head.inc.php on line 6
[25-Oct-2011 17:21:48] PHP Warning:  session_start(): open(/var/lib/php/session/sess_ltq793defg8jfi1n4uup8okkq2, O_RDWR) failed: Permission denied (13) in /home/pweb/development/prjs/websites/puglieseweb.com/beta/includes/master-head.inc.php on line 6
[25-Oct-2011 17:51:51] PHP Warning:  session_start(): open(/var/lib/php/session/sess_ltq793defg8jfi1n4uup8okkq2, O_RDWR) failed: Permission denied (13) in /home/pweb/development/prjs/websites/puglieseweb.com/beta/includes/master-head.inc.php on line 6
[25-Oct-2011 18:09:08] PHP Warning:  session_start(): open(/var/lib/php/session/sess_ltq793defg8jfi1n4uup8okkq2, O_RDWR) failed: Permission denied (13) in /home/pweb/development/prjs/websites/puglieseweb.com/beta/includes/master-head.inc.php on line 6
[25-Oct-2011 18:09:18] PHP Warning:  session_start(): open(/var/lib/php/session/sess_ltq793defg8jfi1n4uup8okkq2, O_RDWR) failed: Permission denied (13) in /home/pweb/development/prjs/websites/puglieseweb.com/beta/includes/master-head.inc.php on line 6
[25-Oct-2011 18:35:09] PHP Warning:  session_start(): open(/var/lib/php/session/sess_ltq793defg8jfi1n4uup8okkq2, O_RDWR) failed: Permission denied (13) in /home/pweb/development/prjs/websites/puglieseweb.com/beta/includes/master-head.inc.php on line 6
[25-Oct-2011 18:38:51] PHP Warning:  session_start(): open(/var/lib/php/session/sess_ltq793defg8jfi1n4uup8okkq2, O_RDWR) failed: Permission denied (13) in /home/pweb/development/prjs/websites/puglieseweb.com/beta/includes/master-head.inc.php on line 6
[25-Oct-2011 19:42:40] PHP Warning:  session_start(): open(/var/lib/php/session/sess_ltq793defg8jfi1n4uup8okkq2, O_RDWR) failed: Permission denied (13) in /home/pweb/development/prjs/websites/puglieseweb.com/beta/includes/master-head.inc.php on line 6
[25-Oct-2011 19:44:13] PHP Warning:  session_start(): open(/var/lib/php/session/sess_ltq793defg8jfi1n4uup8okkq2, O_RDWR) failed: Permission denied (13) in /home/pweb/development/prjs/websites/puglieseweb.com/beta/includes/master-head.inc.php on line 6
[25-Oct-2011 19:46:32] PHP Warning:  session_start(): open(/var/lib/php/session/sess_ltq793defg8jfi1n4uup8okkq2, O_RDWR) failed: Permission denied (13) in /home/pweb/development/prjs/websites/puglieseweb.com/beta/includes/master-head.inc.php on line 6
[25-Oct-2011 20:04:56] PHP Warning:  session_start(): open(/var/lib/php/session/sess_ltq793defg8jfi1n4uup8okkq2, O_RDWR) failed: Permission denied (13) in /home/pweb/development/prjs/websites/puglieseweb.com/beta/includes/master-head.inc.php on line 6
[25-Oct-2011 20:11:43] PHP Warning:  session_start(): open(/var/lib/php/session/sess_ltq793defg8jfi1n4uup8okkq2, O_RDWR) failed: Permission denied (13) in /home/pweb/development/prjs/websites/puglieseweb.com/beta/includes/master-head.inc.php on line 6
[25-Oct-2011 20:12:54] PHP Warning:  session_start(): open(/var/lib/php/session/sess_ltq793defg8jfi1n4uup8okkq2, O_RDWR) failed: Permission denied (13) in /home/pweb/development/prjs/websites/puglieseweb.com/beta/includes/master-head.inc.php on line 6
[25-Oct-2011 20:17:44] PHP Warning:  session_start(): open(/var/lib/php/session/sess_ltq793defg8jfi1n4uup8okkq2, O_RDWR) failed: Permission denied (13) in /home/pweb/development/prjs/websites/puglieseweb.com/beta/includes/master-head.inc.php on line 6
[25-Oct-2011 20:23:55] PHP Warning:  session_start(): open(/var/lib/php/session/sess_ltq793defg8jfi1n4uup8okkq2, O_RDWR) failed: Permission denied (13) in /home/pweb/development/prjs/websites/puglieseweb.com/beta/includes/master-head.inc.php on line 6
[25-Oct-2011 20:24:54] PHP Warning:  session_start(): open(/var/lib/php/session/sess_ltq793defg8jfi1n4uup8okkq2, O_RDWR) failed: Permission denied (13) in /home/pweb/development/prjs/websites/puglieseweb.com/beta/includes/master-head.inc.php on line 6
[25-Oct-2011 20:33:00] PHP Warning:  session_start(): open(/var/lib/php/session/sess_ltq793defg8jfi1n4uup8okkq2, O_RDWR) failed: Permission denied (13) in /home/pweb/development/prjs/websites/puglieseweb.com/beta/includes/master-head.inc.php on line 6
[25-Oct-2011 20:38:21] PHP Warning:  session_start(): open(/var/lib/php/session/sess_ltq793defg8jfi1n4uup8okkq2, O_RDWR) failed: Permission denied (13) in /home/pweb/development/prjs/websites/puglieseweb.com/beta/includes/master-head.inc.php on line 6
[25-Oct-2011 20:46:51] PHP Warning:  session_start(): open(/var/lib/php/session/sess_ltq793defg8jfi1n4uup8okkq2, O_RDWR) failed: Permission denied (13) in /home/pweb/development/prjs/websites/puglieseweb.com/beta/includes/master-head.inc.php on line 6
[25-Oct-2011 21:47:17] PHP Warning:  session_start(): open(/var/lib/php/session/sess_ltq793defg8jfi1n4uup8okkq2, O_RDWR) failed: Permission denied (13) in /home/pweb/development/prjs/websites/puglieseweb.com/beta/includes/master-head.inc.php on line 6
[25-Oct-2011 21:48:39] PHP Warning:  session_start(): open(/var/lib/php/session/sess_ltq793defg8jfi1n4uup8okkq2, O_RDWR) failed: Permission denied (13) in /home/pweb/development/prjs/websites/puglieseweb.com/beta/includes/master-head.inc.php on line 6
[25-Oct-2011 21:50:05] PHP Warning:  session_start(): open(/var/lib/php/session/sess_ltq793defg8jfi1n4uup8okkq2, O_RDWR) failed: Permission denied (13) in /home/pweb/development/prjs/websites/puglieseweb.com/beta/includes/master-head.inc.php on line 6
[25-Oct-2011 21:56:13] PHP Warning:  session_start(): open(/var/lib/php/session/sess_ltq793defg8jfi1n4uup8okkq2, O_RDWR) failed: Permission denied (13) in /home/pweb/development/prjs/websites/puglieseweb.com/beta/includes/master-head.inc.php on line 6
[25-Oct-2011 22:01:25] PHP Warning:  session_start(): open(/var/lib/php/session/sess_ltq793defg8jfi1n4uup8okkq2, O_RDWR) failed: Permission denied (13) in /home/pweb/development/prjs/websites/puglieseweb.com/beta/includes/master-head.inc.php on line 6
[25-Oct-2011 22:19:31] PHP Warning:  session_start(): open(/var/lib/php/session/sess_ltq793defg8jfi1n4uup8okkq2, O_RDWR) failed: Permission denied (13) in /home/pweb/development/prjs/websites/puglieseweb.com/beta/includes/master-head.inc.php on line 6
[25-Oct-2011 22:20:10] PHP Warning:  session_start(): open(/var/lib/php/session/sess_ltq793defg8jfi1n4uup8okkq2, O_RDWR) failed: Permission denied (13) in /home/pweb/development/prjs/websites/puglieseweb.com/beta/includes/master-head.inc.php on line 6
[25-Oct-2011 22:20:59] PHP Warning:  session_start(): open(/var/lib/php/session/sess_ltq793defg8jfi1n4uup8okkq2, O_RDWR) failed: Permission denied (13) in /home/pweb/development/prjs/websites/puglieseweb.com/beta/includes/master-head.inc.php on line 6
[25-Oct-2011 22:21:06] PHP Warning:  session_start(): open(/var/lib/php/session/sess_ltq793defg8jfi1n4uup8okkq2, O_RDWR) failed: Permission denied (13) in /home/pweb/development/prjs/websites/puglieseweb.com/beta/includes/master-head.inc.php on line 6
[25-Oct-2011 22:21:36] PHP Warning:  session_start(): open(/var/lib/php/session/sess_ltq793defg8jfi1n4uup8okkq2, O_RDWR) failed: Permission denied (13) in /home/pweb/development/prjs/websites/puglieseweb.com/beta/includes/master-head.inc.php on line 6
[25-Oct-2011 22:21:43] PHP Warning:  session_start(): open(/var/lib/php/session/sess_ltq793defg8jfi1n4uup8okkq2, O_RDWR) failed: Permission denied (13) in /home/pweb/development/prjs/websites/puglieseweb.com/beta/includes/master-head.inc.php on line 6
[25-Oct-2011 22:27:47] PHP Warning:  session_start(): open(/var/lib/php/session/sess_ltq793defg8jfi1n4uup8okkq2, O_RDWR) failed: Permission denied (13) in /home/pweb/development/prjs/websites/puglieseweb.com/beta/includes/master-head.inc.php on line 6
[25-Oct-2011 22:28:21] PHP Warning:  session_start(): open(/var/lib/php/session/sess_ltq793defg8jfi1n4uup8okkq2, O_RDWR) failed: Permission denied (13) in /home/pweb/development/prjs/websites/puglieseweb.com/beta/includes/master-head.inc.php on line 6
[25-Oct-2011 22:28:34] PHP Warning:  session_start(): open(/var/lib/php/session/sess_ltq793defg8jfi1n4uup8okkq2, O_RDWR) failed: Permission denied (13) in /home/pweb/development/prjs/websites/puglieseweb.com/beta/includes/master-head.inc.php on line 6
[25-Oct-2011 22:29:04] PHP Warning:  session_start(): open(/var/lib/php/session/sess_ltq793defg8jfi1n4uup8okkq2, O_RDWR) failed: Permission denied (13) in /home/pweb/development/prjs/websites/puglieseweb.com/beta/includes/master-head.inc.php on line 6
[25-Oct-2011 22:29:19] PHP Warning:  session_start(): open(/var/lib/php/session/sess_ltq793defg8jfi1n4uup8okkq2, O_RDWR) failed: Permission denied (13) in /home/pweb/development/prjs/websites/puglieseweb.com/beta/includes/master-head.inc.php on line 6
[25-Oct-2011 22:31:02] PHP Warning:  session_start(): open(/var/lib/php/session/sess_ltq793defg8jfi1n4uup8okkq2, O_RDWR) failed: Permission denied (13) in /home/pweb/development/prjs/websites/puglieseweb.com/beta/includes/master-head.inc.php on line 6
[25-Oct-2011 22:31:56] PHP Warning:  session_start(): open(/var/lib/php/session/sess_ltq793defg8jfi1n4uup8okkq2, O_RDWR) failed: Permission denied (13) in /home/pweb/development/prjs/websites/puglieseweb.com/beta/includes/master-head.inc.php on line 6
[25-Oct-2011 22:33:00] PHP Warning:  session_start(): open(/var/lib/php/session/sess_ltq793defg8jfi1n4uup8okkq2, O_RDWR) failed: Permission denied (13) in /home/pweb/development/prjs/websites/puglieseweb.com/beta/includes/master-head.inc.php on line 6
[25-Oct-2011 22:34:08] PHP Warning:  session_start(): open(/var/lib/php/session/sess_ltq793defg8jfi1n4uup8okkq2, O_RDWR) failed: Permission denied (13) in /home/pweb/development/prjs/websites/puglieseweb.com/beta/includes/master-head.inc.php on line 6
[25-Oct-2011 22:35:30] PHP Warning:  session_start(): open(/var/lib/php/session/sess_ltq793defg8jfi1n4uup8okkq2, O_RDWR) failed: Permission denied (13) in /home/pweb/development/prjs/websites/puglieseweb.com/beta/includes/master-head.inc.php on line 6
[25-Oct-2011 22:35:39] PHP Warning:  session_start(): open(/var/lib/php/session/sess_ltq793defg8jfi1n4uup8okkq2, O_RDWR) failed: Permission denied (13) in /home/pweb/development/prjs/websites/puglieseweb.com/beta/includes/master-head.inc.php on line 6
[25-Oct-2011 22:37:42] PHP Warning:  session_start(): open(/var/lib/php/session/sess_ltq793defg8jfi1n4uup8okkq2, O_RDWR) failed: Permission denied (13) in /home/pweb/development/prjs/websites/puglieseweb.com/beta/includes/master-head.inc.php on line 6
[25-Oct-2011 22:40:47] PHP Warning:  session_start(): open(/var/lib/php/session/sess_ltq793defg8jfi1n4uup8okkq2, O_RDWR) failed: Permission denied (13) in /home/pweb/development/prjs/websites/puglieseweb.com/beta/includes/master-head.inc.php on line 6
[25-Oct-2011 22:40:53] PHP Warning:  session_start(): open(/var/lib/php/session/sess_ltq793defg8jfi1n4uup8okkq2, O_RDWR) failed: Permission denied (13) in /home/pweb/development/prjs/websites/puglieseweb.com/beta/includes/master-head.inc.php on line 6
[25-Oct-2011 22:42:43] PHP Warning:  session_start(): open(/var/lib/php/session/sess_ltq793defg8jfi1n4uup8okkq2, O_RDWR) failed: Permission denied (13) in /home/pweb/development/prjs/websites/puglieseweb.com/beta/includes/master-head.inc.php on line 6
[25-Oct-2011 22:47:12] PHP Warning:  session_start(): open(/var/lib/php/session/sess_ltq793defg8jfi1n4uup8okkq2, O_RDWR) failed: Permission denied (13) in /home/pweb/development/prjs/websites/puglieseweb.com/beta/includes/master-head.inc.php on line 6
[25-Oct-2011 22:48:35] PHP Warning:  session_start(): open(/var/lib/php/session/sess_ltq793defg8jfi1n4uup8okkq2, O_RDWR) failed: Permission denied (13) in /home/pweb/development/prjs/websites/puglieseweb.com/beta/includes/master-head.inc.php on line 6
[25-Oct-2011 22:49:02] PHP Warning:  session_start(): open(/var/lib/php/session/sess_ltq793defg8jfi1n4uup8okkq2, O_RDWR) failed: Permission denied (13) in /home/pweb/development/prjs/websites/puglieseweb.com/beta/includes/master-head.inc.php on line 6
[25-Oct-2011 22:55:12] PHP Warning:  session_start(): open(/var/lib/php/session/sess_ltq793defg8jfi1n4uup8okkq2, O_RDWR) failed: Permission denied (13) in /home/pweb/development/prjs/websites/puglieseweb.com/beta/includes/master-head.inc.php on line 6
[25-Oct-2011 22:56:22] PHP Warning:  session_start(): open(/var/lib/php/session/sess_ltq793defg8jfi1n4uup8okkq2, O_RDWR) failed: Permission denied (13) in /home/pweb/development/prjs/websites/puglieseweb.com/beta/includes/master-head.inc.php on line 6
[25-Oct-2011 22:58:38] PHP Warning:  session_start(): open(/var/lib/php/session/sess_ltq793defg8jfi1n4uup8okkq2, O_RDWR) failed: Permission denied (13) in /home/pweb/development/prjs/websites/puglieseweb.com/beta/includes/master-head.inc.php on line 6
[25-Oct-2011 23:09:06] PHP Warning:  session_start(): open(/var/lib/php/session/sess_ltq793defg8jfi1n4uup8okkq2, O_RDWR) failed: Permission denied (13) in /home/pweb/development/prjs/websites/puglieseweb.com/beta/includes/master-head.inc.php on line 6
[28-Oct-2011 12:14:50] PHP Warning:  session_start(): open(/var/lib/php/session/sess_utmfb4mk0oitd16v7akl002ig5, O_RDWR) failed: Permission denied (13) in /home/pweb/development/prjs/websites/puglieseweb.com/beta/includes/master-head.inc.php on line 6
[28-Oct-2011 13:22:41] PHP Warning:  session_start(): open(/var/lib/php/session/sess_qmtt5ilt8lagh167uov02ha730, O_RDWR) failed: Permission denied (13) in /home/pweb/development/prjs/websites/puglieseweb.com/beta/includes/master-head.inc.php on line 6
[28-Oct-2011 13:23:37] PHP Warning:  session_start(): open(/var/lib/php/session/sess_qmtt5ilt8lagh167uov02ha730, O_RDWR) failed: Permission denied (13) in /home/pweb/development/prjs/websites/puglieseweb.com/beta/includes/master-head.inc.php on line 6
[28-Oct-2011 13:23:55] PHP Warning:  session_start(): open(/var/lib/php/session/sess_qmtt5ilt8lagh167uov02ha730, O_RDWR) failed: Permission denied (13) in /home/pweb/development/prjs/websites/puglieseweb.com/beta/includes/master-head.inc.php on line 6
[28-Oct-2011 13:24:03] PHP Warning:  session_start(): open(/var/lib/php/session/sess_qmtt5ilt8lagh167uov02ha730, O_RDWR) failed: Permission denied (13) in /home/pweb/development/prjs/websites/puglieseweb.com/beta/includes/master-head.inc.php on line 6
[28-Oct-2011 13:24:04] PHP Warning:  session_start(): open(/var/lib/php/session/sess_qmtt5ilt8lagh167uov02ha730, O_RDWR) failed: Permission denied (13) in /home/pweb/development/prjs/websites/puglieseweb.com/beta/includes/master-head.inc.php on line 6
[28-Oct-2011 13:24:26] PHP Warning:  session_start(): open(/var/lib/php/session/sess_qmtt5ilt8lagh167uov02ha730, O_RDWR) failed: Permission denied (13) in /home/pweb/development/prjs/websites/puglieseweb.com/beta/includes/master-head.inc.php on line 6
[01-Nov-2011 04:32:14] PHP Warning:  session_start(): open(/var/lib/php/session/sess_vi51elhi652b6f60ciuodc4iu4, O_RDWR) failed: Permission denied (13) in /home/pweb/development/prjs/websites/puglieseweb.com/beta/includes/master-head.inc.php on line 6
[01-Nov-2011 04:32:14] PHP Stack trace:
[01-Nov-2011 04:32:14] PHP   1. {main}() /home/pweb/development/prjs/websites/puglieseweb.com/beta/interview/all/q_others.php:0
[01-Nov-2011 04:32:14] PHP   2. include() /home/pweb/development/prjs/websites/puglieseweb.com/beta/interview/all/q_others.php:1
[01-Nov-2011 04:32:14] PHP   3. session_start() /home/pweb/development/prjs/websites/puglieseweb.com/beta/includes/master-head.inc.php:6
[01-Nov-2011 04:53:44] PHP Warning:  session_start(): open(/var/lib/php/session/sess_vi51elhi652b6f60ciuodc4iu4, O_RDWR) failed: Permission denied (13) in /home/pweb/development/prjs/websites/puglieseweb.com/beta/includes/master-head.inc.php on line 6
[01-Nov-2011 04:53:44] PHP Stack trace:
[01-Nov-2011 04:53:44] PHP   1. {main}() /home/pweb/development/prjs/websites/puglieseweb.com/beta/interview/all/luca_database.php:0
[01-Nov-2011 04:53:44] PHP   2. include() /home/pweb/development/prjs/websites/puglieseweb.com/beta/interview/all/luca_database.php:1
[01-Nov-2011 04:53:44] PHP   3. session_start() /home/pweb/development/prjs/websites/puglieseweb.com/beta/includes/master-head.inc.php:6
[01-Nov-2011 05:02:41] PHP Warning:  session_start(): open(/var/lib/php/session/sess_vi51elhi652b6f60ciuodc4iu4, O_RDWR) failed: Permission denied (13) in /home/pweb/development/prjs/websites/puglieseweb.com/beta/includes/master-head.inc.php on line 6
[01-Nov-2011 05:02:41] PHP Stack trace:
[01-Nov-2011 05:02:41] PHP   1. {main}() /home/pweb/development/prjs/websites/puglieseweb.com/beta/interview/all/luca_database.php:0
[01-Nov-2011 05:02:41] PHP   2. include() /home/pweb/development/prjs/websites/puglieseweb.com/beta/interview/all/luca_database.php:1
[01-Nov-2011 05:02:41] PHP   3. session_start() /home/pweb/development/prjs/websites/puglieseweb.com/beta/includes/master-head.inc.php:6
[07-Nov-2011 01:31:48] PHP Warning:  session_start(): open(/var/lib/php/session/sess_edm57uig1jrdkkf5n88o3f0q00, O_RDWR) failed: Permission denied (13) in /home/pweb/development/prjs/websites/puglieseweb.com/beta/includes/master-head.inc.php on line 6
[07-Nov-2011 01:31:48] PHP Stack trace:
[07-Nov-2011 01:31:48] PHP   1. {main}() /home/pweb/development/prjs/websites/puglieseweb.com/beta/pages/interview/all/luca_database.php:0
[07-Nov-2011 01:31:48] PHP   2. include() /home/pweb/development/prjs/websites/puglieseweb.com/beta/pages/interview/all/luca_database.php:1
[07-Nov-2011 01:31:48] PHP   3. session_start() /home/pweb/development/prjs/websites/puglieseweb.com/beta/includes/master-head.inc.php:6
[07-Nov-2011 01:31:49] PHP Warning:  session_start(): open(/var/lib/php/session/sess_edm57uig1jrdkkf5n88o3f0q00, O_RDWR) failed: Permission denied (13) in /home/pweb/development/prjs/websites/puglieseweb.com/beta/includes/master-head.inc.php on line 6
[07-Nov-2011 01:31:49] PHP Stack trace:
[07-Nov-2011 01:31:49] PHP   1. {main}() /home/pweb/development/prjs/websites/puglieseweb.com/beta/pages/interview/all/q_others.php:0
[07-Nov-2011 01:31:49] PHP   2. include() /home/pweb/development/prjs/websites/puglieseweb.com/beta/pages/interview/all/q_others.php:1
[07-Nov-2011 01:31:49] PHP   3. session_start() /home/pweb/development/prjs/websites/puglieseweb.com/beta/includes/master-head.inc.php:6
[07-Nov-2011 01:37:08] PHP Warning:  session_start(): open(/var/lib/php/session/sess_edm57uig1jrdkkf5n88o3f0q00, O_RDWR) failed: Permission denied (13) in /home/pweb/development/prjs/websites/puglieseweb.com/beta/includes/master-head.inc.php on line 6
[07-Nov-2011 01:37:08] PHP Stack trace:
[07-Nov-2011 01:37:08] PHP   1. {main}() /home/pweb/development/prjs/websites/puglieseweb.com/beta/pages/interview/all/useful_expressions.php:0
[07-Nov-2011 01:37:08] PHP   2. include() /home/pweb/development/prjs/websites/puglieseweb.com/beta/pages/interview/all/useful_expressions.php:1
[07-Nov-2011 01:37:08] PHP   3. session_start() /home/pweb/development/prjs/websites/puglieseweb.com/beta/includes/master-head.inc.php:6
[07-Nov-2011 01:37:08] PHP Warning:  include(../../includes/master-foot.inc.php): failed to open stream: No such file or directory in /home/pweb/development/prjs/websites/puglieseweb.com/beta/pages/interview/all/useful_expressions.php on line 18
[07-Nov-2011 01:37:08] PHP Stack trace:
[07-Nov-2011 01:37:08] PHP   1. {main}() /home/pweb/development/prjs/websites/puglieseweb.com/beta/pages/interview/all/useful_expressions.php:0
[07-Nov-2011 01:37:08] PHP Warning:  include(): Failed opening '../../includes/master-foot.inc.php' for inclusion (include_path='.:/usr/share/pear:/usr/share/php') in /home/pweb/development/prjs/websites/puglieseweb.com/beta/pages/interview/all/useful_expressions.php on line 18
[07-Nov-2011 01:37:08] PHP Stack trace:
[07-Nov-2011 01:37:08] PHP   1. {main}() /home/pweb/development/prjs/websites/puglieseweb.com/beta/pages/interview/all/useful_expressions.php:0
[07-Nov-2011 01:37:17] PHP Warning:  session_start(): open(/var/lib/php/session/sess_edm57uig1jrdkkf5n88o3f0q00, O_RDWR) failed: Permission denied (13) in /home/pweb/development/prjs/websites/puglieseweb.com/beta/includes/master-head.inc.php on line 6
[07-Nov-2011 01:37:17] PHP Stack trace:
[07-Nov-2011 01:37:17] PHP   1. {main}() /home/pweb/development/prjs/websites/puglieseweb.com/beta/pages/interview/all/useful_expressions.php:0
[07-Nov-2011 01:37:17] PHP   2. include() /home/pweb/development/prjs/websites/puglieseweb.com/beta/pages/interview/all/useful_expressions.php:1
[07-Nov-2011 01:37:17] PHP   3. session_start() /home/pweb/development/prjs/websites/puglieseweb.com/beta/includes/master-head.inc.php:6
