[06-Nov-2011 21:47:15] PHP Warning:  session_start(): open(/var/lib/php/session/sess_3d25ic7li88c7at6ta1b46l751, O_RDWR) failed: Permission denied (13) in /home/pweb/development/prjs/websites/puglieseweb.com/beta/includes/master-head.inc.php on line 6
[06-Nov-2011 21:47:15] PHP Stack trace:
[06-Nov-2011 21:47:15] PHP   1. {main}() /home/pweb/development/prjs/websites/puglieseweb.com/beta/pages/programming/java/jdbc/tomcat.php:0
[06-Nov-2011 21:47:15] PHP   2. include() /home/pweb/development/prjs/websites/puglieseweb.com/beta/pages/programming/java/jdbc/tomcat.php:1
[06-Nov-2011 21:47:15] PHP   3. session_start() /home/pweb/development/prjs/websites/puglieseweb.com/beta/includes/master-head.inc.php:6
[07-Nov-2011 01:39:39] PHP Warning:  session_start(): open(/var/lib/php/session/sess_edm57uig1jrdkkf5n88o3f0q00, O_RDWR) failed: Permission denied (13) in /home/pweb/development/prjs/websites/puglieseweb.com/beta/includes/master-head.inc.php on line 6
[07-Nov-2011 01:39:39] PHP Stack trace:
[07-Nov-2011 01:39:39] PHP   1. {main}() /home/pweb/development/prjs/websites/puglieseweb.com/beta/pages/programming/java/jdbc/tomcat.php:0
[07-Nov-2011 01:39:39] PHP   2. include() /home/pweb/development/prjs/websites/puglieseweb.com/beta/pages/programming/java/jdbc/tomcat.php:1
[07-Nov-2011 01:39:39] PHP   3. session_start() /home/pweb/development/prjs/websites/puglieseweb.com/beta/includes/master-head.inc.php:6
[09-Nov-2011 11:07:53] PHP Warning:  session_start(): open(/var/lib/php/session/sess_0bumltmrnofp25serqpqh2cf37, O_RDWR) failed: Permission denied (13) in /home/pweb/development/prjs/websites/puglieseweb.com/beta/includes/master-head.inc.php on line 6
[09-Nov-2011 11:07:53] PHP Stack trace:
[09-Nov-2011 11:07:53] PHP   1. {main}() /home/pweb/development/prjs/websites/puglieseweb.com/beta/pages/programming/java/jdbc/tomcat.php:0
[09-Nov-2011 11:07:53] PHP   2. include() /home/pweb/development/prjs/websites/puglieseweb.com/beta/pages/programming/java/jdbc/tomcat.php:1
[09-Nov-2011 11:07:53] PHP   3. session_start() /home/pweb/development/prjs/websites/puglieseweb.com/beta/includes/master-head.inc.php:6
[09-Nov-2011 11:08:18] PHP Warning:  session_start(): open(/var/lib/php/session/sess_0bumltmrnofp25serqpqh2cf37, O_RDWR) failed: Permission denied (13) in /home/pweb/development/prjs/websites/puglieseweb.com/beta/includes/master-head.inc.php on line 6
[09-Nov-2011 11:08:18] PHP Stack trace:
[09-Nov-2011 11:08:18] PHP   1. {main}() /home/pweb/development/prjs/websites/puglieseweb.com/beta/pages/programming/java/jdbc/tomcat.php:0
[09-Nov-2011 11:08:18] PHP   2. include() /home/pweb/development/prjs/websites/puglieseweb.com/beta/pages/programming/java/jdbc/tomcat.php:1
[09-Nov-2011 11:08:18] PHP   3. session_start() /home/pweb/development/prjs/websites/puglieseweb.com/beta/includes/master-head.inc.php:6
[09-Nov-2011 11:11:00] PHP Warning:  session_start(): open(/var/lib/php/session/sess_0bumltmrnofp25serqpqh2cf37, O_RDWR) failed: Permission denied (13) in /home/pweb/development/prjs/websites/puglieseweb.com/beta/includes/master-head.inc.php on line 6
[09-Nov-2011 11:11:00] PHP Stack trace:
[09-Nov-2011 11:11:00] PHP   1. {main}() /home/pweb/development/prjs/websites/puglieseweb.com/beta/pages/programming/java/jdbc/tomcat.php:0
[09-Nov-2011 11:11:00] PHP   2. include() /home/pweb/development/prjs/websites/puglieseweb.com/beta/pages/programming/java/jdbc/tomcat.php:1
[09-Nov-2011 11:11:00] PHP   3. session_start() /home/pweb/development/prjs/websites/puglieseweb.com/beta/includes/master-head.inc.php:6
[09-Nov-2011 11:12:33] PHP Warning:  session_start(): open(/var/lib/php/session/sess_0bumltmrnofp25serqpqh2cf37, O_RDWR) failed: Permission denied (13) in /home/pweb/development/prjs/websites/puglieseweb.com/beta/includes/master-head.inc.php on line 6
[09-Nov-2011 11:12:33] PHP Stack trace:
[09-Nov-2011 11:12:33] PHP   1. {main}() /home/pweb/development/prjs/websites/puglieseweb.com/beta/pages/programming/java/jdbc/tomcat.php:0
[09-Nov-2011 11:12:33] PHP   2. include() /home/pweb/development/prjs/websites/puglieseweb.com/beta/pages/programming/java/jdbc/tomcat.php:1
[09-Nov-2011 11:12:33] PHP   3. session_start() /home/pweb/development/prjs/websites/puglieseweb.com/beta/includes/master-head.inc.php:6
