[01-Nov-2011 05:22:00] PHP Warning:  session_start(): open(/var/lib/php/session/sess_vi51elhi652b6f60ciuodc4iu4, O_RDWR) failed: Permission denied (13) in /home/pweb/development/prjs/websites/puglieseweb.com/beta/includes/master-head.inc.php on line 6
[01-Nov-2011 05:22:00] PHP Stack trace:
[01-Nov-2011 05:22:00] PHP   1. {main}() /home/pweb/development/prjs/websites/puglieseweb.com/beta/interview/companys/rbs.php:0
[01-Nov-2011 05:22:00] PHP   2. include() /home/pweb/development/prjs/websites/puglieseweb.com/beta/interview/companys/rbs.php:1
[01-Nov-2011 05:22:00] PHP   3. session_start() /home/pweb/development/prjs/websites/puglieseweb.com/beta/includes/master-head.inc.php:6
[01-Nov-2011 05:35:16] PHP Warning:  session_start(): open(/var/lib/php/session/sess_vi51elhi652b6f60ciuodc4iu4, O_RDWR) failed: Permission denied (13) in /home/pweb/development/prjs/websites/puglieseweb.com/beta/includes/master-head.inc.php on line 6
[01-Nov-2011 05:35:16] PHP Stack trace:
[01-Nov-2011 05:35:16] PHP   1. {main}() /home/pweb/development/prjs/websites/puglieseweb.com/beta/interview/companys/rbs.php:0
[01-Nov-2011 05:35:16] PHP   2. include() /home/pweb/development/prjs/websites/puglieseweb.com/beta/interview/companys/rbs.php:1
[01-Nov-2011 05:35:16] PHP   3. session_start() /home/pweb/development/prjs/websites/puglieseweb.com/beta/includes/master-head.inc.php:6
[07-Nov-2011 01:31:52] PHP Warning:  session_start(): open(/var/lib/php/session/sess_edm57uig1jrdkkf5n88o3f0q00, O_RDWR) failed: Permission denied (13) in /home/pweb/development/prjs/websites/puglieseweb.com/beta/includes/master-head.inc.php on line 6
[07-Nov-2011 01:31:52] PHP Stack trace:
[07-Nov-2011 01:31:52] PHP   1. {main}() /home/pweb/development/prjs/websites/puglieseweb.com/beta/pages/interview/companys/rbs1.php:0
[07-Nov-2011 01:31:52] PHP   2. include() /home/pweb/development/prjs/websites/puglieseweb.com/beta/pages/interview/companys/rbs1.php:1
[07-Nov-2011 01:31:52] PHP   3. session_start() /home/pweb/development/prjs/websites/puglieseweb.com/beta/includes/master-head.inc.php:6
[07-Nov-2011 01:31:53] PHP Warning:  session_start(): open(/var/lib/php/session/sess_edm57uig1jrdkkf5n88o3f0q00, O_RDWR) failed: Permission denied (13) in /home/pweb/development/prjs/websites/puglieseweb.com/beta/includes/master-head.inc.php on line 6
[07-Nov-2011 01:31:53] PHP Stack trace:
[07-Nov-2011 01:31:53] PHP   1. {main}() /home/pweb/development/prjs/websites/puglieseweb.com/beta/pages/interview/companys/rbs.php:0
[07-Nov-2011 01:31:53] PHP   2. include() /home/pweb/development/prjs/websites/puglieseweb.com/beta/pages/interview/companys/rbs.php:1
[07-Nov-2011 01:31:53] PHP   3. session_start() /home/pweb/development/prjs/websites/puglieseweb.com/beta/includes/master-head.inc.php:6
[07-Nov-2011 01:33:40] PHP Warning:  session_start(): open(/var/lib/php/session/sess_edm57uig1jrdkkf5n88o3f0q00, O_RDWR) failed: Permission denied (13) in /home/pweb/development/prjs/websites/puglieseweb.com/beta/includes/master-head.inc.php on line 6
[07-Nov-2011 01:33:40] PHP Stack trace:
[07-Nov-2011 01:33:40] PHP   1. {main}() /home/pweb/development/prjs/websites/puglieseweb.com/beta/pages/interview/companys/betfair.php:0
[07-Nov-2011 01:33:40] PHP   2. include() /home/pweb/development/prjs/websites/puglieseweb.com/beta/pages/interview/companys/betfair.php:1
[07-Nov-2011 01:33:40] PHP   3. session_start() /home/pweb/development/prjs/websites/puglieseweb.com/beta/includes/master-head.inc.php:6
