[06-Nov-2011 20:44:10] PHP Warning:  session_start(): open(/var/lib/php/session/sess_3d25ic7li88c7at6ta1b46l751, O_RDWR) failed: Permission denied (13) in /home/pweb/development/prjs/websites/puglieseweb.com/beta/includes/master-head.inc.php on line 6
[06-Nov-2011 20:44:10] PHP Stack trace:
[06-Nov-2011 20:44:10] PHP   1. {main}() /home/pweb/development/prjs/websites/puglieseweb.com/beta/pages/dbms/dao_pattern.php:0
[06-Nov-2011 20:44:10] PHP   2. include() /home/pweb/development/prjs/websites/puglieseweb.com/beta/pages/dbms/dao_pattern.php:2
[06-Nov-2011 20:44:10] PHP   3. session_start() /home/pweb/development/prjs/websites/puglieseweb.com/beta/includes/master-head.inc.php:6
[06-Nov-2011 21:45:09] PHP Warning:  session_start(): open(/var/lib/php/session/sess_3d25ic7li88c7at6ta1b46l751, O_RDWR) failed: Permission denied (13) in /home/pweb/development/prjs/websites/puglieseweb.com/beta/includes/master-head.inc.php on line 6
[06-Nov-2011 21:45:09] PHP Stack trace:
[06-Nov-2011 21:45:09] PHP   1. {main}() /home/pweb/development/prjs/websites/puglieseweb.com/beta/pages/dbms/dao_pattern.php:0
[06-Nov-2011 21:45:09] PHP   2. include() /home/pweb/development/prjs/websites/puglieseweb.com/beta/pages/dbms/dao_pattern.php:2
[06-Nov-2011 21:45:09] PHP   3. session_start() /home/pweb/development/prjs/websites/puglieseweb.com/beta/includes/master-head.inc.php:6
[06-Nov-2011 23:58:10] PHP Warning:  session_start(): open(/var/lib/php/session/sess_3d25ic7li88c7at6ta1b46l751, O_RDWR) failed: Permission denied (13) in /home/pweb/development/prjs/websites/puglieseweb.com/beta/includes/master-head.inc.php on line 6
[06-Nov-2011 23:58:10] PHP Stack trace:
[06-Nov-2011 23:58:10] PHP   1. {main}() /home/pweb/development/prjs/websites/puglieseweb.com/beta/pages/dbms/dao_pattern.php:0
[06-Nov-2011 23:58:10] PHP   2. include() /home/pweb/development/prjs/websites/puglieseweb.com/beta/pages/dbms/dao_pattern.php:2
[06-Nov-2011 23:58:10] PHP   3. session_start() /home/pweb/development/prjs/websites/puglieseweb.com/beta/includes/master-head.inc.php:6
[07-Nov-2011 01:40:34] PHP Warning:  session_start(): open(/var/lib/php/session/sess_edm57uig1jrdkkf5n88o3f0q00, O_RDWR) failed: Permission denied (13) in /home/pweb/development/prjs/websites/puglieseweb.com/beta/includes/master-head.inc.php on line 6
[07-Nov-2011 01:40:34] PHP Stack trace:
[07-Nov-2011 01:40:34] PHP   1. {main}() /home/pweb/development/prjs/websites/puglieseweb.com/beta/pages/dbms/dao_pattern.php:0
[07-Nov-2011 01:40:34] PHP   2. include() /home/pweb/development/prjs/websites/puglieseweb.com/beta/pages/dbms/dao_pattern.php:2
[07-Nov-2011 01:40:34] PHP   3. session_start() /home/pweb/development/prjs/websites/puglieseweb.com/beta/includes/master-head.inc.php:6
[07-Nov-2011 02:25:05] PHP Warning:  session_start(): open(/var/lib/php/session/sess_3d25ic7li88c7at6ta1b46l751, O_RDWR) failed: Permission denied (13) in /home/pweb/development/prjs/websites/puglieseweb.com/beta/includes/master-head.inc.php on line 6
[07-Nov-2011 02:25:05] PHP Stack trace:
[07-Nov-2011 02:25:05] PHP   1. {main}() /home/pweb/development/prjs/websites/puglieseweb.com/beta/pages/dbms/dao_pattern.php:0
[07-Nov-2011 02:25:05] PHP   2. include() /home/pweb/development/prjs/websites/puglieseweb.com/beta/pages/dbms/dao_pattern.php:2
[07-Nov-2011 02:25:05] PHP   3. session_start() /home/pweb/development/prjs/websites/puglieseweb.com/beta/includes/master-head.inc.php:6
[07-Nov-2011 02:25:15] PHP Warning:  session_start(): open(/var/lib/php/session/sess_3d25ic7li88c7at6ta1b46l751, O_RDWR) failed: Permission denied (13) in /home/pweb/development/prjs/websites/puglieseweb.com/beta/includes/master-head.inc.php on line 6
[07-Nov-2011 02:25:15] PHP Stack trace:
[07-Nov-2011 02:25:15] PHP   1. {main}() /home/pweb/development/prjs/websites/puglieseweb.com/beta/pages/dbms/dao_pattern.php:0
[07-Nov-2011 02:25:15] PHP   2. include() /home/pweb/development/prjs/websites/puglieseweb.com/beta/pages/dbms/dao_pattern.php:2
[07-Nov-2011 02:25:15] PHP   3. session_start() /home/pweb/development/prjs/websites/puglieseweb.com/beta/includes/master-head.inc.php:6
[07-Nov-2011 02:58:14] PHP Warning:  session_start(): open(/var/lib/php/session/sess_jal0ig1noh7p14k959qcepdof7, O_RDWR) failed: Permission denied (13) in /home/pweb/development/prjs/websites/puglieseweb.com/beta/includes/master-head.inc.php on line 6
[07-Nov-2011 02:58:14] PHP Stack trace:
[07-Nov-2011 02:58:14] PHP   1. {main}() /home/pweb/development/prjs/websites/puglieseweb.com/beta/pages/dbms/dao_pattern.php:0
[07-Nov-2011 02:58:14] PHP   2. include() /home/pweb/development/prjs/websites/puglieseweb.com/beta/pages/dbms/dao_pattern.php:2
[07-Nov-2011 02:58:14] PHP   3. session_start() /home/pweb/development/prjs/websites/puglieseweb.com/beta/includes/master-head.inc.php:6
[07-Nov-2011 03:56:54] PHP Warning:  session_start(): open(/var/lib/php/session/sess_3mp936ljcv4us4b7am8dbtlp90, O_RDWR) failed: Permission denied (13) in /home/pweb/development/prjs/websites/puglieseweb.com/beta/includes/master-head.inc.php on line 6
[07-Nov-2011 03:56:54] PHP Stack trace:
[07-Nov-2011 03:56:54] PHP   1. {main}() /home/pweb/development/prjs/websites/puglieseweb.com/beta/pages/dbms/dao_pattern.php:0
[07-Nov-2011 03:56:54] PHP   2. include() /home/pweb/development/prjs/websites/puglieseweb.com/beta/pages/dbms/dao_pattern.php:2
[07-Nov-2011 03:56:54] PHP   3. session_start() /home/pweb/development/prjs/websites/puglieseweb.com/beta/includes/master-head.inc.php:6
[07-Nov-2011 14:18:41] PHP Warning:  session_start(): open(/var/lib/php/session/sess_421v4lsra64v7bqbdsdmneik92, O_RDWR) failed: Permission denied (13) in /home/pweb/development/prjs/websites/puglieseweb.com/beta/includes/master-head.inc.php on line 6
[07-Nov-2011 14:18:41] PHP Stack trace:
[07-Nov-2011 14:18:41] PHP   1. {main}() /home/pweb/development/prjs/websites/puglieseweb.com/beta/pages/dbms/dao_pattern.php:0
[07-Nov-2011 14:18:41] PHP   2. include() /home/pweb/development/prjs/websites/puglieseweb.com/beta/pages/dbms/dao_pattern.php:2
[07-Nov-2011 14:18:41] PHP   3. session_start() /home/pweb/development/prjs/websites/puglieseweb.com/beta/includes/master-head.inc.php:6
[07-Nov-2011 14:52:54] PHP Warning:  session_start(): open(/var/lib/php/session/sess_4oa0v4bu8er56l2i9gdlf8rk90, O_RDWR) failed: Permission denied (13) in /home/pweb/development/prjs/websites/puglieseweb.com/beta/includes/master-head.inc.php on line 6
[07-Nov-2011 14:52:54] PHP Stack trace:
[07-Nov-2011 14:52:54] PHP   1. {main}() /home/pweb/development/prjs/websites/puglieseweb.com/beta/pages/dbms/dao_pattern.php:0
[07-Nov-2011 14:52:54] PHP   2. include() /home/pweb/development/prjs/websites/puglieseweb.com/beta/pages/dbms/dao_pattern.php:2
[07-Nov-2011 14:52:54] PHP   3. session_start() /home/pweb/development/prjs/websites/puglieseweb.com/beta/includes/master-head.inc.php:6
[07-Nov-2011 15:42:03] PHP Warning:  session_start(): open(/var/lib/php/session/sess_5jiiva0bacgl4lj4gplcu2kl44, O_RDWR) failed: Permission denied (13) in /home/pweb/development/prjs/websites/puglieseweb.com/beta/includes/master-head.inc.php on line 6
[07-Nov-2011 15:42:03] PHP Stack trace:
[07-Nov-2011 15:42:03] PHP   1. {main}() /home/pweb/development/prjs/websites/puglieseweb.com/beta/pages/dbms/dao_pattern.php:0
[07-Nov-2011 15:42:03] PHP   2. include() /home/pweb/development/prjs/websites/puglieseweb.com/beta/pages/dbms/dao_pattern.php:2
[07-Nov-2011 15:42:03] PHP   3. session_start() /home/pweb/development/prjs/websites/puglieseweb.com/beta/includes/master-head.inc.php:6
[07-Nov-2011 15:49:18] PHP Warning:  session_start(): open(/var/lib/php/session/sess_5jiiva0bacgl4lj4gplcu2kl44, O_RDWR) failed: Permission denied (13) in /home/pweb/development/prjs/websites/puglieseweb.com/beta/includes/master-head.inc.php on line 6
[07-Nov-2011 15:49:18] PHP Stack trace:
[07-Nov-2011 15:49:18] PHP   1. {main}() /home/pweb/development/prjs/websites/puglieseweb.com/beta/pages/dbms/dao_pattern.php:0
[07-Nov-2011 15:49:18] PHP   2. include() /home/pweb/development/prjs/websites/puglieseweb.com/beta/pages/dbms/dao_pattern.php:2
[07-Nov-2011 15:49:18] PHP   3. session_start() /home/pweb/development/prjs/websites/puglieseweb.com/beta/includes/master-head.inc.php:6
[07-Nov-2011 15:49:20] PHP Warning:  session_start(): open(/var/lib/php/session/sess_5jiiva0bacgl4lj4gplcu2kl44, O_RDWR) failed: Permission denied (13) in /home/pweb/development/prjs/websites/puglieseweb.com/beta/includes/master-head.inc.php on line 6
[07-Nov-2011 15:49:20] PHP Stack trace:
[07-Nov-2011 15:49:20] PHP   1. {main}() /home/pweb/development/prjs/websites/puglieseweb.com/beta/pages/dbms/dao_pattern.php:0
[07-Nov-2011 15:49:20] PHP   2. include() /home/pweb/development/prjs/websites/puglieseweb.com/beta/pages/dbms/dao_pattern.php:2
[07-Nov-2011 15:49:20] PHP   3. session_start() /home/pweb/development/prjs/websites/puglieseweb.com/beta/includes/master-head.inc.php:6
[07-Nov-2011 15:49:43] PHP Warning:  session_start(): open(/var/lib/php/session/sess_5jiiva0bacgl4lj4gplcu2kl44, O_RDWR) failed: Permission denied (13) in /home/pweb/development/prjs/websites/puglieseweb.com/beta/includes/master-head.inc.php on line 6
[07-Nov-2011 15:49:43] PHP Stack trace:
[07-Nov-2011 15:49:43] PHP   1. {main}() /home/pweb/development/prjs/websites/puglieseweb.com/beta/pages/dbms/dao_pattern.php:0
[07-Nov-2011 15:49:43] PHP   2. include() /home/pweb/development/prjs/websites/puglieseweb.com/beta/pages/dbms/dao_pattern.php:2
[07-Nov-2011 15:49:43] PHP   3. session_start() /home/pweb/development/prjs/websites/puglieseweb.com/beta/includes/master-head.inc.php:6
[07-Nov-2011 15:49:55] PHP Warning:  session_start(): open(/var/lib/php/session/sess_5jiiva0bacgl4lj4gplcu2kl44, O_RDWR) failed: Permission denied (13) in /home/pweb/development/prjs/websites/puglieseweb.com/beta/includes/master-head.inc.php on line 6
[07-Nov-2011 15:49:55] PHP Stack trace:
[07-Nov-2011 15:49:55] PHP   1. {main}() /home/pweb/development/prjs/websites/puglieseweb.com/beta/pages/dbms/dao_pattern.php:0
[07-Nov-2011 15:49:55] PHP   2. include() /home/pweb/development/prjs/websites/puglieseweb.com/beta/pages/dbms/dao_pattern.php:2
[07-Nov-2011 15:49:55] PHP   3. session_start() /home/pweb/development/prjs/websites/puglieseweb.com/beta/includes/master-head.inc.php:6
[07-Nov-2011 15:50:15] PHP Warning:  session_start(): open(/var/lib/php/session/sess_5jiiva0bacgl4lj4gplcu2kl44, O_RDWR) failed: Permission denied (13) in /home/pweb/development/prjs/websites/puglieseweb.com/beta/includes/master-head.inc.php on line 6
[07-Nov-2011 15:50:15] PHP Stack trace:
[07-Nov-2011 15:50:15] PHP   1. {main}() /home/pweb/development/prjs/websites/puglieseweb.com/beta/pages/dbms/dao_pattern.php:0
[07-Nov-2011 15:50:15] PHP   2. include() /home/pweb/development/prjs/websites/puglieseweb.com/beta/pages/dbms/dao_pattern.php:2
[07-Nov-2011 15:50:15] PHP   3. session_start() /home/pweb/development/prjs/websites/puglieseweb.com/beta/includes/master-head.inc.php:6
[07-Nov-2011 15:51:18] PHP Warning:  session_start(): open(/var/lib/php/session/sess_5jiiva0bacgl4lj4gplcu2kl44, O_RDWR) failed: Permission denied (13) in /home/pweb/development/prjs/websites/puglieseweb.com/beta/includes/master-head.inc.php on line 6
[07-Nov-2011 15:51:18] PHP Stack trace:
[07-Nov-2011 15:51:18] PHP   1. {main}() /home/pweb/development/prjs/websites/puglieseweb.com/beta/pages/dbms/dao_pattern.php:0
[07-Nov-2011 15:51:18] PHP   2. include() /home/pweb/development/prjs/websites/puglieseweb.com/beta/pages/dbms/dao_pattern.php:2
[07-Nov-2011 15:51:18] PHP   3. session_start() /home/pweb/development/prjs/websites/puglieseweb.com/beta/includes/master-head.inc.php:6
[07-Nov-2011 15:51:37] PHP Warning:  session_start(): open(/var/lib/php/session/sess_5jiiva0bacgl4lj4gplcu2kl44, O_RDWR) failed: Permission denied (13) in /home/pweb/development/prjs/websites/puglieseweb.com/beta/includes/master-head.inc.php on line 6
[07-Nov-2011 15:51:37] PHP Stack trace:
[07-Nov-2011 15:51:37] PHP   1. {main}() /home/pweb/development/prjs/websites/puglieseweb.com/beta/pages/dbms/dao_pattern.php:0
[07-Nov-2011 15:51:37] PHP   2. include() /home/pweb/development/prjs/websites/puglieseweb.com/beta/pages/dbms/dao_pattern.php:2
[07-Nov-2011 15:51:37] PHP   3. session_start() /home/pweb/development/prjs/websites/puglieseweb.com/beta/includes/master-head.inc.php:6
[07-Nov-2011 15:52:06] PHP Warning:  session_start(): open(/var/lib/php/session/sess_5jiiva0bacgl4lj4gplcu2kl44, O_RDWR) failed: Permission denied (13) in /home/pweb/development/prjs/websites/puglieseweb.com/beta/includes/master-head.inc.php on line 6
[07-Nov-2011 15:52:06] PHP Stack trace:
[07-Nov-2011 15:52:06] PHP   1. {main}() /home/pweb/development/prjs/websites/puglieseweb.com/beta/pages/dbms/dao_pattern.php:0
[07-Nov-2011 15:52:06] PHP   2. include() /home/pweb/development/prjs/websites/puglieseweb.com/beta/pages/dbms/dao_pattern.php:2
[07-Nov-2011 15:52:06] PHP   3. session_start() /home/pweb/development/prjs/websites/puglieseweb.com/beta/includes/master-head.inc.php:6
[07-Nov-2011 15:52:18] PHP Warning:  session_start(): open(/var/lib/php/session/sess_5jiiva0bacgl4lj4gplcu2kl44, O_RDWR) failed: Permission denied (13) in /home/pweb/development/prjs/websites/puglieseweb.com/beta/includes/master-head.inc.php on line 6
[07-Nov-2011 15:52:18] PHP Stack trace:
[07-Nov-2011 15:52:18] PHP   1. {main}() /home/pweb/development/prjs/websites/puglieseweb.com/beta/pages/dbms/dao_pattern.php:0
[07-Nov-2011 15:52:18] PHP   2. include() /home/pweb/development/prjs/websites/puglieseweb.com/beta/pages/dbms/dao_pattern.php:2
[07-Nov-2011 15:52:18] PHP   3. session_start() /home/pweb/development/prjs/websites/puglieseweb.com/beta/includes/master-head.inc.php:6
[07-Nov-2011 15:54:12] PHP Warning:  session_start(): open(/var/lib/php/session/sess_5jiiva0bacgl4lj4gplcu2kl44, O_RDWR) failed: Permission denied (13) in /home/pweb/development/prjs/websites/puglieseweb.com/beta/includes/master-head.inc.php on line 6
[07-Nov-2011 15:54:12] PHP Stack trace:
[07-Nov-2011 15:54:12] PHP   1. {main}() /home/pweb/development/prjs/websites/puglieseweb.com/beta/pages/dbms/dao_pattern.php:0
[07-Nov-2011 15:54:12] PHP   2. include() /home/pweb/development/prjs/websites/puglieseweb.com/beta/pages/dbms/dao_pattern.php:2
[07-Nov-2011 15:54:12] PHP   3. session_start() /home/pweb/development/prjs/websites/puglieseweb.com/beta/includes/master-head.inc.php:6
[07-Nov-2011 15:55:22] PHP Warning:  session_start(): open(/var/lib/php/session/sess_5jiiva0bacgl4lj4gplcu2kl44, O_RDWR) failed: Permission denied (13) in /home/pweb/development/prjs/websites/puglieseweb.com/beta/includes/master-head.inc.php on line 6
[07-Nov-2011 15:55:22] PHP Stack trace:
[07-Nov-2011 15:55:22] PHP   1. {main}() /home/pweb/development/prjs/websites/puglieseweb.com/beta/pages/dbms/dao_pattern.php:0
[07-Nov-2011 15:55:22] PHP   2. include() /home/pweb/development/prjs/websites/puglieseweb.com/beta/pages/dbms/dao_pattern.php:2
[07-Nov-2011 15:55:22] PHP   3. session_start() /home/pweb/development/prjs/websites/puglieseweb.com/beta/includes/master-head.inc.php:6
[07-Nov-2011 15:57:24] PHP Warning:  session_start(): open(/var/lib/php/session/sess_5jiiva0bacgl4lj4gplcu2kl44, O_RDWR) failed: Permission denied (13) in /home/pweb/development/prjs/websites/puglieseweb.com/beta/includes/master-head.inc.php on line 6
[07-Nov-2011 15:57:24] PHP Stack trace:
[07-Nov-2011 15:57:24] PHP   1. {main}() /home/pweb/development/prjs/websites/puglieseweb.com/beta/pages/dbms/dao_pattern.php:0
[07-Nov-2011 15:57:24] PHP   2. include() /home/pweb/development/prjs/websites/puglieseweb.com/beta/pages/dbms/dao_pattern.php:2
[07-Nov-2011 15:57:24] PHP   3. session_start() /home/pweb/development/prjs/websites/puglieseweb.com/beta/includes/master-head.inc.php:6
[07-Nov-2011 15:58:59] PHP Warning:  session_start(): open(/var/lib/php/session/sess_5jiiva0bacgl4lj4gplcu2kl44, O_RDWR) failed: Permission denied (13) in /home/pweb/development/prjs/websites/puglieseweb.com/beta/includes/master-head.inc.php on line 6
[07-Nov-2011 15:58:59] PHP Stack trace:
[07-Nov-2011 15:58:59] PHP   1. {main}() /home/pweb/development/prjs/websites/puglieseweb.com/beta/pages/dbms/dao_pattern.php:0
[07-Nov-2011 15:58:59] PHP   2. include() /home/pweb/development/prjs/websites/puglieseweb.com/beta/pages/dbms/dao_pattern.php:2
[07-Nov-2011 15:58:59] PHP   3. session_start() /home/pweb/development/prjs/websites/puglieseweb.com/beta/includes/master-head.inc.php:6
[07-Nov-2011 16:01:10] PHP Warning:  session_start(): open(/var/lib/php/session/sess_5jiiva0bacgl4lj4gplcu2kl44, O_RDWR) failed: Permission denied (13) in /home/pweb/development/prjs/websites/puglieseweb.com/beta/includes/master-head.inc.php on line 6
[07-Nov-2011 16:01:10] PHP Stack trace:
[07-Nov-2011 16:01:10] PHP   1. {main}() /home/pweb/development/prjs/websites/puglieseweb.com/beta/pages/dbms/dao_pattern.php:0
[07-Nov-2011 16:01:10] PHP   2. include() /home/pweb/development/prjs/websites/puglieseweb.com/beta/pages/dbms/dao_pattern.php:2
[07-Nov-2011 16:01:10] PHP   3. session_start() /home/pweb/development/prjs/websites/puglieseweb.com/beta/includes/master-head.inc.php:6
[07-Nov-2011 16:02:19] PHP Warning:  session_start(): open(/var/lib/php/session/sess_5jiiva0bacgl4lj4gplcu2kl44, O_RDWR) failed: Permission denied (13) in /home/pweb/development/prjs/websites/puglieseweb.com/beta/includes/master-head.inc.php on line 6
[07-Nov-2011 16:02:19] PHP Stack trace:
[07-Nov-2011 16:02:19] PHP   1. {main}() /home/pweb/development/prjs/websites/puglieseweb.com/beta/pages/dbms/dao_pattern.php:0
[07-Nov-2011 16:02:19] PHP   2. include() /home/pweb/development/prjs/websites/puglieseweb.com/beta/pages/dbms/dao_pattern.php:2
[07-Nov-2011 16:02:19] PHP   3. session_start() /home/pweb/development/prjs/websites/puglieseweb.com/beta/includes/master-head.inc.php:6
[07-Nov-2011 16:04:26] PHP Warning:  session_start(): open(/var/lib/php/session/sess_5jiiva0bacgl4lj4gplcu2kl44, O_RDWR) failed: Permission denied (13) in /home/pweb/development/prjs/websites/puglieseweb.com/beta/includes/master-head.inc.php on line 6
[07-Nov-2011 16:04:26] PHP Stack trace:
[07-Nov-2011 16:04:26] PHP   1. {main}() /home/pweb/development/prjs/websites/puglieseweb.com/beta/pages/dbms/dao_pattern.php:0
[07-Nov-2011 16:04:26] PHP   2. include() /home/pweb/development/prjs/websites/puglieseweb.com/beta/pages/dbms/dao_pattern.php:2
[07-Nov-2011 16:04:26] PHP   3. session_start() /home/pweb/development/prjs/websites/puglieseweb.com/beta/includes/master-head.inc.php:6
[07-Nov-2011 16:06:14] PHP Warning:  session_start(): open(/var/lib/php/session/sess_5jiiva0bacgl4lj4gplcu2kl44, O_RDWR) failed: Permission denied (13) in /home/pweb/development/prjs/websites/puglieseweb.com/beta/includes/master-head.inc.php on line 6
[07-Nov-2011 16:06:14] PHP Stack trace:
[07-Nov-2011 16:06:14] PHP   1. {main}() /home/pweb/development/prjs/websites/puglieseweb.com/beta/pages/dbms/dao_pattern.php:0
[07-Nov-2011 16:06:14] PHP   2. include() /home/pweb/development/prjs/websites/puglieseweb.com/beta/pages/dbms/dao_pattern.php:2
[07-Nov-2011 16:06:14] PHP   3. session_start() /home/pweb/development/prjs/websites/puglieseweb.com/beta/includes/master-head.inc.php:6
[07-Nov-2011 16:11:44] PHP Warning:  session_start(): open(/var/lib/php/session/sess_5jiiva0bacgl4lj4gplcu2kl44, O_RDWR) failed: Permission denied (13) in /home/pweb/development/prjs/websites/puglieseweb.com/beta/includes/master-head.inc.php on line 6
[07-Nov-2011 16:11:44] PHP Stack trace:
[07-Nov-2011 16:11:44] PHP   1. {main}() /home/pweb/development/prjs/websites/puglieseweb.com/beta/pages/dbms/dao_pattern.php:0
[07-Nov-2011 16:11:44] PHP   2. include() /home/pweb/development/prjs/websites/puglieseweb.com/beta/pages/dbms/dao_pattern.php:2
[07-Nov-2011 16:11:44] PHP   3. session_start() /home/pweb/development/prjs/websites/puglieseweb.com/beta/includes/master-head.inc.php:6
[07-Nov-2011 16:12:01] PHP Warning:  session_start(): open(/var/lib/php/session/sess_5jiiva0bacgl4lj4gplcu2kl44, O_RDWR) failed: Permission denied (13) in /home/pweb/development/prjs/websites/puglieseweb.com/beta/includes/master-head.inc.php on line 6
[07-Nov-2011 16:12:01] PHP Stack trace:
[07-Nov-2011 16:12:01] PHP   1. {main}() /home/pweb/development/prjs/websites/puglieseweb.com/beta/pages/dbms/dao_pattern.php:0
[07-Nov-2011 16:12:01] PHP   2. include() /home/pweb/development/prjs/websites/puglieseweb.com/beta/pages/dbms/dao_pattern.php:2
[07-Nov-2011 16:12:01] PHP   3. session_start() /home/pweb/development/prjs/websites/puglieseweb.com/beta/includes/master-head.inc.php:6
[07-Nov-2011 16:12:28] PHP Warning:  session_start(): open(/var/lib/php/session/sess_5jiiva0bacgl4lj4gplcu2kl44, O_RDWR) failed: Permission denied (13) in /home/pweb/development/prjs/websites/puglieseweb.com/beta/includes/master-head.inc.php on line 6
[07-Nov-2011 16:12:28] PHP Stack trace:
[07-Nov-2011 16:12:28] PHP   1. {main}() /home/pweb/development/prjs/websites/puglieseweb.com/beta/pages/dbms/dao_pattern.php:0
[07-Nov-2011 16:12:28] PHP   2. include() /home/pweb/development/prjs/websites/puglieseweb.com/beta/pages/dbms/dao_pattern.php:2
[07-Nov-2011 16:12:28] PHP   3. session_start() /home/pweb/development/prjs/websites/puglieseweb.com/beta/includes/master-head.inc.php:6
[07-Nov-2011 16:12:50] PHP Warning:  session_start(): open(/var/lib/php/session/sess_5jiiva0bacgl4lj4gplcu2kl44, O_RDWR) failed: Permission denied (13) in /home/pweb/development/prjs/websites/puglieseweb.com/beta/includes/master-head.inc.php on line 6
[07-Nov-2011 16:12:50] PHP Stack trace:
[07-Nov-2011 16:12:50] PHP   1. {main}() /home/pweb/development/prjs/websites/puglieseweb.com/beta/pages/dbms/dao_pattern.php:0
[07-Nov-2011 16:12:50] PHP   2. include() /home/pweb/development/prjs/websites/puglieseweb.com/beta/pages/dbms/dao_pattern.php:2
[07-Nov-2011 16:12:50] PHP   3. session_start() /home/pweb/development/prjs/websites/puglieseweb.com/beta/includes/master-head.inc.php:6
[07-Nov-2011 16:13:56] PHP Warning:  session_start(): open(/var/lib/php/session/sess_5jiiva0bacgl4lj4gplcu2kl44, O_RDWR) failed: Permission denied (13) in /home/pweb/development/prjs/websites/puglieseweb.com/beta/includes/master-head.inc.php on line 6
[07-Nov-2011 16:13:56] PHP Stack trace:
[07-Nov-2011 16:13:56] PHP   1. {main}() /home/pweb/development/prjs/websites/puglieseweb.com/beta/pages/dbms/dao_pattern.php:0
[07-Nov-2011 16:13:56] PHP   2. include() /home/pweb/development/prjs/websites/puglieseweb.com/beta/pages/dbms/dao_pattern.php:2
[07-Nov-2011 16:13:56] PHP   3. session_start() /home/pweb/development/prjs/websites/puglieseweb.com/beta/includes/master-head.inc.php:6
[07-Nov-2011 16:14:05] PHP Warning:  session_start(): open(/var/lib/php/session/sess_5jiiva0bacgl4lj4gplcu2kl44, O_RDWR) failed: Permission denied (13) in /home/pweb/development/prjs/websites/puglieseweb.com/beta/includes/master-head.inc.php on line 6
[07-Nov-2011 16:14:05] PHP Stack trace:
[07-Nov-2011 16:14:05] PHP   1. {main}() /home/pweb/development/prjs/websites/puglieseweb.com/beta/pages/dbms/dao_pattern.php:0
[07-Nov-2011 16:14:05] PHP   2. include() /home/pweb/development/prjs/websites/puglieseweb.com/beta/pages/dbms/dao_pattern.php:2
[07-Nov-2011 16:14:05] PHP   3. session_start() /home/pweb/development/prjs/websites/puglieseweb.com/beta/includes/master-head.inc.php:6
[07-Nov-2011 16:14:28] PHP Warning:  session_start(): open(/var/lib/php/session/sess_5jiiva0bacgl4lj4gplcu2kl44, O_RDWR) failed: Permission denied (13) in /home/pweb/development/prjs/websites/puglieseweb.com/beta/includes/master-head.inc.php on line 6
[07-Nov-2011 16:14:28] PHP Stack trace:
[07-Nov-2011 16:14:28] PHP   1. {main}() /home/pweb/development/prjs/websites/puglieseweb.com/beta/pages/dbms/dao_pattern.php:0
[07-Nov-2011 16:14:28] PHP   2. include() /home/pweb/development/prjs/websites/puglieseweb.com/beta/pages/dbms/dao_pattern.php:2
[07-Nov-2011 16:14:28] PHP   3. session_start() /home/pweb/development/prjs/websites/puglieseweb.com/beta/includes/master-head.inc.php:6
[07-Nov-2011 16:15:10] PHP Warning:  session_start(): open(/var/lib/php/session/sess_5jiiva0bacgl4lj4gplcu2kl44, O_RDWR) failed: Permission denied (13) in /home/pweb/development/prjs/websites/puglieseweb.com/beta/includes/master-head.inc.php on line 6
[07-Nov-2011 16:15:10] PHP Stack trace:
[07-Nov-2011 16:15:10] PHP   1. {main}() /home/pweb/development/prjs/websites/puglieseweb.com/beta/pages/dbms/dao_pattern.php:0
[07-Nov-2011 16:15:10] PHP   2. include() /home/pweb/development/prjs/websites/puglieseweb.com/beta/pages/dbms/dao_pattern.php:2
[07-Nov-2011 16:15:10] PHP   3. session_start() /home/pweb/development/prjs/websites/puglieseweb.com/beta/includes/master-head.inc.php:6
[07-Nov-2011 16:15:42] PHP Warning:  session_start(): open(/var/lib/php/session/sess_5jiiva0bacgl4lj4gplcu2kl44, O_RDWR) failed: Permission denied (13) in /home/pweb/development/prjs/websites/puglieseweb.com/beta/includes/master-head.inc.php on line 6
[07-Nov-2011 16:15:42] PHP Stack trace:
[07-Nov-2011 16:15:42] PHP   1. {main}() /home/pweb/development/prjs/websites/puglieseweb.com/beta/pages/dbms/dao_pattern.php:0
[07-Nov-2011 16:15:42] PHP   2. include() /home/pweb/development/prjs/websites/puglieseweb.com/beta/pages/dbms/dao_pattern.php:2
[07-Nov-2011 16:15:42] PHP   3. session_start() /home/pweb/development/prjs/websites/puglieseweb.com/beta/includes/master-head.inc.php:6
[07-Nov-2011 16:16:09] PHP Warning:  session_start(): open(/var/lib/php/session/sess_5jiiva0bacgl4lj4gplcu2kl44, O_RDWR) failed: Permission denied (13) in /home/pweb/development/prjs/websites/puglieseweb.com/beta/includes/master-head.inc.php on line 6
[07-Nov-2011 16:16:09] PHP Stack trace:
[07-Nov-2011 16:16:09] PHP   1. {main}() /home/pweb/development/prjs/websites/puglieseweb.com/beta/pages/dbms/dao_pattern.php:0
[07-Nov-2011 16:16:09] PHP   2. include() /home/pweb/development/prjs/websites/puglieseweb.com/beta/pages/dbms/dao_pattern.php:2
[07-Nov-2011 16:16:09] PHP   3. session_start() /home/pweb/development/prjs/websites/puglieseweb.com/beta/includes/master-head.inc.php:6
[07-Nov-2011 16:17:08] PHP Warning:  session_start(): open(/var/lib/php/session/sess_5jiiva0bacgl4lj4gplcu2kl44, O_RDWR) failed: Permission denied (13) in /home/pweb/development/prjs/websites/puglieseweb.com/beta/includes/master-head.inc.php on line 6
[07-Nov-2011 16:17:08] PHP Stack trace:
[07-Nov-2011 16:17:08] PHP   1. {main}() /home/pweb/development/prjs/websites/puglieseweb.com/beta/pages/dbms/dao_pattern.php:0
[07-Nov-2011 16:17:08] PHP   2. include() /home/pweb/development/prjs/websites/puglieseweb.com/beta/pages/dbms/dao_pattern.php:2
[07-Nov-2011 16:17:08] PHP   3. session_start() /home/pweb/development/prjs/websites/puglieseweb.com/beta/includes/master-head.inc.php:6
[07-Nov-2011 16:17:13] PHP Warning:  session_start(): open(/var/lib/php/session/sess_5jiiva0bacgl4lj4gplcu2kl44, O_RDWR) failed: Permission denied (13) in /home/pweb/development/prjs/websites/puglieseweb.com/beta/includes/master-head.inc.php on line 6
[07-Nov-2011 16:17:13] PHP Stack trace:
[07-Nov-2011 16:17:13] PHP   1. {main}() /home/pweb/development/prjs/websites/puglieseweb.com/beta/pages/dbms/dao_pattern.php:0
[07-Nov-2011 16:17:13] PHP   2. include() /home/pweb/development/prjs/websites/puglieseweb.com/beta/pages/dbms/dao_pattern.php:2
[07-Nov-2011 16:17:13] PHP   3. session_start() /home/pweb/development/prjs/websites/puglieseweb.com/beta/includes/master-head.inc.php:6
[07-Nov-2011 16:17:22] PHP Warning:  session_start(): open(/var/lib/php/session/sess_5jiiva0bacgl4lj4gplcu2kl44, O_RDWR) failed: Permission denied (13) in /home/pweb/development/prjs/websites/puglieseweb.com/beta/includes/master-head.inc.php on line 6
[07-Nov-2011 16:17:22] PHP Stack trace:
[07-Nov-2011 16:17:22] PHP   1. {main}() /home/pweb/development/prjs/websites/puglieseweb.com/beta/pages/dbms/dao_pattern.php:0
[07-Nov-2011 16:17:22] PHP   2. include() /home/pweb/development/prjs/websites/puglieseweb.com/beta/pages/dbms/dao_pattern.php:2
[07-Nov-2011 16:17:22] PHP   3. session_start() /home/pweb/development/prjs/websites/puglieseweb.com/beta/includes/master-head.inc.php:6
[07-Nov-2011 16:17:23] PHP Warning:  session_start(): open(/var/lib/php/session/sess_5jiiva0bacgl4lj4gplcu2kl44, O_RDWR) failed: Permission denied (13) in /home/pweb/development/prjs/websites/puglieseweb.com/beta/includes/master-head.inc.php on line 6
[07-Nov-2011 16:17:23] PHP Stack trace:
[07-Nov-2011 16:17:23] PHP   1. {main}() /home/pweb/development/prjs/websites/puglieseweb.com/beta/pages/dbms/dao_pattern.php:0
[07-Nov-2011 16:17:23] PHP   2. include() /home/pweb/development/prjs/websites/puglieseweb.com/beta/pages/dbms/dao_pattern.php:2
[07-Nov-2011 16:17:23] PHP   3. session_start() /home/pweb/development/prjs/websites/puglieseweb.com/beta/includes/master-head.inc.php:6
[07-Nov-2011 16:17:30] PHP Warning:  session_start(): open(/var/lib/php/session/sess_5jiiva0bacgl4lj4gplcu2kl44, O_RDWR) failed: Permission denied (13) in /home/pweb/development/prjs/websites/puglieseweb.com/beta/includes/master-head.inc.php on line 6
[07-Nov-2011 16:17:30] PHP Stack trace:
[07-Nov-2011 16:17:30] PHP   1. {main}() /home/pweb/development/prjs/websites/puglieseweb.com/beta/pages/dbms/dao_pattern.php:0
[07-Nov-2011 16:17:30] PHP   2. include() /home/pweb/development/prjs/websites/puglieseweb.com/beta/pages/dbms/dao_pattern.php:2
[07-Nov-2011 16:17:30] PHP   3. session_start() /home/pweb/development/prjs/websites/puglieseweb.com/beta/includes/master-head.inc.php:6
[07-Nov-2011 20:03:37] PHP Warning:  include(../includes/master-head.inc.php): failed to open stream: No such file or directory in /home/pweb/development/prjs/websites/puglieseweb.com/beta/pages/dbms/dao_pattern.php on line 2
[07-Nov-2011 20:03:37] PHP Stack trace:
[07-Nov-2011 20:03:37] PHP   1. {main}() /home/pweb/development/prjs/websites/puglieseweb.com/beta/pages/dbms/dao_pattern.php:0
[07-Nov-2011 20:03:37] PHP Warning:  include(): Failed opening '../includes/master-head.inc.php' for inclusion (include_path='.:/usr/share/pear:/usr/share/php') in /home/pweb/development/prjs/websites/puglieseweb.com/beta/pages/dbms/dao_pattern.php on line 2
[07-Nov-2011 20:03:37] PHP Stack trace:
[07-Nov-2011 20:03:37] PHP   1. {main}() /home/pweb/development/prjs/websites/puglieseweb.com/beta/pages/dbms/dao_pattern.php:0
[07-Nov-2011 20:03:43] PHP Warning:  include(../includes/master-head.inc.php): failed to open stream: No such file or directory in /home/pweb/development/prjs/websites/puglieseweb.com/beta/pages/dbms/dao_pattern.php on line 2
[07-Nov-2011 20:03:43] PHP Stack trace:
[07-Nov-2011 20:03:43] PHP   1. {main}() /home/pweb/development/prjs/websites/puglieseweb.com/beta/pages/dbms/dao_pattern.php:0
[07-Nov-2011 20:03:43] PHP Warning:  include(): Failed opening '../includes/master-head.inc.php' for inclusion (include_path='.:/usr/share/pear:/usr/share/php') in /home/pweb/development/prjs/websites/puglieseweb.com/beta/pages/dbms/dao_pattern.php on line 2
[07-Nov-2011 20:03:43] PHP Stack trace:
[07-Nov-2011 20:03:43] PHP   1. {main}() /home/pweb/development/prjs/websites/puglieseweb.com/beta/pages/dbms/dao_pattern.php:0
[07-Nov-2011 20:03:52] PHP Warning:  session_start(): open(/var/lib/php/session/sess_mnbfobdlj83nbfo5nhmtoasul5, O_RDWR) failed: Permission denied (13) in /home/pweb/development/prjs/websites/puglieseweb.com/beta/includes/master-head.inc.php on line 6
[07-Nov-2011 20:03:52] PHP Stack trace:
[07-Nov-2011 20:03:52] PHP   1. {main}() /home/pweb/development/prjs/websites/puglieseweb.com/beta/pages/dbms/dao_pattern.php:0
[07-Nov-2011 20:03:52] PHP   2. include() /home/pweb/development/prjs/websites/puglieseweb.com/beta/pages/dbms/dao_pattern.php:2
[07-Nov-2011 20:03:52] PHP   3. session_start() /home/pweb/development/prjs/websites/puglieseweb.com/beta/includes/master-head.inc.php:6
